[ 2017-07-08T09:51:47+08:00 ] 119.136.103.52 /Admin/Login/index.html
INFO: [ app_init ] --START--
INFO: Run Behavior\BuildLiteBehavior [ RunTime:0.000013s ]
INFO: [ app_init ] --END-- [ RunTime:0.000280s ]
INFO: [ app_begin ] --START--
INFO: Run Behavior\ReadHtmlCacheBehavior [ RunTime:0.000416s ]
INFO: [ app_begin ] --END-- [ RunTime:0.000471s ]
INFO: [ view_parse ] --START--
INFO: [ template_filter ] --START--
INFO: Run Behavior\ContentReplaceBehavior [ RunTime:0.000045s ]
INFO: [ template_filter ] --END-- [ RunTime:0.000085s ]
INFO: Run Behavior\ParseTemplateBehavior [ RunTime:0.005475s ]
INFO: [ view_parse ] --END-- [ RunTime:0.005518s ]
INFO: [ view_filter ] --START--
INFO: Run Behavior\WriteHtmlCacheBehavior [ RunTime:0.000129s ]
INFO: [ view_filter ] --END-- [ RunTime:0.000162s ]
INFO: [ app_end ] --START--
INFO: Run Behavior\ShowPageTraceBehavior [ RunTime:0.000384s ]
INFO: [ app_end ] --END-- [ RunTime:0.000425s ]

[ 2017-07-08T09:51:50+08:00 ] 180.153.160.24 /Admin/Login/index.html
INFO: [ app_init ] --START--
INFO: Run Behavior\BuildLiteBehavior [ RunTime:0.000014s ]
INFO: [ app_init ] --END-- [ RunTime:0.000280s ]
INFO: [ app_begin ] --START--
INFO: Run Behavior\ReadHtmlCacheBehavior [ RunTime:0.000352s ]
INFO: [ app_begin ] --END-- [ RunTime:0.000393s ]
INFO: [ view_parse ] --START--
INFO: [ template_filter ] --START--
INFO: Run Behavior\ContentReplaceBehavior [ RunTime:0.000045s ]
INFO: [ template_filter ] --END-- [ RunTime:0.000086s ]
INFO: Run Behavior\ParseTemplateBehavior [ RunTime:0.005172s ]
INFO: [ view_parse ] --END-- [ RunTime:0.005211s ]
INFO: [ view_filter ] --START--
INFO: Run Behavior\WriteHtmlCacheBehavior [ RunTime:0.000123s ]
INFO: [ view_filter ] --END-- [ RunTime:0.000156s ]
INFO: [ app_end ] --START--
INFO: Run Behavior\ShowPageTraceBehavior [ RunTime:0.000370s ]
INFO: [ app_end ] --END-- [ RunTime:0.000405s ]

[ 2017-07-08T09:52:04+08:00 ] 119.136.103.52 /Admin/Login/Login
INFO: [ app_init ] --START--
INFO: Run Behavior\BuildLiteBehavior [ RunTime:0.000013s ]
INFO: [ app_init ] --END-- [ RunTime:0.000278s ]
INFO: [ app_begin ] --START--
INFO: Run Behavior\ReadHtmlCacheBehavior [ RunTime:0.000403s ]
INFO: [ app_begin ] --END-- [ RunTime:0.000444s ]
SQL: SHOW COLUMNS FROM `think_user` [ RunTime:0.0020s ]
NOTIC: [8] Undefined index: validate /data/wwwroot/ceyuan1/ThinkPHP/Library/Think/Model.class.php 第 1185 行.
NOTIC: [8] Undefined index: auto /data/wwwroot/ceyuan1/ThinkPHP/Library/Think/Model.class.php 第 1128 行.
SQL: SELECT * FROM `think_user` WHERE `username` = 'admin' LIMIT 1   [ RunTime:0.0003s ]
INFO: [ view_parse ] --START--
INFO: [ template_filter ] --START--
INFO: Run Behavior\ContentReplaceBehavior [ RunTime:0.000037s ]
INFO: [ template_filter ] --END-- [ RunTime:0.000082s ]
INFO: Run Behavior\ParseTemplateBehavior [ RunTime:0.004534s ]
INFO: [ view_parse ] --END-- [ RunTime:0.004581s ]
INFO: [ view_filter ] --START--
INFO: Run Behavior\WriteHtmlCacheBehavior [ RunTime:0.000127s ]
INFO: [ view_filter ] --END-- [ RunTime:0.000161s ]
INFO: [ app_end ] --START--
INFO: Run Behavior\ShowPageTraceBehavior [ RunTime:0.000413s ]
INFO: [ app_end ] --END-- [ RunTime:0.000452s ]

[ 2017-07-08T09:52:07+08:00 ] 119.136.103.52 /Admin/Index/index.html
INFO: [ app_init ] --START--
INFO: Run Behavior\BuildLiteBehavior [ RunTime:0.000014s ]
INFO: [ app_init ] --END-- [ RunTime:0.000284s ]
INFO: [ app_begin ] --START--
INFO: Run Behavior\ReadHtmlCacheBehavior [ RunTime:0.000351s ]
INFO: [ app_begin ] --END-- [ RunTime:0.000391s ]
INFO: [ view_parse ] --START--
INFO: [ template_filter ] --START--
INFO: Run Behavior\ContentReplaceBehavior [ RunTime:0.000046s ]
INFO: [ template_filter ] --END-- [ RunTime:0.000090s ]
NOTIC: [8] Use of undefined constant upload_max_filesize - assumed 'upload_max_filesize' /data/wwwroot/ceyuan1/Crm/Runtime/Cache/Admin/e0274a4b86e7ba5d066849c021969eb0.php 第 103 行.
INFO: Run Behavior\ParseTemplateBehavior [ RunTime:0.007589s ]
INFO: [ view_parse ] --END-- [ RunTime:0.007629s ]
INFO: [ view_filter ] --START--
INFO: Run Behavior\WriteHtmlCacheBehavior [ RunTime:0.000129s ]
INFO: [ view_filter ] --END-- [ RunTime:0.000162s ]
INFO: [ app_end ] --START--
INFO: Run Behavior\ShowPageTraceBehavior [ RunTime:0.000377s ]
INFO: [ app_end ] --END-- [ RunTime:0.000419s ]

[ 2017-07-08T09:52:10+08:00 ] 119.136.103.52 /Admin/Trouble/quanbu
INFO: [ app_init ] --START--
INFO: Run Behavior\BuildLiteBehavior [ RunTime:0.000013s ]
INFO: [ app_init ] --END-- [ RunTime:0.000278s ]
INFO: [ app_begin ] --START--
INFO: Run Behavior\ReadHtmlCacheBehavior [ RunTime:0.000371s ]
INFO: [ app_begin ] --END-- [ RunTime:0.000432s ]
SQL: SHOW COLUMNS FROM `think_office` [ RunTime:0.0019s ]
SQL: SELECT * FROM `think_office`  [ RunTime:0.0002s ]
SQL: SHOW COLUMNS FROM `think_trouble` [ RunTime:0.0011s ]
SQL: SELECT COUNT(*) AS tp_count FROM `think_trouble` LIMIT 1   [ RunTime:0.0001s ]
SQL: SELECT * FROM `think_trouble` ORDER BY id desc LIMIT 0,5   [ RunTime:0.0002s ]
INFO: [ view_parse ] --START--
INFO: [ template_filter ] --START--
INFO: Run Behavior\ContentReplaceBehavior [ RunTime:0.000083s ]
INFO: [ template_filter ] --END-- [ RunTime:0.000133s ]
INFO: Run Behavior\ParseTemplateBehavior [ RunTime:0.040281s ]
INFO: [ view_parse ] --END-- [ RunTime:0.040340s ]
INFO: [ view_filter ] --START--
INFO: Run Behavior\WriteHtmlCacheBehavior [ RunTime:0.000175s ]
INFO: [ view_filter ] --END-- [ RunTime:0.000224s ]
INFO: [ app_end ] --START--
INFO: Run Behavior\ShowPageTraceBehavior [ RunTime:0.000435s ]
INFO: [ app_end ] --END-- [ RunTime:0.000487s ]

[ 2017-07-08T09:52:12+08:00 ] 119.136.103.52 /Admin/Trouble/daochu
INFO: [ app_init ] --START--
INFO: Run Behavior\BuildLiteBehavior [ RunTime:0.000013s ]
INFO: [ app_init ] --END-- [ RunTime:0.000282s ]
INFO: [ app_begin ] --START--
INFO: Run Behavior\ReadHtmlCacheBehavior [ RunTime:0.000346s ]
INFO: [ app_begin ] --END-- [ RunTime:0.000385s ]
INFO: [ view_parse ] --START--
INFO: [ template_filter ] --START--
INFO: Run Behavior\ContentReplaceBehavior [ RunTime:0.000043s ]
INFO: [ template_filter ] --END-- [ RunTime:0.000093s ]
INFO: Run Behavior\ParseTemplateBehavior [ RunTime:0.005583s ]
INFO: [ view_parse ] --END-- [ RunTime:0.005622s ]
INFO: [ view_filter ] --START--
INFO: Run Behavior\WriteHtmlCacheBehavior [ RunTime:0.000122s ]
INFO: [ view_filter ] --END-- [ RunTime:0.000154s ]
INFO: [ app_end ] --START--
INFO: Run Behavior\ShowPageTraceBehavior [ RunTime:0.000408s ]
INFO: [ app_end ] --END-- [ RunTime:0.000448s ]

[ 2017-07-08T14:45:06+08:00 ] 119.136.103.52 /Admin/Login/index.html
INFO: [ app_init ] --START--
INFO: Run Behavior\BuildLiteBehavior [ RunTime:0.000014s ]
INFO: [ app_init ] --END-- [ RunTime:0.000287s ]
INFO: [ app_begin ] --START--
INFO: Run Behavior\ReadHtmlCacheBehavior [ RunTime:0.000359s ]
INFO: [ app_begin ] --END-- [ RunTime:0.000399s ]
INFO: [ view_parse ] --START--
INFO: [ template_filter ] --START--
INFO: Run Behavior\ContentReplaceBehavior [ RunTime:0.000074s ]
INFO: [ template_filter ] --END-- [ RunTime:0.000143s ]
INFO: Run Behavior\ParseTemplateBehavior [ RunTime:0.006485s ]
INFO: [ view_parse ] --END-- [ RunTime:0.006540s ]
INFO: [ view_filter ] --START--
INFO: Run Behavior\WriteHtmlCacheBehavior [ RunTime:0.000196s ]
INFO: [ view_filter ] --END-- [ RunTime:0.000260s ]
INFO: [ app_end ] --START--
INFO: Run Behavior\ShowPageTraceBehavior [ RunTime:0.000446s ]
INFO: [ app_end ] --END-- [ RunTime:0.000494s ]

[ 2017-07-08T14:45:12+08:00 ] 119.136.103.52 /Admin/Login/Login
INFO: [ app_init ] --START--
INFO: Run Behavior\BuildLiteBehavior [ RunTime:0.000013s ]
INFO: [ app_init ] --END-- [ RunTime:0.000279s ]
INFO: [ app_begin ] --START--
INFO: Run Behavior\ReadHtmlCacheBehavior [ RunTime:0.000365s ]
INFO: [ app_begin ] --END-- [ RunTime:0.000406s ]
SQL: SHOW COLUMNS FROM `think_user` [ RunTime:0.0025s ]
NOTIC: [8] Undefined index: validate /data/wwwroot/ceyuan1/ThinkPHP/Library/Think/Model.class.php 第 1185 行.
INFO: [ view_parse ] --START--
INFO: [ template_filter ] --START--
INFO: Run Behavior\ContentReplaceBehavior [ RunTime:0.000040s ]
INFO: [ template_filter ] --END-- [ RunTime:0.000081s ]
INFO: Run Behavior\ParseTemplateBehavior [ RunTime:0.005009s ]
INFO: [ view_parse ] --END-- [ RunTime:0.005063s ]
INFO: [ view_filter ] --START--
INFO: Run Behavior\WriteHtmlCacheBehavior [ RunTime:0.000127s ]
INFO: [ view_filter ] --END-- [ RunTime:0.000160s ]

[ 2017-07-08T14:45:17+08:00 ] 119.136.103.52 /Admin/Login/Login
INFO: [ app_init ] --START--
INFO: Run Behavior\BuildLiteBehavior [ RunTime:0.000013s ]
INFO: [ app_init ] --END-- [ RunTime:0.000318s ]
INFO: [ app_begin ] --START--
INFO: Run Behavior\ReadHtmlCacheBehavior [ RunTime:0.000568s ]
INFO: [ app_begin ] --END-- [ RunTime:0.000641s ]
SQL: SHOW COLUMNS FROM `think_user` [ RunTime:0.0060s ]
NOTIC: [8] Undefined index: validate /data/wwwroot/ceyuan1/ThinkPHP/Library/Think/Model.class.php 第 1185 行.
NOTIC: [8] Undefined index: auto /data/wwwroot/ceyuan1/ThinkPHP/Library/Think/Model.class.php 第 1128 行.
SQL: SELECT * FROM `think_user` WHERE `username` = 'admin' LIMIT 1   [ RunTime:0.0003s ]
INFO: [ view_parse ] --START--
INFO: [ template_filter ] --START--
INFO: Run Behavior\ContentReplaceBehavior [ RunTime:0.000040s ]
INFO: [ template_filter ] --END-- [ RunTime:0.000082s ]
INFO: Run Behavior\ParseTemplateBehavior [ RunTime:0.004485s ]
INFO: [ view_parse ] --END-- [ RunTime:0.004527s ]
INFO: [ view_filter ] --START--
INFO: Run Behavior\WriteHtmlCacheBehavior [ RunTime:0.000126s ]
INFO: [ view_filter ] --END-- [ RunTime:0.000160s ]
INFO: [ app_end ] --START--
INFO: Run Behavior\ShowPageTraceBehavior [ RunTime:0.000408s ]
INFO: [ app_end ] --END-- [ RunTime:0.000445s ]

[ 2017-07-08T14:45:20+08:00 ] 119.136.103.52 /Admin/Index/index.html
INFO: [ app_init ] --START--
INFO: Run Behavior\BuildLiteBehavior [ RunTime:0.000015s ]
INFO: [ app_init ] --END-- [ RunTime:0.000314s ]
INFO: [ app_begin ] --START--
INFO: Run Behavior\ReadHtmlCacheBehavior [ RunTime:0.000353s ]
INFO: [ app_begin ] --END-- [ RunTime:0.000394s ]
INFO: [ view_parse ] --START--
INFO: [ template_filter ] --START--
INFO: Run Behavior\ContentReplaceBehavior [ RunTime:0.000048s ]
INFO: [ template_filter ] --END-- [ RunTime:0.000089s ]
NOTIC: [8] Use of undefined constant upload_max_filesize - assumed 'upload_max_filesize' /data/wwwroot/ceyuan1/Crm/Runtime/Cache/Admin/e0274a4b86e7ba5d066849c021969eb0.php 第 103 行.
INFO: Run Behavior\ParseTemplateBehavior [ RunTime:0.006805s ]
INFO: [ view_parse ] --END-- [ RunTime:0.006843s ]
INFO: [ view_filter ] --START--
INFO: Run Behavior\WriteHtmlCacheBehavior [ RunTime:0.000126s ]
INFO: [ view_filter ] --END-- [ RunTime:0.000158s ]
INFO: [ app_end ] --START--
INFO: Run Behavior\ShowPageTraceBehavior [ RunTime:0.000362s ]
INFO: [ app_end ] --END-- [ RunTime:0.000398s ]

[ 2017-07-08T14:46:06+08:00 ] 119.136.103.52 /Admin/Trouble/daochu
INFO: [ app_init ] --START--
INFO: Run Behavior\BuildLiteBehavior [ RunTime:0.000014s ]
INFO: [ app_init ] --END-- [ RunTime:0.000296s ]
INFO: [ app_begin ] --START--
INFO: Run Behavior\ReadHtmlCacheBehavior [ RunTime:0.000352s ]
INFO: [ app_begin ] --END-- [ RunTime:0.000391s ]
INFO: [ view_parse ] --START--
INFO: [ template_filter ] --START--
INFO: Run Behavior\ContentReplaceBehavior [ RunTime:0.000043s ]
INFO: [ template_filter ] --END-- [ RunTime:0.000081s ]
INFO: Run Behavior\ParseTemplateBehavior [ RunTime:0.005582s ]
INFO: [ view_parse ] --END-- [ RunTime:0.005622s ]
INFO: [ view_filter ] --START--
INFO: Run Behavior\WriteHtmlCacheBehavior [ RunTime:0.000122s ]
INFO: [ view_filter ] --END-- [ RunTime:0.000156s ]
INFO: [ app_end ] --START--
INFO: Run Behavior\ShowPageTraceBehavior [ RunTime:0.000387s ]
INFO: [ app_end ] --END-- [ RunTime:0.000422s ]

[ 2017-07-08T14:46:29+08:00 ] 119.136.103.52 /Admin/Trouble/daochu
INFO: [ app_init ] --START--
INFO: Run Behavior\BuildLiteBehavior [ RunTime:0.000013s ]
INFO: [ app_init ] --END-- [ RunTime:0.000283s ]
INFO: [ app_begin ] --START--
INFO: Run Behavior\ReadHtmlCacheBehavior [ RunTime:0.000345s ]
INFO: [ app_begin ] --END-- [ RunTime:0.000387s ]
SQL: SHOW COLUMNS FROM `think_trouble` [ RunTime:0.0018s ]
SQL: SELECT `id`,`order`,`state`,`cishu`,`office`,`place`,`question`,`addtime`,`lasttime`,`adduser` FROM `think_trouble` WHERE `addtime` BETWEEN 1498838400 AND 1498838400  [ RunTime:0.0006s ]
INFO: [ view_parse ] --START--
INFO: [ template_filter ] --START--
INFO: Run Behavior\ContentReplaceBehavior [ RunTime:0.000040s ]
INFO: [ template_filter ] --END-- [ RunTime:0.000089s ]
INFO: Run Behavior\ParseTemplateBehavior [ RunTime:0.005038s ]
INFO: [ view_parse ] --END-- [ RunTime:0.005085s ]
INFO: [ view_filter ] --START--
INFO: Run Behavior\WriteHtmlCacheBehavior [ RunTime:0.000136s ]
INFO: [ view_filter ] --END-- [ RunTime:0.000169s ]

[ 2017-07-08T14:46:32+08:00 ] 119.136.103.52 /Admin/Trouble/daochu
INFO: [ app_init ] --START--
INFO: Run Behavior\BuildLiteBehavior [ RunTime:0.000013s ]
INFO: [ app_init ] --END-- [ RunTime:0.000310s ]
INFO: [ app_begin ] --START--
INFO: Run Behavior\ReadHtmlCacheBehavior [ RunTime:0.000350s ]
INFO: [ app_begin ] --END-- [ RunTime:0.000409s ]
INFO: [ view_parse ] --START--
INFO: [ template_filter ] --START--
INFO: Run Behavior\ContentReplaceBehavior [ RunTime:0.000048s ]
INFO: [ template_filter ] --END-- [ RunTime:0.000096s ]
INFO: Run Behavior\ParseTemplateBehavior [ RunTime:0.005696s ]
INFO: [ view_parse ] --END-- [ RunTime:0.005746s ]
INFO: [ view_filter ] --START--
INFO: Run Behavior\WriteHtmlCacheBehavior [ RunTime:0.000126s ]
INFO: [ view_filter ] --END-- [ RunTime:0.000159s ]
INFO: [ app_end ] --START--
INFO: Run Behavior\ShowPageTraceBehavior [ RunTime:0.000379s ]
INFO: [ app_end ] --END-- [ RunTime:0.000417s ]

[ 2017-07-08T14:51:27+08:00 ] 119.136.103.52 /Admin/Trouble/daochu
INFO: [ app_init ] --START--
INFO: Run Behavior\BuildLiteBehavior [ RunTime:0.000014s ]
INFO: [ app_init ] --END-- [ RunTime:0.000314s ]
INFO: [ app_begin ] --START--
INFO: Run Behavior\ReadHtmlCacheBehavior [ RunTime:0.000352s ]
INFO: [ app_begin ] --END-- [ RunTime:0.000393s ]
SQL: SHOW COLUMNS FROM `think_trouble` [ RunTime:0.0016s ]
SQL: SELECT `id`,`order`,`state`,`cishu`,`office`,`place`,`question`,`addtime`,`lasttime`,`adduser` FROM `think_trouble` WHERE `addtime` BETWEEN 1499097600 AND 1499097600  [ RunTime:0.0006s ]
NOTIC: [8] Undefined variable: question /data/wwwroot/ceyuan1/Crm/Admin/Controller/TroubleController.class.php 第 433 行.
SQL: SHOW COLUMNS FROM `think_troublelist` [ RunTime:0.0020s ]
SQL: SELECT * FROM `think_troublelist` WHERE `uid` = 1064  [ RunTime:0.0005s ]
NOTIC: [8] Use of undefined constant remark - assumed 'remark' /data/wwwroot/ceyuan1/Crm/Admin/Controller/TroubleController.class.php 第 469 行.
NOTIC: [8] Use of undefined constant yuanyin - assumed 'yuanyin' /data/wwwroot/ceyuan1/Crm/Admin/Controller/TroubleController.class.php 第 475 行.
SQL: SELECT * FROM `think_troublelist` WHERE `uid` = 1065  [ RunTime:0.0004s ]
NOTIC: [8] Use of undefined constant remark - assumed 'remark' /data/wwwroot/ceyuan1/Crm/Admin/Controller/TroubleController.class.php 第 469 行.
NOTIC: [8] Use of undefined constant yuanyin - assumed 'yuanyin' /data/wwwroot/ceyuan1/Crm/Admin/Controller/TroubleController.class.php 第 475 行.
SQL: SELECT * FROM `think_troublelist` WHERE `uid` = 1066  [ RunTime:0.0004s ]
SQL: SELECT * FROM `think_troublelist` WHERE `uid` = 1067  [ RunTime:0.0004s ]
SQL: SELECT * FROM `think_troublelist` WHERE `uid` = 1068  [ RunTime:0.0004s ]
NOTIC: [8] Use of undefined constant remark - assumed 'remark' /data/wwwroot/ceyuan1/Crm/Admin/Controller/TroubleController.class.php 第 469 行.
NOTIC: [8] Use of undefined constant yuanyin - assumed 'yuanyin' /data/wwwroot/ceyuan1/Crm/Admin/Controller/TroubleController.class.php 第 475 行.
SQL: SELECT * FROM `think_troublelist` WHERE `uid` = 1069  [ RunTime:0.0004s ]
NOTIC: [8] Use of undefined constant remark - assumed 'remark' /data/wwwroot/ceyuan1/Crm/Admin/Controller/TroubleController.class.php 第 469 行.
NOTIC: [8] Use of undefined constant yuanyin - assumed 'yuanyin' /data/wwwroot/ceyuan1/Crm/Admin/Controller/TroubleController.class.php 第 475 行.
SQL: SELECT * FROM `think_troublelist` WHERE `uid` = 1070  [ RunTime:0.0004s ]
NOTIC: [8] Use of undefined constant remark - assumed 'remark' /data/wwwroot/ceyuan1/Crm/Admin/Controller/TroubleController.class.php 第 469 行.
NOTIC: [8] Use of undefined constant yuanyin - assumed 'yuanyin' /data/wwwroot/ceyuan1/Crm/Admin/Controller/TroubleController.class.php 第 475 行.
SQL: SELECT * FROM `think_troublelist` WHERE `uid` = 1071  [ RunTime:0.0004s ]
NOTIC: [8] Use of undefined constant remark - assumed 'remark' /data/wwwroot/ceyuan1/Crm/Admin/Controller/TroubleController.class.php 第 469 行.
NOTIC: [8] Use of undefined constant yuanyin - assumed 'yuanyin' /data/wwwroot/ceyuan1/Crm/Admin/Controller/TroubleController.class.php 第 475 行.
SQL: SELECT * FROM `think_troublelist` WHERE `uid` = 1072  [ RunTime:0.0004s ]
NOTIC: [8] Use of undefined constant remark - assumed 'remark' /data/wwwroot/ceyuan1/Crm/Admin/Controller/TroubleController.class.php 第 469 行.
NOTIC: [8] Use of undefined constant yuanyin - assumed 'yuanyin' /data/wwwroot/ceyuan1/Crm/Admin/Controller/TroubleController.class.php 第 475 行.
SQL: SELECT * FROM `think_troublelist` WHERE `uid` = 1073  [ RunTime:0.0004s ]
NOTIC: [8] Use of undefined constant remark - assumed 'remark' /data/wwwroot/ceyuan1/Crm/Admin/Controller/TroubleController.class.php 第 469 行.
NOTIC: [8] Use of undefined constant yuanyin - assumed 'yuanyin' /data/wwwroot/ceyuan1/Crm/Admin/Controller/TroubleController.class.php 第 475 行.
SQL: SELECT * FROM `think_troublelist` WHERE `uid` = 1074  [ RunTime:0.0004s ]
NOTIC: [8] Use of undefined constant remark - assumed 'remark' /data/wwwroot/ceyuan1/Crm/Admin/Controller/TroubleController.class.php 第 469 行.
NOTIC: [8] Use of undefined constant yuanyin - assumed 'yuanyin' /data/wwwroot/ceyuan1/Crm/Admin/Controller/TroubleController.class.php 第 475 行.
SQL: SELECT * FROM `think_troublelist` WHERE `uid` = 1075  [ RunTime:0.0004s ]
SQL: SELECT * FROM `think_troublelist` WHERE `uid` = 1076  [ RunTime:0.0004s ]
SQL: SELECT * FROM `think_troublelist` WHERE `uid` = 1077  [ RunTime:0.0004s ]
NOTIC: [8] Use of undefined constant remark - assumed 'remark' /data/wwwroot/ceyuan1/Crm/Admin/Controller/TroubleController.class.php 第 469 行.
NOTIC: [8] Use of undefined constant yuanyin - assumed 'yuanyin' /data/wwwroot/ceyuan1/Crm/Admin/Controller/TroubleController.class.php 第 475 行.
SQL: SELECT * FROM `think_troublelist` WHERE `uid` = 1078  [ RunTime:0.0004s ]
NOTIC: [8] Use of undefined constant remark - assumed 'remark' /data/wwwroot/ceyuan1/Crm/Admin/Controller/TroubleController.class.php 第 469 行.
NOTIC: [8] Use of undefined constant yuanyin - assumed 'yuanyin' /data/wwwroot/ceyuan1/Crm/Admin/Controller/TroubleController.class.php 第 475 行.
SQL: SELECT * FROM `think_troublelist` WHERE `uid` = 1079  [ RunTime:0.0004s ]
NOTIC: [8] Use of undefined constant remark - assumed 'remark' /data/wwwroot/ceyuan1/Crm/Admin/Controller/TroubleController.class.php 第 469 行.
NOTIC: [8] Use of undefined constant yuanyin - assumed 'yuanyin' /data/wwwroot/ceyuan1/Crm/Admin/Controller/TroubleController.class.php 第 475 行.
SQL: SELECT * FROM `think_troublelist` WHERE `uid` = 1080  [ RunTime:0.0004s ]
NOTIC: [8] Use of undefined constant remark - assumed 'remark' /data/wwwroot/ceyuan1/Crm/Admin/Controller/TroubleController.class.php 第 469 行.
NOTIC: [8] Use of undefined constant yuanyin - assumed 'yuanyin' /data/wwwroot/ceyuan1/Crm/Admin/Controller/TroubleController.class.php 第 475 行.
SQL: SELECT * FROM `think_troublelist` WHERE `uid` = 1081  [ RunTime:0.0004s ]
NOTIC: [8] Use of undefined constant remark - assumed 'remark' /data/wwwroot/ceyuan1/Crm/Admin/Controller/TroubleController.class.php 第 469 行.
NOTIC: [8] Use of undefined constant yuanyin - assumed 'yuanyin' /data/wwwroot/ceyuan1/Crm/Admin/Controller/TroubleController.class.php 第 475 行.
SQL: SELECT * FROM `think_troublelist` WHERE `uid` = 1082  [ RunTime:0.0004s ]
NOTIC: [8] Use of undefined constant remark - assumed 'remark' /data/wwwroot/ceyuan1/Crm/Admin/Controller/TroubleController.class.php 第 469 行.
NOTIC: [8] Use of undefined constant yuanyin - assumed 'yuanyin' /data/wwwroot/ceyuan1/Crm/Admin/Controller/TroubleController.class.php 第 475 行.
SQL: SELECT * FROM `think_troublelist` WHERE `uid` = 1083  [ RunTime:0.0004s ]
NOTIC: [8] Use of undefined constant remark - assumed 'remark' /data/wwwroot/ceyuan1/Crm/Admin/Controller/TroubleController.class.php 第 469 行.
NOTIC: [8] Use of undefined constant yuanyin - assumed 'yuanyin' /data/wwwroot/ceyuan1/Crm/Admin/Controller/TroubleController.class.php 第 475 行.
SQL: SELECT * FROM `think_troublelist` WHERE `uid` = 1084  [ RunTime:0.0005s ]
NOTIC: [8] Use of undefined constant remark - assumed 'remark' /data/wwwroot/ceyuan1/Crm/Admin/Controller/TroubleController.class.php 第 469 行.
NOTIC: [8] Use of undefined constant remark - assumed 'remark' /data/wwwroot/ceyuan1/Crm/Admin/Controller/TroubleController.class.php 第 473 行.
NOTIC: [8] Use of undefined constant yuanyin - assumed 'yuanyin' /data/wwwroot/ceyuan1/Crm/Admin/Controller/TroubleController.class.php 第 475 行.
SQL: SELECT * FROM `think_troublelist` WHERE `uid` = 1085  [ RunTime:0.0005s ]
NOTIC: [8] Use of undefined constant remark - assumed 'remark' /data/wwwroot/ceyuan1/Crm/Admin/Controller/TroubleController.class.php 第 469 行.
NOTIC: [8] Use of undefined constant yuanyin - assumed 'yuanyin' /data/wwwroot/ceyuan1/Crm/Admin/Controller/TroubleController.class.php 第 475 行.

[ 2017-07-08T15:17:13+08:00 ] 119.136.103.52 /Admin/Trouble/daochu
INFO: [ app_init ] --START--
INFO: Run Behavior\BuildLiteBehavior [ RunTime:0.000012s ]
INFO: [ app_init ] --END-- [ RunTime:0.000283s ]
INFO: [ app_begin ] --START--
INFO: Run Behavior\ReadHtmlCacheBehavior [ RunTime:0.000346s ]
INFO: [ app_begin ] --END-- [ RunTime:0.000387s ]
SQL: SHOW COLUMNS FROM `think_trouble` [ RunTime:0.0019s ]
SQL: SELECT `id`,`order`,`state`,`cishu`,`office`,`place`,`question`,`addtime`,`lasttime`,`adduser` FROM `think_trouble` WHERE `addtime` BETWEEN 1499184000 AND 1499184000  [ RunTime:0.0006s ]
NOTIC: [8] Undefined variable: question /data/wwwroot/ceyuan1/Crm/Admin/Controller/TroubleController.class.php 第 433 行.
SQL: SHOW COLUMNS FROM `think_troublelist` [ RunTime:0.0021s ]
SQL: SELECT * FROM `think_troublelist` WHERE `uid` = 1086  [ RunTime:0.0005s ]
NOTIC: [8] Use of undefined constant remark - assumed 'remark' /data/wwwroot/ceyuan1/Crm/Admin/Controller/TroubleController.class.php 第 469 行.
NOTIC: [8] Use of undefined constant yuanyin - assumed 'yuanyin' /data/wwwroot/ceyuan1/Crm/Admin/Controller/TroubleController.class.php 第 475 行.
SQL: SELECT * FROM `think_troublelist` WHERE `uid` = 1087  [ RunTime:0.0004s ]
NOTIC: [8] Use of undefined constant remark - assumed 'remark' /data/wwwroot/ceyuan1/Crm/Admin/Controller/TroubleController.class.php 第 469 行.
NOTIC: [8] Use of undefined constant yuanyin - assumed 'yuanyin' /data/wwwroot/ceyuan1/Crm/Admin/Controller/TroubleController.class.php 第 475 行.
SQL: SELECT * FROM `think_troublelist` WHERE `uid` = 1088  [ RunTime:0.0005s ]
NOTIC: [8] Use of undefined constant remark - assumed 'remark' /data/wwwroot/ceyuan1/Crm/Admin/Controller/TroubleController.class.php 第 469 行.
NOTIC: [8] Use of undefined constant yuanyin - assumed 'yuanyin' /data/wwwroot/ceyuan1/Crm/Admin/Controller/TroubleController.class.php 第 475 行.
SQL: SELECT * FROM `think_troublelist` WHERE `uid` = 1089  [ RunTime:0.0004s ]
NOTIC: [8] Use of undefined constant remark - assumed 'remark' /data/wwwroot/ceyuan1/Crm/Admin/Controller/TroubleController.class.php 第 469 行.
NOTIC: [8] Use of undefined constant yuanyin - assumed 'yuanyin' /data/wwwroot/ceyuan1/Crm/Admin/Controller/TroubleController.class.php 第 475 行.

[ 2017-07-08T15:24:42+08:00 ] 119.136.103.52 /Admin/Trouble/daochu
INFO: [ app_init ] --START--
INFO: Run Behavior\BuildLiteBehavior [ RunTime:0.000013s ]
INFO: [ app_init ] --END-- [ RunTime:0.000293s ]
INFO: [ app_begin ] --START--
INFO: Run Behavior\ReadHtmlCacheBehavior [ RunTime:0.000346s ]
INFO: [ app_begin ] --END-- [ RunTime:0.000387s ]
SQL: SHOW COLUMNS FROM `think_trouble` [ RunTime:0.0016s ]
SQL: SELECT `id`,`order`,`state`,`cishu`,`office`,`place`,`question`,`addtime`,`lasttime`,`adduser` FROM `think_trouble` WHERE `addtime` BETWEEN 1499270400 AND 1499270400  [ RunTime:0.0006s ]
INFO: [ view_parse ] --START--
INFO: [ template_filter ] --START--
INFO: Run Behavior\ContentReplaceBehavior [ RunTime:0.000035s ]
INFO: [ template_filter ] --END-- [ RunTime:0.000076s ]
INFO: Run Behavior\ParseTemplateBehavior [ RunTime:0.004293s ]
INFO: [ view_parse ] --END-- [ RunTime:0.004334s ]
INFO: [ view_filter ] --START--
INFO: Run Behavior\WriteHtmlCacheBehavior [ RunTime:0.000124s ]
INFO: [ view_filter ] --END-- [ RunTime:0.000157s ]

[ 2017-07-08T15:24:44+08:00 ] 119.136.103.52 /Admin/Trouble/daochu
INFO: [ app_init ] --START--
INFO: Run Behavior\BuildLiteBehavior [ RunTime:0.000019s ]
INFO: [ app_init ] --END-- [ RunTime:0.000425s ]
INFO: [ app_begin ] --START--
INFO: Run Behavior\ReadHtmlCacheBehavior [ RunTime:0.000527s ]
INFO: [ app_begin ] --END-- [ RunTime:0.000585s ]
INFO: [ view_parse ] --START--
INFO: [ template_filter ] --START--
INFO: Run Behavior\ContentReplaceBehavior [ RunTime:0.000045s ]
INFO: [ template_filter ] --END-- [ RunTime:0.000087s ]
INFO: Run Behavior\ParseTemplateBehavior [ RunTime:0.006935s ]
INFO: [ view_parse ] --END-- [ RunTime:0.006983s ]
INFO: [ view_filter ] --START--
INFO: Run Behavior\WriteHtmlCacheBehavior [ RunTime:0.000125s ]
INFO: [ view_filter ] --END-- [ RunTime:0.000158s ]
INFO: [ app_end ] --START--
INFO: Run Behavior\ShowPageTraceBehavior [ RunTime:0.000372s ]
INFO: [ app_end ] --END-- [ RunTime:0.000419s ]

[ 2017-07-08T15:24:48+08:00 ] 119.136.103.52 /Admin/Trouble/daochu
INFO: [ app_init ] --START--
INFO: Run Behavior\BuildLiteBehavior [ RunTime:0.000013s ]
INFO: [ app_init ] --END-- [ RunTime:0.000287s ]
INFO: [ app_begin ] --START--
INFO: Run Behavior\ReadHtmlCacheBehavior [ RunTime:0.000422s ]
INFO: [ app_begin ] --END-- [ RunTime:0.000463s ]
SQL: SHOW COLUMNS FROM `think_trouble` [ RunTime:0.0016s ]
SQL: SELECT `id`,`order`,`state`,`cishu`,`office`,`place`,`question`,`addtime`,`lasttime`,`adduser` FROM `think_trouble` WHERE `addtime` BETWEEN 1499356800 AND 1499356800  [ RunTime:0.0006s ]
NOTIC: [8] Undefined variable: question /data/wwwroot/ceyuan1/Crm/Admin/Controller/TroubleController.class.php 第 433 行.
SQL: SHOW COLUMNS FROM `think_troublelist` [ RunTime:0.0017s ]
SQL: SELECT * FROM `think_troublelist` WHERE `uid` = 1090  [ RunTime:0.0005s ]
NOTIC: [8] Use of undefined constant remark - assumed 'remark' /data/wwwroot/ceyuan1/Crm/Admin/Controller/TroubleController.class.php 第 469 行.
NOTIC: [8] Use of undefined constant yuanyin - assumed 'yuanyin' /data/wwwroot/ceyuan1/Crm/Admin/Controller/TroubleController.class.php 第 475 行.
SQL: SELECT * FROM `think_troublelist` WHERE `uid` = 1091  [ RunTime:0.0004s ]
NOTIC: [8] Use of undefined constant remark - assumed 'remark' /data/wwwroot/ceyuan1/Crm/Admin/Controller/TroubleController.class.php 第 469 行.
NOTIC: [8] Use of undefined constant yuanyin - assumed 'yuanyin' /data/wwwroot/ceyuan1/Crm/Admin/Controller/TroubleController.class.php 第 475 行.
SQL: SELECT * FROM `think_troublelist` WHERE `uid` = 1092  [ RunTime:0.0004s ]
NOTIC: [8] Use of undefined constant remark - assumed 'remark' /data/wwwroot/ceyuan1/Crm/Admin/Controller/TroubleController.class.php 第 469 行.
NOTIC: [8] Use of undefined constant yuanyin - assumed 'yuanyin' /data/wwwroot/ceyuan1/Crm/Admin/Controller/TroubleController.class.php 第 475 行.
SQL: SELECT * FROM `think_troublelist` WHERE `uid` = 1093  [ RunTime:0.0004s ]
NOTIC: [8] Use of undefined constant remark - assumed 'remark' /data/wwwroot/ceyuan1/Crm/Admin/Controller/TroubleController.class.php 第 469 行.
NOTIC: [8] Use of undefined constant yuanyin - assumed 'yuanyin' /data/wwwroot/ceyuan1/Crm/Admin/Controller/TroubleController.class.php 第 475 行.
SQL: SELECT * FROM `think_troublelist` WHERE `uid` = 1094  [ RunTime:0.0004s ]
SQL: SELECT * FROM `think_troublelist` WHERE `uid` = 1095  [ RunTime:0.0004s ]
NOTIC: [8] Use of undefined constant remark - assumed 'remark' /data/wwwroot/ceyuan1/Crm/Admin/Controller/TroubleController.class.php 第 469 行.
NOTIC: [8] Use of undefined constant yuanyin - assumed 'yuanyin' /data/wwwroot/ceyuan1/Crm/Admin/Controller/TroubleController.class.php 第 475 行.
SQL: SELECT * FROM `think_troublelist` WHERE `uid` = 1096  [ RunTime:0.0004s ]
SQL: SELECT * FROM `think_troublelist` WHERE `uid` = 1097  [ RunTime:0.0004s ]
SQL: SELECT * FROM `think_troublelist` WHERE `uid` = 1098  [ RunTime:0.0004s ]
SQL: SELECT * FROM `think_troublelist` WHERE `uid` = 1099  [ RunTime:0.0004s ]
SQL: SELECT * FROM `think_troublelist` WHERE `uid` = 1100  [ RunTime:0.0004s ]
SQL: SELECT * FROM `think_troublelist` WHERE `uid` = 1101  [ RunTime:0.0004s ]
SQL: SELECT * FROM `think_troublelist` WHERE `uid` = 1102  [ RunTime:0.0004s ]
SQL: SELECT * FROM `think_troublelist` WHERE `uid` = 1103  [ RunTime:0.0004s ]
SQL: SELECT * FROM `think_troublelist` WHERE `uid` = 1104  [ RunTime:0.0004s ]
SQL: SELECT * FROM `think_troublelist` WHERE `uid` = 1105  [ RunTime:0.0004s ]
SQL: SELECT * FROM `think_troublelist` WHERE `uid` = 1106  [ RunTime:0.0004s ]

[ 2017-07-08T15:45:21+08:00 ] 119.136.103.52 /Admin/Trouble/daochu
INFO: [ app_init ] --START--
INFO: Run Behavior\BuildLiteBehavior [ RunTime:0.000018s ]
INFO: [ app_init ] --END-- [ RunTime:0.000317s ]
INFO: [ app_begin ] --START--
INFO: Run Behavior\ReadHtmlCacheBehavior [ RunTime:0.000365s ]
INFO: [ app_begin ] --END-- [ RunTime:0.000406s ]
SQL: SHOW COLUMNS FROM `think_trouble` [ RunTime:0.0020s ]
SQL: SELECT `id`,`order`,`state`,`cishu`,`office`,`place`,`question`,`addtime`,`lasttime`,`adduser` FROM `think_trouble` WHERE `addtime` BETWEEN 1499356800 AND 1499356800  [ RunTime:0.0006s ]
NOTIC: [8] Undefined variable: question /data/wwwroot/ceyuan1/Crm/Admin/Controller/TroubleController.class.php 第 433 行.
SQL: SHOW COLUMNS FROM `think_troublelist` [ RunTime:0.0014s ]
SQL: SELECT * FROM `think_troublelist` WHERE `uid` = 1090  [ RunTime:0.0004s ]
NOTIC: [8] Use of undefined constant remark - assumed 'remark' /data/wwwroot/ceyuan1/Crm/Admin/Controller/TroubleController.class.php 第 469 行.
NOTIC: [8] Use of undefined constant yuanyin - assumed 'yuanyin' /data/wwwroot/ceyuan1/Crm/Admin/Controller/TroubleController.class.php 第 475 行.
SQL: SELECT * FROM `think_troublelist` WHERE `uid` = 1091  [ RunTime:0.0004s ]
NOTIC: [8] Use of undefined constant remark - assumed 'remark' /data/wwwroot/ceyuan1/Crm/Admin/Controller/TroubleController.class.php 第 469 行.
NOTIC: [8] Use of undefined constant yuanyin - assumed 'yuanyin' /data/wwwroot/ceyuan1/Crm/Admin/Controller/TroubleController.class.php 第 475 行.
SQL: SELECT * FROM `think_troublelist` WHERE `uid` = 1092  [ RunTime:0.0004s ]
NOTIC: [8] Use of undefined constant remark - assumed 'remark' /data/wwwroot/ceyuan1/Crm/Admin/Controller/TroubleController.class.php 第 469 行.
NOTIC: [8] Use of undefined constant yuanyin - assumed 'yuanyin' /data/wwwroot/ceyuan1/Crm/Admin/Controller/TroubleController.class.php 第 475 行.
SQL: SELECT * FROM `think_troublelist` WHERE `uid` = 1093  [ RunTime:0.0004s ]
NOTIC: [8] Use of undefined constant remark - assumed 'remark' /data/wwwroot/ceyuan1/Crm/Admin/Controller/TroubleController.class.php 第 469 行.
NOTIC: [8] Use of undefined constant yuanyin - assumed 'yuanyin' /data/wwwroot/ceyuan1/Crm/Admin/Controller/TroubleController.class.php 第 475 行.
SQL: SELECT * FROM `think_troublelist` WHERE `uid` = 1094  [ RunTime:0.0004s ]
SQL: SELECT * FROM `think_troublelist` WHERE `uid` = 1095  [ RunTime:0.0004s ]
NOTIC: [8] Use of undefined constant remark - assumed 'remark' /data/wwwroot/ceyuan1/Crm/Admin/Controller/TroubleController.class.php 第 469 行.
NOTIC: [8] Use of undefined constant yuanyin - assumed 'yuanyin' /data/wwwroot/ceyuan1/Crm/Admin/Controller/TroubleController.class.php 第 475 行.
SQL: SELECT * FROM `think_troublelist` WHERE `uid` = 1096  [ RunTime:0.0004s ]
SQL: SELECT * FROM `think_troublelist` WHERE `uid` = 1097  [ RunTime:0.0004s ]
SQL: SELECT * FROM `think_troublelist` WHERE `uid` = 1098  [ RunTime:0.0004s ]
SQL: SELECT * FROM `think_troublelist` WHERE `uid` = 1099  [ RunTime:0.0004s ]
SQL: SELECT * FROM `think_troublelist` WHERE `uid` = 1100  [ RunTime:0.0004s ]
SQL: SELECT * FROM `think_troublelist` WHERE `uid` = 1101  [ RunTime:0.0004s ]
SQL: SELECT * FROM `think_troublelist` WHERE `uid` = 1102  [ RunTime:0.0004s ]
SQL: SELECT * FROM `think_troublelist` WHERE `uid` = 1103  [ RunTime:0.0004s ]
SQL: SELECT * FROM `think_troublelist` WHERE `uid` = 1104  [ RunTime:0.0004s ]
SQL: SELECT * FROM `think_troublelist` WHERE `uid` = 1105  [ RunTime:0.0004s ]
SQL: SELECT * FROM `think_troublelist` WHERE `uid` = 1106  [ RunTime:0.0004s ]

