[ 2017-08-01T11:53:03+08:00 ] 123.66.35.39 /Admin/Login/index.html
INFO: [ app_init ] --START--
INFO: Run Behavior\BuildLiteBehavior [ RunTime:0.000015s ]
INFO: [ app_init ] --END-- [ RunTime:0.000291s ]
INFO: [ app_begin ] --START--
INFO: Run Behavior\ReadHtmlCacheBehavior [ RunTime:0.000765s ]
INFO: [ app_begin ] --END-- [ RunTime:0.000810s ]
INFO: [ view_parse ] --START--
INFO: [ template_filter ] --START--
INFO: Run Behavior\ContentReplaceBehavior [ RunTime:0.000049s ]
INFO: [ template_filter ] --END-- [ RunTime:0.000100s ]
INFO: Run Behavior\ParseTemplateBehavior [ RunTime:0.006629s ]
INFO: [ view_parse ] --END-- [ RunTime:0.006671s ]
INFO: [ view_filter ] --START--
INFO: Run Behavior\WriteHtmlCacheBehavior [ RunTime:0.000354s ]
INFO: [ view_filter ] --END-- [ RunTime:0.000389s ]
INFO: [ app_end ] --START--
INFO: Run Behavior\ShowPageTraceBehavior [ RunTime:0.000686s ]
INFO: [ app_end ] --END-- [ RunTime:0.000723s ]

[ 2017-08-01T11:53:10+08:00 ] 123.66.35.39 /Admin/Login/index.html
INFO: [ app_init ] --START--
INFO: Run Behavior\BuildLiteBehavior [ RunTime:0.000014s ]
INFO: [ app_init ] --END-- [ RunTime:0.000284s ]
INFO: [ app_begin ] --START--
INFO: Run Behavior\ReadHtmlCacheBehavior [ RunTime:0.000364s ]
INFO: [ app_begin ] --END-- [ RunTime:0.000404s ]
INFO: [ view_parse ] --START--
INFO: [ template_filter ] --START--
INFO: Run Behavior\ContentReplaceBehavior [ RunTime:0.000048s ]
INFO: [ template_filter ] --END-- [ RunTime:0.000089s ]
INFO: Run Behavior\ParseTemplateBehavior [ RunTime:0.005131s ]
INFO: [ view_parse ] --END-- [ RunTime:0.005169s ]
INFO: [ view_filter ] --START--
INFO: Run Behavior\WriteHtmlCacheBehavior [ RunTime:0.000125s ]
INFO: [ view_filter ] --END-- [ RunTime:0.000177s ]
INFO: [ app_end ] --START--
INFO: Run Behavior\ShowPageTraceBehavior [ RunTime:0.000360s ]
INFO: [ app_end ] --END-- [ RunTime:0.000395s ]

[ 2017-08-01T11:53:16+08:00 ] 123.66.35.39 /Admin/Login/Login
INFO: [ app_init ] --START--
INFO: Run Behavior\BuildLiteBehavior [ RunTime:0.000013s ]
INFO: [ app_init ] --END-- [ RunTime:0.000278s ]
INFO: [ app_begin ] --START--
INFO: Run Behavior\ReadHtmlCacheBehavior [ RunTime:0.000340s ]
INFO: [ app_begin ] --END-- [ RunTime:0.000380s ]
SQL: SHOW COLUMNS FROM `think_user` [ RunTime:0.0035s ]
NOTIC: [8] Undefined index: validate /data/wwwroot/ceyuan1/ThinkPHP/Library/Think/Model.class.php 第 1185 行.
NOTIC: [8] Undefined index: auto /data/wwwroot/ceyuan1/ThinkPHP/Library/Think/Model.class.php 第 1128 行.
SQL: SELECT * FROM `think_user` WHERE `username` = 'admin' LIMIT 1   [ RunTime:0.0006s ]
INFO: [ view_parse ] --START--
INFO: [ template_filter ] --START--
INFO: Run Behavior\ContentReplaceBehavior [ RunTime:0.000045s ]
INFO: [ template_filter ] --END-- [ RunTime:0.000088s ]
INFO: Run Behavior\ParseTemplateBehavior [ RunTime:0.005141s ]
INFO: [ view_parse ] --END-- [ RunTime:0.005205s ]
INFO: [ view_filter ] --START--
INFO: Run Behavior\WriteHtmlCacheBehavior [ RunTime:0.000129s ]
INFO: [ view_filter ] --END-- [ RunTime:0.000164s ]
INFO: [ app_end ] --START--
INFO: Run Behavior\ShowPageTraceBehavior [ RunTime:0.000384s ]
INFO: [ app_end ] --END-- [ RunTime:0.000420s ]

[ 2017-08-01T11:53:19+08:00 ] 123.66.35.39 /Admin/Index/index.html
INFO: [ app_init ] --START--
INFO: Run Behavior\BuildLiteBehavior [ RunTime:0.000013s ]
INFO: [ app_init ] --END-- [ RunTime:0.000289s ]
INFO: [ app_begin ] --START--
INFO: Run Behavior\ReadHtmlCacheBehavior [ RunTime:0.000374s ]
INFO: [ app_begin ] --END-- [ RunTime:0.000413s ]
INFO: [ view_parse ] --START--
INFO: [ template_filter ] --START--
INFO: Run Behavior\ContentReplaceBehavior [ RunTime:0.000062s ]
INFO: [ template_filter ] --END-- [ RunTime:0.000126s ]
NOTIC: [8] Use of undefined constant upload_max_filesize - assumed 'upload_max_filesize' /data/wwwroot/ceyuan1/Crm/Runtime/Cache/Admin/e0274a4b86e7ba5d066849c021969eb0.php 第 103 行.
INFO: Run Behavior\ParseTemplateBehavior [ RunTime:0.008103s ]
INFO: [ view_parse ] --END-- [ RunTime:0.008150s ]
INFO: [ view_filter ] --START--
INFO: Run Behavior\WriteHtmlCacheBehavior [ RunTime:0.000162s ]
INFO: [ view_filter ] --END-- [ RunTime:0.000211s ]
INFO: [ app_end ] --START--
INFO: Run Behavior\ShowPageTraceBehavior [ RunTime:0.000544s ]
INFO: [ app_end ] --END-- [ RunTime:0.000597s ]

[ 2017-08-01T11:53:24+08:00 ] 123.66.35.39 /Admin/Trouble/quanbu
INFO: [ app_init ] --START--
INFO: Run Behavior\BuildLiteBehavior [ RunTime:0.000014s ]
INFO: [ app_init ] --END-- [ RunTime:0.000294s ]
INFO: [ app_begin ] --START--
INFO: Run Behavior\ReadHtmlCacheBehavior [ RunTime:0.000352s ]
INFO: [ app_begin ] --END-- [ RunTime:0.000392s ]
SQL: SHOW COLUMNS FROM `think_office` [ RunTime:0.0021s ]
SQL: SELECT * FROM `think_office`  [ RunTime:0.0005s ]
SQL: SHOW COLUMNS FROM `think_trouble` [ RunTime:0.0140s ]
SQL: SELECT COUNT(*) AS tp_count FROM `think_trouble` LIMIT 1   [ RunTime:0.0002s ]
SQL: SELECT * FROM `think_trouble` ORDER BY id desc LIMIT 0,5   [ RunTime:0.0008s ]
INFO: [ view_parse ] --START--
INFO: [ template_filter ] --START--
INFO: Run Behavior\ContentReplaceBehavior [ RunTime:0.000068s ]
INFO: [ template_filter ] --END-- [ RunTime:0.000129s ]
INFO: Run Behavior\ParseTemplateBehavior [ RunTime:0.047841s ]
INFO: [ view_parse ] --END-- [ RunTime:0.047966s ]
INFO: [ view_filter ] --START--
INFO: Run Behavior\WriteHtmlCacheBehavior [ RunTime:0.000227s ]
INFO: [ view_filter ] --END-- [ RunTime:0.000290s ]
INFO: [ app_end ] --START--
INFO: Run Behavior\ShowPageTraceBehavior [ RunTime:0.000669s ]
INFO: [ app_end ] --END-- [ RunTime:0.000739s ]

[ 2017-08-01T11:53:34+08:00 ] 123.66.35.39 /Admin/Trouble/search
INFO: [ app_init ] --START--
INFO: Run Behavior\BuildLiteBehavior [ RunTime:0.000016s ]
INFO: [ app_init ] --END-- [ RunTime:0.000297s ]
INFO: [ app_begin ] --START--
INFO: Run Behavior\ReadHtmlCacheBehavior [ RunTime:0.000370s ]
INFO: [ app_begin ] --END-- [ RunTime:0.000412s ]
SQL: SHOW COLUMNS FROM `think_trouble` [ RunTime:0.0012s ]
SQL: SELECT * FROM `think_trouble` WHERE `order` = '1707129'  [ RunTime:0.0156s ]
INFO: [ view_parse ] --START--
INFO: [ template_filter ] --START--
INFO: Run Behavior\ContentReplaceBehavior [ RunTime:0.000075s ]
INFO: [ template_filter ] --END-- [ RunTime:0.000128s ]
NOTIC: [8] Undefined variable: page /data/wwwroot/ceyuan1/Crm/Runtime/Cache/Admin/bedd190d7fa2df149f6c02b3d5dd63ec.php 第 130 行.
INFO: Run Behavior\ParseTemplateBehavior [ RunTime:0.008725s ]
INFO: [ view_parse ] --END-- [ RunTime:0.008779s ]
INFO: [ view_filter ] --START--
INFO: Run Behavior\WriteHtmlCacheBehavior [ RunTime:0.000151s ]
INFO: [ view_filter ] --END-- [ RunTime:0.000187s ]
INFO: [ app_end ] --START--
INFO: Run Behavior\ShowPageTraceBehavior [ RunTime:0.000388s ]
INFO: [ app_end ] --END-- [ RunTime:0.000425s ]

[ 2017-08-01T11:53:35+08:00 ] 123.66.35.39 /Admin/Trouble/sview/id/1192
INFO: [ app_init ] --START--
INFO: Run Behavior\BuildLiteBehavior [ RunTime:0.000016s ]
INFO: [ app_init ] --END-- [ RunTime:0.000323s ]
INFO: [ app_begin ] --START--
INFO: Run Behavior\ReadHtmlCacheBehavior [ RunTime:0.000358s ]
INFO: [ app_begin ] --END-- [ RunTime:0.000403s ]
SQL: SHOW COLUMNS FROM `think_trouble` [ RunTime:0.0012s ]
SQL: SELECT * FROM `think_trouble` WHERE `id` = 1192 LIMIT 1   [ RunTime:0.0003s ]
INFO: [ view_parse ] --START--
INFO: [ template_filter ] --START--
INFO: Run Behavior\ContentReplaceBehavior [ RunTime:0.000071s ]
INFO: [ template_filter ] --END-- [ RunTime:0.000139s ]
NOTIC: [8] Undefined variable: troublelistres /data/wwwroot/ceyuan1/Crm/Runtime/Cache/Admin/abc61647ab10f0eb9e0073a826d4e999.php 第 179 行.
INFO: Run Behavior\ParseTemplateBehavior [ RunTime:0.009857s ]
INFO: [ view_parse ] --END-- [ RunTime:0.009910s ]
INFO: [ view_filter ] --START--
INFO: Run Behavior\WriteHtmlCacheBehavior [ RunTime:0.000148s ]
INFO: [ view_filter ] --END-- [ RunTime:0.000183s ]
INFO: [ app_end ] --START--
INFO: Run Behavior\ShowPageTraceBehavior [ RunTime:0.000425s ]
INFO: [ app_end ] --END-- [ RunTime:0.000468s ]

[ 2017-08-01T11:54:54+08:00 ] 123.66.35.39 /Admin/Trouble/index
INFO: [ app_init ] --START--
INFO: Run Behavior\BuildLiteBehavior [ RunTime:0.000014s ]
INFO: [ app_init ] --END-- [ RunTime:0.000313s ]
INFO: [ app_begin ] --START--
INFO: Run Behavior\ReadHtmlCacheBehavior [ RunTime:0.000376s ]
INFO: [ app_begin ] --END-- [ RunTime:0.000417s ]
SQL: SHOW COLUMNS FROM `think_office` [ RunTime:0.0009s ]
SQL: SELECT * FROM `think_office`  [ RunTime:0.0002s ]
SQL: SHOW COLUMNS FROM `think_trouble` [ RunTime:0.0006s ]
SQL: SELECT COUNT(*) AS tp_count FROM `think_trouble` WHERE ( state=0 ) LIMIT 1   [ RunTime:0.0007s ]
SQL: SELECT * FROM `think_trouble` WHERE ( state=0 ) ORDER BY id desc LIMIT 0,5   [ RunTime:0.0002s ]
INFO: [ view_parse ] --START--
INFO: [ template_filter ] --START--
INFO: Run Behavior\ContentReplaceBehavior [ RunTime:0.000062s ]
INFO: [ template_filter ] --END-- [ RunTime:0.000114s ]
INFO: Run Behavior\ParseTemplateBehavior [ RunTime:0.009343s ]
INFO: [ view_parse ] --END-- [ RunTime:0.009385s ]
INFO: [ view_filter ] --START--
INFO: Run Behavior\WriteHtmlCacheBehavior [ RunTime:0.000131s ]
INFO: [ view_filter ] --END-- [ RunTime:0.000168s ]
INFO: [ app_end ] --START--
INFO: Run Behavior\ShowPageTraceBehavior [ RunTime:0.000401s ]
INFO: [ app_end ] --END-- [ RunTime:0.000442s ]

[ 2017-08-01T11:56:18+08:00 ] 123.66.35.39 /Admin/Trouble/search
INFO: [ app_init ] --START--
INFO: Run Behavior\BuildLiteBehavior [ RunTime:0.000014s ]
INFO: [ app_init ] --END-- [ RunTime:0.000305s ]
INFO: [ app_begin ] --START--
INFO: Run Behavior\ReadHtmlCacheBehavior [ RunTime:0.000345s ]
INFO: [ app_begin ] --END-- [ RunTime:0.000385s ]
SQL: SHOW COLUMNS FROM `think_trouble` [ RunTime:0.0010s ]
SQL: SELECT * FROM `think_trouble` WHERE `order` = '1707123'  [ RunTime:0.0007s ]
INFO: [ view_parse ] --START--
INFO: [ template_filter ] --START--
INFO: Run Behavior\ContentReplaceBehavior [ RunTime:0.000052s ]
INFO: [ template_filter ] --END-- [ RunTime:0.000093s ]
NOTIC: [8] Undefined variable: page /data/wwwroot/ceyuan1/Crm/Runtime/Cache/Admin/bedd190d7fa2df149f6c02b3d5dd63ec.php 第 130 行.
INFO: Run Behavior\ParseTemplateBehavior [ RunTime:0.007518s ]
INFO: [ view_parse ] --END-- [ RunTime:0.007555s ]
INFO: [ view_filter ] --START--
INFO: Run Behavior\WriteHtmlCacheBehavior [ RunTime:0.000127s ]
INFO: [ view_filter ] --END-- [ RunTime:0.000162s ]
INFO: [ app_end ] --START--
INFO: Run Behavior\ShowPageTraceBehavior [ RunTime:0.000396s ]
INFO: [ app_end ] --END-- [ RunTime:0.000434s ]

[ 2017-08-01T11:56:20+08:00 ] 123.66.35.39 /Admin/Trouble/sview/id/1186
INFO: [ app_init ] --START--
INFO: Run Behavior\BuildLiteBehavior [ RunTime:0.000020s ]
INFO: [ app_init ] --END-- [ RunTime:0.000440s ]
INFO: [ app_begin ] --START--
INFO: Run Behavior\ReadHtmlCacheBehavior [ RunTime:0.000501s ]
INFO: [ app_begin ] --END-- [ RunTime:0.000553s ]
SQL: SHOW COLUMNS FROM `think_trouble` [ RunTime:0.0009s ]
SQL: SELECT * FROM `think_trouble` WHERE `id` = 1186 LIMIT 1   [ RunTime:0.0003s ]
INFO: [ view_parse ] --START--
INFO: [ template_filter ] --START--
INFO: Run Behavior\ContentReplaceBehavior [ RunTime:0.000062s ]
INFO: [ template_filter ] --END-- [ RunTime:0.000105s ]
NOTIC: [8] Undefined variable: troublelistres /data/wwwroot/ceyuan1/Crm/Runtime/Cache/Admin/abc61647ab10f0eb9e0073a826d4e999.php 第 179 行.
INFO: Run Behavior\ParseTemplateBehavior [ RunTime:0.008147s ]
INFO: [ view_parse ] --END-- [ RunTime:0.008186s ]
INFO: [ view_filter ] --START--
INFO: Run Behavior\WriteHtmlCacheBehavior [ RunTime:0.000136s ]
INFO: [ view_filter ] --END-- [ RunTime:0.000171s ]
INFO: [ app_end ] --START--
INFO: Run Behavior\ShowPageTraceBehavior [ RunTime:0.000412s ]
INFO: [ app_end ] --END-- [ RunTime:0.000451s ]

[ 2017-08-01T11:56:32+08:00 ] 101.226.33.216 /Admin/Trouble/sview/id/1186
INFO: [ app_init ] --START--
INFO: Run Behavior\BuildLiteBehavior [ RunTime:0.000014s ]
INFO: [ app_init ] --END-- [ RunTime:0.000281s ]
INFO: [ app_begin ] --START--
INFO: Run Behavior\ReadHtmlCacheBehavior [ RunTime:0.000372s ]
INFO: [ app_begin ] --END-- [ RunTime:0.000412s ]
INFO: [ view_parse ] --START--
INFO: [ template_filter ] --START--
INFO: Run Behavior\ContentReplaceBehavior [ RunTime:0.000037s ]
INFO: [ template_filter ] --END-- [ RunTime:0.000080s ]
INFO: Run Behavior\ParseTemplateBehavior [ RunTime:0.004255s ]
INFO: [ view_parse ] --END-- [ RunTime:0.004298s ]
INFO: [ view_filter ] --START--
INFO: Run Behavior\WriteHtmlCacheBehavior [ RunTime:0.000129s ]
INFO: [ view_filter ] --END-- [ RunTime:0.000162s ]

[ 2017-08-01T12:03:07+08:00 ] 140.207.124.105 /Admin/Trouble/index
INFO: [ app_init ] --START--
INFO: Run Behavior\BuildLiteBehavior [ RunTime:0.000017s ]
INFO: [ app_init ] --END-- [ RunTime:0.000295s ]
INFO: [ app_begin ] --START--
INFO: Run Behavior\ReadHtmlCacheBehavior [ RunTime:0.000372s ]
INFO: [ app_begin ] --END-- [ RunTime:0.000411s ]
INFO: [ view_parse ] --START--
INFO: [ template_filter ] --START--
INFO: Run Behavior\ContentReplaceBehavior [ RunTime:0.000044s ]
INFO: [ template_filter ] --END-- [ RunTime:0.000101s ]
INFO: Run Behavior\ParseTemplateBehavior [ RunTime:0.004579s ]
INFO: [ view_parse ] --END-- [ RunTime:0.004635s ]
INFO: [ view_filter ] --START--
INFO: Run Behavior\WriteHtmlCacheBehavior [ RunTime:0.000127s ]
INFO: [ view_filter ] --END-- [ RunTime:0.000161s ]

[ 2017-08-01T12:07:55+08:00 ] 101.226.85.67 /Admin/Trouble/sview/id/1192
INFO: [ app_init ] --START--
INFO: Run Behavior\BuildLiteBehavior [ RunTime:0.000012s ]
INFO: [ app_init ] --END-- [ RunTime:0.000280s ]
INFO: [ app_begin ] --START--
INFO: Run Behavior\ReadHtmlCacheBehavior [ RunTime:0.000383s ]
INFO: [ app_begin ] --END-- [ RunTime:0.000423s ]
INFO: [ view_parse ] --START--
INFO: [ template_filter ] --START--
INFO: Run Behavior\ContentReplaceBehavior [ RunTime:0.000044s ]
INFO: [ template_filter ] --END-- [ RunTime:0.000097s ]
INFO: Run Behavior\ParseTemplateBehavior [ RunTime:0.004341s ]
INFO: [ view_parse ] --END-- [ RunTime:0.004382s ]
INFO: [ view_filter ] --START--
INFO: Run Behavior\WriteHtmlCacheBehavior [ RunTime:0.000142s ]
INFO: [ view_filter ] --END-- [ RunTime:0.000176s ]

[ 2017-08-01T15:15:46+08:00 ] 119.136.103.233 /Admin/Login/index.html
INFO: [ app_init ] --START--
INFO: Run Behavior\BuildLiteBehavior [ RunTime:0.000014s ]
INFO: [ app_init ] --END-- [ RunTime:0.000282s ]
INFO: [ app_begin ] --START--
INFO: Run Behavior\ReadHtmlCacheBehavior [ RunTime:0.000346s ]
INFO: [ app_begin ] --END-- [ RunTime:0.000386s ]
INFO: [ view_parse ] --START--
INFO: [ template_filter ] --START--
INFO: Run Behavior\ContentReplaceBehavior [ RunTime:0.000042s ]
INFO: [ template_filter ] --END-- [ RunTime:0.000082s ]
INFO: Run Behavior\ParseTemplateBehavior [ RunTime:0.004534s ]
INFO: [ view_parse ] --END-- [ RunTime:0.004572s ]
INFO: [ view_filter ] --START--
INFO: Run Behavior\WriteHtmlCacheBehavior [ RunTime:0.000121s ]
INFO: [ view_filter ] --END-- [ RunTime:0.000153s ]
INFO: [ app_end ] --START--
INFO: Run Behavior\ShowPageTraceBehavior [ RunTime:0.000387s ]
INFO: [ app_end ] --END-- [ RunTime:0.000423s ]

[ 2017-08-01T15:15:53+08:00 ] 119.136.103.233 /Admin/Login/Login
INFO: [ app_init ] --START--
INFO: Run Behavior\BuildLiteBehavior [ RunTime:0.000013s ]
INFO: [ app_init ] --END-- [ RunTime:0.000301s ]
INFO: [ app_begin ] --START--
INFO: Run Behavior\ReadHtmlCacheBehavior [ RunTime:0.000367s ]
INFO: [ app_begin ] --END-- [ RunTime:0.000408s ]
SQL: SHOW COLUMNS FROM `think_user` [ RunTime:0.0016s ]
NOTIC: [8] Undefined index: validate /data/wwwroot/ceyuan1/ThinkPHP/Library/Think/Model.class.php 第 1185 行.
NOTIC: [8] Undefined index: auto /data/wwwroot/ceyuan1/ThinkPHP/Library/Think/Model.class.php 第 1128 行.
SQL: SELECT * FROM `think_user` WHERE `username` = 'admin' LIMIT 1   [ RunTime:0.0002s ]
INFO: [ view_parse ] --START--
INFO: [ template_filter ] --START--
INFO: Run Behavior\ContentReplaceBehavior [ RunTime:0.000036s ]
INFO: [ template_filter ] --END-- [ RunTime:0.000077s ]
INFO: Run Behavior\ParseTemplateBehavior [ RunTime:0.004273s ]
INFO: [ view_parse ] --END-- [ RunTime:0.004314s ]
INFO: [ view_filter ] --START--
INFO: Run Behavior\WriteHtmlCacheBehavior [ RunTime:0.000123s ]
INFO: [ view_filter ] --END-- [ RunTime:0.000175s ]
INFO: [ app_end ] --START--
INFO: Run Behavior\ShowPageTraceBehavior [ RunTime:0.000371s ]
INFO: [ app_end ] --END-- [ RunTime:0.000405s ]

[ 2017-08-01T15:15:56+08:00 ] 119.136.103.233 /Admin/Index/index.html
INFO: [ app_init ] --START--
INFO: Run Behavior\BuildLiteBehavior [ RunTime:0.000013s ]
INFO: [ app_init ] --END-- [ RunTime:0.000280s ]
INFO: [ app_begin ] --START--
INFO: Run Behavior\ReadHtmlCacheBehavior [ RunTime:0.000366s ]
INFO: [ app_begin ] --END-- [ RunTime:0.000406s ]
INFO: [ view_parse ] --START--
INFO: [ template_filter ] --START--
INFO: Run Behavior\ContentReplaceBehavior [ RunTime:0.000044s ]
INFO: [ template_filter ] --END-- [ RunTime:0.000087s ]
NOTIC: [8] Use of undefined constant upload_max_filesize - assumed 'upload_max_filesize' /data/wwwroot/ceyuan1/Crm/Runtime/Cache/Admin/e0274a4b86e7ba5d066849c021969eb0.php 第 103 行.
INFO: Run Behavior\ParseTemplateBehavior [ RunTime:0.005886s ]
INFO: [ view_parse ] --END-- [ RunTime:0.005923s ]
INFO: [ view_filter ] --START--
INFO: Run Behavior\WriteHtmlCacheBehavior [ RunTime:0.000124s ]
INFO: [ view_filter ] --END-- [ RunTime:0.000158s ]
INFO: [ app_end ] --START--
INFO: Run Behavior\ShowPageTraceBehavior [ RunTime:0.000387s ]
INFO: [ app_end ] --END-- [ RunTime:0.000422s ]

[ 2017-08-01T15:15:58+08:00 ] 119.136.103.233 /Admin/Trouble/daochu
INFO: [ app_init ] --START--
INFO: Run Behavior\BuildLiteBehavior [ RunTime:0.000014s ]
INFO: [ app_init ] --END-- [ RunTime:0.000283s ]
INFO: [ app_begin ] --START--
INFO: Run Behavior\ReadHtmlCacheBehavior [ RunTime:0.000345s ]
INFO: [ app_begin ] --END-- [ RunTime:0.000386s ]
INFO: [ view_parse ] --START--
INFO: [ template_filter ] --START--
INFO: Run Behavior\ContentReplaceBehavior [ RunTime:0.000045s ]
INFO: [ template_filter ] --END-- [ RunTime:0.000090s ]
INFO: Run Behavior\ParseTemplateBehavior [ RunTime:0.006446s ]
INFO: [ view_parse ] --END-- [ RunTime:0.006485s ]
INFO: [ view_filter ] --START--
INFO: Run Behavior\WriteHtmlCacheBehavior [ RunTime:0.000124s ]
INFO: [ view_filter ] --END-- [ RunTime:0.000158s ]
INFO: [ app_end ] --START--
INFO: Run Behavior\ShowPageTraceBehavior [ RunTime:0.000397s ]
INFO: [ app_end ] --END-- [ RunTime:0.000433s ]

[ 2017-08-01T15:16:29+08:00 ] 119.136.103.233 /Admin/Trouble/daochu
INFO: [ app_init ] --START--
INFO: Run Behavior\BuildLiteBehavior [ RunTime:0.000017s ]
INFO: [ app_init ] --END-- [ RunTime:0.000336s ]
INFO: [ app_begin ] --START--
INFO: Run Behavior\ReadHtmlCacheBehavior [ RunTime:0.000354s ]
INFO: [ app_begin ] --END-- [ RunTime:0.000396s ]
SQL: SHOW COLUMNS FROM `think_trouble` [ RunTime:0.0015s ]
SQL: SELECT `id`,`order`,`state`,`cishu`,`office`,`place`,`question`,`addtime`,`lasttime`,`adduser` FROM `think_trouble` WHERE `addtime` BETWEEN 1503676800 AND 1501516800  [ RunTime:0.0008s ]
INFO: [ view_parse ] --START--
INFO: [ template_filter ] --START--
INFO: Run Behavior\ContentReplaceBehavior [ RunTime:0.000045s ]
INFO: [ template_filter ] --END-- [ RunTime:0.000094s ]
INFO: Run Behavior\ParseTemplateBehavior [ RunTime:0.004685s ]
INFO: [ view_parse ] --END-- [ RunTime:0.004729s ]
INFO: [ view_filter ] --START--
INFO: Run Behavior\WriteHtmlCacheBehavior [ RunTime:0.000128s ]
INFO: [ view_filter ] --END-- [ RunTime:0.000183s ]

[ 2017-08-01T15:16:32+08:00 ] 119.136.103.233 /Admin/Trouble/daochu
INFO: [ app_init ] --START--
INFO: Run Behavior\BuildLiteBehavior [ RunTime:0.000013s ]
INFO: [ app_init ] --END-- [ RunTime:0.000299s ]
INFO: [ app_begin ] --START--
INFO: Run Behavior\ReadHtmlCacheBehavior [ RunTime:0.000345s ]
INFO: [ app_begin ] --END-- [ RunTime:0.000405s ]
INFO: [ view_parse ] --START--
INFO: [ template_filter ] --START--
INFO: Run Behavior\ContentReplaceBehavior [ RunTime:0.000042s ]
INFO: [ template_filter ] --END-- [ RunTime:0.000084s ]
INFO: Run Behavior\ParseTemplateBehavior [ RunTime:0.005197s ]
INFO: [ view_parse ] --END-- [ RunTime:0.005236s ]
INFO: [ view_filter ] --START--
INFO: Run Behavior\WriteHtmlCacheBehavior [ RunTime:0.000122s ]
INFO: [ view_filter ] --END-- [ RunTime:0.000155s ]
INFO: [ app_end ] --START--
INFO: Run Behavior\ShowPageTraceBehavior [ RunTime:0.000398s ]
INFO: [ app_end ] --END-- [ RunTime:0.000434s ]

[ 2017-08-01T15:16:36+08:00 ] 119.136.103.233 /Admin/Trouble/daochu
INFO: [ app_init ] --START--
INFO: Run Behavior\BuildLiteBehavior [ RunTime:0.000049s ]
INFO: [ app_init ] --END-- [ RunTime:0.000313s ]
INFO: [ app_begin ] --START--
INFO: Run Behavior\ReadHtmlCacheBehavior [ RunTime:0.000337s ]
INFO: [ app_begin ] --END-- [ RunTime:0.000378s ]
SQL: SHOW COLUMNS FROM `think_trouble` [ RunTime:0.0010s ]
SQL: SELECT `id`,`order`,`state`,`cishu`,`office`,`place`,`question`,`addtime`,`lasttime`,`adduser` FROM `think_trouble` WHERE `addtime` BETWEEN 1500998400 AND 1501516800  [ RunTime:0.0009s ]
NOTIC: [8] Undefined variable: question /data/wwwroot/ceyuan1/Crm/Admin/Controller/TroubleController.class.php 第 433 行.
SQL: SHOW COLUMNS FROM `think_troublelist` [ RunTime:0.0162s ]
SQL: SELECT * FROM `think_troublelist` WHERE `uid` = 1312  [ RunTime:0.0855s ]
NOTIC: [8] Use of undefined constant remark - assumed 'remark' /data/wwwroot/ceyuan1/Crm/Admin/Controller/TroubleController.class.php 第 469 行.
NOTIC: [8] Use of undefined constant yuanyin - assumed 'yuanyin' /data/wwwroot/ceyuan1/Crm/Admin/Controller/TroubleController.class.php 第 475 行.
SQL: SELECT * FROM `think_troublelist` WHERE `uid` = 1324  [ RunTime:0.0011s ]
NOTIC: [8] Use of undefined constant remark - assumed 'remark' /data/wwwroot/ceyuan1/Crm/Admin/Controller/TroubleController.class.php 第 469 行.
NOTIC: [8] Use of undefined constant yuanyin - assumed 'yuanyin' /data/wwwroot/ceyuan1/Crm/Admin/Controller/TroubleController.class.php 第 475 行.
SQL: SELECT * FROM `think_troublelist` WHERE `uid` = 1325  [ RunTime:0.0005s ]
NOTIC: [8] Use of undefined constant remark - assumed 'remark' /data/wwwroot/ceyuan1/Crm/Admin/Controller/TroubleController.class.php 第 469 行.
NOTIC: [8] Use of undefined constant yuanyin - assumed 'yuanyin' /data/wwwroot/ceyuan1/Crm/Admin/Controller/TroubleController.class.php 第 475 行.
SQL: SELECT * FROM `think_troublelist` WHERE `uid` = 1326  [ RunTime:0.0006s ]
NOTIC: [8] Use of undefined constant remark - assumed 'remark' /data/wwwroot/ceyuan1/Crm/Admin/Controller/TroubleController.class.php 第 469 行.
NOTIC: [8] Use of undefined constant yuanyin - assumed 'yuanyin' /data/wwwroot/ceyuan1/Crm/Admin/Controller/TroubleController.class.php 第 475 行.
SQL: SELECT * FROM `think_troublelist` WHERE `uid` = 1327  [ RunTime:0.0007s ]
NOTIC: [8] Use of undefined constant remark - assumed 'remark' /data/wwwroot/ceyuan1/Crm/Admin/Controller/TroubleController.class.php 第 469 行.
NOTIC: [8] Use of undefined constant yuanyin - assumed 'yuanyin' /data/wwwroot/ceyuan1/Crm/Admin/Controller/TroubleController.class.php 第 475 行.
SQL: SELECT * FROM `think_troublelist` WHERE `uid` = 1328  [ RunTime:0.0005s ]
SQL: SELECT * FROM `think_troublelist` WHERE `uid` = 1329  [ RunTime:0.0005s ]
SQL: SELECT * FROM `think_troublelist` WHERE `uid` = 1330  [ RunTime:0.0005s ]
NOTIC: [8] Use of undefined constant remark - assumed 'remark' /data/wwwroot/ceyuan1/Crm/Admin/Controller/TroubleController.class.php 第 469 行.
NOTIC: [8] Use of undefined constant yuanyin - assumed 'yuanyin' /data/wwwroot/ceyuan1/Crm/Admin/Controller/TroubleController.class.php 第 475 行.
SQL: SELECT * FROM `think_troublelist` WHERE `uid` = 1331  [ RunTime:0.0005s ]
NOTIC: [8] Use of undefined constant remark - assumed 'remark' /data/wwwroot/ceyuan1/Crm/Admin/Controller/TroubleController.class.php 第 469 行.
NOTIC: [8] Use of undefined constant yuanyin - assumed 'yuanyin' /data/wwwroot/ceyuan1/Crm/Admin/Controller/TroubleController.class.php 第 475 行.
SQL: SELECT * FROM `think_troublelist` WHERE `uid` = 1332  [ RunTime:0.0005s ]
SQL: SELECT * FROM `think_troublelist` WHERE `uid` = 1333  [ RunTime:0.0005s ]
NOTIC: [8] Use of undefined constant remark - assumed 'remark' /data/wwwroot/ceyuan1/Crm/Admin/Controller/TroubleController.class.php 第 469 行.
NOTIC: [8] Use of undefined constant yuanyin - assumed 'yuanyin' /data/wwwroot/ceyuan1/Crm/Admin/Controller/TroubleController.class.php 第 475 行.
SQL: SELECT * FROM `think_troublelist` WHERE `uid` = 1334  [ RunTime:0.0005s ]
SQL: SELECT * FROM `think_troublelist` WHERE `uid` = 1335  [ RunTime:0.0005s ]
SQL: SELECT * FROM `think_troublelist` WHERE `uid` = 1336  [ RunTime:0.0005s ]
NOTIC: [8] Use of undefined constant remark - assumed 'remark' /data/wwwroot/ceyuan1/Crm/Admin/Controller/TroubleController.class.php 第 469 行.
NOTIC: [8] Use of undefined constant yuanyin - assumed 'yuanyin' /data/wwwroot/ceyuan1/Crm/Admin/Controller/TroubleController.class.php 第 475 行.
SQL: SELECT * FROM `think_troublelist` WHERE `uid` = 1337  [ RunTime:0.0005s ]
NOTIC: [8] Use of undefined constant remark - assumed 'remark' /data/wwwroot/ceyuan1/Crm/Admin/Controller/TroubleController.class.php 第 469 行.
NOTIC: [8] Use of undefined constant yuanyin - assumed 'yuanyin' /data/wwwroot/ceyuan1/Crm/Admin/Controller/TroubleController.class.php 第 475 行.
SQL: SELECT * FROM `think_troublelist` WHERE `uid` = 1338  [ RunTime:0.0005s ]
NOTIC: [8] Use of undefined constant remark - assumed 'remark' /data/wwwroot/ceyuan1/Crm/Admin/Controller/TroubleController.class.php 第 469 行.
NOTIC: [8] Use of undefined constant yuanyin - assumed 'yuanyin' /data/wwwroot/ceyuan1/Crm/Admin/Controller/TroubleController.class.php 第 475 行.
SQL: SELECT * FROM `think_troublelist` WHERE `uid` = 1339  [ RunTime:0.0005s ]
SQL: SELECT * FROM `think_troublelist` WHERE `uid` = 1340  [ RunTime:0.0005s ]
SQL: SELECT * FROM `think_troublelist` WHERE `uid` = 1341  [ RunTime:0.0005s ]
NOTIC: [8] Use of undefined constant remark - assumed 'remark' /data/wwwroot/ceyuan1/Crm/Admin/Controller/TroubleController.class.php 第 469 行.
NOTIC: [8] Use of undefined constant yuanyin - assumed 'yuanyin' /data/wwwroot/ceyuan1/Crm/Admin/Controller/TroubleController.class.php 第 475 行.
SQL: SELECT * FROM `think_troublelist` WHERE `uid` = 1342  [ RunTime:0.0005s ]
SQL: SELECT * FROM `think_troublelist` WHERE `uid` = 1343  [ RunTime:0.0005s ]
NOTIC: [8] Use of undefined constant remark - assumed 'remark' /data/wwwroot/ceyuan1/Crm/Admin/Controller/TroubleController.class.php 第 469 行.
NOTIC: [8] Use of undefined constant yuanyin - assumed 'yuanyin' /data/wwwroot/ceyuan1/Crm/Admin/Controller/TroubleController.class.php 第 475 行.
SQL: SELECT * FROM `think_troublelist` WHERE `uid` = 1344  [ RunTime:0.0005s ]
NOTIC: [8] Use of undefined constant remark - assumed 'remark' /data/wwwroot/ceyuan1/Crm/Admin/Controller/TroubleController.class.php 第 469 行.
NOTIC: [8] Use of undefined constant remark - assumed 'remark' /data/wwwroot/ceyuan1/Crm/Admin/Controller/TroubleController.class.php 第 473 行.
NOTIC: [8] Use of undefined constant yuanyin - assumed 'yuanyin' /data/wwwroot/ceyuan1/Crm/Admin/Controller/TroubleController.class.php 第 475 行.
SQL: SELECT * FROM `think_troublelist` WHERE `uid` = 1345  [ RunTime:0.0005s ]
NOTIC: [8] Use of undefined constant remark - assumed 'remark' /data/wwwroot/ceyuan1/Crm/Admin/Controller/TroubleController.class.php 第 469 行.
NOTIC: [8] Use of undefined constant yuanyin - assumed 'yuanyin' /data/wwwroot/ceyuan1/Crm/Admin/Controller/TroubleController.class.php 第 475 行.
SQL: SELECT * FROM `think_troublelist` WHERE `uid` = 1346  [ RunTime:0.0005s ]
NOTIC: [8] Use of undefined constant remark - assumed 'remark' /data/wwwroot/ceyuan1/Crm/Admin/Controller/TroubleController.class.php 第 469 行.
NOTIC: [8] Use of undefined constant yuanyin - assumed 'yuanyin' /data/wwwroot/ceyuan1/Crm/Admin/Controller/TroubleController.class.php 第 475 行.
SQL: SELECT * FROM `think_troublelist` WHERE `uid` = 1347  [ RunTime:0.0005s ]
NOTIC: [8] Use of undefined constant remark - assumed 'remark' /data/wwwroot/ceyuan1/Crm/Admin/Controller/TroubleController.class.php 第 469 行.
NOTIC: [8] Use of undefined constant yuanyin - assumed 'yuanyin' /data/wwwroot/ceyuan1/Crm/Admin/Controller/TroubleController.class.php 第 475 行.
SQL: SELECT * FROM `think_troublelist` WHERE `uid` = 1348  [ RunTime:0.0005s ]
SQL: SELECT * FROM `think_troublelist` WHERE `uid` = 1349  [ RunTime:0.0005s ]
SQL: SELECT * FROM `think_troublelist` WHERE `uid` = 1350  [ RunTime:0.0005s ]
NOTIC: [8] Use of undefined constant remark - assumed 'remark' /data/wwwroot/ceyuan1/Crm/Admin/Controller/TroubleController.class.php 第 469 行.
NOTIC: [8] Use of undefined constant yuanyin - assumed 'yuanyin' /data/wwwroot/ceyuan1/Crm/Admin/Controller/TroubleController.class.php 第 475 行.
SQL: SELECT * FROM `think_troublelist` WHERE `uid` = 1351  [ RunTime:0.0005s ]
NOTIC: [8] Use of undefined constant remark - assumed 'remark' /data/wwwroot/ceyuan1/Crm/Admin/Controller/TroubleController.class.php 第 469 行.
NOTIC: [8] Use of undefined constant yuanyin - assumed 'yuanyin' /data/wwwroot/ceyuan1/Crm/Admin/Controller/TroubleController.class.php 第 475 行.
SQL: SELECT * FROM `think_troublelist` WHERE `uid` = 1352  [ RunTime:0.0005s ]
SQL: SELECT * FROM `think_troublelist` WHERE `uid` = 1353  [ RunTime:0.0005s ]
SQL: SELECT * FROM `think_troublelist` WHERE `uid` = 1354  [ RunTime:0.0006s ]
NOTIC: [8] Use of undefined constant remark - assumed 'remark' /data/wwwroot/ceyuan1/Crm/Admin/Controller/TroubleController.class.php 第 469 行.
NOTIC: [8] Use of undefined constant yuanyin - assumed 'yuanyin' /data/wwwroot/ceyuan1/Crm/Admin/Controller/TroubleController.class.php 第 475 行.
SQL: SELECT * FROM `think_troublelist` WHERE `uid` = 1355  [ RunTime:0.0005s ]
NOTIC: [8] Use of undefined constant remark - assumed 'remark' /data/wwwroot/ceyuan1/Crm/Admin/Controller/TroubleController.class.php 第 469 行.
NOTIC: [8] Use of undefined constant yuanyin - assumed 'yuanyin' /data/wwwroot/ceyuan1/Crm/Admin/Controller/TroubleController.class.php 第 475 行.
SQL: SELECT * FROM `think_troublelist` WHERE `uid` = 1356  [ RunTime:0.0005s ]
NOTIC: [8] Use of undefined constant remark - assumed 'remark' /data/wwwroot/ceyuan1/Crm/Admin/Controller/TroubleController.class.php 第 469 行.
NOTIC: [8] Use of undefined constant yuanyin - assumed 'yuanyin' /data/wwwroot/ceyuan1/Crm/Admin/Controller/TroubleController.class.php 第 475 行.
SQL: SELECT * FROM `think_troublelist` WHERE `uid` = 1357  [ RunTime:0.0005s ]
NOTIC: [8] Use of undefined constant remark - assumed 'remark' /data/wwwroot/ceyuan1/Crm/Admin/Controller/TroubleController.class.php 第 469 行.
NOTIC: [8] Use of undefined constant yuanyin - assumed 'yuanyin' /data/wwwroot/ceyuan1/Crm/Admin/Controller/TroubleController.class.php 第 475 行.
SQL: SELECT * FROM `think_troublelist` WHERE `uid` = 1358  [ RunTime:0.0005s ]
SQL: SELECT * FROM `think_troublelist` WHERE `uid` = 1359  [ RunTime:0.0005s ]
NOTIC: [8] Use of undefined constant remark - assumed 'remark' /data/wwwroot/ceyuan1/Crm/Admin/Controller/TroubleController.class.php 第 469 行.
NOTIC: [8] Use of undefined constant yuanyin - assumed 'yuanyin' /data/wwwroot/ceyuan1/Crm/Admin/Controller/TroubleController.class.php 第 475 行.
SQL: SELECT * FROM `think_troublelist` WHERE `uid` = 1360  [ RunTime:0.0005s ]
NOTIC: [8] Use of undefined constant remark - assumed 'remark' /data/wwwroot/ceyuan1/Crm/Admin/Controller/TroubleController.class.php 第 469 行.
NOTIC: [8] Use of undefined constant yuanyin - assumed 'yuanyin' /data/wwwroot/ceyuan1/Crm/Admin/Controller/TroubleController.class.php 第 475 行.
SQL: SELECT * FROM `think_troublelist` WHERE `uid` = 1361  [ RunTime:0.0005s ]
SQL: SELECT * FROM `think_troublelist` WHERE `uid` = 1362  [ RunTime:0.0005s ]
NOTIC: [8] Use of undefined constant remark - assumed 'remark' /data/wwwroot/ceyuan1/Crm/Admin/Controller/TroubleController.class.php 第 469 行.
NOTIC: [8] Use of undefined constant yuanyin - assumed 'yuanyin' /data/wwwroot/ceyuan1/Crm/Admin/Controller/TroubleController.class.php 第 475 行.
SQL: SELECT * FROM `think_troublelist` WHERE `uid` = 1363  [ RunTime:0.0005s ]
NOTIC: [8] Use of undefined constant remark - assumed 'remark' /data/wwwroot/ceyuan1/Crm/Admin/Controller/TroubleController.class.php 第 469 行.
NOTIC: [8] Use of undefined constant yuanyin - assumed 'yuanyin' /data/wwwroot/ceyuan1/Crm/Admin/Controller/TroubleController.class.php 第 475 行.
SQL: SELECT * FROM `think_troublelist` WHERE `uid` = 1364  [ RunTime:0.0005s ]
NOTIC: [8] Use of undefined constant remark - assumed 'remark' /data/wwwroot/ceyuan1/Crm/Admin/Controller/TroubleController.class.php 第 469 行.
NOTIC: [8] Use of undefined constant yuanyin - assumed 'yuanyin' /data/wwwroot/ceyuan1/Crm/Admin/Controller/TroubleController.class.php 第 475 行.
SQL: SELECT * FROM `think_troublelist` WHERE `uid` = 1365  [ RunTime:0.0005s ]
SQL: SELECT * FROM `think_troublelist` WHERE `uid` = 1366  [ RunTime:0.0007s ]
NOTIC: [8] Use of undefined constant remark - assumed 'remark' /data/wwwroot/ceyuan1/Crm/Admin/Controller/TroubleController.class.php 第 469 行.
NOTIC: [8] Use of undefined constant yuanyin - assumed 'yuanyin' /data/wwwroot/ceyuan1/Crm/Admin/Controller/TroubleController.class.php 第 475 行.
SQL: SELECT * FROM `think_troublelist` WHERE `uid` = 1367  [ RunTime:0.0005s ]
NOTIC: [8] Use of undefined constant remark - assumed 'remark' /data/wwwroot/ceyuan1/Crm/Admin/Controller/TroubleController.class.php 第 469 行.
NOTIC: [8] Use of undefined constant yuanyin - assumed 'yuanyin' /data/wwwroot/ceyuan1/Crm/Admin/Controller/TroubleController.class.php 第 475 行.
SQL: SELECT * FROM `think_troublelist` WHERE `uid` = 1368  [ RunTime:0.0005s ]
NOTIC: [8] Use of undefined constant remark - assumed 'remark' /data/wwwroot/ceyuan1/Crm/Admin/Controller/TroubleController.class.php 第 469 行.
NOTIC: [8] Use of undefined constant yuanyin - assumed 'yuanyin' /data/wwwroot/ceyuan1/Crm/Admin/Controller/TroubleController.class.php 第 475 行.
SQL: SELECT * FROM `think_troublelist` WHERE `uid` = 1369  [ RunTime:0.0005s ]
NOTIC: [8] Use of undefined constant remark - assumed 'remark' /data/wwwroot/ceyuan1/Crm/Admin/Controller/TroubleController.class.php 第 469 行.
NOTIC: [8] Use of undefined constant yuanyin - assumed 'yuanyin' /data/wwwroot/ceyuan1/Crm/Admin/Controller/TroubleController.class.php 第 475 行.
SQL: SELECT * FROM `think_troublelist` WHERE `uid` = 1370  [ RunTime:0.0005s ]
NOTIC: [8] Use of undefined constant remark - assumed 'remark' /data/wwwroot/ceyuan1/Crm/Admin/Controller/TroubleController.class.php 第 469 行.
NOTIC: [8] Use of undefined constant yuanyin - assumed 'yuanyin' /data/wwwroot/ceyuan1/Crm/Admin/Controller/TroubleController.class.php 第 475 行.
SQL: SELECT * FROM `think_troublelist` WHERE `uid` = 1371  [ RunTime:0.0005s ]
NOTIC: [8] Use of undefined constant remark - assumed 'remark' /data/wwwroot/ceyuan1/Crm/Admin/Controller/TroubleController.class.php 第 469 行.
NOTIC: [8] Use of undefined constant yuanyin - assumed 'yuanyin' /data/wwwroot/ceyuan1/Crm/Admin/Controller/TroubleController.class.php 第 475 行.
SQL: SELECT * FROM `think_troublelist` WHERE `uid` = 1372  [ RunTime:0.0005s ]
NOTIC: [8] Use of undefined constant remark - assumed 'remark' /data/wwwroot/ceyuan1/Crm/Admin/Controller/TroubleController.class.php 第 469 行.
NOTIC: [8] Use of undefined constant yuanyin - assumed 'yuanyin' /data/wwwroot/ceyuan1/Crm/Admin/Controller/TroubleController.class.php 第 475 行.
SQL: SELECT * FROM `think_troublelist` WHERE `uid` = 1373  [ RunTime:0.0006s ]
NOTIC: [8] Use of undefined constant remark - assumed 'remark' /data/wwwroot/ceyuan1/Crm/Admin/Controller/TroubleController.class.php 第 469 行.
NOTIC: [8] Use of undefined constant yuanyin - assumed 'yuanyin' /data/wwwroot/ceyuan1/Crm/Admin/Controller/TroubleController.class.php 第 475 行.
SQL: SELECT * FROM `think_troublelist` WHERE `uid` = 1374  [ RunTime:0.0005s ]
NOTIC: [8] Use of undefined constant remark - assumed 'remark' /data/wwwroot/ceyuan1/Crm/Admin/Controller/TroubleController.class.php 第 469 行.
NOTIC: [8] Use of undefined constant yuanyin - assumed 'yuanyin' /data/wwwroot/ceyuan1/Crm/Admin/Controller/TroubleController.class.php 第 475 行.
SQL: SELECT * FROM `think_troublelist` WHERE `uid` = 1375  [ RunTime:0.0005s ]
NOTIC: [8] Use of undefined constant remark - assumed 'remark' /data/wwwroot/ceyuan1/Crm/Admin/Controller/TroubleController.class.php 第 469 行.
NOTIC: [8] Use of undefined constant yuanyin - assumed 'yuanyin' /data/wwwroot/ceyuan1/Crm/Admin/Controller/TroubleController.class.php 第 475 行.
SQL: SELECT * FROM `think_troublelist` WHERE `uid` = 1376  [ RunTime:0.0005s ]
NOTIC: [8] Use of undefined constant remark - assumed 'remark' /data/wwwroot/ceyuan1/Crm/Admin/Controller/TroubleController.class.php 第 469 行.
NOTIC: [8] Use of undefined constant yuanyin - assumed 'yuanyin' /data/wwwroot/ceyuan1/Crm/Admin/Controller/TroubleController.class.php 第 475 行.
SQL: SELECT * FROM `think_troublelist` WHERE `uid` = 1377  [ RunTime:0.0005s ]
SQL: SELECT * FROM `think_troublelist` WHERE `uid` = 1378  [ RunTime:0.0005s ]
NOTIC: [8] Use of undefined constant remark - assumed 'remark' /data/wwwroot/ceyuan1/Crm/Admin/Controller/TroubleController.class.php 第 469 行.
NOTIC: [8] Use of undefined constant yuanyin - assumed 'yuanyin' /data/wwwroot/ceyuan1/Crm/Admin/Controller/TroubleController.class.php 第 475 行.
SQL: SELECT * FROM `think_troublelist` WHERE `uid` = 1379  [ RunTime:0.0005s ]
NOTIC: [8] Use of undefined constant remark - assumed 'remark' /data/wwwroot/ceyuan1/Crm/Admin/Controller/TroubleController.class.php 第 469 行.
NOTIC: [8] Use of undefined constant yuanyin - assumed 'yuanyin' /data/wwwroot/ceyuan1/Crm/Admin/Controller/TroubleController.class.php 第 475 行.
SQL: SELECT * FROM `think_troublelist` WHERE `uid` = 1380  [ RunTime:0.0005s ]
NOTIC: [8] Use of undefined constant remark - assumed 'remark' /data/wwwroot/ceyuan1/Crm/Admin/Controller/TroubleController.class.php 第 469 行.
NOTIC: [8] Use of undefined constant yuanyin - assumed 'yuanyin' /data/wwwroot/ceyuan1/Crm/Admin/Controller/TroubleController.class.php 第 475 行.
SQL: SELECT * FROM `think_troublelist` WHERE `uid` = 1381  [ RunTime:0.0005s ]
SQL: SELECT * FROM `think_troublelist` WHERE `uid` = 1382  [ RunTime:0.0005s ]
SQL: SELECT * FROM `think_troublelist` WHERE `uid` = 1383  [ RunTime:0.0005s ]
NOTIC: [8] Use of undefined constant remark - assumed 'remark' /data/wwwroot/ceyuan1/Crm/Admin/Controller/TroubleController.class.php 第 469 行.
NOTIC: [8] Use of undefined constant yuanyin - assumed 'yuanyin' /data/wwwroot/ceyuan1/Crm/Admin/Controller/TroubleController.class.php 第 475 行.
SQL: SELECT * FROM `think_troublelist` WHERE `uid` = 1384  [ RunTime:0.0005s ]
SQL: SELECT * FROM `think_troublelist` WHERE `uid` = 1385  [ RunTime:0.0005s ]
NOTIC: [8] Use of undefined constant remark - assumed 'remark' /data/wwwroot/ceyuan1/Crm/Admin/Controller/TroubleController.class.php 第 469 行.
NOTIC: [8] Use of undefined constant yuanyin - assumed 'yuanyin' /data/wwwroot/ceyuan1/Crm/Admin/Controller/TroubleController.class.php 第 475 行.
SQL: SELECT * FROM `think_troublelist` WHERE `uid` = 1386  [ RunTime:0.0005s ]
SQL: SELECT * FROM `think_troublelist` WHERE `uid` = 1387  [ RunTime:0.0005s ]
NOTIC: [8] Use of undefined constant remark - assumed 'remark' /data/wwwroot/ceyuan1/Crm/Admin/Controller/TroubleController.class.php 第 469 行.
NOTIC: [8] Use of undefined constant yuanyin - assumed 'yuanyin' /data/wwwroot/ceyuan1/Crm/Admin/Controller/TroubleController.class.php 第 475 行.
SQL: SELECT * FROM `think_troublelist` WHERE `uid` = 1388  [ RunTime:0.0005s ]
NOTIC: [8] Use of undefined constant remark - assumed 'remark' /data/wwwroot/ceyuan1/Crm/Admin/Controller/TroubleController.class.php 第 469 行.
NOTIC: [8] Use of undefined constant yuanyin - assumed 'yuanyin' /data/wwwroot/ceyuan1/Crm/Admin/Controller/TroubleController.class.php 第 475 行.
SQL: SELECT * FROM `think_troublelist` WHERE `uid` = 1389  [ RunTime:0.0005s ]
SQL: SELECT * FROM `think_troublelist` WHERE `uid` = 1390  [ RunTime:0.0005s ]
NOTIC: [8] Use of undefined constant remark - assumed 'remark' /data/wwwroot/ceyuan1/Crm/Admin/Controller/TroubleController.class.php 第 469 行.
NOTIC: [8] Use of undefined constant yuanyin - assumed 'yuanyin' /data/wwwroot/ceyuan1/Crm/Admin/Controller/TroubleController.class.php 第 475 行.
SQL: SELECT * FROM `think_troublelist` WHERE `uid` = 1391  [ RunTime:0.0005s ]
NOTIC: [8] Use of undefined constant remark - assumed 'remark' /data/wwwroot/ceyuan1/Crm/Admin/Controller/TroubleController.class.php 第 469 行.
NOTIC: [8] Use of undefined constant yuanyin - assumed 'yuanyin' /data/wwwroot/ceyuan1/Crm/Admin/Controller/TroubleController.class.php 第 475 行.

