[ 2017-01-27T09:27:36+08:00 ] 127.0.0.1 /index.php/Admin/Index/index.html
INFO: [ app_init ] --START--
INFO: Run Behavior\BuildLiteBehavior [ RunTime:0.000000s ]
INFO: [ app_init ] --END-- [ RunTime:0.000000s ]
INFO: [ app_begin ] --START--
INFO: Run Behavior\ReadHtmlCacheBehavior [ RunTime:0.000000s ]
INFO: [ app_begin ] --END-- [ RunTime:0.000000s ]
INFO: [ view_parse ] --START--
INFO: [ template_filter ] --START--
INFO: Run Behavior\ContentReplaceBehavior [ RunTime:0.000000s ]
INFO: [ template_filter ] --END-- [ RunTime:0.000000s ]
NOTIC: [8] Use of undefined constant upload_max_filesize - assumed 'upload_max_filesize' D:\www\ghxt\Crm\Runtime\Cache\Admin\e0274a4b86e7ba5d066849c021969eb0.php 第 116 行.
INFO: Run Behavior\ParseTemplateBehavior [ RunTime:0.042000s ]
INFO: [ view_parse ] --END-- [ RunTime:0.042000s ]
INFO: [ view_filter ] --START--
INFO: Run Behavior\WriteHtmlCacheBehavior [ RunTime:0.000000s ]
INFO: [ view_filter ] --END-- [ RunTime:0.000000s ]
INFO: [ app_end ] --START--
INFO: Run Behavior\ShowPageTraceBehavior [ RunTime:0.000000s ]
INFO: [ app_end ] --END-- [ RunTime:0.000000s ]

[ 2017-01-27T09:27:56+08:00 ] 127.0.0.1 /index.php/Admin/Hospital/Index
INFO: [ app_init ] --START--
INFO: Run Behavior\BuildLiteBehavior [ RunTime:0.000000s ]
INFO: [ app_init ] --END-- [ RunTime:0.000000s ]
INFO: [ app_begin ] --START--
INFO: Run Behavior\ReadHtmlCacheBehavior [ RunTime:0.000000s ]
INFO: [ app_begin ] --END-- [ RunTime:0.000000s ]
SQL: SHOW COLUMNS FROM `think_hospital` [ RunTime:0.0050s ]
SQL: SELECT COUNT(*) AS tp_count FROM `think_hospital` LIMIT 1   [ RunTime:0.0000s ]
SQL: SELECT * FROM `think_hospital` ORDER BY addtime asc LIMIT 0,5   [ RunTime:0.0000s ]
INFO: [ view_parse ] --START--
INFO: [ template_filter ] --START--
INFO: Run Behavior\ContentReplaceBehavior [ RunTime:0.000000s ]
INFO: [ template_filter ] --END-- [ RunTime:0.000000s ]
INFO: Run Behavior\ParseTemplateBehavior [ RunTime:0.019000s ]
INFO: [ view_parse ] --END-- [ RunTime:0.019000s ]
INFO: [ view_filter ] --START--
INFO: Run Behavior\WriteHtmlCacheBehavior [ RunTime:0.001000s ]
INFO: [ view_filter ] --END-- [ RunTime:0.001000s ]
INFO: [ app_end ] --START--
INFO: Run Behavior\ShowPageTraceBehavior [ RunTime:0.000000s ]
INFO: [ app_end ] --END-- [ RunTime:0.000000s ]

[ 2017-01-27T09:29:49+08:00 ] 127.0.0.1 /index.php/Admin/Hospital/add
INFO: [ app_init ] --START--
INFO: Run Behavior\BuildLiteBehavior [ RunTime:0.000000s ]
INFO: [ app_init ] --END-- [ RunTime:0.002000s ]
INFO: [ app_begin ] --START--
INFO: Run Behavior\ReadHtmlCacheBehavior [ RunTime:0.001000s ]
INFO: [ app_begin ] --END-- [ RunTime:0.001000s ]
INFO: [ view_parse ] --START--
INFO: [ template_filter ] --START--
INFO: Run Behavior\ContentReplaceBehavior [ RunTime:0.000000s ]
INFO: [ template_filter ] --END-- [ RunTime:0.000000s ]
INFO: Run Behavior\ParseTemplateBehavior [ RunTime:0.045000s ]
INFO: [ view_parse ] --END-- [ RunTime:0.045000s ]
INFO: [ view_filter ] --START--
INFO: Run Behavior\WriteHtmlCacheBehavior [ RunTime:0.000000s ]
INFO: [ view_filter ] --END-- [ RunTime:0.000000s ]
INFO: [ app_end ] --START--
INFO: Run Behavior\ShowPageTraceBehavior [ RunTime:0.000000s ]
INFO: [ app_end ] --END-- [ RunTime:0.000000s ]

[ 2017-01-27T09:32:28+08:00 ] 127.0.0.1 /index.php/Admin/Hospital/add
INFO: [ app_init ] --START--
INFO: Run Behavior\BuildLiteBehavior [ RunTime:0.000000s ]
INFO: [ app_init ] --END-- [ RunTime:0.001000s ]
INFO: [ app_begin ] --START--
INFO: Run Behavior\ReadHtmlCacheBehavior [ RunTime:0.001000s ]
INFO: [ app_begin ] --END-- [ RunTime:0.001000s ]
SQL: SHOW COLUMNS FROM `think_hospital` [ RunTime:0.0030s ]
NOTIC: [8] Undefined index: validate D:\www\ghxt\ThinkPHP\Library\Think\Model.class.php 第 1185 行.
SQL: SELECT * FROM `think_hospital` WHERE `name` = 'safdsaf' LIMIT 1   [ RunTime:0.0010s ]
NOTIC: [8] Undefined index: auto D:\www\ghxt\ThinkPHP\Library\Think\Model.class.php 第 1128 行.
SQL: CREATE TABLE `system_novel_one` (
`id` int(11) NOT NULL AUTO_INCREMENT,
`name` char(200) DEFAULT NULL COMMENT '章节名称',
`contents` text COMMENT '章节文字',
`next` int(11) DEFAULT NULL COMMENT '下一章地址',
`pid` int(11) DEFAULT NULL COMMENT '小说名称',
`novel_url` char(50) DEFAULT NULL COMMENT '小说章节地址',
PRIMARY KEY (`id`)
) ENGINE=InnoDB AUTO_INCREMENT=1 DEFAULT CHARSET=utf8mb4;	 [ RunTime:0.3070s ]
SQL: INSERT INTO `think_hospital` (`name`,`website`,`sort`,`addtime`) VALUES ('safdsaf','http://dfdsf','55','1485480747') [ RunTime:0.0270s ]
INFO: [ view_parse ] --START--
INFO: [ template_filter ] --START--
INFO: Run Behavior\ContentReplaceBehavior [ RunTime:0.000000s ]
INFO: [ template_filter ] --END-- [ RunTime:0.000000s ]
INFO: Run Behavior\ParseTemplateBehavior [ RunTime:0.005000s ]
INFO: [ view_parse ] --END-- [ RunTime:0.005000s ]
INFO: [ view_filter ] --START--
INFO: Run Behavior\WriteHtmlCacheBehavior [ RunTime:0.000000s ]
INFO: [ view_filter ] --END-- [ RunTime:0.000000s ]
INFO: [ app_end ] --START--
INFO: Run Behavior\ShowPageTraceBehavior [ RunTime:0.000000s ]
INFO: [ app_end ] --END-- [ RunTime:0.000000s ]

[ 2017-01-27T09:32:29+08:00 ] 127.0.0.1 /index.php/Admin/Hospital/Index.html
INFO: [ app_init ] --START--
INFO: Run Behavior\BuildLiteBehavior [ RunTime:0.000000s ]
INFO: [ app_init ] --END-- [ RunTime:0.001000s ]
INFO: [ app_begin ] --START--
INFO: Run Behavior\ReadHtmlCacheBehavior [ RunTime:0.000000s ]
INFO: [ app_begin ] --END-- [ RunTime:0.000000s ]
SQL: SHOW COLUMNS FROM `think_hospital` [ RunTime:0.0030s ]
SQL: SELECT COUNT(*) AS tp_count FROM `think_hospital` LIMIT 1   [ RunTime:0.0000s ]
SQL: SELECT * FROM `think_hospital` ORDER BY addtime asc LIMIT 0,5   [ RunTime:0.0010s ]
INFO: [ view_parse ] --START--
INFO: [ template_filter ] --START--
INFO: Run Behavior\ContentReplaceBehavior [ RunTime:0.000000s ]
INFO: [ template_filter ] --END-- [ RunTime:0.000000s ]
INFO: Run Behavior\ParseTemplateBehavior [ RunTime:0.008000s ]
INFO: [ view_parse ] --END-- [ RunTime:0.008000s ]
INFO: [ view_filter ] --START--
INFO: Run Behavior\WriteHtmlCacheBehavior [ RunTime:0.000000s ]
INFO: [ view_filter ] --END-- [ RunTime:0.000000s ]
INFO: [ app_end ] --START--
INFO: Run Behavior\ShowPageTraceBehavior [ RunTime:0.000000s ]
INFO: [ app_end ] --END-- [ RunTime:0.000000s ]

[ 2017-01-27T09:47:34+08:00 ] 127.0.0.1 /index.php/Admin/Hospital/add
INFO: [ app_init ] --START--
INFO: Run Behavior\BuildLiteBehavior [ RunTime:0.000000s ]
INFO: [ app_init ] --END-- [ RunTime:0.000000s ]
INFO: [ app_begin ] --START--
INFO: Run Behavior\ReadHtmlCacheBehavior [ RunTime:0.000000s ]
INFO: [ app_begin ] --END-- [ RunTime:0.000000s ]
INFO: [ view_parse ] --START--
INFO: [ template_filter ] --START--
INFO: Run Behavior\ContentReplaceBehavior [ RunTime:0.000000s ]
INFO: [ template_filter ] --END-- [ RunTime:0.001000s ]
INFO: Run Behavior\ParseTemplateBehavior [ RunTime:0.015000s ]
INFO: [ view_parse ] --END-- [ RunTime:0.015000s ]
INFO: [ view_filter ] --START--
INFO: Run Behavior\WriteHtmlCacheBehavior [ RunTime:0.000000s ]
INFO: [ view_filter ] --END-- [ RunTime:0.000000s ]
INFO: [ app_end ] --START--
INFO: Run Behavior\ShowPageTraceBehavior [ RunTime:0.001000s ]
INFO: [ app_end ] --END-- [ RunTime:0.001000s ]

[ 2017-01-27T09:47:38+08:00 ] 127.0.0.1 /index.php/Admin/Hospital/add
INFO: [ app_init ] --START--
INFO: Run Behavior\BuildLiteBehavior [ RunTime:0.000000s ]
INFO: [ app_init ] --END-- [ RunTime:0.000000s ]
INFO: [ app_begin ] --START--
INFO: Run Behavior\ReadHtmlCacheBehavior [ RunTime:0.001000s ]
INFO: [ app_begin ] --END-- [ RunTime:0.001000s ]
SQL: SHOW COLUMNS FROM `think_hospital` [ RunTime:0.0060s ]
NOTIC: [8] Undefined index: validate D:\www\ghxt\ThinkPHP\Library\Think\Model.class.php 第 1185 行.
SQL: SELECT * FROM `think_hospital` WHERE `name` = '的方式的方式' LIMIT 1   [ RunTime:0.0000s ]
NOTIC: [8] Undefined index: auto D:\www\ghxt\ThinkPHP\Library\Think\Model.class.php 第 1128 行.
SQL: DROP TABLE IF EXISTS `think_patient1`;
CREATE TABLE `think_patient` (
  `id` int(10) unsigned NOT NULL AUTO_INCREMENT COMMENT '//患者id',
  `name` varchar(100) NOT NULL COMMENT '//患者姓名',
  `age` varchar(100) NOT NULL COMMENT '//患者年龄',
  `tel` varchar(100) NOT NULL COMMENT '//患者电话',
  `qq` varchar(100) NOT NULL COMMENT '//患者QQ',
  `entity` varchar(100) NOT NULL COMMENT '//病种名称',
  `from` varchar(100) NOT NULL COMMENT '//来源渠道',
  `department` varchar(100) NOT NULL COMMENT '//所属科室',
  `appointtime` int(11) NOT NULL COMMENT '//预约时间',
  `askcontent` varchar(255) NOT NULL COMMENT '//咨询内容',
  `chatcontent` varchar(1000) NOT NULL COMMENT '//聊天内容',
  `other` varchar(255) NOT NULL COMMENT '//备注信息',
  PRIMARY KEY (`id`)
) ENGINE=MyISAM AUTO_INCREMENT=5 DEFAULT CHARSET=utf8;	 [ RunTime:0.0000s ]
SQL: INSERT INTO `think_hospital` (`name`,`website`,`sort`,`addtime`) VALUES ('的方式的方式','http://','0','1485481658') [ RunTime:0.0000s ]
INFO: [ view_parse ] --START--
INFO: [ template_filter ] --START--
INFO: Run Behavior\ContentReplaceBehavior [ RunTime:0.000000s ]
INFO: [ template_filter ] --END-- [ RunTime:0.000000s ]
INFO: Run Behavior\ParseTemplateBehavior [ RunTime:0.005000s ]
INFO: [ view_parse ] --END-- [ RunTime:0.005000s ]
INFO: [ view_filter ] --START--
INFO: Run Behavior\WriteHtmlCacheBehavior [ RunTime:0.000000s ]
INFO: [ view_filter ] --END-- [ RunTime:0.000000s ]
INFO: [ app_end ] --START--
INFO: Run Behavior\ShowPageTraceBehavior [ RunTime:0.000000s ]
INFO: [ app_end ] --END-- [ RunTime:0.001000s ]

[ 2017-01-27T09:47:39+08:00 ] 127.0.0.1 /index.php/Admin/Hospital/Index.html
INFO: [ app_init ] --START--
INFO: Run Behavior\BuildLiteBehavior [ RunTime:0.000000s ]
INFO: [ app_init ] --END-- [ RunTime:0.000000s ]
INFO: [ app_begin ] --START--
INFO: Run Behavior\ReadHtmlCacheBehavior [ RunTime:0.001000s ]
INFO: [ app_begin ] --END-- [ RunTime:0.001000s ]
SQL: SHOW COLUMNS FROM `think_hospital` [ RunTime:0.0050s ]
SQL: SELECT COUNT(*) AS tp_count FROM `think_hospital` LIMIT 1   [ RunTime:0.0000s ]
SQL: SELECT * FROM `think_hospital` ORDER BY addtime asc LIMIT 0,5   [ RunTime:0.0000s ]
INFO: [ view_parse ] --START--
INFO: [ template_filter ] --START--
INFO: Run Behavior\ContentReplaceBehavior [ RunTime:0.000000s ]
INFO: [ template_filter ] --END-- [ RunTime:0.000000s ]
INFO: Run Behavior\ParseTemplateBehavior [ RunTime:0.007000s ]
INFO: [ view_parse ] --END-- [ RunTime:0.007000s ]
INFO: [ view_filter ] --START--
INFO: Run Behavior\WriteHtmlCacheBehavior [ RunTime:0.000000s ]
INFO: [ view_filter ] --END-- [ RunTime:0.000000s ]
INFO: [ app_end ] --START--
INFO: Run Behavior\ShowPageTraceBehavior [ RunTime:0.001000s ]
INFO: [ app_end ] --END-- [ RunTime:0.001000s ]

[ 2017-01-27T09:49:42+08:00 ] 127.0.0.1 /index.php/Admin/Hospital/add
INFO: [ app_init ] --START--
INFO: Run Behavior\BuildLiteBehavior [ RunTime:0.000000s ]
INFO: [ app_init ] --END-- [ RunTime:0.001000s ]
INFO: [ app_begin ] --START--
INFO: Run Behavior\ReadHtmlCacheBehavior [ RunTime:0.001000s ]
INFO: [ app_begin ] --END-- [ RunTime:0.001000s ]
INFO: [ view_parse ] --START--
INFO: [ template_filter ] --START--
INFO: Run Behavior\ContentReplaceBehavior [ RunTime:0.000000s ]
INFO: [ template_filter ] --END-- [ RunTime:0.000000s ]
INFO: Run Behavior\ParseTemplateBehavior [ RunTime:0.017000s ]
INFO: [ view_parse ] --END-- [ RunTime:0.017000s ]
INFO: [ view_filter ] --START--
INFO: Run Behavior\WriteHtmlCacheBehavior [ RunTime:0.001000s ]
INFO: [ view_filter ] --END-- [ RunTime:0.001000s ]
INFO: [ app_end ] --START--
INFO: Run Behavior\ShowPageTraceBehavior [ RunTime:0.001000s ]
INFO: [ app_end ] --END-- [ RunTime:0.001000s ]

[ 2017-01-27T09:49:44+08:00 ] 127.0.0.1 /index.php/Admin/Hospital/add
INFO: [ app_init ] --START--
INFO: Run Behavior\BuildLiteBehavior [ RunTime:0.000000s ]
INFO: [ app_init ] --END-- [ RunTime:0.000000s ]
INFO: [ app_begin ] --START--
INFO: Run Behavior\ReadHtmlCacheBehavior [ RunTime:0.000000s ]
INFO: [ app_begin ] --END-- [ RunTime:0.000000s ]
SQL: SHOW COLUMNS FROM `think_hospital` [ RunTime:0.0040s ]
NOTIC: [8] Undefined index: validate D:\www\ghxt\ThinkPHP\Library\Think\Model.class.php 第 1185 行.
SQL: SELECT * FROM `think_hospital` WHERE `name` = 'dsadsa' LIMIT 1   [ RunTime:0.0010s ]
NOTIC: [8] Undefined index: auto D:\www\ghxt\ThinkPHP\Library\Think\Model.class.php 第 1128 行.
SQL: CREATE TABLE `think_patient1` (
  `id` int(10) unsigned NOT NULL AUTO_INCREMENT COMMENT '//患者id',
  `name` varchar(100) NOT NULL COMMENT '//患者姓名',
  `age` varchar(100) NOT NULL COMMENT '//患者年龄',
  `tel` varchar(100) NOT NULL COMMENT '//患者电话',
  `qq` varchar(100) NOT NULL COMMENT '//患者QQ',
  `entity` varchar(100) NOT NULL COMMENT '//病种名称',
  `from` varchar(100) NOT NULL COMMENT '//来源渠道',
  `department` varchar(100) NOT NULL COMMENT '//所属科室',
  `appointtime` int(11) NOT NULL COMMENT '//预约时间',
  `askcontent` varchar(255) NOT NULL COMMENT '//咨询内容',
  `chatcontent` varchar(1000) NOT NULL COMMENT '//聊天内容',
  `other` varchar(255) NOT NULL COMMENT '//备注信息',
  PRIMARY KEY (`id`)
) ENGINE=MyISAM AUTO_INCREMENT=5 DEFAULT CHARSET=utf8;	 [ RunTime:0.0780s ]
SQL: INSERT INTO `think_hospital` (`name`,`website`,`sort`,`addtime`) VALUES ('dsadsa','http://','0','1485481784') [ RunTime:0.0000s ]
INFO: [ view_parse ] --START--
INFO: [ template_filter ] --START--
INFO: Run Behavior\ContentReplaceBehavior [ RunTime:0.001000s ]
INFO: [ template_filter ] --END-- [ RunTime:0.001000s ]
INFO: Run Behavior\ParseTemplateBehavior [ RunTime:0.006000s ]
INFO: [ view_parse ] --END-- [ RunTime:0.006000s ]
INFO: [ view_filter ] --START--
INFO: Run Behavior\WriteHtmlCacheBehavior [ RunTime:0.001000s ]
INFO: [ view_filter ] --END-- [ RunTime:0.001000s ]
INFO: [ app_end ] --START--
INFO: Run Behavior\ShowPageTraceBehavior [ RunTime:0.000000s ]
INFO: [ app_end ] --END-- [ RunTime:0.000000s ]

[ 2017-01-27T09:49:45+08:00 ] 127.0.0.1 /index.php/Admin/Hospital/Index.html
INFO: [ app_init ] --START--
INFO: Run Behavior\BuildLiteBehavior [ RunTime:0.000000s ]
INFO: [ app_init ] --END-- [ RunTime:0.000000s ]
INFO: [ app_begin ] --START--
INFO: Run Behavior\ReadHtmlCacheBehavior [ RunTime:0.001000s ]
INFO: [ app_begin ] --END-- [ RunTime:0.001000s ]
SQL: SHOW COLUMNS FROM `think_hospital` [ RunTime:0.0040s ]
SQL: SELECT COUNT(*) AS tp_count FROM `think_hospital` LIMIT 1   [ RunTime:0.0010s ]
SQL: SELECT * FROM `think_hospital` ORDER BY addtime asc LIMIT 0,5   [ RunTime:0.0000s ]
INFO: [ view_parse ] --START--
INFO: [ template_filter ] --START--
INFO: Run Behavior\ContentReplaceBehavior [ RunTime:0.001000s ]
INFO: [ template_filter ] --END-- [ RunTime:0.001000s ]
INFO: Run Behavior\ParseTemplateBehavior [ RunTime:0.008000s ]
INFO: [ view_parse ] --END-- [ RunTime:0.008000s ]
INFO: [ view_filter ] --START--
INFO: Run Behavior\WriteHtmlCacheBehavior [ RunTime:0.000000s ]
INFO: [ view_filter ] --END-- [ RunTime:0.000000s ]
INFO: [ app_end ] --START--
INFO: Run Behavior\ShowPageTraceBehavior [ RunTime:0.002000s ]
INFO: [ app_end ] --END-- [ RunTime:0.002000s ]

[ 2017-01-27T09:50:21+08:00 ] 127.0.0.1 /index.php/Admin/Hospital/add
INFO: [ app_init ] --START--
INFO: Run Behavior\BuildLiteBehavior [ RunTime:0.000000s ]
INFO: [ app_init ] --END-- [ RunTime:0.001000s ]
INFO: [ app_begin ] --START--
INFO: Run Behavior\ReadHtmlCacheBehavior [ RunTime:0.001000s ]
INFO: [ app_begin ] --END-- [ RunTime:0.001000s ]
INFO: [ view_parse ] --START--
INFO: [ template_filter ] --START--
INFO: Run Behavior\ContentReplaceBehavior [ RunTime:0.000000s ]
INFO: [ template_filter ] --END-- [ RunTime:0.000000s ]
INFO: Run Behavior\ParseTemplateBehavior [ RunTime:0.020000s ]
INFO: [ view_parse ] --END-- [ RunTime:0.021000s ]
INFO: [ view_filter ] --START--
INFO: Run Behavior\WriteHtmlCacheBehavior [ RunTime:0.001000s ]
INFO: [ view_filter ] --END-- [ RunTime:0.001000s ]
INFO: [ app_end ] --START--
INFO: Run Behavior\ShowPageTraceBehavior [ RunTime:0.001000s ]
INFO: [ app_end ] --END-- [ RunTime:0.001000s ]

[ 2017-01-27T09:50:25+08:00 ] 127.0.0.1 /index.php/Admin/Hospital/add
INFO: [ app_init ] --START--
INFO: Run Behavior\BuildLiteBehavior [ RunTime:0.000000s ]
INFO: [ app_init ] --END-- [ RunTime:0.001000s ]
INFO: [ app_begin ] --START--
INFO: Run Behavior\ReadHtmlCacheBehavior [ RunTime:0.001000s ]
INFO: [ app_begin ] --END-- [ RunTime:0.001000s ]
SQL: SHOW COLUMNS FROM `think_hospital` [ RunTime:0.0030s ]
NOTIC: [8] Undefined index: validate D:\www\ghxt\ThinkPHP\Library\Think\Model.class.php 第 1185 行.
SQL: SELECT * FROM `think_hospital` WHERE `name` = 'fdsfds' LIMIT 1   [ RunTime:0.0010s ]
NOTIC: [8] Undefined index: auto D:\www\ghxt\ThinkPHP\Library\Think\Model.class.php 第 1128 行.
SQL: DROP TABLE IF EXISTS `think_patient1`;
CREATE TABLE `think_patient1` (
  `id` int(10) unsigned NOT NULL AUTO_INCREMENT COMMENT '//患者id',
  `name` varchar(100) NOT NULL COMMENT '//患者姓名',
  `age` varchar(100) NOT NULL COMMENT '//患者年龄',
  `tel` varchar(100) NOT NULL COMMENT '//患者电话',
  `qq` varchar(100) NOT NULL COMMENT '//患者QQ',
  `entity` varchar(100) NOT NULL COMMENT '//病种名称',
  `from` varchar(100) NOT NULL COMMENT '//来源渠道',
  `department` varchar(100) NOT NULL COMMENT '//所属科室',
  `appointtime` int(11) NOT NULL COMMENT '//预约时间',
  `askcontent` varchar(255) NOT NULL COMMENT '//咨询内容',
  `chatcontent` varchar(1000) NOT NULL COMMENT '//聊天内容',
  `other` varchar(255) NOT NULL COMMENT '//备注信息',
  PRIMARY KEY (`id`)
) ENGINE=MyISAM AUTO_INCREMENT=5 DEFAULT CHARSET=utf8;	 [ RunTime:0.0020s ]
SQL: INSERT INTO `think_hospital` (`name`,`website`,`sort`,`addtime`) VALUES ('fdsfds','http://','0','1485481825') [ RunTime:0.0000s ]
INFO: [ view_parse ] --START--
INFO: [ template_filter ] --START--
INFO: Run Behavior\ContentReplaceBehavior [ RunTime:0.000000s ]
INFO: [ template_filter ] --END-- [ RunTime:0.000000s ]
INFO: Run Behavior\ParseTemplateBehavior [ RunTime:0.006000s ]
INFO: [ view_parse ] --END-- [ RunTime:0.006000s ]
INFO: [ view_filter ] --START--
INFO: Run Behavior\WriteHtmlCacheBehavior [ RunTime:0.001000s ]
INFO: [ view_filter ] --END-- [ RunTime:0.001000s ]
INFO: [ app_end ] --START--
INFO: Run Behavior\ShowPageTraceBehavior [ RunTime:0.000000s ]
INFO: [ app_end ] --END-- [ RunTime:0.001000s ]

[ 2017-01-27T09:50:26+08:00 ] 127.0.0.1 /index.php/Admin/Hospital/Index.html
INFO: [ app_init ] --START--
INFO: Run Behavior\BuildLiteBehavior [ RunTime:0.000000s ]
INFO: [ app_init ] --END-- [ RunTime:0.000000s ]
INFO: [ app_begin ] --START--
INFO: Run Behavior\ReadHtmlCacheBehavior [ RunTime:0.000000s ]
INFO: [ app_begin ] --END-- [ RunTime:0.001000s ]
SQL: SHOW COLUMNS FROM `think_hospital` [ RunTime:0.0040s ]
SQL: SELECT COUNT(*) AS tp_count FROM `think_hospital` LIMIT 1   [ RunTime:0.0010s ]
SQL: SELECT * FROM `think_hospital` ORDER BY addtime asc LIMIT 0,5   [ RunTime:0.0010s ]
INFO: [ view_parse ] --START--
INFO: [ template_filter ] --START--
INFO: Run Behavior\ContentReplaceBehavior [ RunTime:0.000000s ]
INFO: [ template_filter ] --END-- [ RunTime:0.000000s ]
INFO: Run Behavior\ParseTemplateBehavior [ RunTime:0.011000s ]
INFO: [ view_parse ] --END-- [ RunTime:0.011000s ]
INFO: [ view_filter ] --START--
INFO: Run Behavior\WriteHtmlCacheBehavior [ RunTime:0.001000s ]
INFO: [ view_filter ] --END-- [ RunTime:0.001000s ]
INFO: [ app_end ] --START--
INFO: Run Behavior\ShowPageTraceBehavior [ RunTime:0.001000s ]
INFO: [ app_end ] --END-- [ RunTime:0.001000s ]

[ 2017-01-27T09:51:40+08:00 ] 127.0.0.1 /index.php/Admin/Hospital/add
INFO: [ app_init ] --START--
INFO: Run Behavior\BuildLiteBehavior [ RunTime:0.000000s ]
INFO: [ app_init ] --END-- [ RunTime:0.000000s ]
INFO: [ app_begin ] --START--
INFO: Run Behavior\ReadHtmlCacheBehavior [ RunTime:0.001000s ]
INFO: [ app_begin ] --END-- [ RunTime:0.001000s ]
INFO: [ view_parse ] --START--
INFO: [ template_filter ] --START--
INFO: Run Behavior\ContentReplaceBehavior [ RunTime:0.001000s ]
INFO: [ template_filter ] --END-- [ RunTime:0.001000s ]
INFO: Run Behavior\ParseTemplateBehavior [ RunTime:0.009000s ]
INFO: [ view_parse ] --END-- [ RunTime:0.009000s ]
INFO: [ view_filter ] --START--
INFO: Run Behavior\WriteHtmlCacheBehavior [ RunTime:0.001000s ]
INFO: [ view_filter ] --END-- [ RunTime:0.001000s ]
INFO: [ app_end ] --START--
INFO: Run Behavior\ShowPageTraceBehavior [ RunTime:0.000000s ]
INFO: [ app_end ] --END-- [ RunTime:0.000000s ]

[ 2017-01-27T09:51:43+08:00 ] 127.0.0.1 /index.php/Admin/Hospital/add
INFO: [ app_init ] --START--
INFO: Run Behavior\BuildLiteBehavior [ RunTime:0.000000s ]
INFO: [ app_init ] --END-- [ RunTime:0.001000s ]
INFO: [ app_begin ] --START--
INFO: Run Behavior\ReadHtmlCacheBehavior [ RunTime:0.000000s ]
INFO: [ app_begin ] --END-- [ RunTime:0.000000s ]
SQL: SHOW COLUMNS FROM `think_hospital` [ RunTime:0.0050s ]
NOTIC: [8] Undefined index: validate D:\www\ghxt\ThinkPHP\Library\Think\Model.class.php 第 1185 行.
SQL: SELECT * FROM `think_hospital` WHERE `name` = 'dsad' LIMIT 1   [ RunTime:0.0010s ]
NOTIC: [8] Undefined index: auto D:\www\ghxt\ThinkPHP\Library\Think\Model.class.php 第 1128 行.
SQL: DROP TABLE IF EXISTS `think_patient.2.`;
CREATE TABLE `think_patient1` (
  `id` int(10) unsigned NOT NULL AUTO_INCREMENT COMMENT '//患者id',
  `name` varchar(100) NOT NULL COMMENT '//患者姓名',
  `age` varchar(100) NOT NULL COMMENT '//患者年龄',
  `tel` varchar(100) NOT NULL COMMENT '//患者电话',
  `qq` varchar(100) NOT NULL COMMENT '//患者QQ',
  `entity` varchar(100) NOT NULL COMMENT '//病种名称',
  `from` varchar(100) NOT NULL COMMENT '//来源渠道',
  `department` varchar(100) NOT NULL COMMENT '//所属科室',
  `appointtime` int(11) NOT NULL COMMENT '//预约时间',
  `askcontent` varchar(255) NOT NULL COMMENT '//咨询内容',
  `chatcontent` varchar(1000) NOT NULL COMMENT '//聊天内容',
  `other` varchar(255) NOT NULL COMMENT '//备注信息',
  PRIMARY KEY (`id`)
) ENGINE=MyISAM AUTO_INCREMENT=5 DEFAULT CHARSET=utf8;	 [ RunTime:0.0000s ]
SQL: INSERT INTO `think_hospital` (`name`,`website`,`sort`,`addtime`) VALUES ('dsad','http://ds','0','1485481903') [ RunTime:0.0000s ]
INFO: [ view_parse ] --START--
INFO: [ template_filter ] --START--
INFO: Run Behavior\ContentReplaceBehavior [ RunTime:0.000000s ]
INFO: [ template_filter ] --END-- [ RunTime:0.000000s ]
INFO: Run Behavior\ParseTemplateBehavior [ RunTime:0.005000s ]
INFO: [ view_parse ] --END-- [ RunTime:0.005000s ]
INFO: [ view_filter ] --START--
INFO: Run Behavior\WriteHtmlCacheBehavior [ RunTime:0.000000s ]
INFO: [ view_filter ] --END-- [ RunTime:0.000000s ]
INFO: [ app_end ] --START--
INFO: Run Behavior\ShowPageTraceBehavior [ RunTime:0.001000s ]
INFO: [ app_end ] --END-- [ RunTime:0.001000s ]

[ 2017-01-27T09:51:44+08:00 ] 127.0.0.1 /index.php/Admin/Hospital/Index.html
INFO: [ app_init ] --START--
INFO: Run Behavior\BuildLiteBehavior [ RunTime:0.000000s ]
INFO: [ app_init ] --END-- [ RunTime:0.001000s ]
INFO: [ app_begin ] --START--
INFO: Run Behavior\ReadHtmlCacheBehavior [ RunTime:0.000000s ]
INFO: [ app_begin ] --END-- [ RunTime:0.000000s ]
SQL: SHOW COLUMNS FROM `think_hospital` [ RunTime:0.0040s ]
SQL: SELECT COUNT(*) AS tp_count FROM `think_hospital` LIMIT 1   [ RunTime:0.0000s ]
SQL: SELECT * FROM `think_hospital` ORDER BY addtime asc LIMIT 0,5   [ RunTime:0.0000s ]
INFO: [ view_parse ] --START--
INFO: [ template_filter ] --START--
INFO: Run Behavior\ContentReplaceBehavior [ RunTime:0.000000s ]
INFO: [ template_filter ] --END-- [ RunTime:0.000000s ]
INFO: Run Behavior\ParseTemplateBehavior [ RunTime:0.010000s ]
INFO: [ view_parse ] --END-- [ RunTime:0.010000s ]
INFO: [ view_filter ] --START--
INFO: Run Behavior\WriteHtmlCacheBehavior [ RunTime:0.001000s ]
INFO: [ view_filter ] --END-- [ RunTime:0.001000s ]
INFO: [ app_end ] --START--
INFO: Run Behavior\ShowPageTraceBehavior [ RunTime:0.000000s ]
INFO: [ app_end ] --END-- [ RunTime:0.001000s ]

[ 2017-01-27T09:57:31+08:00 ] 127.0.0.1 /index.php/Admin/Hospital/add
INFO: [ app_init ] --START--
INFO: Run Behavior\BuildLiteBehavior [ RunTime:0.000000s ]
INFO: [ app_init ] --END-- [ RunTime:0.000000s ]
INFO: [ app_begin ] --START--
INFO: Run Behavior\ReadHtmlCacheBehavior [ RunTime:0.000000s ]
INFO: [ app_begin ] --END-- [ RunTime:0.000000s ]
INFO: [ view_parse ] --START--
INFO: [ template_filter ] --START--
INFO: Run Behavior\ContentReplaceBehavior [ RunTime:0.000000s ]
INFO: [ template_filter ] --END-- [ RunTime:0.000000s ]
INFO: Run Behavior\ParseTemplateBehavior [ RunTime:0.006000s ]
INFO: [ view_parse ] --END-- [ RunTime:0.006000s ]
INFO: [ view_filter ] --START--
INFO: Run Behavior\WriteHtmlCacheBehavior [ RunTime:0.001000s ]
INFO: [ view_filter ] --END-- [ RunTime:0.001000s ]
INFO: [ app_end ] --START--
INFO: Run Behavior\ShowPageTraceBehavior [ RunTime:0.000000s ]
INFO: [ app_end ] --END-- [ RunTime:0.000000s ]

[ 2017-01-27T09:57:39+08:00 ] 127.0.0.1 /index.php/Admin/Hospital/add
INFO: [ app_init ] --START--
INFO: Run Behavior\BuildLiteBehavior [ RunTime:0.000000s ]
INFO: [ app_init ] --END-- [ RunTime:0.000000s ]
INFO: [ app_begin ] --START--
INFO: Run Behavior\ReadHtmlCacheBehavior [ RunTime:0.001000s ]
INFO: [ app_begin ] --END-- [ RunTime:0.001000s ]
SQL: SHOW COLUMNS FROM `think_hospital` [ RunTime:0.0030s ]
NOTIC: [8] Undefined index: validate D:\www\ghxt\ThinkPHP\Library\Think\Model.class.php 第 1185 行.
SQL: SELECT * FROM `think_hospital` WHERE `name` = '佛挡杀佛' LIMIT 1   [ RunTime:0.0000s ]
NOTIC: [8] Undefined index: auto D:\www\ghxt\ThinkPHP\Library\Think\Model.class.php 第 1128 行.
ERR: 1064:You have an error in your SQL syntax; check the manual that corresponds to your MySQL server version for the right syntax to use near '.2;
CREATE TABLE `think_patient1`.2 (
  `id` int(10) unsigned NOT NULL AUTO_IN' at line 1
 [ SQL语句 ] : DROP TABLE IF EXISTS `think_patient`.2;
CREATE TABLE `think_patient1`.2 (
  `id` int(10) unsigned NOT NULL AUTO_INCREMENT COMMENT '//患者id',
  `name` varchar(100) NOT NULL COMMENT '//患者姓名',
  `age` varchar(100) NOT NULL COMMENT '//患者年龄',
  `tel` varchar(100) NOT NULL COMMENT '//患者电话',
  `qq` varchar(100) NOT NULL COMMENT '//患者QQ',
  `entity` varchar(100) NOT NULL COMMENT '//病种名称',
  `from` varchar(100) NOT NULL COMMENT '//来源渠道',
  `department` varchar(100) NOT NULL COMMENT '//所属科室',
  `appointtime` int(11) NOT NULL COMMENT '//预约时间',
  `askcontent` varchar(255) NOT NULL COMMENT '//咨询内容',
  `chatcontent` varchar(1000) NOT NULL COMMENT '//聊天内容',
  `other` varchar(255) NOT NULL COMMENT '//备注信息',
  PRIMARY KEY (`id`)
) ENGINE=MyISAM AUTO_INCREMENT=5 DEFAULT CHARSET=utf8;	
ERR: 1064:You have an error in your SQL syntax; check the manual that corresponds to your MySQL server version for the right syntax to use near '.2;
CREATE TABLE `think_patient1`.2 (
  `id` int(10) unsigned NOT NULL AUTO_IN' at line 1
 [ SQL语句 ] : DROP TABLE IF EXISTS `think_patient`.2;
CREATE TABLE `think_patient1`.2 (
  `id` int(10) unsigned NOT NULL AUTO_INCREMENT COMMENT '//患者id',
  `name` varchar(100) NOT NULL COMMENT '//患者姓名',
  `age` varchar(100) NOT NULL COMMENT '//患者年龄',
  `tel` varchar(100) NOT NULL COMMENT '//患者电话',
  `qq` varchar(100) NOT NULL COMMENT '//患者QQ',
  `entity` varchar(100) NOT NULL COMMENT '//病种名称',
  `from` varchar(100) NOT NULL COMMENT '//来源渠道',
  `department` varchar(100) NOT NULL COMMENT '//所属科室',
  `appointtime` int(11) NOT NULL COMMENT '//预约时间',
  `askcontent` varchar(255) NOT NULL COMMENT '//咨询内容',
  `chatcontent` varchar(1000) NOT NULL COMMENT '//聊天内容',
  `other` varchar(255) NOT NULL COMMENT '//备注信息',
  PRIMARY KEY (`id`)
) ENGINE=MyISAM AUTO_INCREMENT=5 DEFAULT CHARSET=utf8;	

[ 2017-01-27T09:58:29+08:00 ] 127.0.0.1 /index.php/Admin/Hospital/add
INFO: [ app_init ] --START--
INFO: Run Behavior\BuildLiteBehavior [ RunTime:0.000000s ]
INFO: [ app_init ] --END-- [ RunTime:0.000000s ]
INFO: [ app_begin ] --START--
INFO: Run Behavior\ReadHtmlCacheBehavior [ RunTime:0.000000s ]
INFO: [ app_begin ] --END-- [ RunTime:0.000000s ]
SQL: SHOW COLUMNS FROM `think_hospital` [ RunTime:0.0050s ]
NOTIC: [8] Undefined index: validate D:\www\ghxt\ThinkPHP\Library\Think\Model.class.php 第 1185 行.
SQL: SELECT * FROM `think_hospital` WHERE `name` = '佛挡杀佛' LIMIT 1   [ RunTime:0.0000s ]
NOTIC: [8] Undefined index: auto D:\www\ghxt\ThinkPHP\Library\Think\Model.class.php 第 1128 行.
ERR: 1064:You have an error in your SQL syntax; check the manual that corresponds to your MySQL server version for the right syntax to use near '2;
CREATE TABLE `think_patient1`2 (
  `id` int(10) unsigned NOT NULL AUTO_INCR' at line 1
 [ SQL语句 ] : DROP TABLE IF EXISTS `think_patient`2;
CREATE TABLE `think_patient1`2 (
  `id` int(10) unsigned NOT NULL AUTO_INCREMENT COMMENT '//患者id',
  `name` varchar(100) NOT NULL COMMENT '//患者姓名',
  `age` varchar(100) NOT NULL COMMENT '//患者年龄',
  `tel` varchar(100) NOT NULL COMMENT '//患者电话',
  `qq` varchar(100) NOT NULL COMMENT '//患者QQ',
  `entity` varchar(100) NOT NULL COMMENT '//病种名称',
  `from` varchar(100) NOT NULL COMMENT '//来源渠道',
  `department` varchar(100) NOT NULL COMMENT '//所属科室',
  `appointtime` int(11) NOT NULL COMMENT '//预约时间',
  `askcontent` varchar(255) NOT NULL COMMENT '//咨询内容',
  `chatcontent` varchar(1000) NOT NULL COMMENT '//聊天内容',
  `other` varchar(255) NOT NULL COMMENT '//备注信息',
  PRIMARY KEY (`id`)
) ENGINE=MyISAM AUTO_INCREMENT=5 DEFAULT CHARSET=utf8;	
ERR: 1064:You have an error in your SQL syntax; check the manual that corresponds to your MySQL server version for the right syntax to use near '2;
CREATE TABLE `think_patient1`2 (
  `id` int(10) unsigned NOT NULL AUTO_INCR' at line 1
 [ SQL语句 ] : DROP TABLE IF EXISTS `think_patient`2;
CREATE TABLE `think_patient1`2 (
  `id` int(10) unsigned NOT NULL AUTO_INCREMENT COMMENT '//患者id',
  `name` varchar(100) NOT NULL COMMENT '//患者姓名',
  `age` varchar(100) NOT NULL COMMENT '//患者年龄',
  `tel` varchar(100) NOT NULL COMMENT '//患者电话',
  `qq` varchar(100) NOT NULL COMMENT '//患者QQ',
  `entity` varchar(100) NOT NULL COMMENT '//病种名称',
  `from` varchar(100) NOT NULL COMMENT '//来源渠道',
  `department` varchar(100) NOT NULL COMMENT '//所属科室',
  `appointtime` int(11) NOT NULL COMMENT '//预约时间',
  `askcontent` varchar(255) NOT NULL COMMENT '//咨询内容',
  `chatcontent` varchar(1000) NOT NULL COMMENT '//聊天内容',
  `other` varchar(255) NOT NULL COMMENT '//备注信息',
  PRIMARY KEY (`id`)
) ENGINE=MyISAM AUTO_INCREMENT=5 DEFAULT CHARSET=utf8;	

[ 2017-01-27T09:58:36+08:00 ] 127.0.0.1 /index.php/Admin/Hospital/add
INFO: [ app_init ] --START--
INFO: Run Behavior\BuildLiteBehavior [ RunTime:0.000000s ]
INFO: [ app_init ] --END-- [ RunTime:0.001000s ]
INFO: [ app_begin ] --START--
INFO: Run Behavior\ReadHtmlCacheBehavior [ RunTime:0.001000s ]
INFO: [ app_begin ] --END-- [ RunTime:0.001000s ]
SQL: SHOW COLUMNS FROM `think_hospital` [ RunTime:0.0040s ]
NOTIC: [8] Undefined index: validate D:\www\ghxt\ThinkPHP\Library\Think\Model.class.php 第 1185 行.
SQL: SELECT * FROM `think_hospital` WHERE `name` = '佛挡杀佛' LIMIT 1   [ RunTime:0.0000s ]
NOTIC: [8] Undefined index: auto D:\www\ghxt\ThinkPHP\Library\Think\Model.class.php 第 1128 行.
ERR: 1064:You have an error in your SQL syntax; check the manual that corresponds to your MySQL server version for the right syntax to use near '2;
CREATE TABLE `think_patient1`2 (
  `id` int(10) unsigned NOT NULL AUTO_INCR' at line 1
 [ SQL语句 ] : DROP TABLE IF EXISTS `think_patient`2;
CREATE TABLE `think_patient1`2 (
  `id` int(10) unsigned NOT NULL AUTO_INCREMENT COMMENT '//患者id',
  `name` varchar(100) NOT NULL COMMENT '//患者姓名',
  `age` varchar(100) NOT NULL COMMENT '//患者年龄',
  `tel` varchar(100) NOT NULL COMMENT '//患者电话',
  `qq` varchar(100) NOT NULL COMMENT '//患者QQ',
  `entity` varchar(100) NOT NULL COMMENT '//病种名称',
  `from` varchar(100) NOT NULL COMMENT '//来源渠道',
  `department` varchar(100) NOT NULL COMMENT '//所属科室',
  `appointtime` int(11) NOT NULL COMMENT '//预约时间',
  `askcontent` varchar(255) NOT NULL COMMENT '//咨询内容',
  `chatcontent` varchar(1000) NOT NULL COMMENT '//聊天内容',
  `other` varchar(255) NOT NULL COMMENT '//备注信息',
  PRIMARY KEY (`id`)
) ENGINE=MyISAM AUTO_INCREMENT=5 DEFAULT CHARSET=utf8;	
ERR: 1064:You have an error in your SQL syntax; check the manual that corresponds to your MySQL server version for the right syntax to use near '2;
CREATE TABLE `think_patient1`2 (
  `id` int(10) unsigned NOT NULL AUTO_INCR' at line 1
 [ SQL语句 ] : DROP TABLE IF EXISTS `think_patient`2;
CREATE TABLE `think_patient1`2 (
  `id` int(10) unsigned NOT NULL AUTO_INCREMENT COMMENT '//患者id',
  `name` varchar(100) NOT NULL COMMENT '//患者姓名',
  `age` varchar(100) NOT NULL COMMENT '//患者年龄',
  `tel` varchar(100) NOT NULL COMMENT '//患者电话',
  `qq` varchar(100) NOT NULL COMMENT '//患者QQ',
  `entity` varchar(100) NOT NULL COMMENT '//病种名称',
  `from` varchar(100) NOT NULL COMMENT '//来源渠道',
  `department` varchar(100) NOT NULL COMMENT '//所属科室',
  `appointtime` int(11) NOT NULL COMMENT '//预约时间',
  `askcontent` varchar(255) NOT NULL COMMENT '//咨询内容',
  `chatcontent` varchar(1000) NOT NULL COMMENT '//聊天内容',
  `other` varchar(255) NOT NULL COMMENT '//备注信息',
  PRIMARY KEY (`id`)
) ENGINE=MyISAM AUTO_INCREMENT=5 DEFAULT CHARSET=utf8;	

[ 2017-01-27T09:58:41+08:00 ] 127.0.0.1 /index.php/Admin/Hospital/add
INFO: [ app_init ] --START--
INFO: Run Behavior\BuildLiteBehavior [ RunTime:0.000000s ]
INFO: [ app_init ] --END-- [ RunTime:0.000000s ]
INFO: [ app_begin ] --START--
INFO: Run Behavior\ReadHtmlCacheBehavior [ RunTime:0.000000s ]
INFO: [ app_begin ] --END-- [ RunTime:0.000000s ]
SQL: SHOW COLUMNS FROM `think_hospital` [ RunTime:0.0040s ]
NOTIC: [8] Undefined index: validate D:\www\ghxt\ThinkPHP\Library\Think\Model.class.php 第 1185 行.
SQL: SELECT * FROM `think_hospital` WHERE `name` = '佛挡杀佛' LIMIT 1   [ RunTime:0.0000s ]
NOTIC: [8] Undefined index: auto D:\www\ghxt\ThinkPHP\Library\Think\Model.class.php 第 1128 行.
ERR: 1064:You have an error in your SQL syntax; check the manual that corresponds to your MySQL server version for the right syntax to use near '2;
CREATE TABLE `think_patient1`2 (
  `id` int(10) unsigned NOT NULL AUTO_INCR' at line 1
 [ SQL语句 ] : DROP TABLE IF EXISTS `think_patient`2;
CREATE TABLE `think_patient1`2 (
  `id` int(10) unsigned NOT NULL AUTO_INCREMENT COMMENT '//患者id',
  `name` varchar(100) NOT NULL COMMENT '//患者姓名',
  `age` varchar(100) NOT NULL COMMENT '//患者年龄',
  `tel` varchar(100) NOT NULL COMMENT '//患者电话',
  `qq` varchar(100) NOT NULL COMMENT '//患者QQ',
  `entity` varchar(100) NOT NULL COMMENT '//病种名称',
  `from` varchar(100) NOT NULL COMMENT '//来源渠道',
  `department` varchar(100) NOT NULL COMMENT '//所属科室',
  `appointtime` int(11) NOT NULL COMMENT '//预约时间',
  `askcontent` varchar(255) NOT NULL COMMENT '//咨询内容',
  `chatcontent` varchar(1000) NOT NULL COMMENT '//聊天内容',
  `other` varchar(255) NOT NULL COMMENT '//备注信息',
  PRIMARY KEY (`id`)
) ENGINE=MyISAM AUTO_INCREMENT=5 DEFAULT CHARSET=utf8;	
ERR: 1064:You have an error in your SQL syntax; check the manual that corresponds to your MySQL server version for the right syntax to use near '2;
CREATE TABLE `think_patient1`2 (
  `id` int(10) unsigned NOT NULL AUTO_INCR' at line 1
 [ SQL语句 ] : DROP TABLE IF EXISTS `think_patient`2;
CREATE TABLE `think_patient1`2 (
  `id` int(10) unsigned NOT NULL AUTO_INCREMENT COMMENT '//患者id',
  `name` varchar(100) NOT NULL COMMENT '//患者姓名',
  `age` varchar(100) NOT NULL COMMENT '//患者年龄',
  `tel` varchar(100) NOT NULL COMMENT '//患者电话',
  `qq` varchar(100) NOT NULL COMMENT '//患者QQ',
  `entity` varchar(100) NOT NULL COMMENT '//病种名称',
  `from` varchar(100) NOT NULL COMMENT '//来源渠道',
  `department` varchar(100) NOT NULL COMMENT '//所属科室',
  `appointtime` int(11) NOT NULL COMMENT '//预约时间',
  `askcontent` varchar(255) NOT NULL COMMENT '//咨询内容',
  `chatcontent` varchar(1000) NOT NULL COMMENT '//聊天内容',
  `other` varchar(255) NOT NULL COMMENT '//备注信息',
  PRIMARY KEY (`id`)
) ENGINE=MyISAM AUTO_INCREMENT=5 DEFAULT CHARSET=utf8;	

[ 2017-01-27T09:59:15+08:00 ] 127.0.0.1 /index.php/Admin/Hospital/add
INFO: [ app_init ] --START--
INFO: Run Behavior\BuildLiteBehavior [ RunTime:0.000000s ]
INFO: [ app_init ] --END-- [ RunTime:0.001000s ]
INFO: [ app_begin ] --START--
INFO: Run Behavior\ReadHtmlCacheBehavior [ RunTime:0.001000s ]
INFO: [ app_begin ] --END-- [ RunTime:0.001000s ]
SQL: SHOW COLUMNS FROM `think_hospital` [ RunTime:0.0040s ]
NOTIC: [8] Undefined index: validate D:\www\ghxt\ThinkPHP\Library\Think\Model.class.php 第 1185 行.
SQL: SELECT * FROM `think_hospital` WHERE `name` = '佛挡杀佛' LIMIT 1   [ RunTime:0.0000s ]
NOTIC: [8] Undefined index: auto D:\www\ghxt\ThinkPHP\Library\Think\Model.class.php 第 1128 行.
SQL: DROP TABLE IF EXISTS `think_patient2`;
CREATE TABLE `think_patient2` (
  `id` int(10) unsigned NOT NULL AUTO_INCREMENT COMMENT '//患者id',
  `name` varchar(100) NOT NULL COMMENT '//患者姓名',
  `age` varchar(100) NOT NULL COMMENT '//患者年龄',
  `tel` varchar(100) NOT NULL COMMENT '//患者电话',
  `qq` varchar(100) NOT NULL COMMENT '//患者QQ',
  `entity` varchar(100) NOT NULL COMMENT '//病种名称',
  `from` varchar(100) NOT NULL COMMENT '//来源渠道',
  `department` varchar(100) NOT NULL COMMENT '//所属科室',
  `appointtime` int(11) NOT NULL COMMENT '//预约时间',
  `askcontent` varchar(255) NOT NULL COMMENT '//咨询内容',
  `chatcontent` varchar(1000) NOT NULL COMMENT '//聊天内容',
  `other` varchar(255) NOT NULL COMMENT '//备注信息',
  PRIMARY KEY (`id`)
) ENGINE=MyISAM AUTO_INCREMENT=5 DEFAULT CHARSET=utf8;	 [ RunTime:0.0010s ]
SQL: INSERT INTO `think_hospital` (`name`,`website`,`sort`,`addtime`) VALUES ('佛挡杀佛','http://555','0','1485482355') [ RunTime:0.0000s ]
INFO: [ view_parse ] --START--
INFO: [ template_filter ] --START--
INFO: Run Behavior\ContentReplaceBehavior [ RunTime:0.000000s ]
INFO: [ template_filter ] --END-- [ RunTime:0.000000s ]
INFO: Run Behavior\ParseTemplateBehavior [ RunTime:0.012000s ]
INFO: [ view_parse ] --END-- [ RunTime:0.012000s ]
INFO: [ view_filter ] --START--
INFO: Run Behavior\WriteHtmlCacheBehavior [ RunTime:0.001000s ]
INFO: [ view_filter ] --END-- [ RunTime:0.001000s ]
INFO: [ app_end ] --START--
INFO: Run Behavior\ShowPageTraceBehavior [ RunTime:0.000000s ]
INFO: [ app_end ] --END-- [ RunTime:0.000000s ]

[ 2017-01-27T09:59:16+08:00 ] 127.0.0.1 /index.php/Admin/Hospital/Index.html
INFO: [ app_init ] --START--
INFO: Run Behavior\BuildLiteBehavior [ RunTime:0.000000s ]
INFO: [ app_init ] --END-- [ RunTime:0.000000s ]
INFO: [ app_begin ] --START--
INFO: Run Behavior\ReadHtmlCacheBehavior [ RunTime:0.000000s ]
INFO: [ app_begin ] --END-- [ RunTime:0.001000s ]
SQL: SHOW COLUMNS FROM `think_hospital` [ RunTime:0.0050s ]
SQL: SELECT COUNT(*) AS tp_count FROM `think_hospital` LIMIT 1   [ RunTime:0.0000s ]
SQL: SELECT * FROM `think_hospital` ORDER BY addtime asc LIMIT 0,5   [ RunTime:0.0000s ]
INFO: [ view_parse ] --START--
INFO: [ template_filter ] --START--
INFO: Run Behavior\ContentReplaceBehavior [ RunTime:0.000000s ]
INFO: [ template_filter ] --END-- [ RunTime:0.000000s ]
INFO: Run Behavior\ParseTemplateBehavior [ RunTime:0.009000s ]
INFO: [ view_parse ] --END-- [ RunTime:0.009000s ]
INFO: [ view_filter ] --START--
INFO: Run Behavior\WriteHtmlCacheBehavior [ RunTime:0.001000s ]
INFO: [ view_filter ] --END-- [ RunTime:0.001000s ]
INFO: [ app_end ] --START--
INFO: Run Behavior\ShowPageTraceBehavior [ RunTime:0.000000s ]
INFO: [ app_end ] --END-- [ RunTime:0.000000s ]

