[ 2017-01-30T12:30:17+08:00 ] 127.0.0.1 /index.php/Admin/Index/index.html
INFO: [ app_init ] --START--
INFO: Run Behavior\BuildLiteBehavior [ RunTime:0.000000s ]
INFO: [ app_init ] --END-- [ RunTime:0.000000s ]
INFO: [ app_begin ] --START--
INFO: Run Behavior\ReadHtmlCacheBehavior [ RunTime:0.000000s ]
INFO: [ app_begin ] --END-- [ RunTime:0.000000s ]
INFO: [ view_parse ] --START--
INFO: [ template_filter ] --START--
INFO: Run Behavior\ContentReplaceBehavior [ RunTime:0.000000s ]
INFO: [ template_filter ] --END-- [ RunTime:0.000000s ]
NOTIC: [8] Use of undefined constant upload_max_filesize - assumed 'upload_max_filesize' D:\www\ghxt\Crm\Runtime\Cache\Admin\e0274a4b86e7ba5d066849c021969eb0.php 第 116 行.
INFO: Run Behavior\ParseTemplateBehavior [ RunTime:0.046000s ]
INFO: [ view_parse ] --END-- [ RunTime:0.046000s ]
INFO: [ view_filter ] --START--
INFO: Run Behavior\WriteHtmlCacheBehavior [ RunTime:0.000000s ]
INFO: [ view_filter ] --END-- [ RunTime:0.000000s ]
INFO: [ app_end ] --START--
INFO: Run Behavior\ShowPageTraceBehavior [ RunTime:0.000000s ]
INFO: [ app_end ] --END-- [ RunTime:0.000000s ]

[ 2017-01-30T12:30:23+08:00 ] 127.0.0.1 /index.php/Admin/Hospital/Index
INFO: [ app_init ] --START--
INFO: Run Behavior\BuildLiteBehavior [ RunTime:0.000000s ]
INFO: [ app_init ] --END-- [ RunTime:0.000000s ]
INFO: [ app_begin ] --START--
INFO: Run Behavior\ReadHtmlCacheBehavior [ RunTime:0.001000s ]
INFO: [ app_begin ] --END-- [ RunTime:0.001000s ]
SQL: SHOW COLUMNS FROM `think_hospital` [ RunTime:0.0970s ]
SQL: SELECT COUNT(*) AS tp_count FROM `think_hospital` LIMIT 1   [ RunTime:0.0010s ]
SQL: SELECT * FROM `think_hospital` ORDER BY addtime asc LIMIT 0,5   [ RunTime:0.0140s ]
INFO: [ view_parse ] --START--
INFO: [ template_filter ] --START--
INFO: Run Behavior\ContentReplaceBehavior [ RunTime:0.000000s ]
INFO: [ template_filter ] --END-- [ RunTime:0.000000s ]
INFO: Run Behavior\ParseTemplateBehavior [ RunTime:0.016000s ]
INFO: [ view_parse ] --END-- [ RunTime:0.016000s ]
INFO: [ view_filter ] --START--
INFO: Run Behavior\WriteHtmlCacheBehavior [ RunTime:0.001000s ]
INFO: [ view_filter ] --END-- [ RunTime:0.001000s ]
INFO: [ app_end ] --START--
INFO: Run Behavior\ShowPageTraceBehavior [ RunTime:0.000000s ]
INFO: [ app_end ] --END-- [ RunTime:0.000000s ]

[ 2017-01-30T12:30:35+08:00 ] 127.0.0.1 /index.php/Admin/Hospital/add
INFO: [ app_init ] --START--
INFO: Run Behavior\BuildLiteBehavior [ RunTime:0.000000s ]
INFO: [ app_init ] --END-- [ RunTime:0.000000s ]
INFO: [ app_begin ] --START--
INFO: Run Behavior\ReadHtmlCacheBehavior [ RunTime:0.000000s ]
INFO: [ app_begin ] --END-- [ RunTime:0.000000s ]
INFO: [ view_parse ] --START--
INFO: [ template_filter ] --START--
INFO: Run Behavior\ContentReplaceBehavior [ RunTime:0.000000s ]
INFO: [ template_filter ] --END-- [ RunTime:0.000000s ]
INFO: Run Behavior\ParseTemplateBehavior [ RunTime:0.015000s ]
INFO: [ view_parse ] --END-- [ RunTime:0.015000s ]
INFO: [ view_filter ] --START--
INFO: Run Behavior\WriteHtmlCacheBehavior [ RunTime:0.000000s ]
INFO: [ view_filter ] --END-- [ RunTime:0.000000s ]
INFO: [ app_end ] --START--
INFO: Run Behavior\ShowPageTraceBehavior [ RunTime:0.000000s ]
INFO: [ app_end ] --END-- [ RunTime:0.000000s ]

[ 2017-01-30T12:33:06+08:00 ] 127.0.0.1 /index.php/Admin/Department/Index
INFO: [ app_init ] --START--
INFO: Run Behavior\BuildLiteBehavior [ RunTime:0.000000s ]
INFO: [ app_init ] --END-- [ RunTime:0.001000s ]
INFO: [ app_begin ] --START--
INFO: Run Behavior\ReadHtmlCacheBehavior [ RunTime:0.001000s ]
INFO: [ app_begin ] --END-- [ RunTime:0.001000s ]
SQL: SHOW COLUMNS FROM `think_hospital` [ RunTime:0.0030s ]
SQL: SELECT `id`,`name` FROM `think_hospital`  [ RunTime:0.0000s ]
SQL: SHOW COLUMNS FROM `think_department` [ RunTime:0.0350s ]
SQL: SHOW COLUMNS FROM `think_hospital` [ RunTime:0.0020s ]
SQL: SELECT COUNT(*) AS tp_count FROM think_department Department LEFT JOIN think_hospital Hospital ON Hospital.id=Department.uid LIMIT 1   [ RunTime:0.0180s ]
SQL: SELECT Department.id AS id,Department.name AS name,Department.addtime AS addtime,Department.model AS model,Department.diy AS diy,Department.sort AS sort,Hospital.name AS hname FROM think_department Department LEFT JOIN think_hospital Hospital ON Hospital.id=Department.uid LIMIT 0,5   [ RunTime:0.0000s ]
INFO: [ view_parse ] --START--
INFO: [ template_filter ] --START--
INFO: Run Behavior\ContentReplaceBehavior [ RunTime:0.001000s ]
INFO: [ template_filter ] --END-- [ RunTime:0.001000s ]
INFO: Run Behavior\ParseTemplateBehavior [ RunTime:0.023000s ]
INFO: [ view_parse ] --END-- [ RunTime:0.023000s ]
INFO: [ view_filter ] --START--
INFO: Run Behavior\WriteHtmlCacheBehavior [ RunTime:0.000000s ]
INFO: [ view_filter ] --END-- [ RunTime:0.000000s ]
INFO: [ app_end ] --START--
INFO: Run Behavior\ShowPageTraceBehavior [ RunTime:0.000000s ]
INFO: [ app_end ] --END-- [ RunTime:0.000000s ]

[ 2017-01-30T12:33:08+08:00 ] 127.0.0.1 /index.php/Admin/Department/add
INFO: [ app_init ] --START--
INFO: Run Behavior\BuildLiteBehavior [ RunTime:0.000000s ]
INFO: [ app_init ] --END-- [ RunTime:0.000000s ]
INFO: [ app_begin ] --START--
INFO: Run Behavior\ReadHtmlCacheBehavior [ RunTime:0.000000s ]
INFO: [ app_begin ] --END-- [ RunTime:0.000000s ]
SQL: SHOW COLUMNS FROM `think_hospital` [ RunTime:0.0020s ]
SQL: SELECT `id`,`name` FROM `think_hospital`  [ RunTime:0.0010s ]
INFO: [ view_parse ] --START--
INFO: [ template_filter ] --START--
INFO: Run Behavior\ContentReplaceBehavior [ RunTime:0.000000s ]
INFO: [ template_filter ] --END-- [ RunTime:0.000000s ]
INFO: Run Behavior\ParseTemplateBehavior [ RunTime:0.029000s ]
INFO: [ view_parse ] --END-- [ RunTime:0.029000s ]
INFO: [ view_filter ] --START--
INFO: Run Behavior\WriteHtmlCacheBehavior [ RunTime:0.000000s ]
INFO: [ view_filter ] --END-- [ RunTime:0.000000s ]
INFO: [ app_end ] --START--
INFO: Run Behavior\ShowPageTraceBehavior [ RunTime:0.000000s ]
INFO: [ app_end ] --END-- [ RunTime:0.000000s ]

[ 2017-01-30T12:33:10+08:00 ] 127.0.0.1 /index.php/Admin/Hospital/Index
INFO: [ app_init ] --START--
INFO: Run Behavior\BuildLiteBehavior [ RunTime:0.000000s ]
INFO: [ app_init ] --END-- [ RunTime:0.001000s ]
INFO: [ app_begin ] --START--
INFO: Run Behavior\ReadHtmlCacheBehavior [ RunTime:0.000000s ]
INFO: [ app_begin ] --END-- [ RunTime:0.000000s ]
SQL: SHOW COLUMNS FROM `think_hospital` [ RunTime:0.0020s ]
SQL: SELECT COUNT(*) AS tp_count FROM `think_hospital` LIMIT 1   [ RunTime:0.0000s ]
SQL: SELECT * FROM `think_hospital` ORDER BY addtime asc LIMIT 0,5   [ RunTime:0.0000s ]
INFO: [ view_parse ] --START--
INFO: [ template_filter ] --START--
INFO: Run Behavior\ContentReplaceBehavior [ RunTime:0.000000s ]
INFO: [ template_filter ] --END-- [ RunTime:0.000000s ]
INFO: Run Behavior\ParseTemplateBehavior [ RunTime:0.006000s ]
INFO: [ view_parse ] --END-- [ RunTime:0.006000s ]
INFO: [ view_filter ] --START--
INFO: Run Behavior\WriteHtmlCacheBehavior [ RunTime:0.000000s ]
INFO: [ view_filter ] --END-- [ RunTime:0.000000s ]
INFO: [ app_end ] --START--
INFO: Run Behavior\ShowPageTraceBehavior [ RunTime:0.000000s ]
INFO: [ app_end ] --END-- [ RunTime:0.000000s ]

[ 2017-01-30T12:33:12+08:00 ] 127.0.0.1 /index.php/Admin/Hospital/add
INFO: [ app_init ] --START--
INFO: Run Behavior\BuildLiteBehavior [ RunTime:0.000000s ]
INFO: [ app_init ] --END-- [ RunTime:0.000000s ]
INFO: [ app_begin ] --START--
INFO: Run Behavior\ReadHtmlCacheBehavior [ RunTime:0.000000s ]
INFO: [ app_begin ] --END-- [ RunTime:0.000000s ]
INFO: [ view_parse ] --START--
INFO: [ template_filter ] --START--
INFO: Run Behavior\ContentReplaceBehavior [ RunTime:0.000000s ]
INFO: [ template_filter ] --END-- [ RunTime:0.000000s ]
INFO: Run Behavior\ParseTemplateBehavior [ RunTime:0.007000s ]
INFO: [ view_parse ] --END-- [ RunTime:0.007000s ]
INFO: [ view_filter ] --START--
INFO: Run Behavior\WriteHtmlCacheBehavior [ RunTime:0.000000s ]
INFO: [ view_filter ] --END-- [ RunTime:0.000000s ]
INFO: [ app_end ] --START--
INFO: Run Behavior\ShowPageTraceBehavior [ RunTime:0.000000s ]
INFO: [ app_end ] --END-- [ RunTime:0.000000s ]

[ 2017-01-30T12:33:17+08:00 ] 127.0.0.1 /index.php/Admin/Hospital/add
INFO: [ app_init ] --START--
INFO: Run Behavior\BuildLiteBehavior [ RunTime:0.000000s ]
INFO: [ app_init ] --END-- [ RunTime:0.000000s ]
INFO: [ app_begin ] --START--
INFO: Run Behavior\ReadHtmlCacheBehavior [ RunTime:0.000000s ]
INFO: [ app_begin ] --END-- [ RunTime:0.000000s ]
SQL: SHOW COLUMNS FROM `think_hospital` [ RunTime:0.0030s ]
NOTIC: [8] Undefined index: validate D:\www\ghxt\ThinkPHP\Library\Think\Model.class.php 第 1185 行.
SQL: SELECT * FROM `think_hospital` WHERE `name` = '222' LIMIT 1   [ RunTime:0.0010s ]
NOTIC: [8] Undefined index: auto D:\www\ghxt\ThinkPHP\Library\Think\Model.class.php 第 1128 行.
SQL: INSERT INTO `think_hospital` (`name`,`website`,`sort`,`addtime`) VALUES ('222','http://','3','1485750797') [ RunTime:0.0000s ]
NOTIC: [8] Undefined variable: a D:\www\ghxt\Crm\Admin\Model\HospitalModel.class.php 第 35 行.
ERR: 1142:DROP command denied to user 'john'@'localhost' for table 'think_patient45'
 [ SQL语句 ] : 		DROP TABLE IF EXISTS `think_patient45`;
		CREATE TABLE `think_patient` (
		  `id` int(10) unsigned NOT NULL AUTO_INCREMENT COMMENT '//患者id',
		  `name` varchar(100) NOT NULL COMMENT '//患者姓名',
		  `age` varchar(100) NOT NULL COMMENT '//患者年龄',
		  `tel` varchar(100) NOT NULL COMMENT '//患者电话',
		  `qq` varchar(100) NOT NULL COMMENT '//患者QQ',
		  `entity` varchar(100) NOT NULL COMMENT '//病种名称',
		  `from` varchar(100) NOT NULL COMMENT '//来源渠道',
		  `department` varchar(100) NOT NULL COMMENT '//所属科室',
		  `appointtime` int(11) NOT NULL COMMENT '//预约时间',
		  `askcontent` varchar(255) NOT NULL COMMENT '//咨询内容',
		  `chatcontent` varchar(1000) NOT NULL COMMENT '//聊天内容',
		  `other` varchar(255) NOT NULL COMMENT '//备注信息',
		  PRIMARY KEY (`id`)
		) ENGINE=MyISAM AUTO_INCREMENT=5 DEFAULT CHARSET=utf8;	
ERR: 1142:DROP command denied to user 'john'@'localhost' for table 'think_patient45'
 [ SQL语句 ] : 		DROP TABLE IF EXISTS `think_patient45`;
		CREATE TABLE `think_patient` (
		  `id` int(10) unsigned NOT NULL AUTO_INCREMENT COMMENT '//患者id',
		  `name` varchar(100) NOT NULL COMMENT '//患者姓名',
		  `age` varchar(100) NOT NULL COMMENT '//患者年龄',
		  `tel` varchar(100) NOT NULL COMMENT '//患者电话',
		  `qq` varchar(100) NOT NULL COMMENT '//患者QQ',
		  `entity` varchar(100) NOT NULL COMMENT '//病种名称',
		  `from` varchar(100) NOT NULL COMMENT '//来源渠道',
		  `department` varchar(100) NOT NULL COMMENT '//所属科室',
		  `appointtime` int(11) NOT NULL COMMENT '//预约时间',
		  `askcontent` varchar(255) NOT NULL COMMENT '//咨询内容',
		  `chatcontent` varchar(1000) NOT NULL COMMENT '//聊天内容',
		  `other` varchar(255) NOT NULL COMMENT '//备注信息',
		  PRIMARY KEY (`id`)
		) ENGINE=MyISAM AUTO_INCREMENT=5 DEFAULT CHARSET=utf8;	

[ 2017-01-30T12:33:39+08:00 ] 127.0.0.1 /index.php/Admin/Hospital/add
INFO: [ app_init ] --START--
INFO: Run Behavior\BuildLiteBehavior [ RunTime:0.000000s ]
INFO: [ app_init ] --END-- [ RunTime:0.000000s ]
INFO: [ app_begin ] --START--
INFO: Run Behavior\ReadHtmlCacheBehavior [ RunTime:0.000000s ]
INFO: [ app_begin ] --END-- [ RunTime:0.000000s ]
SQL: SHOW COLUMNS FROM `think_hospital` [ RunTime:0.0020s ]
NOTIC: [8] Undefined index: validate D:\www\ghxt\ThinkPHP\Library\Think\Model.class.php 第 1185 行.
SQL: SELECT * FROM `think_hospital` WHERE `name` = '222' LIMIT 1   [ RunTime:0.0000s ]
INFO: [ view_parse ] --START--
INFO: [ template_filter ] --START--
INFO: Run Behavior\ContentReplaceBehavior [ RunTime:0.000000s ]
INFO: [ template_filter ] --END-- [ RunTime:0.000000s ]
INFO: Run Behavior\ParseTemplateBehavior [ RunTime:0.003000s ]
INFO: [ view_parse ] --END-- [ RunTime:0.003000s ]
INFO: [ view_filter ] --START--
INFO: Run Behavior\WriteHtmlCacheBehavior [ RunTime:0.000000s ]
INFO: [ view_filter ] --END-- [ RunTime:0.000000s ]

[ 2017-01-30T12:33:41+08:00 ] 127.0.0.1 /index.php/Admin/Hospital/add
INFO: [ app_init ] --START--
INFO: Run Behavior\BuildLiteBehavior [ RunTime:0.000000s ]
INFO: [ app_init ] --END-- [ RunTime:0.001000s ]
INFO: [ app_begin ] --START--
INFO: Run Behavior\ReadHtmlCacheBehavior [ RunTime:0.001000s ]
INFO: [ app_begin ] --END-- [ RunTime:0.001000s ]
INFO: [ view_parse ] --START--
INFO: [ template_filter ] --START--
INFO: Run Behavior\ContentReplaceBehavior [ RunTime:0.000000s ]
INFO: [ template_filter ] --END-- [ RunTime:0.000000s ]
INFO: Run Behavior\ParseTemplateBehavior [ RunTime:0.005000s ]
INFO: [ view_parse ] --END-- [ RunTime:0.005000s ]
INFO: [ view_filter ] --START--
INFO: Run Behavior\WriteHtmlCacheBehavior [ RunTime:0.000000s ]
INFO: [ view_filter ] --END-- [ RunTime:0.000000s ]
INFO: [ app_end ] --START--
INFO: Run Behavior\ShowPageTraceBehavior [ RunTime:0.000000s ]
INFO: [ app_end ] --END-- [ RunTime:0.000000s ]

[ 2017-01-30T12:33:44+08:00 ] 127.0.0.1 /index.php/Admin/Hospital/add
INFO: [ app_init ] --START--
INFO: Run Behavior\BuildLiteBehavior [ RunTime:0.000000s ]
INFO: [ app_init ] --END-- [ RunTime:0.000000s ]
INFO: [ app_begin ] --START--
INFO: Run Behavior\ReadHtmlCacheBehavior [ RunTime:0.001000s ]
INFO: [ app_begin ] --END-- [ RunTime:0.001000s ]
SQL: SHOW COLUMNS FROM `think_hospital` [ RunTime:0.0030s ]
NOTIC: [8] Undefined index: validate D:\www\ghxt\ThinkPHP\Library\Think\Model.class.php 第 1185 行.
SQL: SELECT * FROM `think_hospital` WHERE `name` = '2226' LIMIT 1   [ RunTime:0.0010s ]
NOTIC: [8] Undefined index: auto D:\www\ghxt\ThinkPHP\Library\Think\Model.class.php 第 1128 行.
SQL: INSERT INTO `think_hospital` (`name`,`website`,`sort`,`addtime`) VALUES ('2226','http://','3','1485750824') [ RunTime:0.0010s ]
NOTIC: [8] Undefined variable: a D:\www\ghxt\Crm\Admin\Model\HospitalModel.class.php 第 35 行.
SQL: 		DROP TABLE IF EXISTS `think_patient46`;
		CREATE TABLE `think_patient` (
		  `id` int(10) unsigned NOT NULL AUTO_INCREMENT COMMENT '//患者id',
		  `name` varchar(100) NOT NULL COMMENT '//患者姓名',
		  `age` varchar(100) NOT NULL COMMENT '//患者年龄',
		  `tel` varchar(100) NOT NULL COMMENT '//患者电话',
		  `qq` varchar(100) NOT NULL COMMENT '//患者QQ',
		  `entity` varchar(100) NOT NULL COMMENT '//病种名称',
		  `from` varchar(100) NOT NULL COMMENT '//来源渠道',
		  `department` varchar(100) NOT NULL COMMENT '//所属科室',
		  `appointtime` int(11) NOT NULL COMMENT '//预约时间',
		  `askcontent` varchar(255) NOT NULL COMMENT '//咨询内容',
		  `chatcontent` varchar(1000) NOT NULL COMMENT '//聊天内容',
		  `other` varchar(255) NOT NULL COMMENT '//备注信息',
		  PRIMARY KEY (`id`)
		) ENGINE=MyISAM AUTO_INCREMENT=5 DEFAULT CHARSET=utf8;	 [ RunTime:0.0340s ]
INFO: [ view_parse ] --START--
INFO: [ template_filter ] --START--
INFO: Run Behavior\ContentReplaceBehavior [ RunTime:0.000000s ]
INFO: [ template_filter ] --END-- [ RunTime:0.000000s ]
INFO: Run Behavior\ParseTemplateBehavior [ RunTime:0.004000s ]
INFO: [ view_parse ] --END-- [ RunTime:0.004000s ]
INFO: [ view_filter ] --START--
INFO: Run Behavior\WriteHtmlCacheBehavior [ RunTime:0.000000s ]
INFO: [ view_filter ] --END-- [ RunTime:0.000000s ]
INFO: [ app_end ] --START--
INFO: Run Behavior\ShowPageTraceBehavior [ RunTime:0.001000s ]
INFO: [ app_end ] --END-- [ RunTime:0.001000s ]

[ 2017-01-30T12:33:45+08:00 ] 127.0.0.1 /index.php/Admin/Hospital/Index.html
INFO: [ app_init ] --START--
INFO: Run Behavior\BuildLiteBehavior [ RunTime:0.000000s ]
INFO: [ app_init ] --END-- [ RunTime:0.001000s ]
INFO: [ app_begin ] --START--
INFO: Run Behavior\ReadHtmlCacheBehavior [ RunTime:0.000000s ]
INFO: [ app_begin ] --END-- [ RunTime:0.000000s ]
SQL: SHOW COLUMNS FROM `think_hospital` [ RunTime:0.0030s ]
SQL: SELECT COUNT(*) AS tp_count FROM `think_hospital` LIMIT 1   [ RunTime:0.0000s ]
SQL: SELECT * FROM `think_hospital` ORDER BY addtime asc LIMIT 0,5   [ RunTime:0.0000s ]
INFO: [ view_parse ] --START--
INFO: [ template_filter ] --START--
INFO: Run Behavior\ContentReplaceBehavior [ RunTime:0.000000s ]
INFO: [ template_filter ] --END-- [ RunTime:0.000000s ]
INFO: Run Behavior\ParseTemplateBehavior [ RunTime:0.007000s ]
INFO: [ view_parse ] --END-- [ RunTime:0.007000s ]
INFO: [ view_filter ] --START--
INFO: Run Behavior\WriteHtmlCacheBehavior [ RunTime:0.000000s ]
INFO: [ view_filter ] --END-- [ RunTime:0.000000s ]
INFO: [ app_end ] --START--
INFO: Run Behavior\ShowPageTraceBehavior [ RunTime:0.000000s ]
INFO: [ app_end ] --END-- [ RunTime:0.000000s ]

[ 2017-01-30T12:34:24+08:00 ] 127.0.0.1 /index.php/Admin/Hospital/add
INFO: [ app_init ] --START--
INFO: Run Behavior\BuildLiteBehavior [ RunTime:0.000000s ]
INFO: [ app_init ] --END-- [ RunTime:0.000000s ]
INFO: [ app_begin ] --START--
INFO: Run Behavior\ReadHtmlCacheBehavior [ RunTime:0.001000s ]
INFO: [ app_begin ] --END-- [ RunTime:0.001000s ]
INFO: [ view_parse ] --START--
INFO: [ template_filter ] --START--
INFO: Run Behavior\ContentReplaceBehavior [ RunTime:0.000000s ]
INFO: [ template_filter ] --END-- [ RunTime:0.000000s ]
INFO: Run Behavior\ParseTemplateBehavior [ RunTime:0.005000s ]
INFO: [ view_parse ] --END-- [ RunTime:0.005000s ]
INFO: [ view_filter ] --START--
INFO: Run Behavior\WriteHtmlCacheBehavior [ RunTime:0.000000s ]
INFO: [ view_filter ] --END-- [ RunTime:0.000000s ]
INFO: [ app_end ] --START--
INFO: Run Behavior\ShowPageTraceBehavior [ RunTime:0.000000s ]
INFO: [ app_end ] --END-- [ RunTime:0.000000s ]

[ 2017-01-30T12:34:28+08:00 ] 127.0.0.1 /index.php/Admin/Hospital/add
INFO: [ app_init ] --START--
INFO: Run Behavior\BuildLiteBehavior [ RunTime:0.000000s ]
INFO: [ app_init ] --END-- [ RunTime:0.001000s ]
INFO: [ app_begin ] --START--
INFO: Run Behavior\ReadHtmlCacheBehavior [ RunTime:0.000000s ]
INFO: [ app_begin ] --END-- [ RunTime:0.000000s ]
SQL: SHOW COLUMNS FROM `think_hospital` [ RunTime:0.0020s ]
NOTIC: [8] Undefined index: validate D:\www\ghxt\ThinkPHP\Library\Think\Model.class.php 第 1185 行.
SQL: SELECT * FROM `think_hospital` WHERE `name` = 'gfgfhhg' LIMIT 1   [ RunTime:0.0000s ]
INFO: [ view_parse ] --START--
INFO: [ template_filter ] --START--
INFO: Run Behavior\ContentReplaceBehavior [ RunTime:0.000000s ]
INFO: [ template_filter ] --END-- [ RunTime:0.000000s ]
INFO: Run Behavior\ParseTemplateBehavior [ RunTime:0.003000s ]
INFO: [ view_parse ] --END-- [ RunTime:0.003000s ]
INFO: [ view_filter ] --START--
INFO: Run Behavior\WriteHtmlCacheBehavior [ RunTime:0.000000s ]
INFO: [ view_filter ] --END-- [ RunTime:0.001000s ]

[ 2017-01-30T12:34:31+08:00 ] 127.0.0.1 /index.php/Admin/Hospital/add
INFO: [ app_init ] --START--
INFO: Run Behavior\BuildLiteBehavior [ RunTime:0.000000s ]
INFO: [ app_init ] --END-- [ RunTime:0.000000s ]
INFO: [ app_begin ] --START--
INFO: Run Behavior\ReadHtmlCacheBehavior [ RunTime:0.000000s ]
INFO: [ app_begin ] --END-- [ RunTime:0.000000s ]
INFO: [ view_parse ] --START--
INFO: [ template_filter ] --START--
INFO: Run Behavior\ContentReplaceBehavior [ RunTime:0.000000s ]
INFO: [ template_filter ] --END-- [ RunTime:0.000000s ]
INFO: Run Behavior\ParseTemplateBehavior [ RunTime:0.006000s ]
INFO: [ view_parse ] --END-- [ RunTime:0.006000s ]
INFO: [ view_filter ] --START--
INFO: Run Behavior\WriteHtmlCacheBehavior [ RunTime:0.001000s ]
INFO: [ view_filter ] --END-- [ RunTime:0.001000s ]
INFO: [ app_end ] --START--
INFO: Run Behavior\ShowPageTraceBehavior [ RunTime:0.000000s ]
INFO: [ app_end ] --END-- [ RunTime:0.000000s ]

[ 2017-01-30T12:34:31+08:00 ] 127.0.0.1 /index.php/Admin/Hospital/design.html
INFO: [ app_init ] --START--
INFO: Run Behavior\BuildLiteBehavior [ RunTime:0.000000s ]
INFO: [ app_init ] --END-- [ RunTime:0.001000s ]
INFO: [ app_begin ] --START--
INFO: Run Behavior\ReadHtmlCacheBehavior [ RunTime:0.000000s ]
INFO: [ app_begin ] --END-- [ RunTime:0.001000s ]
ERR: 非法操作:design

[ 2017-01-30T12:34:35+08:00 ] 127.0.0.1 /index.php/Admin/Hospital/add
INFO: [ app_init ] --START--
INFO: Run Behavior\BuildLiteBehavior [ RunTime:0.000000s ]
INFO: [ app_init ] --END-- [ RunTime:0.000000s ]
INFO: [ app_begin ] --START--
INFO: Run Behavior\ReadHtmlCacheBehavior [ RunTime:0.001000s ]
INFO: [ app_begin ] --END-- [ RunTime:0.001000s ]
SQL: SHOW COLUMNS FROM `think_hospital` [ RunTime:0.0020s ]
NOTIC: [8] Undefined index: validate D:\www\ghxt\ThinkPHP\Library\Think\Model.class.php 第 1185 行.
SQL: SELECT * FROM `think_hospital` WHERE `name` = 'gfgfhhg' LIMIT 1   [ RunTime:0.0000s ]
NOTIC: [8] Undefined index: auto D:\www\ghxt\ThinkPHP\Library\Think\Model.class.php 第 1128 行.
SQL: INSERT INTO `think_hospital` (`name`,`website`,`sort`,`addtime`) VALUES ('gfgfhhg','http://','666','1485750875') [ RunTime:0.0000s ]
NOTIC: [8] Undefined variable: a D:\www\ghxt\Crm\Admin\Model\HospitalModel.class.php 第 35 行.
SQL: 		DROP TABLE IF EXISTS `think_patient47`;
		CREATE TABLE `think_patient` (
		  `id` int(10) unsigned NOT NULL AUTO_INCREMENT COMMENT '//患者id',
		  `name` varchar(100) NOT NULL COMMENT '//患者姓名',
		  `age` varchar(100) NOT NULL COMMENT '//患者年龄',
		  `tel` varchar(100) NOT NULL COMMENT '//患者电话',
		  `qq` varchar(100) NOT NULL COMMENT '//患者QQ',
		  `entity` varchar(100) NOT NULL COMMENT '//病种名称',
		  `from` varchar(100) NOT NULL COMMENT '//来源渠道',
		  `department` varchar(100) NOT NULL COMMENT '//所属科室',
		  `appointtime` int(11) NOT NULL COMMENT '//预约时间',
		  `askcontent` varchar(255) NOT NULL COMMENT '//咨询内容',
		  `chatcontent` varchar(1000) NOT NULL COMMENT '//聊天内容',
		  `other` varchar(255) NOT NULL COMMENT '//备注信息',
		  PRIMARY KEY (`id`)
		) ENGINE=MyISAM AUTO_INCREMENT=5 DEFAULT CHARSET=utf8;	 [ RunTime:0.0000s ]
INFO: [ view_parse ] --START--
INFO: [ template_filter ] --START--
INFO: Run Behavior\ContentReplaceBehavior [ RunTime:0.000000s ]
INFO: [ template_filter ] --END-- [ RunTime:0.000000s ]
INFO: Run Behavior\ParseTemplateBehavior [ RunTime:0.004000s ]
INFO: [ view_parse ] --END-- [ RunTime:0.004000s ]
INFO: [ view_filter ] --START--
INFO: Run Behavior\WriteHtmlCacheBehavior [ RunTime:0.000000s ]
INFO: [ view_filter ] --END-- [ RunTime:0.000000s ]
INFO: [ app_end ] --START--
INFO: Run Behavior\ShowPageTraceBehavior [ RunTime:0.000000s ]
INFO: [ app_end ] --END-- [ RunTime:0.000000s ]

[ 2017-01-30T12:34:36+08:00 ] 127.0.0.1 /index.php/Admin/Hospital/Index.html
INFO: [ app_init ] --START--
INFO: Run Behavior\BuildLiteBehavior [ RunTime:0.000000s ]
INFO: [ app_init ] --END-- [ RunTime:0.001000s ]
INFO: [ app_begin ] --START--
INFO: Run Behavior\ReadHtmlCacheBehavior [ RunTime:0.000000s ]
INFO: [ app_begin ] --END-- [ RunTime:0.000000s ]
SQL: SHOW COLUMNS FROM `think_hospital` [ RunTime:0.0020s ]
SQL: SELECT COUNT(*) AS tp_count FROM `think_hospital` LIMIT 1   [ RunTime:0.0000s ]
SQL: SELECT * FROM `think_hospital` ORDER BY addtime asc LIMIT 0,5   [ RunTime:0.0000s ]
INFO: [ view_parse ] --START--
INFO: [ template_filter ] --START--
INFO: Run Behavior\ContentReplaceBehavior [ RunTime:0.000000s ]
INFO: [ template_filter ] --END-- [ RunTime:0.000000s ]
INFO: Run Behavior\ParseTemplateBehavior [ RunTime:0.008000s ]
INFO: [ view_parse ] --END-- [ RunTime:0.008000s ]
INFO: [ view_filter ] --START--
INFO: Run Behavior\WriteHtmlCacheBehavior [ RunTime:0.000000s ]
INFO: [ view_filter ] --END-- [ RunTime:0.000000s ]
INFO: [ app_end ] --START--
INFO: Run Behavior\ShowPageTraceBehavior [ RunTime:0.001000s ]
INFO: [ app_end ] --END-- [ RunTime:0.001000s ]

[ 2017-01-30T12:35:10+08:00 ] 127.0.0.1 /index.php/Admin/Hospital/add
INFO: [ app_init ] --START--
INFO: Run Behavior\BuildLiteBehavior [ RunTime:0.000000s ]
INFO: [ app_init ] --END-- [ RunTime:0.001000s ]
INFO: [ app_begin ] --START--
INFO: Run Behavior\ReadHtmlCacheBehavior [ RunTime:0.001000s ]
INFO: [ app_begin ] --END-- [ RunTime:0.001000s ]
INFO: [ view_parse ] --START--
INFO: [ template_filter ] --START--
INFO: Run Behavior\ContentReplaceBehavior [ RunTime:0.000000s ]
INFO: [ template_filter ] --END-- [ RunTime:0.000000s ]
INFO: Run Behavior\ParseTemplateBehavior [ RunTime:0.009000s ]
INFO: [ view_parse ] --END-- [ RunTime:0.009000s ]
INFO: [ view_filter ] --START--
INFO: Run Behavior\WriteHtmlCacheBehavior [ RunTime:0.000000s ]
INFO: [ view_filter ] --END-- [ RunTime:0.000000s ]
INFO: [ app_end ] --START--
INFO: Run Behavior\ShowPageTraceBehavior [ RunTime:0.001000s ]
INFO: [ app_end ] --END-- [ RunTime:0.001000s ]

[ 2017-01-30T12:35:15+08:00 ] 127.0.0.1 /index.php/Admin/Hospital/add
INFO: [ app_init ] --START--
INFO: Run Behavior\BuildLiteBehavior [ RunTime:0.000000s ]
INFO: [ app_init ] --END-- [ RunTime:0.000000s ]
INFO: [ app_begin ] --START--
INFO: Run Behavior\ReadHtmlCacheBehavior [ RunTime:0.000000s ]
INFO: [ app_begin ] --END-- [ RunTime:0.000000s ]
SQL: SHOW COLUMNS FROM `think_hospital` [ RunTime:0.0020s ]
NOTIC: [8] Undefined index: validate D:\www\ghxt\ThinkPHP\Library\Think\Model.class.php 第 1185 行.
SQL: SELECT * FROM `think_hospital` WHERE `name` = '86' LIMIT 1   [ RunTime:0.0000s ]
NOTIC: [8] Undefined index: auto D:\www\ghxt\ThinkPHP\Library\Think\Model.class.php 第 1128 行.
SQL: INSERT INTO `think_hospital` (`name`,`website`,`sort`,`addtime`) VALUES ('86','http://','86','1485750915') [ RunTime:0.0000s ]
NOTIC: [8] Undefined variable: a D:\www\ghxt\Crm\Admin\Model\HospitalModel.class.php 第 35 行.
SQL: 		DROP TABLE IF EXISTS `think_patient48`;
		CREATE TABLE `think_patient` (
		  `id` int(10) unsigned NOT NULL AUTO_INCREMENT COMMENT '//患者id',
		  `name` varchar(100) NOT NULL COMMENT '//患者姓名',
		  `age` varchar(100) NOT NULL COMMENT '//患者年龄',
		  `tel` varchar(100) NOT NULL COMMENT '//患者电话',
		  `qq` varchar(100) NOT NULL COMMENT '//患者QQ',
		  `entity` varchar(100) NOT NULL COMMENT '//病种名称',
		  `from` varchar(100) NOT NULL COMMENT '//来源渠道',
		  `department` varchar(100) NOT NULL COMMENT '//所属科室',
		  `appointtime` int(11) NOT NULL COMMENT '//预约时间',
		  `askcontent` varchar(255) NOT NULL COMMENT '//咨询内容',
		  `chatcontent` varchar(1000) NOT NULL COMMENT '//聊天内容',
		  `other` varchar(255) NOT NULL COMMENT '//备注信息',
		  PRIMARY KEY (`id`)
		) ENGINE=MyISAM AUTO_INCREMENT=5 DEFAULT CHARSET=utf8;	 [ RunTime:0.0000s ]
INFO: [ view_parse ] --START--
INFO: [ template_filter ] --START--
INFO: Run Behavior\ContentReplaceBehavior [ RunTime:0.000000s ]
INFO: [ template_filter ] --END-- [ RunTime:0.000000s ]
INFO: Run Behavior\ParseTemplateBehavior [ RunTime:0.005000s ]
INFO: [ view_parse ] --END-- [ RunTime:0.005000s ]
INFO: [ view_filter ] --START--
INFO: Run Behavior\WriteHtmlCacheBehavior [ RunTime:0.000000s ]
INFO: [ view_filter ] --END-- [ RunTime:0.000000s ]
INFO: [ app_end ] --START--
INFO: Run Behavior\ShowPageTraceBehavior [ RunTime:0.000000s ]
INFO: [ app_end ] --END-- [ RunTime:0.000000s ]

[ 2017-01-30T12:35:16+08:00 ] 127.0.0.1 /index.php/Admin/Hospital/Index.html
INFO: [ app_init ] --START--
INFO: Run Behavior\BuildLiteBehavior [ RunTime:0.000000s ]
INFO: [ app_init ] --END-- [ RunTime:0.001000s ]
INFO: [ app_begin ] --START--
INFO: Run Behavior\ReadHtmlCacheBehavior [ RunTime:0.000000s ]
INFO: [ app_begin ] --END-- [ RunTime:0.000000s ]
SQL: SHOW COLUMNS FROM `think_hospital` [ RunTime:0.0030s ]
SQL: SELECT COUNT(*) AS tp_count FROM `think_hospital` LIMIT 1   [ RunTime:0.0010s ]
SQL: SELECT * FROM `think_hospital` ORDER BY addtime asc LIMIT 0,5   [ RunTime:0.0010s ]
INFO: [ view_parse ] --START--
INFO: [ template_filter ] --START--
INFO: Run Behavior\ContentReplaceBehavior [ RunTime:0.000000s ]
INFO: [ template_filter ] --END-- [ RunTime:0.000000s ]
INFO: Run Behavior\ParseTemplateBehavior [ RunTime:0.008000s ]
INFO: [ view_parse ] --END-- [ RunTime:0.008000s ]
INFO: [ view_filter ] --START--
INFO: Run Behavior\WriteHtmlCacheBehavior [ RunTime:0.000000s ]
INFO: [ view_filter ] --END-- [ RunTime:0.000000s ]
INFO: [ app_end ] --START--
INFO: Run Behavior\ShowPageTraceBehavior [ RunTime:0.001000s ]
INFO: [ app_end ] --END-- [ RunTime:0.001000s ]

[ 2017-01-30T12:35:30+08:00 ] 127.0.0.1 /index.php/Admin/Hospital/Index
INFO: [ app_init ] --START--
INFO: Run Behavior\BuildLiteBehavior [ RunTime:0.000000s ]
INFO: [ app_init ] --END-- [ RunTime:0.000000s ]
INFO: [ app_begin ] --START--
INFO: Run Behavior\ReadHtmlCacheBehavior [ RunTime:0.000000s ]
INFO: [ app_begin ] --END-- [ RunTime:0.000000s ]
SQL: SHOW COLUMNS FROM `think_hospital` [ RunTime:0.0020s ]
SQL: SELECT COUNT(*) AS tp_count FROM `think_hospital` LIMIT 1   [ RunTime:0.0000s ]
SQL: SELECT * FROM `think_hospital` ORDER BY addtime asc LIMIT 0,5   [ RunTime:0.0000s ]
INFO: [ view_parse ] --START--
INFO: [ template_filter ] --START--
INFO: Run Behavior\ContentReplaceBehavior [ RunTime:0.000000s ]
INFO: [ template_filter ] --END-- [ RunTime:0.000000s ]
INFO: Run Behavior\ParseTemplateBehavior [ RunTime:0.006000s ]
INFO: [ view_parse ] --END-- [ RunTime:0.006000s ]
INFO: [ view_filter ] --START--
INFO: Run Behavior\WriteHtmlCacheBehavior [ RunTime:0.000000s ]
INFO: [ view_filter ] --END-- [ RunTime:0.000000s ]
INFO: [ app_end ] --START--
INFO: Run Behavior\ShowPageTraceBehavior [ RunTime:0.001000s ]
INFO: [ app_end ] --END-- [ RunTime:0.001000s ]

[ 2017-01-30T12:35:46+08:00 ] 127.0.0.1 /index.php/Admin/Hospital/Index/p/2.html
INFO: [ app_init ] --START--
INFO: Run Behavior\BuildLiteBehavior [ RunTime:0.000000s ]
INFO: [ app_init ] --END-- [ RunTime:0.001000s ]
INFO: [ app_begin ] --START--
INFO: Run Behavior\ReadHtmlCacheBehavior [ RunTime:0.001000s ]
INFO: [ app_begin ] --END-- [ RunTime:0.001000s ]
SQL: SHOW COLUMNS FROM `think_hospital` [ RunTime:0.0020s ]
SQL: SELECT COUNT(*) AS tp_count FROM `think_hospital` LIMIT 1   [ RunTime:0.0010s ]
SQL: SELECT * FROM `think_hospital` ORDER BY addtime asc LIMIT 5,5   [ RunTime:0.0000s ]
INFO: [ view_parse ] --START--
INFO: [ template_filter ] --START--
INFO: Run Behavior\ContentReplaceBehavior [ RunTime:0.000000s ]
INFO: [ template_filter ] --END-- [ RunTime:0.000000s ]
INFO: Run Behavior\ParseTemplateBehavior [ RunTime:0.008000s ]
INFO: [ view_parse ] --END-- [ RunTime:0.008000s ]
INFO: [ view_filter ] --START--
INFO: Run Behavior\WriteHtmlCacheBehavior [ RunTime:0.000000s ]
INFO: [ view_filter ] --END-- [ RunTime:0.000000s ]
INFO: [ app_end ] --START--
INFO: Run Behavior\ShowPageTraceBehavior [ RunTime:0.000000s ]
INFO: [ app_end ] --END-- [ RunTime:0.001000s ]

[ 2017-01-30T12:35:47+08:00 ] 127.0.0.1 /index.php/Admin/Hospital/Index/p/1.html
INFO: [ app_init ] --START--
INFO: Run Behavior\BuildLiteBehavior [ RunTime:0.000000s ]
INFO: [ app_init ] --END-- [ RunTime:0.000000s ]
INFO: [ app_begin ] --START--
INFO: Run Behavior\ReadHtmlCacheBehavior [ RunTime:0.000000s ]
INFO: [ app_begin ] --END-- [ RunTime:0.000000s ]
SQL: SHOW COLUMNS FROM `think_hospital` [ RunTime:0.0020s ]
SQL: SELECT COUNT(*) AS tp_count FROM `think_hospital` LIMIT 1   [ RunTime:0.0000s ]
SQL: SELECT * FROM `think_hospital` ORDER BY addtime asc LIMIT 0,5   [ RunTime:0.0000s ]
INFO: [ view_parse ] --START--
INFO: [ template_filter ] --START--
INFO: Run Behavior\ContentReplaceBehavior [ RunTime:0.000000s ]
INFO: [ template_filter ] --END-- [ RunTime:0.000000s ]
INFO: Run Behavior\ParseTemplateBehavior [ RunTime:0.007000s ]
INFO: [ view_parse ] --END-- [ RunTime:0.007000s ]
INFO: [ view_filter ] --START--
INFO: Run Behavior\WriteHtmlCacheBehavior [ RunTime:0.001000s ]
INFO: [ view_filter ] --END-- [ RunTime:0.001000s ]
INFO: [ app_end ] --START--
INFO: Run Behavior\ShowPageTraceBehavior [ RunTime:0.000000s ]
INFO: [ app_end ] --END-- [ RunTime:0.000000s ]

[ 2017-01-30T12:35:48+08:00 ] 127.0.0.1 /index.php/Admin/Hospital/Index/p/2.html
INFO: [ app_init ] --START--
INFO: Run Behavior\BuildLiteBehavior [ RunTime:0.000000s ]
INFO: [ app_init ] --END-- [ RunTime:0.001000s ]
INFO: [ app_begin ] --START--
INFO: Run Behavior\ReadHtmlCacheBehavior [ RunTime:0.001000s ]
INFO: [ app_begin ] --END-- [ RunTime:0.001000s ]
SQL: SHOW COLUMNS FROM `think_hospital` [ RunTime:0.0020s ]
SQL: SELECT COUNT(*) AS tp_count FROM `think_hospital` LIMIT 1   [ RunTime:0.0000s ]
SQL: SELECT * FROM `think_hospital` ORDER BY addtime asc LIMIT 5,5   [ RunTime:0.0010s ]
INFO: [ view_parse ] --START--
INFO: [ template_filter ] --START--
INFO: Run Behavior\ContentReplaceBehavior [ RunTime:0.000000s ]
INFO: [ template_filter ] --END-- [ RunTime:0.000000s ]
INFO: Run Behavior\ParseTemplateBehavior [ RunTime:0.008000s ]
INFO: [ view_parse ] --END-- [ RunTime:0.008000s ]
INFO: [ view_filter ] --START--
INFO: Run Behavior\WriteHtmlCacheBehavior [ RunTime:0.000000s ]
INFO: [ view_filter ] --END-- [ RunTime:0.001000s ]
INFO: [ app_end ] --START--
INFO: Run Behavior\ShowPageTraceBehavior [ RunTime:0.000000s ]
INFO: [ app_end ] --END-- [ RunTime:0.000000s ]

[ 2017-01-30T12:35:54+08:00 ] 127.0.0.1 /index.php/Admin/Hospital/Index/p/1.html
INFO: [ app_init ] --START--
INFO: Run Behavior\BuildLiteBehavior [ RunTime:0.000000s ]
INFO: [ app_init ] --END-- [ RunTime:0.001000s ]
INFO: [ app_begin ] --START--
INFO: Run Behavior\ReadHtmlCacheBehavior [ RunTime:0.001000s ]
INFO: [ app_begin ] --END-- [ RunTime:0.001000s ]
SQL: SHOW COLUMNS FROM `think_hospital` [ RunTime:0.0030s ]
SQL: SELECT COUNT(*) AS tp_count FROM `think_hospital` LIMIT 1   [ RunTime:0.0000s ]
SQL: SELECT * FROM `think_hospital` ORDER BY addtime asc LIMIT 0,5   [ RunTime:0.0000s ]
INFO: [ view_parse ] --START--
INFO: [ template_filter ] --START--
INFO: Run Behavior\ContentReplaceBehavior [ RunTime:0.000000s ]
INFO: [ template_filter ] --END-- [ RunTime:0.000000s ]
INFO: Run Behavior\ParseTemplateBehavior [ RunTime:0.006000s ]
INFO: [ view_parse ] --END-- [ RunTime:0.006000s ]
INFO: [ view_filter ] --START--
INFO: Run Behavior\WriteHtmlCacheBehavior [ RunTime:0.000000s ]
INFO: [ view_filter ] --END-- [ RunTime:0.000000s ]
INFO: [ app_end ] --START--
INFO: Run Behavior\ShowPageTraceBehavior [ RunTime:0.001000s ]
INFO: [ app_end ] --END-- [ RunTime:0.001000s ]

