[ 2017-06-30T10:33:31+08:00 ] 101.226.99.197 /Admin/Login/index.html
INFO: [ app_init ] --START--
INFO: Run Behavior\BuildLiteBehavior [ RunTime:0.000015s ]
INFO: [ app_init ] --END-- [ RunTime:0.000297s ]
INFO: [ app_begin ] --START--
INFO: Run Behavior\ReadHtmlCacheBehavior [ RunTime:0.000367s ]
INFO: [ app_begin ] --END-- [ RunTime:0.000408s ]
INFO: [ view_parse ] --START--
INFO: [ template_filter ] --START--
INFO: Run Behavior\ContentReplaceBehavior [ RunTime:0.000043s ]
INFO: [ template_filter ] --END-- [ RunTime:0.000084s ]
INFO: Run Behavior\ParseTemplateBehavior [ RunTime:0.005123s ]
INFO: [ view_parse ] --END-- [ RunTime:0.005162s ]
INFO: [ view_filter ] --START--
INFO: Run Behavior\WriteHtmlCacheBehavior [ RunTime:0.000122s ]
INFO: [ view_filter ] --END-- [ RunTime:0.000155s ]
INFO: [ app_end ] --START--
INFO: Run Behavior\ShowPageTraceBehavior [ RunTime:0.000388s ]
INFO: [ app_end ] --END-- [ RunTime:0.000423s ]

[ 2017-06-30T14:08:45+08:00 ] 113.118.170.217 /Admin/Login/index.html
INFO: [ app_init ] --START--
INFO: Run Behavior\BuildLiteBehavior [ RunTime:0.000019s ]
INFO: [ app_init ] --END-- [ RunTime:0.000383s ]
INFO: [ app_begin ] --START--
INFO: Run Behavior\ReadHtmlCacheBehavior [ RunTime:0.000403s ]
INFO: [ app_begin ] --END-- [ RunTime:0.000442s ]
INFO: [ view_parse ] --START--
INFO: [ template_filter ] --START--
INFO: Run Behavior\ContentReplaceBehavior [ RunTime:0.000065s ]
INFO: [ template_filter ] --END-- [ RunTime:0.000112s ]
INFO: Run Behavior\ParseTemplateBehavior [ RunTime:0.004654s ]
INFO: [ view_parse ] --END-- [ RunTime:0.004695s ]
INFO: [ view_filter ] --START--
INFO: Run Behavior\WriteHtmlCacheBehavior [ RunTime:0.000122s ]
INFO: [ view_filter ] --END-- [ RunTime:0.000154s ]
INFO: [ app_end ] --START--
INFO: Run Behavior\ShowPageTraceBehavior [ RunTime:0.000435s ]
INFO: [ app_end ] --END-- [ RunTime:0.000472s ]

[ 2017-06-30T14:08:54+08:00 ] 113.118.170.217 /Admin/Login/Login
INFO: [ app_init ] --START--
INFO: Run Behavior\BuildLiteBehavior [ RunTime:0.000013s ]
INFO: [ app_init ] --END-- [ RunTime:0.000281s ]
INFO: [ app_begin ] --START--
INFO: Run Behavior\ReadHtmlCacheBehavior [ RunTime:0.000342s ]
INFO: [ app_begin ] --END-- [ RunTime:0.000383s ]
SQL: SHOW COLUMNS FROM `think_user` [ RunTime:0.0021s ]
NOTIC: [8] Undefined index: validate /data/wwwroot/ceyuan1/ThinkPHP/Library/Think/Model.class.php 第 1185 行.
NOTIC: [8] Undefined index: auto /data/wwwroot/ceyuan1/ThinkPHP/Library/Think/Model.class.php 第 1128 行.
SQL: SELECT * FROM `think_user` WHERE `username` = 'admin' LIMIT 1   [ RunTime:0.0003s ]
INFO: [ view_parse ] --START--
INFO: [ template_filter ] --START--
INFO: Run Behavior\ContentReplaceBehavior [ RunTime:0.000044s ]
INFO: [ template_filter ] --END-- [ RunTime:0.000090s ]
INFO: Run Behavior\ParseTemplateBehavior [ RunTime:0.004499s ]
INFO: [ view_parse ] --END-- [ RunTime:0.004540s ]
INFO: [ view_filter ] --START--
INFO: Run Behavior\WriteHtmlCacheBehavior [ RunTime:0.000146s ]
INFO: [ view_filter ] --END-- [ RunTime:0.000182s ]
INFO: [ app_end ] --START--
INFO: Run Behavior\ShowPageTraceBehavior [ RunTime:0.000385s ]
INFO: [ app_end ] --END-- [ RunTime:0.000421s ]

[ 2017-06-30T14:08:57+08:00 ] 113.118.170.217 /Admin/Index/index.html
INFO: [ app_init ] --START--
INFO: Run Behavior\BuildLiteBehavior [ RunTime:0.000013s ]
INFO: [ app_init ] --END-- [ RunTime:0.000346s ]
INFO: [ app_begin ] --START--
INFO: Run Behavior\ReadHtmlCacheBehavior [ RunTime:0.000356s ]
INFO: [ app_begin ] --END-- [ RunTime:0.000395s ]
INFO: [ view_parse ] --START--
INFO: [ template_filter ] --START--
INFO: Run Behavior\ContentReplaceBehavior [ RunTime:0.000048s ]
INFO: [ template_filter ] --END-- [ RunTime:0.000107s ]
NOTIC: [8] Use of undefined constant upload_max_filesize - assumed 'upload_max_filesize' /data/wwwroot/ceyuan1/Crm/Runtime/Cache/Admin/e0274a4b86e7ba5d066849c021969eb0.php 第 103 行.
INFO: Run Behavior\ParseTemplateBehavior [ RunTime:0.006702s ]
INFO: [ view_parse ] --END-- [ RunTime:0.006741s ]
INFO: [ view_filter ] --START--
INFO: Run Behavior\WriteHtmlCacheBehavior [ RunTime:0.000123s ]
INFO: [ view_filter ] --END-- [ RunTime:0.000156s ]
INFO: [ app_end ] --START--
INFO: Run Behavior\ShowPageTraceBehavior [ RunTime:0.000391s ]
INFO: [ app_end ] --END-- [ RunTime:0.000428s ]

[ 2017-06-30T14:08:59+08:00 ] 113.118.170.217 /Admin/Trouble/daochu
INFO: [ app_init ] --START--
INFO: Run Behavior\BuildLiteBehavior [ RunTime:0.000013s ]
INFO: [ app_init ] --END-- [ RunTime:0.000277s ]
INFO: [ app_begin ] --START--
INFO: Run Behavior\ReadHtmlCacheBehavior [ RunTime:0.000373s ]
INFO: [ app_begin ] --END-- [ RunTime:0.000413s ]
INFO: [ view_parse ] --START--
INFO: [ template_filter ] --START--
INFO: Run Behavior\ContentReplaceBehavior [ RunTime:0.000043s ]
INFO: [ template_filter ] --END-- [ RunTime:0.000084s ]
INFO: Run Behavior\ParseTemplateBehavior [ RunTime:0.005923s ]
INFO: [ view_parse ] --END-- [ RunTime:0.005984s ]
INFO: [ view_filter ] --START--
INFO: Run Behavior\WriteHtmlCacheBehavior [ RunTime:0.000123s ]
INFO: [ view_filter ] --END-- [ RunTime:0.000157s ]
INFO: [ app_end ] --START--
INFO: Run Behavior\ShowPageTraceBehavior [ RunTime:0.000364s ]
INFO: [ app_end ] --END-- [ RunTime:0.000400s ]

[ 2017-06-30T14:09:17+08:00 ] 113.118.170.217 /Admin/Trouble/daochu
INFO: [ app_init ] --START--
INFO: Run Behavior\BuildLiteBehavior [ RunTime:0.000015s ]
INFO: [ app_init ] --END-- [ RunTime:0.000302s ]
INFO: [ app_begin ] --START--
INFO: Run Behavior\ReadHtmlCacheBehavior [ RunTime:0.000545s ]
INFO: [ app_begin ] --END-- [ RunTime:0.000608s ]
SQL: SHOW COLUMNS FROM `think_trouble` [ RunTime:0.0020s ]
SQL: SELECT `id`,`order`,`state`,`cishu`,`office`,`place`,`question`,`addtime`,`lasttime`,`adduser` FROM `think_trouble` WHERE `addtime` BETWEEN 1498406400 AND 1498406400  [ RunTime:0.0006s ]
NOTIC: [8] Undefined variable: question /data/wwwroot/ceyuan1/Crm/Admin/Controller/TroubleController.class.php 第 433 行.
SQL: SHOW COLUMNS FROM `think_troublelist` [ RunTime:0.0021s ]
SQL: SELECT * FROM `think_troublelist` WHERE `uid` = 971  [ RunTime:0.0004s ]
NOTIC: [8] Use of undefined constant remark - assumed 'remark' /data/wwwroot/ceyuan1/Crm/Admin/Controller/TroubleController.class.php 第 469 行.
NOTIC: [8] Use of undefined constant remark - assumed 'remark' /data/wwwroot/ceyuan1/Crm/Admin/Controller/TroubleController.class.php 第 473 行.
NOTIC: [8] Use of undefined constant yuanyin - assumed 'yuanyin' /data/wwwroot/ceyuan1/Crm/Admin/Controller/TroubleController.class.php 第 475 行.
SQL: SELECT * FROM `think_troublelist` WHERE `uid` = 972  [ RunTime:0.0004s ]
NOTIC: [8] Use of undefined constant remark - assumed 'remark' /data/wwwroot/ceyuan1/Crm/Admin/Controller/TroubleController.class.php 第 469 行.
NOTIC: [8] Use of undefined constant remark - assumed 'remark' /data/wwwroot/ceyuan1/Crm/Admin/Controller/TroubleController.class.php 第 473 行.
NOTIC: [8] Use of undefined constant yuanyin - assumed 'yuanyin' /data/wwwroot/ceyuan1/Crm/Admin/Controller/TroubleController.class.php 第 475 行.
SQL: SELECT * FROM `think_troublelist` WHERE `uid` = 973  [ RunTime:0.0004s ]
SQL: SELECT * FROM `think_troublelist` WHERE `uid` = 974  [ RunTime:0.0004s ]
NOTIC: [8] Use of undefined constant remark - assumed 'remark' /data/wwwroot/ceyuan1/Crm/Admin/Controller/TroubleController.class.php 第 469 行.
NOTIC: [8] Use of undefined constant yuanyin - assumed 'yuanyin' /data/wwwroot/ceyuan1/Crm/Admin/Controller/TroubleController.class.php 第 475 行.
SQL: SELECT * FROM `think_troublelist` WHERE `uid` = 975  [ RunTime:0.0004s ]
NOTIC: [8] Use of undefined constant remark - assumed 'remark' /data/wwwroot/ceyuan1/Crm/Admin/Controller/TroubleController.class.php 第 469 行.
NOTIC: [8] Use of undefined constant yuanyin - assumed 'yuanyin' /data/wwwroot/ceyuan1/Crm/Admin/Controller/TroubleController.class.php 第 475 行.
SQL: SELECT * FROM `think_troublelist` WHERE `uid` = 976  [ RunTime:0.0004s ]
NOTIC: [8] Use of undefined constant remark - assumed 'remark' /data/wwwroot/ceyuan1/Crm/Admin/Controller/TroubleController.class.php 第 469 行.
NOTIC: [8] Use of undefined constant yuanyin - assumed 'yuanyin' /data/wwwroot/ceyuan1/Crm/Admin/Controller/TroubleController.class.php 第 475 行.
SQL: SELECT * FROM `think_troublelist` WHERE `uid` = 977  [ RunTime:0.0004s ]
NOTIC: [8] Use of undefined constant remark - assumed 'remark' /data/wwwroot/ceyuan1/Crm/Admin/Controller/TroubleController.class.php 第 469 行.
NOTIC: [8] Use of undefined constant yuanyin - assumed 'yuanyin' /data/wwwroot/ceyuan1/Crm/Admin/Controller/TroubleController.class.php 第 475 行.
SQL: SELECT * FROM `think_troublelist` WHERE `uid` = 978  [ RunTime:0.0004s ]
NOTIC: [8] Use of undefined constant remark - assumed 'remark' /data/wwwroot/ceyuan1/Crm/Admin/Controller/TroubleController.class.php 第 469 行.
NOTIC: [8] Use of undefined constant yuanyin - assumed 'yuanyin' /data/wwwroot/ceyuan1/Crm/Admin/Controller/TroubleController.class.php 第 475 行.
SQL: SELECT * FROM `think_troublelist` WHERE `uid` = 979  [ RunTime:0.0004s ]
NOTIC: [8] Use of undefined constant remark - assumed 'remark' /data/wwwroot/ceyuan1/Crm/Admin/Controller/TroubleController.class.php 第 469 行.
NOTIC: [8] Use of undefined constant yuanyin - assumed 'yuanyin' /data/wwwroot/ceyuan1/Crm/Admin/Controller/TroubleController.class.php 第 475 行.
SQL: SELECT * FROM `think_troublelist` WHERE `uid` = 980  [ RunTime:0.0004s ]
NOTIC: [8] Use of undefined constant remark - assumed 'remark' /data/wwwroot/ceyuan1/Crm/Admin/Controller/TroubleController.class.php 第 469 行.
NOTIC: [8] Use of undefined constant yuanyin - assumed 'yuanyin' /data/wwwroot/ceyuan1/Crm/Admin/Controller/TroubleController.class.php 第 475 行.
SQL: SELECT * FROM `think_troublelist` WHERE `uid` = 981  [ RunTime:0.0004s ]
NOTIC: [8] Use of undefined constant remark - assumed 'remark' /data/wwwroot/ceyuan1/Crm/Admin/Controller/TroubleController.class.php 第 469 行.
NOTIC: [8] Use of undefined constant yuanyin - assumed 'yuanyin' /data/wwwroot/ceyuan1/Crm/Admin/Controller/TroubleController.class.php 第 475 行.
SQL: SELECT * FROM `think_troublelist` WHERE `uid` = 982  [ RunTime:0.0004s ]
NOTIC: [8] Use of undefined constant remark - assumed 'remark' /data/wwwroot/ceyuan1/Crm/Admin/Controller/TroubleController.class.php 第 469 行.
NOTIC: [8] Use of undefined constant yuanyin - assumed 'yuanyin' /data/wwwroot/ceyuan1/Crm/Admin/Controller/TroubleController.class.php 第 475 行.
SQL: SELECT * FROM `think_troublelist` WHERE `uid` = 983  [ RunTime:0.0004s ]
NOTIC: [8] Use of undefined constant remark - assumed 'remark' /data/wwwroot/ceyuan1/Crm/Admin/Controller/TroubleController.class.php 第 469 行.
NOTIC: [8] Use of undefined constant yuanyin - assumed 'yuanyin' /data/wwwroot/ceyuan1/Crm/Admin/Controller/TroubleController.class.php 第 475 行.
SQL: SELECT * FROM `think_troublelist` WHERE `uid` = 984  [ RunTime:0.0004s ]
NOTIC: [8] Use of undefined constant remark - assumed 'remark' /data/wwwroot/ceyuan1/Crm/Admin/Controller/TroubleController.class.php 第 469 行.
NOTIC: [8] Use of undefined constant remark - assumed 'remark' /data/wwwroot/ceyuan1/Crm/Admin/Controller/TroubleController.class.php 第 473 行.
NOTIC: [8] Use of undefined constant yuanyin - assumed 'yuanyin' /data/wwwroot/ceyuan1/Crm/Admin/Controller/TroubleController.class.php 第 475 行.
SQL: SELECT * FROM `think_troublelist` WHERE `uid` = 985  [ RunTime:0.0004s ]
NOTIC: [8] Use of undefined constant remark - assumed 'remark' /data/wwwroot/ceyuan1/Crm/Admin/Controller/TroubleController.class.php 第 469 行.
NOTIC: [8] Use of undefined constant yuanyin - assumed 'yuanyin' /data/wwwroot/ceyuan1/Crm/Admin/Controller/TroubleController.class.php 第 475 行.
SQL: SELECT * FROM `think_troublelist` WHERE `uid` = 986  [ RunTime:0.0004s ]
NOTIC: [8] Use of undefined constant remark - assumed 'remark' /data/wwwroot/ceyuan1/Crm/Admin/Controller/TroubleController.class.php 第 469 行.
NOTIC: [8] Use of undefined constant yuanyin - assumed 'yuanyin' /data/wwwroot/ceyuan1/Crm/Admin/Controller/TroubleController.class.php 第 475 行.
SQL: SELECT * FROM `think_troublelist` WHERE `uid` = 987  [ RunTime:0.0004s ]
SQL: SELECT * FROM `think_troublelist` WHERE `uid` = 988  [ RunTime:0.0007s ]
SQL: SELECT * FROM `think_troublelist` WHERE `uid` = 989  [ RunTime:0.0004s ]
SQL: SELECT * FROM `think_troublelist` WHERE `uid` = 990  [ RunTime:0.0004s ]
NOTIC: [8] Use of undefined constant remark - assumed 'remark' /data/wwwroot/ceyuan1/Crm/Admin/Controller/TroubleController.class.php 第 469 行.
NOTIC: [8] Use of undefined constant yuanyin - assumed 'yuanyin' /data/wwwroot/ceyuan1/Crm/Admin/Controller/TroubleController.class.php 第 475 行.
SQL: SELECT * FROM `think_troublelist` WHERE `uid` = 991  [ RunTime:0.0006s ]
NOTIC: [8] Use of undefined constant remark - assumed 'remark' /data/wwwroot/ceyuan1/Crm/Admin/Controller/TroubleController.class.php 第 469 行.
NOTIC: [8] Use of undefined constant yuanyin - assumed 'yuanyin' /data/wwwroot/ceyuan1/Crm/Admin/Controller/TroubleController.class.php 第 475 行.
SQL: SELECT * FROM `think_troublelist` WHERE `uid` = 992  [ RunTime:0.0005s ]
NOTIC: [8] Use of undefined constant remark - assumed 'remark' /data/wwwroot/ceyuan1/Crm/Admin/Controller/TroubleController.class.php 第 469 行.
NOTIC: [8] Use of undefined constant yuanyin - assumed 'yuanyin' /data/wwwroot/ceyuan1/Crm/Admin/Controller/TroubleController.class.php 第 475 行.
SQL: SELECT * FROM `think_troublelist` WHERE `uid` = 993  [ RunTime:0.0006s ]
NOTIC: [8] Use of undefined constant remark - assumed 'remark' /data/wwwroot/ceyuan1/Crm/Admin/Controller/TroubleController.class.php 第 469 行.
NOTIC: [8] Use of undefined constant yuanyin - assumed 'yuanyin' /data/wwwroot/ceyuan1/Crm/Admin/Controller/TroubleController.class.php 第 475 行.
SQL: SELECT * FROM `think_troublelist` WHERE `uid` = 994  [ RunTime:0.0004s ]
NOTIC: [8] Use of undefined constant remark - assumed 'remark' /data/wwwroot/ceyuan1/Crm/Admin/Controller/TroubleController.class.php 第 469 行.
NOTIC: [8] Use of undefined constant yuanyin - assumed 'yuanyin' /data/wwwroot/ceyuan1/Crm/Admin/Controller/TroubleController.class.php 第 475 行.

[ 2017-06-30T14:55:46+08:00 ] 113.118.170.217 /Admin/Trouble/daochu
INFO: [ app_init ] --START--
INFO: Run Behavior\BuildLiteBehavior [ RunTime:0.000014s ]
INFO: [ app_init ] --END-- [ RunTime:0.000343s ]
INFO: [ app_begin ] --START--
INFO: Run Behavior\ReadHtmlCacheBehavior [ RunTime:0.000361s ]
INFO: [ app_begin ] --END-- [ RunTime:0.000402s ]
SQL: SHOW COLUMNS FROM `think_trouble` [ RunTime:0.0020s ]
SQL: SELECT `id`,`order`,`state`,`cishu`,`office`,`place`,`question`,`addtime`,`lasttime`,`adduser` FROM `think_trouble` WHERE `addtime` BETWEEN 1498492800 AND 1498492800  [ RunTime:0.0006s ]
NOTIC: [8] Undefined variable: question /data/wwwroot/ceyuan1/Crm/Admin/Controller/TroubleController.class.php 第 433 行.
SQL: SHOW COLUMNS FROM `think_troublelist` [ RunTime:0.0018s ]
SQL: SELECT * FROM `think_troublelist` WHERE `uid` = 995  [ RunTime:0.0004s ]
NOTIC: [8] Use of undefined constant remark - assumed 'remark' /data/wwwroot/ceyuan1/Crm/Admin/Controller/TroubleController.class.php 第 469 行.
NOTIC: [8] Use of undefined constant yuanyin - assumed 'yuanyin' /data/wwwroot/ceyuan1/Crm/Admin/Controller/TroubleController.class.php 第 475 行.
SQL: SELECT * FROM `think_troublelist` WHERE `uid` = 996  [ RunTime:0.0004s ]
NOTIC: [8] Use of undefined constant remark - assumed 'remark' /data/wwwroot/ceyuan1/Crm/Admin/Controller/TroubleController.class.php 第 469 行.
NOTIC: [8] Use of undefined constant yuanyin - assumed 'yuanyin' /data/wwwroot/ceyuan1/Crm/Admin/Controller/TroubleController.class.php 第 475 行.
SQL: SELECT * FROM `think_troublelist` WHERE `uid` = 997  [ RunTime:0.0004s ]
NOTIC: [8] Use of undefined constant remark - assumed 'remark' /data/wwwroot/ceyuan1/Crm/Admin/Controller/TroubleController.class.php 第 469 行.
NOTIC: [8] Use of undefined constant yuanyin - assumed 'yuanyin' /data/wwwroot/ceyuan1/Crm/Admin/Controller/TroubleController.class.php 第 475 行.
SQL: SELECT * FROM `think_troublelist` WHERE `uid` = 998  [ RunTime:0.0004s ]
NOTIC: [8] Use of undefined constant remark - assumed 'remark' /data/wwwroot/ceyuan1/Crm/Admin/Controller/TroubleController.class.php 第 469 行.
NOTIC: [8] Use of undefined constant yuanyin - assumed 'yuanyin' /data/wwwroot/ceyuan1/Crm/Admin/Controller/TroubleController.class.php 第 475 行.
SQL: SELECT * FROM `think_troublelist` WHERE `uid` = 999  [ RunTime:0.0004s ]
NOTIC: [8] Use of undefined constant remark - assumed 'remark' /data/wwwroot/ceyuan1/Crm/Admin/Controller/TroubleController.class.php 第 469 行.
NOTIC: [8] Use of undefined constant yuanyin - assumed 'yuanyin' /data/wwwroot/ceyuan1/Crm/Admin/Controller/TroubleController.class.php 第 475 行.
SQL: SELECT * FROM `think_troublelist` WHERE `uid` = 1000  [ RunTime:0.0004s ]
NOTIC: [8] Use of undefined constant remark - assumed 'remark' /data/wwwroot/ceyuan1/Crm/Admin/Controller/TroubleController.class.php 第 469 行.
NOTIC: [8] Use of undefined constant yuanyin - assumed 'yuanyin' /data/wwwroot/ceyuan1/Crm/Admin/Controller/TroubleController.class.php 第 475 行.
SQL: SELECT * FROM `think_troublelist` WHERE `uid` = 1001  [ RunTime:0.0004s ]
NOTIC: [8] Use of undefined constant remark - assumed 'remark' /data/wwwroot/ceyuan1/Crm/Admin/Controller/TroubleController.class.php 第 469 行.
NOTIC: [8] Use of undefined constant yuanyin - assumed 'yuanyin' /data/wwwroot/ceyuan1/Crm/Admin/Controller/TroubleController.class.php 第 475 行.
SQL: SELECT * FROM `think_troublelist` WHERE `uid` = 1002  [ RunTime:0.0004s ]
SQL: SELECT * FROM `think_troublelist` WHERE `uid` = 1003  [ RunTime:0.0004s ]
NOTIC: [8] Use of undefined constant remark - assumed 'remark' /data/wwwroot/ceyuan1/Crm/Admin/Controller/TroubleController.class.php 第 469 行.
NOTIC: [8] Use of undefined constant yuanyin - assumed 'yuanyin' /data/wwwroot/ceyuan1/Crm/Admin/Controller/TroubleController.class.php 第 475 行.
SQL: SELECT * FROM `think_troublelist` WHERE `uid` = 1004  [ RunTime:0.0004s ]
NOTIC: [8] Use of undefined constant remark - assumed 'remark' /data/wwwroot/ceyuan1/Crm/Admin/Controller/TroubleController.class.php 第 469 行.
NOTIC: [8] Use of undefined constant yuanyin - assumed 'yuanyin' /data/wwwroot/ceyuan1/Crm/Admin/Controller/TroubleController.class.php 第 475 行.
SQL: SELECT * FROM `think_troublelist` WHERE `uid` = 1005  [ RunTime:0.0006s ]
NOTIC: [8] Use of undefined constant remark - assumed 'remark' /data/wwwroot/ceyuan1/Crm/Admin/Controller/TroubleController.class.php 第 469 行.
NOTIC: [8] Use of undefined constant remark - assumed 'remark' /data/wwwroot/ceyuan1/Crm/Admin/Controller/TroubleController.class.php 第 473 行.
NOTIC: [8] Use of undefined constant yuanyin - assumed 'yuanyin' /data/wwwroot/ceyuan1/Crm/Admin/Controller/TroubleController.class.php 第 475 行.
SQL: SELECT * FROM `think_troublelist` WHERE `uid` = 1006  [ RunTime:0.0004s ]
NOTIC: [8] Use of undefined constant remark - assumed 'remark' /data/wwwroot/ceyuan1/Crm/Admin/Controller/TroubleController.class.php 第 469 行.
NOTIC: [8] Use of undefined constant yuanyin - assumed 'yuanyin' /data/wwwroot/ceyuan1/Crm/Admin/Controller/TroubleController.class.php 第 475 行.
SQL: SELECT * FROM `think_troublelist` WHERE `uid` = 1007  [ RunTime:0.0004s ]
NOTIC: [8] Use of undefined constant remark - assumed 'remark' /data/wwwroot/ceyuan1/Crm/Admin/Controller/TroubleController.class.php 第 469 行.
NOTIC: [8] Use of undefined constant remark - assumed 'remark' /data/wwwroot/ceyuan1/Crm/Admin/Controller/TroubleController.class.php 第 473 行.
NOTIC: [8] Use of undefined constant yuanyin - assumed 'yuanyin' /data/wwwroot/ceyuan1/Crm/Admin/Controller/TroubleController.class.php 第 475 行.
SQL: SELECT * FROM `think_troublelist` WHERE `uid` = 1008  [ RunTime:0.0004s ]
NOTIC: [8] Use of undefined constant remark - assumed 'remark' /data/wwwroot/ceyuan1/Crm/Admin/Controller/TroubleController.class.php 第 469 行.
NOTIC: [8] Use of undefined constant yuanyin - assumed 'yuanyin' /data/wwwroot/ceyuan1/Crm/Admin/Controller/TroubleController.class.php 第 475 行.
SQL: SELECT * FROM `think_troublelist` WHERE `uid` = 1009  [ RunTime:0.0004s ]
NOTIC: [8] Use of undefined constant remark - assumed 'remark' /data/wwwroot/ceyuan1/Crm/Admin/Controller/TroubleController.class.php 第 469 行.
NOTIC: [8] Use of undefined constant remark - assumed 'remark' /data/wwwroot/ceyuan1/Crm/Admin/Controller/TroubleController.class.php 第 473 行.
NOTIC: [8] Use of undefined constant yuanyin - assumed 'yuanyin' /data/wwwroot/ceyuan1/Crm/Admin/Controller/TroubleController.class.php 第 475 行.
SQL: SELECT * FROM `think_troublelist` WHERE `uid` = 1010  [ RunTime:0.0004s ]
NOTIC: [8] Use of undefined constant remark - assumed 'remark' /data/wwwroot/ceyuan1/Crm/Admin/Controller/TroubleController.class.php 第 469 行.
NOTIC: [8] Use of undefined constant yuanyin - assumed 'yuanyin' /data/wwwroot/ceyuan1/Crm/Admin/Controller/TroubleController.class.php 第 475 行.

[ 2017-06-30T15:11:39+08:00 ] 113.118.170.217 /Admin/Trouble/daochu
INFO: [ app_init ] --START--
INFO: Run Behavior\BuildLiteBehavior [ RunTime:0.000014s ]
INFO: [ app_init ] --END-- [ RunTime:0.000294s ]
INFO: [ app_begin ] --START--
INFO: Run Behavior\ReadHtmlCacheBehavior [ RunTime:0.000361s ]
INFO: [ app_begin ] --END-- [ RunTime:0.000402s ]
SQL: SHOW COLUMNS FROM `think_trouble` [ RunTime:0.0025s ]
SQL: SELECT `id`,`order`,`state`,`cishu`,`office`,`place`,`question`,`addtime`,`lasttime`,`adduser` FROM `think_trouble` WHERE `addtime` BETWEEN 1498579200 AND 1498579200  [ RunTime:0.0060s ]
NOTIC: [8] Undefined variable: question /data/wwwroot/ceyuan1/Crm/Admin/Controller/TroubleController.class.php 第 433 行.
SQL: SHOW COLUMNS FROM `think_troublelist` [ RunTime:0.0019s ]
SQL: SELECT * FROM `think_troublelist` WHERE `uid` = 1011  [ RunTime:0.0004s ]
SQL: SELECT * FROM `think_troublelist` WHERE `uid` = 1012  [ RunTime:0.0004s ]
NOTIC: [8] Use of undefined constant remark - assumed 'remark' /data/wwwroot/ceyuan1/Crm/Admin/Controller/TroubleController.class.php 第 469 行.
NOTIC: [8] Use of undefined constant yuanyin - assumed 'yuanyin' /data/wwwroot/ceyuan1/Crm/Admin/Controller/TroubleController.class.php 第 475 行.
SQL: SELECT * FROM `think_troublelist` WHERE `uid` = 1013  [ RunTime:0.0004s ]
NOTIC: [8] Use of undefined constant remark - assumed 'remark' /data/wwwroot/ceyuan1/Crm/Admin/Controller/TroubleController.class.php 第 469 行.
NOTIC: [8] Use of undefined constant yuanyin - assumed 'yuanyin' /data/wwwroot/ceyuan1/Crm/Admin/Controller/TroubleController.class.php 第 475 行.
SQL: SELECT * FROM `think_troublelist` WHERE `uid` = 1014  [ RunTime:0.0004s ]
NOTIC: [8] Use of undefined constant remark - assumed 'remark' /data/wwwroot/ceyuan1/Crm/Admin/Controller/TroubleController.class.php 第 469 行.
NOTIC: [8] Use of undefined constant remark - assumed 'remark' /data/wwwroot/ceyuan1/Crm/Admin/Controller/TroubleController.class.php 第 473 行.
NOTIC: [8] Use of undefined constant yuanyin - assumed 'yuanyin' /data/wwwroot/ceyuan1/Crm/Admin/Controller/TroubleController.class.php 第 475 行.
SQL: SELECT * FROM `think_troublelist` WHERE `uid` = 1015  [ RunTime:0.0004s ]
NOTIC: [8] Use of undefined constant remark - assumed 'remark' /data/wwwroot/ceyuan1/Crm/Admin/Controller/TroubleController.class.php 第 469 行.
NOTIC: [8] Use of undefined constant yuanyin - assumed 'yuanyin' /data/wwwroot/ceyuan1/Crm/Admin/Controller/TroubleController.class.php 第 475 行.
SQL: SELECT * FROM `think_troublelist` WHERE `uid` = 1016  [ RunTime:0.0004s ]
NOTIC: [8] Use of undefined constant remark - assumed 'remark' /data/wwwroot/ceyuan1/Crm/Admin/Controller/TroubleController.class.php 第 469 行.
NOTIC: [8] Use of undefined constant yuanyin - assumed 'yuanyin' /data/wwwroot/ceyuan1/Crm/Admin/Controller/TroubleController.class.php 第 475 行.
SQL: SELECT * FROM `think_troublelist` WHERE `uid` = 1018  [ RunTime:0.0006s ]
NOTIC: [8] Use of undefined constant remark - assumed 'remark' /data/wwwroot/ceyuan1/Crm/Admin/Controller/TroubleController.class.php 第 469 行.
NOTIC: [8] Use of undefined constant yuanyin - assumed 'yuanyin' /data/wwwroot/ceyuan1/Crm/Admin/Controller/TroubleController.class.php 第 475 行.
SQL: SELECT * FROM `think_troublelist` WHERE `uid` = 1019  [ RunTime:0.0004s ]
NOTIC: [8] Use of undefined constant remark - assumed 'remark' /data/wwwroot/ceyuan1/Crm/Admin/Controller/TroubleController.class.php 第 469 行.
NOTIC: [8] Use of undefined constant yuanyin - assumed 'yuanyin' /data/wwwroot/ceyuan1/Crm/Admin/Controller/TroubleController.class.php 第 475 行.
SQL: SELECT * FROM `think_troublelist` WHERE `uid` = 1020  [ RunTime:0.0004s ]
NOTIC: [8] Use of undefined constant remark - assumed 'remark' /data/wwwroot/ceyuan1/Crm/Admin/Controller/TroubleController.class.php 第 469 行.
NOTIC: [8] Use of undefined constant yuanyin - assumed 'yuanyin' /data/wwwroot/ceyuan1/Crm/Admin/Controller/TroubleController.class.php 第 475 行.
SQL: SELECT * FROM `think_troublelist` WHERE `uid` = 1021  [ RunTime:0.0004s ]
NOTIC: [8] Use of undefined constant remark - assumed 'remark' /data/wwwroot/ceyuan1/Crm/Admin/Controller/TroubleController.class.php 第 469 行.
NOTIC: [8] Use of undefined constant yuanyin - assumed 'yuanyin' /data/wwwroot/ceyuan1/Crm/Admin/Controller/TroubleController.class.php 第 475 行.
SQL: SELECT * FROM `think_troublelist` WHERE `uid` = 1022  [ RunTime:0.0004s ]
NOTIC: [8] Use of undefined constant remark - assumed 'remark' /data/wwwroot/ceyuan1/Crm/Admin/Controller/TroubleController.class.php 第 469 行.
NOTIC: [8] Use of undefined constant yuanyin - assumed 'yuanyin' /data/wwwroot/ceyuan1/Crm/Admin/Controller/TroubleController.class.php 第 475 行.
SQL: SELECT * FROM `think_troublelist` WHERE `uid` = 1023  [ RunTime:0.0004s ]
NOTIC: [8] Use of undefined constant remark - assumed 'remark' /data/wwwroot/ceyuan1/Crm/Admin/Controller/TroubleController.class.php 第 469 行.
NOTIC: [8] Use of undefined constant yuanyin - assumed 'yuanyin' /data/wwwroot/ceyuan1/Crm/Admin/Controller/TroubleController.class.php 第 475 行.
SQL: SELECT * FROM `think_troublelist` WHERE `uid` = 1024  [ RunTime:0.0004s ]
NOTIC: [8] Use of undefined constant remark - assumed 'remark' /data/wwwroot/ceyuan1/Crm/Admin/Controller/TroubleController.class.php 第 469 行.
NOTIC: [8] Use of undefined constant remark - assumed 'remark' /data/wwwroot/ceyuan1/Crm/Admin/Controller/TroubleController.class.php 第 473 行.
NOTIC: [8] Use of undefined constant yuanyin - assumed 'yuanyin' /data/wwwroot/ceyuan1/Crm/Admin/Controller/TroubleController.class.php 第 475 行.
SQL: SELECT * FROM `think_troublelist` WHERE `uid` = 1025  [ RunTime:0.0004s ]
NOTIC: [8] Use of undefined constant remark - assumed 'remark' /data/wwwroot/ceyuan1/Crm/Admin/Controller/TroubleController.class.php 第 469 行.
NOTIC: [8] Use of undefined constant remark - assumed 'remark' /data/wwwroot/ceyuan1/Crm/Admin/Controller/TroubleController.class.php 第 473 行.
NOTIC: [8] Use of undefined constant yuanyin - assumed 'yuanyin' /data/wwwroot/ceyuan1/Crm/Admin/Controller/TroubleController.class.php 第 475 行.
SQL: SELECT * FROM `think_troublelist` WHERE `uid` = 1026  [ RunTime:0.0004s ]
NOTIC: [8] Use of undefined constant remark - assumed 'remark' /data/wwwroot/ceyuan1/Crm/Admin/Controller/TroubleController.class.php 第 469 行.
NOTIC: [8] Use of undefined constant yuanyin - assumed 'yuanyin' /data/wwwroot/ceyuan1/Crm/Admin/Controller/TroubleController.class.php 第 475 行.
SQL: SELECT * FROM `think_troublelist` WHERE `uid` = 1027  [ RunTime:0.0004s ]
NOTIC: [8] Use of undefined constant remark - assumed 'remark' /data/wwwroot/ceyuan1/Crm/Admin/Controller/TroubleController.class.php 第 469 行.
NOTIC: [8] Use of undefined constant yuanyin - assumed 'yuanyin' /data/wwwroot/ceyuan1/Crm/Admin/Controller/TroubleController.class.php 第 475 行.
SQL: SELECT * FROM `think_troublelist` WHERE `uid` = 1028  [ RunTime:0.0004s ]
NOTIC: [8] Use of undefined constant remark - assumed 'remark' /data/wwwroot/ceyuan1/Crm/Admin/Controller/TroubleController.class.php 第 469 行.
NOTIC: [8] Use of undefined constant yuanyin - assumed 'yuanyin' /data/wwwroot/ceyuan1/Crm/Admin/Controller/TroubleController.class.php 第 475 行.
SQL: SELECT * FROM `think_troublelist` WHERE `uid` = 1029  [ RunTime:0.0004s ]
NOTIC: [8] Use of undefined constant remark - assumed 'remark' /data/wwwroot/ceyuan1/Crm/Admin/Controller/TroubleController.class.php 第 469 行.
NOTIC: [8] Use of undefined constant yuanyin - assumed 'yuanyin' /data/wwwroot/ceyuan1/Crm/Admin/Controller/TroubleController.class.php 第 475 行.
SQL: SELECT * FROM `think_troublelist` WHERE `uid` = 1030  [ RunTime:0.0004s ]
NOTIC: [8] Use of undefined constant remark - assumed 'remark' /data/wwwroot/ceyuan1/Crm/Admin/Controller/TroubleController.class.php 第 469 行.
NOTIC: [8] Use of undefined constant yuanyin - assumed 'yuanyin' /data/wwwroot/ceyuan1/Crm/Admin/Controller/TroubleController.class.php 第 475 行.
SQL: SELECT * FROM `think_troublelist` WHERE `uid` = 1031  [ RunTime:0.0004s ]
NOTIC: [8] Use of undefined constant remark - assumed 'remark' /data/wwwroot/ceyuan1/Crm/Admin/Controller/TroubleController.class.php 第 469 行.
NOTIC: [8] Use of undefined constant yuanyin - assumed 'yuanyin' /data/wwwroot/ceyuan1/Crm/Admin/Controller/TroubleController.class.php 第 475 行.
SQL: SELECT * FROM `think_troublelist` WHERE `uid` = 1032  [ RunTime:0.0004s ]
NOTIC: [8] Use of undefined constant remark - assumed 'remark' /data/wwwroot/ceyuan1/Crm/Admin/Controller/TroubleController.class.php 第 469 行.
NOTIC: [8] Use of undefined constant yuanyin - assumed 'yuanyin' /data/wwwroot/ceyuan1/Crm/Admin/Controller/TroubleController.class.php 第 475 行.
SQL: SELECT * FROM `think_troublelist` WHERE `uid` = 1033  [ RunTime:0.0004s ]
NOTIC: [8] Use of undefined constant remark - assumed 'remark' /data/wwwroot/ceyuan1/Crm/Admin/Controller/TroubleController.class.php 第 469 行.
NOTIC: [8] Use of undefined constant yuanyin - assumed 'yuanyin' /data/wwwroot/ceyuan1/Crm/Admin/Controller/TroubleController.class.php 第 475 行.
SQL: SELECT * FROM `think_troublelist` WHERE `uid` = 1034  [ RunTime:0.0004s ]
NOTIC: [8] Use of undefined constant remark - assumed 'remark' /data/wwwroot/ceyuan1/Crm/Admin/Controller/TroubleController.class.php 第 469 行.
NOTIC: [8] Use of undefined constant yuanyin - assumed 'yuanyin' /data/wwwroot/ceyuan1/Crm/Admin/Controller/TroubleController.class.php 第 475 行.
SQL: SELECT * FROM `think_troublelist` WHERE `uid` = 1035  [ RunTime:0.0004s ]
NOTIC: [8] Use of undefined constant remark - assumed 'remark' /data/wwwroot/ceyuan1/Crm/Admin/Controller/TroubleController.class.php 第 469 行.
NOTIC: [8] Use of undefined constant yuanyin - assumed 'yuanyin' /data/wwwroot/ceyuan1/Crm/Admin/Controller/TroubleController.class.php 第 475 行.

[ 2017-06-30T15:52:17+08:00 ] 113.118.170.217 /Admin/Trouble/daochu
INFO: [ app_init ] --START--
INFO: Run Behavior\BuildLiteBehavior [ RunTime:0.000013s ]
INFO: [ app_init ] --END-- [ RunTime:0.000282s ]
INFO: [ app_begin ] --START--
INFO: Run Behavior\ReadHtmlCacheBehavior [ RunTime:0.000346s ]
INFO: [ app_begin ] --END-- [ RunTime:0.000385s ]
SQL: SHOW COLUMNS FROM `think_trouble` [ RunTime:0.0019s ]
SQL: SELECT `id`,`order`,`state`,`cishu`,`office`,`place`,`question`,`addtime`,`lasttime`,`adduser` FROM `think_trouble` WHERE `addtime` BETWEEN 1498665600 AND 1498665600  [ RunTime:0.0006s ]
NOTIC: [8] Undefined variable: question /data/wwwroot/ceyuan1/Crm/Admin/Controller/TroubleController.class.php 第 433 行.
SQL: SHOW COLUMNS FROM `think_troublelist` [ RunTime:0.0021s ]
SQL: SELECT * FROM `think_troublelist` WHERE `uid` = 1017  [ RunTime:0.0005s ]
NOTIC: [8] Use of undefined constant remark - assumed 'remark' /data/wwwroot/ceyuan1/Crm/Admin/Controller/TroubleController.class.php 第 469 行.
NOTIC: [8] Use of undefined constant yuanyin - assumed 'yuanyin' /data/wwwroot/ceyuan1/Crm/Admin/Controller/TroubleController.class.php 第 475 行.
SQL: SELECT * FROM `think_troublelist` WHERE `uid` = 1036  [ RunTime:0.0004s ]
NOTIC: [8] Use of undefined constant remark - assumed 'remark' /data/wwwroot/ceyuan1/Crm/Admin/Controller/TroubleController.class.php 第 469 行.
NOTIC: [8] Use of undefined constant yuanyin - assumed 'yuanyin' /data/wwwroot/ceyuan1/Crm/Admin/Controller/TroubleController.class.php 第 475 行.
SQL: SELECT * FROM `think_troublelist` WHERE `uid` = 1037  [ RunTime:0.0004s ]
NOTIC: [8] Use of undefined constant remark - assumed 'remark' /data/wwwroot/ceyuan1/Crm/Admin/Controller/TroubleController.class.php 第 469 行.
NOTIC: [8] Use of undefined constant remark - assumed 'remark' /data/wwwroot/ceyuan1/Crm/Admin/Controller/TroubleController.class.php 第 473 行.
NOTIC: [8] Use of undefined constant yuanyin - assumed 'yuanyin' /data/wwwroot/ceyuan1/Crm/Admin/Controller/TroubleController.class.php 第 475 行.
SQL: SELECT * FROM `think_troublelist` WHERE `uid` = 1038  [ RunTime:0.0004s ]
SQL: SELECT * FROM `think_troublelist` WHERE `uid` = 1039  [ RunTime:0.0004s ]
NOTIC: [8] Use of undefined constant remark - assumed 'remark' /data/wwwroot/ceyuan1/Crm/Admin/Controller/TroubleController.class.php 第 469 行.
NOTIC: [8] Use of undefined constant yuanyin - assumed 'yuanyin' /data/wwwroot/ceyuan1/Crm/Admin/Controller/TroubleController.class.php 第 475 行.
SQL: SELECT * FROM `think_troublelist` WHERE `uid` = 1040  [ RunTime:0.0004s ]
SQL: SELECT * FROM `think_troublelist` WHERE `uid` = 1041  [ RunTime:0.0004s ]
NOTIC: [8] Use of undefined constant remark - assumed 'remark' /data/wwwroot/ceyuan1/Crm/Admin/Controller/TroubleController.class.php 第 469 行.
NOTIC: [8] Use of undefined constant remark - assumed 'remark' /data/wwwroot/ceyuan1/Crm/Admin/Controller/TroubleController.class.php 第 473 行.
NOTIC: [8] Use of undefined constant yuanyin - assumed 'yuanyin' /data/wwwroot/ceyuan1/Crm/Admin/Controller/TroubleController.class.php 第 475 行.
SQL: SELECT * FROM `think_troublelist` WHERE `uid` = 1042  [ RunTime:0.0004s ]
NOTIC: [8] Use of undefined constant remark - assumed 'remark' /data/wwwroot/ceyuan1/Crm/Admin/Controller/TroubleController.class.php 第 469 行.
NOTIC: [8] Use of undefined constant yuanyin - assumed 'yuanyin' /data/wwwroot/ceyuan1/Crm/Admin/Controller/TroubleController.class.php 第 475 行.
SQL: SELECT * FROM `think_troublelist` WHERE `uid` = 1043  [ RunTime:0.0004s ]
NOTIC: [8] Use of undefined constant remark - assumed 'remark' /data/wwwroot/ceyuan1/Crm/Admin/Controller/TroubleController.class.php 第 469 行.
NOTIC: [8] Use of undefined constant yuanyin - assumed 'yuanyin' /data/wwwroot/ceyuan1/Crm/Admin/Controller/TroubleController.class.php 第 475 行.
SQL: SELECT * FROM `think_troublelist` WHERE `uid` = 1044  [ RunTime:0.0004s ]
NOTIC: [8] Use of undefined constant remark - assumed 'remark' /data/wwwroot/ceyuan1/Crm/Admin/Controller/TroubleController.class.php 第 469 行.
NOTIC: [8] Use of undefined constant remark - assumed 'remark' /data/wwwroot/ceyuan1/Crm/Admin/Controller/TroubleController.class.php 第 473 行.
NOTIC: [8] Use of undefined constant yuanyin - assumed 'yuanyin' /data/wwwroot/ceyuan1/Crm/Admin/Controller/TroubleController.class.php 第 475 行.
SQL: SELECT * FROM `think_troublelist` WHERE `uid` = 1045  [ RunTime:0.0004s ]
SQL: SELECT * FROM `think_troublelist` WHERE `uid` = 1046  [ RunTime:0.0004s ]
NOTIC: [8] Use of undefined constant remark - assumed 'remark' /data/wwwroot/ceyuan1/Crm/Admin/Controller/TroubleController.class.php 第 469 行.
NOTIC: [8] Use of undefined constant remark - assumed 'remark' /data/wwwroot/ceyuan1/Crm/Admin/Controller/TroubleController.class.php 第 473 行.
NOTIC: [8] Use of undefined constant yuanyin - assumed 'yuanyin' /data/wwwroot/ceyuan1/Crm/Admin/Controller/TroubleController.class.php 第 475 行.
SQL: SELECT * FROM `think_troublelist` WHERE `uid` = 1047  [ RunTime:0.0004s ]
NOTIC: [8] Use of undefined constant remark - assumed 'remark' /data/wwwroot/ceyuan1/Crm/Admin/Controller/TroubleController.class.php 第 469 行.
NOTIC: [8] Use of undefined constant remark - assumed 'remark' /data/wwwroot/ceyuan1/Crm/Admin/Controller/TroubleController.class.php 第 473 行.
NOTIC: [8] Use of undefined constant yuanyin - assumed 'yuanyin' /data/wwwroot/ceyuan1/Crm/Admin/Controller/TroubleController.class.php 第 475 行.
SQL: SELECT * FROM `think_troublelist` WHERE `uid` = 1048  [ RunTime:0.0006s ]
NOTIC: [8] Use of undefined constant remark - assumed 'remark' /data/wwwroot/ceyuan1/Crm/Admin/Controller/TroubleController.class.php 第 469 行.
NOTIC: [8] Use of undefined constant remark - assumed 'remark' /data/wwwroot/ceyuan1/Crm/Admin/Controller/TroubleController.class.php 第 473 行.
NOTIC: [8] Use of undefined constant yuanyin - assumed 'yuanyin' /data/wwwroot/ceyuan1/Crm/Admin/Controller/TroubleController.class.php 第 475 行.
SQL: SELECT * FROM `think_troublelist` WHERE `uid` = 1049  [ RunTime:0.0004s ]
NOTIC: [8] Use of undefined constant remark - assumed 'remark' /data/wwwroot/ceyuan1/Crm/Admin/Controller/TroubleController.class.php 第 469 行.
NOTIC: [8] Use of undefined constant yuanyin - assumed 'yuanyin' /data/wwwroot/ceyuan1/Crm/Admin/Controller/TroubleController.class.php 第 475 行.
SQL: SELECT * FROM `think_troublelist` WHERE `uid` = 1050  [ RunTime:0.0004s ]
NOTIC: [8] Use of undefined constant remark - assumed 'remark' /data/wwwroot/ceyuan1/Crm/Admin/Controller/TroubleController.class.php 第 469 行.
NOTIC: [8] Use of undefined constant yuanyin - assumed 'yuanyin' /data/wwwroot/ceyuan1/Crm/Admin/Controller/TroubleController.class.php 第 475 行.
SQL: SELECT * FROM `think_troublelist` WHERE `uid` = 1051  [ RunTime:0.0004s ]
NOTIC: [8] Use of undefined constant remark - assumed 'remark' /data/wwwroot/ceyuan1/Crm/Admin/Controller/TroubleController.class.php 第 469 行.
NOTIC: [8] Use of undefined constant remark - assumed 'remark' /data/wwwroot/ceyuan1/Crm/Admin/Controller/TroubleController.class.php 第 473 行.
NOTIC: [8] Use of undefined constant yuanyin - assumed 'yuanyin' /data/wwwroot/ceyuan1/Crm/Admin/Controller/TroubleController.class.php 第 475 行.

[ 2017-06-30T16:29:23+08:00 ] 183.37.222.68 /Admin
INFO: [ app_init ] --START--
INFO: Run Behavior\BuildLiteBehavior [ RunTime:0.000015s ]
INFO: [ app_init ] --END-- [ RunTime:0.000289s ]
INFO: [ app_begin ] --START--
INFO: Run Behavior\ReadHtmlCacheBehavior [ RunTime:0.000394s ]
INFO: [ app_begin ] --END-- [ RunTime:0.000437s ]
INFO: [ view_parse ] --START--
INFO: [ template_filter ] --START--
INFO: Run Behavior\ContentReplaceBehavior [ RunTime:0.000050s ]
INFO: [ template_filter ] --END-- [ RunTime:0.000121s ]
INFO: Run Behavior\ParseTemplateBehavior [ RunTime:0.004806s ]
INFO: [ view_parse ] --END-- [ RunTime:0.004847s ]
INFO: [ view_filter ] --START--
INFO: Run Behavior\WriteHtmlCacheBehavior [ RunTime:0.000153s ]
INFO: [ view_filter ] --END-- [ RunTime:0.000187s ]

[ 2017-06-30T16:29:25+08:00 ] 183.37.222.68 /Admin/Login/index.html
INFO: [ app_init ] --START--
INFO: Run Behavior\BuildLiteBehavior [ RunTime:0.000013s ]
INFO: [ app_init ] --END-- [ RunTime:0.000298s ]
INFO: [ app_begin ] --START--
INFO: Run Behavior\ReadHtmlCacheBehavior [ RunTime:0.000351s ]
INFO: [ app_begin ] --END-- [ RunTime:0.000390s ]
INFO: [ view_parse ] --START--
INFO: [ template_filter ] --START--
INFO: Run Behavior\ContentReplaceBehavior [ RunTime:0.000042s ]
INFO: [ template_filter ] --END-- [ RunTime:0.000081s ]
INFO: Run Behavior\ParseTemplateBehavior [ RunTime:0.004659s ]
INFO: [ view_parse ] --END-- [ RunTime:0.004706s ]
INFO: [ view_filter ] --START--
INFO: Run Behavior\WriteHtmlCacheBehavior [ RunTime:0.000132s ]
INFO: [ view_filter ] --END-- [ RunTime:0.000195s ]
INFO: [ app_end ] --START--
INFO: Run Behavior\ShowPageTraceBehavior [ RunTime:0.000364s ]
INFO: [ app_end ] --END-- [ RunTime:0.000399s ]

[ 2017-06-30T17:54:21+08:00 ] 117.136.79.122 /Admin/Login/index.html
INFO: [ app_init ] --START--
INFO: Run Behavior\BuildLiteBehavior [ RunTime:0.000014s ]
INFO: [ app_init ] --END-- [ RunTime:0.000304s ]
INFO: [ app_begin ] --START--
INFO: Run Behavior\ReadHtmlCacheBehavior [ RunTime:0.000350s ]
INFO: [ app_begin ] --END-- [ RunTime:0.000390s ]
INFO: [ view_parse ] --START--
INFO: [ template_filter ] --START--
INFO: Run Behavior\ContentReplaceBehavior [ RunTime:0.000041s ]
INFO: [ template_filter ] --END-- [ RunTime:0.000081s ]
INFO: Run Behavior\ParseTemplateBehavior [ RunTime:0.004678s ]
INFO: [ view_parse ] --END-- [ RunTime:0.004716s ]
INFO: [ view_filter ] --START--
INFO: Run Behavior\WriteHtmlCacheBehavior [ RunTime:0.000143s ]
INFO: [ view_filter ] --END-- [ RunTime:0.000177s ]
INFO: [ app_end ] --START--
INFO: Run Behavior\ShowPageTraceBehavior [ RunTime:0.000364s ]
INFO: [ app_end ] --END-- [ RunTime:0.000399s ]

[ 2017-06-30T17:54:30+08:00 ] 101.226.68.197 /Admin/Login/index.html
INFO: [ app_init ] --START--
INFO: Run Behavior\BuildLiteBehavior [ RunTime:0.000021s ]
INFO: [ app_init ] --END-- [ RunTime:0.000425s ]
INFO: [ app_begin ] --START--
INFO: Run Behavior\ReadHtmlCacheBehavior [ RunTime:0.000552s ]
INFO: [ app_begin ] --END-- [ RunTime:0.000611s ]
INFO: [ view_parse ] --START--
INFO: [ template_filter ] --START--
INFO: Run Behavior\ContentReplaceBehavior [ RunTime:0.000052s ]
INFO: [ template_filter ] --END-- [ RunTime:0.000112s ]
INFO: Run Behavior\ParseTemplateBehavior [ RunTime:0.005875s ]
INFO: [ view_parse ] --END-- [ RunTime:0.005924s ]
INFO: [ view_filter ] --START--
INFO: Run Behavior\WriteHtmlCacheBehavior [ RunTime:0.000125s ]
INFO: [ view_filter ] --END-- [ RunTime:0.000158s ]
INFO: [ app_end ] --START--
INFO: Run Behavior\ShowPageTraceBehavior [ RunTime:0.000376s ]
INFO: [ app_end ] --END-- [ RunTime:0.000415s ]

