[ 2017-06-26T10:00:18+08:00 ] 61.151.226.16 /Admin/Login/index.html
INFO: [ app_init ] --START--
INFO: Run Behavior\BuildLiteBehavior [ RunTime:0.000020s ]
INFO: [ app_init ] --END-- [ RunTime:0.000343s ]
INFO: [ app_begin ] --START--
INFO: Run Behavior\ReadHtmlCacheBehavior [ RunTime:0.000383s ]
INFO: [ app_begin ] --END-- [ RunTime:0.000425s ]
INFO: [ view_parse ] --START--
INFO: [ template_filter ] --START--
INFO: Run Behavior\ContentReplaceBehavior [ RunTime:0.000048s ]
INFO: [ template_filter ] --END-- [ RunTime:0.000099s ]
INFO: Run Behavior\ParseTemplateBehavior [ RunTime:0.005039s ]
INFO: [ view_parse ] --END-- [ RunTime:0.005082s ]
INFO: [ view_filter ] --START--
INFO: Run Behavior\WriteHtmlCacheBehavior [ RunTime:0.000130s ]
INFO: [ view_filter ] --END-- [ RunTime:0.000164s ]
INFO: [ app_end ] --START--
INFO: Run Behavior\ShowPageTraceBehavior [ RunTime:0.000414s ]
INFO: [ app_end ] --END-- [ RunTime:0.000450s ]

[ 2017-06-26T10:04:58+08:00 ] 113.118.170.165 /Admin/Login/index.html
INFO: [ app_init ] --START--
INFO: Run Behavior\BuildLiteBehavior [ RunTime:0.000013s ]
INFO: [ app_init ] --END-- [ RunTime:0.000295s ]
INFO: [ app_begin ] --START--
INFO: Run Behavior\ReadHtmlCacheBehavior [ RunTime:0.000373s ]
INFO: [ app_begin ] --END-- [ RunTime:0.000412s ]
INFO: [ view_parse ] --START--
INFO: [ template_filter ] --START--
INFO: Run Behavior\ContentReplaceBehavior [ RunTime:0.000043s ]
INFO: [ template_filter ] --END-- [ RunTime:0.000090s ]
INFO: Run Behavior\ParseTemplateBehavior [ RunTime:0.007174s ]
INFO: [ view_parse ] --END-- [ RunTime:0.007215s ]
INFO: [ view_filter ] --START--
INFO: Run Behavior\WriteHtmlCacheBehavior [ RunTime:0.000123s ]
INFO: [ view_filter ] --END-- [ RunTime:0.000157s ]
INFO: [ app_end ] --START--
INFO: Run Behavior\ShowPageTraceBehavior [ RunTime:0.000396s ]
INFO: [ app_end ] --END-- [ RunTime:0.000434s ]

[ 2017-06-26T10:05:08+08:00 ] 113.118.170.165 /Admin/Login/Login
INFO: [ app_init ] --START--
INFO: Run Behavior\BuildLiteBehavior [ RunTime:0.000013s ]
INFO: [ app_init ] --END-- [ RunTime:0.000278s ]
INFO: [ app_begin ] --START--
INFO: Run Behavior\ReadHtmlCacheBehavior [ RunTime:0.000370s ]
INFO: [ app_begin ] --END-- [ RunTime:0.000412s ]
SQL: SHOW COLUMNS FROM `think_user` [ RunTime:0.0016s ]
NOTIC: [8] Undefined index: validate /data/wwwroot/ceyuan1/ThinkPHP/Library/Think/Model.class.php 第 1185 行.
NOTIC: [8] Undefined index: auto /data/wwwroot/ceyuan1/ThinkPHP/Library/Think/Model.class.php 第 1128 行.
SQL: SELECT * FROM `think_user` WHERE `username` = 'admin' LIMIT 1   [ RunTime:0.0002s ]
INFO: [ view_parse ] --START--
INFO: [ template_filter ] --START--
INFO: Run Behavior\ContentReplaceBehavior [ RunTime:0.000044s ]
INFO: [ template_filter ] --END-- [ RunTime:0.000095s ]
INFO: Run Behavior\ParseTemplateBehavior [ RunTime:0.004571s ]
INFO: [ view_parse ] --END-- [ RunTime:0.004617s ]
INFO: [ view_filter ] --START--
INFO: Run Behavior\WriteHtmlCacheBehavior [ RunTime:0.000129s ]
INFO: [ view_filter ] --END-- [ RunTime:0.000162s ]
INFO: [ app_end ] --START--
INFO: Run Behavior\ShowPageTraceBehavior [ RunTime:0.000394s ]
INFO: [ app_end ] --END-- [ RunTime:0.000433s ]

[ 2017-06-26T10:05:11+08:00 ] 113.118.170.165 /Admin/Index/index.html
INFO: [ app_init ] --START--
INFO: Run Behavior\BuildLiteBehavior [ RunTime:0.000013s ]
INFO: [ app_init ] --END-- [ RunTime:0.000283s ]
INFO: [ app_begin ] --START--
INFO: Run Behavior\ReadHtmlCacheBehavior [ RunTime:0.000353s ]
INFO: [ app_begin ] --END-- [ RunTime:0.000414s ]
INFO: [ view_parse ] --START--
INFO: [ template_filter ] --START--
INFO: Run Behavior\ContentReplaceBehavior [ RunTime:0.000056s ]
INFO: [ template_filter ] --END-- [ RunTime:0.000120s ]
NOTIC: [8] Use of undefined constant upload_max_filesize - assumed 'upload_max_filesize' /data/wwwroot/ceyuan1/Crm/Runtime/Cache/Admin/e0274a4b86e7ba5d066849c021969eb0.php 第 103 行.
INFO: Run Behavior\ParseTemplateBehavior [ RunTime:0.052883s ]
INFO: [ view_parse ] --END-- [ RunTime:0.052948s ]
INFO: [ view_filter ] --START--
INFO: Run Behavior\WriteHtmlCacheBehavior [ RunTime:0.000156s ]
INFO: [ view_filter ] --END-- [ RunTime:0.000189s ]
INFO: [ app_end ] --START--
INFO: Run Behavior\ShowPageTraceBehavior [ RunTime:0.000391s ]
INFO: [ app_end ] --END-- [ RunTime:0.000429s ]

[ 2017-06-26T10:05:13+08:00 ] 113.118.170.165 /Admin/Trouble/quanbu
INFO: [ app_init ] --START--
INFO: Run Behavior\BuildLiteBehavior [ RunTime:0.000018s ]
INFO: [ app_init ] --END-- [ RunTime:0.000421s ]
INFO: [ app_begin ] --START--
INFO: Run Behavior\ReadHtmlCacheBehavior [ RunTime:0.000518s ]
INFO: [ app_begin ] --END-- [ RunTime:0.000578s ]
SQL: SHOW COLUMNS FROM `think_office` [ RunTime:0.0020s ]
SQL: SELECT * FROM `think_office`  [ RunTime:0.0003s ]
SQL: SHOW COLUMNS FROM `think_trouble` [ RunTime:0.0012s ]
SQL: SELECT COUNT(*) AS tp_count FROM `think_trouble` LIMIT 1   [ RunTime:0.0001s ]
SQL: SELECT * FROM `think_trouble` ORDER BY id desc LIMIT 0,5   [ RunTime:0.0002s ]
INFO: [ view_parse ] --START--
INFO: [ template_filter ] --START--
INFO: Run Behavior\ContentReplaceBehavior [ RunTime:0.000069s ]
INFO: [ template_filter ] --END-- [ RunTime:0.000123s ]
INFO: Run Behavior\ParseTemplateBehavior [ RunTime:0.008900s ]
INFO: [ view_parse ] --END-- [ RunTime:0.008950s ]
INFO: [ view_filter ] --START--
INFO: Run Behavior\WriteHtmlCacheBehavior [ RunTime:0.000134s ]
INFO: [ view_filter ] --END-- [ RunTime:0.000169s ]
INFO: [ app_end ] --START--
INFO: Run Behavior\ShowPageTraceBehavior [ RunTime:0.000429s ]
INFO: [ app_end ] --END-- [ RunTime:0.000482s ]

[ 2017-06-26T10:05:18+08:00 ] 113.118.170.165 /Admin/Trouble/daochu
INFO: [ app_init ] --START--
INFO: Run Behavior\BuildLiteBehavior [ RunTime:0.000018s ]
INFO: [ app_init ] --END-- [ RunTime:0.000339s ]
INFO: [ app_begin ] --START--
INFO: Run Behavior\ReadHtmlCacheBehavior [ RunTime:0.000390s ]
INFO: [ app_begin ] --END-- [ RunTime:0.000432s ]
INFO: [ view_parse ] --START--
INFO: [ template_filter ] --START--
INFO: Run Behavior\ContentReplaceBehavior [ RunTime:0.000043s ]
INFO: [ template_filter ] --END-- [ RunTime:0.000082s ]
INFO: Run Behavior\ParseTemplateBehavior [ RunTime:0.005684s ]
INFO: [ view_parse ] --END-- [ RunTime:0.005724s ]
INFO: [ view_filter ] --START--
INFO: Run Behavior\WriteHtmlCacheBehavior [ RunTime:0.000122s ]
INFO: [ view_filter ] --END-- [ RunTime:0.000156s ]
INFO: [ app_end ] --START--
INFO: Run Behavior\ShowPageTraceBehavior [ RunTime:0.000358s ]
INFO: [ app_end ] --END-- [ RunTime:0.000393s ]

[ 2017-06-26T10:05:38+08:00 ] 113.118.170.165 /Admin/Trouble/daochu
INFO: [ app_init ] --START--
INFO: Run Behavior\BuildLiteBehavior [ RunTime:0.000014s ]
INFO: [ app_init ] --END-- [ RunTime:0.000301s ]
INFO: [ app_begin ] --START--
INFO: Run Behavior\ReadHtmlCacheBehavior [ RunTime:0.000424s ]
INFO: [ app_begin ] --END-- [ RunTime:0.000467s ]
INFO: [ view_parse ] --START--
INFO: [ template_filter ] --START--
INFO: Run Behavior\ContentReplaceBehavior [ RunTime:0.000035s ]
INFO: [ template_filter ] --END-- [ RunTime:0.000077s ]
INFO: Run Behavior\ParseTemplateBehavior [ RunTime:0.004371s ]
INFO: [ view_parse ] --END-- [ RunTime:0.004434s ]
INFO: [ view_filter ] --START--
INFO: Run Behavior\WriteHtmlCacheBehavior [ RunTime:0.000127s ]
INFO: [ view_filter ] --END-- [ RunTime:0.000161s ]

[ 2017-06-26T10:05:41+08:00 ] 113.118.170.165 /Admin/Trouble/daochu
INFO: [ app_init ] --START--
INFO: Run Behavior\BuildLiteBehavior [ RunTime:0.000013s ]
INFO: [ app_init ] --END-- [ RunTime:0.000282s ]
INFO: [ app_begin ] --START--
INFO: Run Behavior\ReadHtmlCacheBehavior [ RunTime:0.000354s ]
INFO: [ app_begin ] --END-- [ RunTime:0.000393s ]
INFO: [ view_parse ] --START--
INFO: [ template_filter ] --START--
INFO: Run Behavior\ContentReplaceBehavior [ RunTime:0.000042s ]
INFO: [ template_filter ] --END-- [ RunTime:0.000085s ]
INFO: Run Behavior\ParseTemplateBehavior [ RunTime:0.005281s ]
INFO: [ view_parse ] --END-- [ RunTime:0.005322s ]
INFO: [ view_filter ] --START--
INFO: Run Behavior\WriteHtmlCacheBehavior [ RunTime:0.000122s ]
INFO: [ view_filter ] --END-- [ RunTime:0.000154s ]
INFO: [ app_end ] --START--
INFO: Run Behavior\ShowPageTraceBehavior [ RunTime:0.000362s ]
INFO: [ app_end ] --END-- [ RunTime:0.000401s ]

[ 2017-06-26T10:05:43+08:00 ] 113.118.170.165 /Admin/Trouble/quanbu
INFO: [ app_init ] --START--
INFO: Run Behavior\BuildLiteBehavior [ RunTime:0.000014s ]
INFO: [ app_init ] --END-- [ RunTime:0.000293s ]
INFO: [ app_begin ] --START--
INFO: Run Behavior\ReadHtmlCacheBehavior [ RunTime:0.000355s ]
INFO: [ app_begin ] --END-- [ RunTime:0.000395s ]
SQL: SHOW COLUMNS FROM `think_office` [ RunTime:0.0011s ]
SQL: SELECT * FROM `think_office`  [ RunTime:0.0002s ]
SQL: SHOW COLUMNS FROM `think_trouble` [ RunTime:0.0008s ]
SQL: SELECT COUNT(*) AS tp_count FROM `think_trouble` LIMIT 1   [ RunTime:0.0001s ]
SQL: SELECT * FROM `think_trouble` ORDER BY id desc LIMIT 0,5   [ RunTime:0.0002s ]
INFO: [ view_parse ] --START--
INFO: [ template_filter ] --START--
INFO: Run Behavior\ContentReplaceBehavior [ RunTime:0.000060s ]
INFO: [ template_filter ] --END-- [ RunTime:0.000105s ]
INFO: Run Behavior\ParseTemplateBehavior [ RunTime:0.008355s ]
INFO: [ view_parse ] --END-- [ RunTime:0.008404s ]
INFO: [ view_filter ] --START--
INFO: Run Behavior\WriteHtmlCacheBehavior [ RunTime:0.000132s ]
INFO: [ view_filter ] --END-- [ RunTime:0.000174s ]
INFO: [ app_end ] --START--
INFO: Run Behavior\ShowPageTraceBehavior [ RunTime:0.000380s ]
INFO: [ app_end ] --END-- [ RunTime:0.000423s ]

[ 2017-06-26T10:05:44+08:00 ] 113.118.170.165 /Admin/Trouble/daochu
INFO: [ app_init ] --START--
INFO: Run Behavior\BuildLiteBehavior [ RunTime:0.000014s ]
INFO: [ app_init ] --END-- [ RunTime:0.000303s ]
INFO: [ app_begin ] --START--
INFO: Run Behavior\ReadHtmlCacheBehavior [ RunTime:0.000455s ]
INFO: [ app_begin ] --END-- [ RunTime:0.000510s ]
INFO: [ view_parse ] --START--
INFO: [ template_filter ] --START--
INFO: Run Behavior\ContentReplaceBehavior [ RunTime:0.000043s ]
INFO: [ template_filter ] --END-- [ RunTime:0.000083s ]
INFO: Run Behavior\ParseTemplateBehavior [ RunTime:0.006821s ]
INFO: [ view_parse ] --END-- [ RunTime:0.006862s ]
INFO: [ view_filter ] --START--
INFO: Run Behavior\WriteHtmlCacheBehavior [ RunTime:0.000162s ]
INFO: [ view_filter ] --END-- [ RunTime:0.000204s ]
INFO: [ app_end ] --START--
INFO: Run Behavior\ShowPageTraceBehavior [ RunTime:0.000571s ]
INFO: [ app_end ] --END-- [ RunTime:0.000633s ]

[ 2017-06-26T10:06:16+08:00 ] 113.118.170.165 /Admin/Trouble/daochu
INFO: [ app_init ] --START--
INFO: Run Behavior\BuildLiteBehavior [ RunTime:0.000014s ]
INFO: [ app_init ] --END-- [ RunTime:0.000283s ]
INFO: [ app_begin ] --START--
INFO: Run Behavior\ReadHtmlCacheBehavior [ RunTime:0.000370s ]
INFO: [ app_begin ] --END-- [ RunTime:0.000412s ]
SQL: SHOW COLUMNS FROM `think_trouble` [ RunTime:0.0012s ]
SQL: SELECT `id`,`order`,`state`,`cishu`,`office`,`place`,`question`,`addtime`,`lasttime`,`adduser` FROM `think_trouble` WHERE `addtime` BETWEEN 1498060800 AND 1498060800  [ RunTime:0.0006s ]
NOTIC: [8] Undefined variable: question /data/wwwroot/ceyuan1/Crm/Admin/Controller/TroubleController.class.php 第 433 行.
SQL: SHOW COLUMNS FROM `think_troublelist` [ RunTime:0.0016s ]
SQL: SELECT * FROM `think_troublelist` WHERE `uid` = 941  [ RunTime:0.0004s ]
NOTIC: [8] Use of undefined constant remark - assumed 'remark' /data/wwwroot/ceyuan1/Crm/Admin/Controller/TroubleController.class.php 第 469 行.
NOTIC: [8] Use of undefined constant yuanyin - assumed 'yuanyin' /data/wwwroot/ceyuan1/Crm/Admin/Controller/TroubleController.class.php 第 475 行.
SQL: SELECT * FROM `think_troublelist` WHERE `uid` = 942  [ RunTime:0.0003s ]
NOTIC: [8] Use of undefined constant remark - assumed 'remark' /data/wwwroot/ceyuan1/Crm/Admin/Controller/TroubleController.class.php 第 469 行.
NOTIC: [8] Use of undefined constant yuanyin - assumed 'yuanyin' /data/wwwroot/ceyuan1/Crm/Admin/Controller/TroubleController.class.php 第 475 行.
SQL: SELECT * FROM `think_troublelist` WHERE `uid` = 943  [ RunTime:0.0003s ]
NOTIC: [8] Use of undefined constant remark - assumed 'remark' /data/wwwroot/ceyuan1/Crm/Admin/Controller/TroubleController.class.php 第 469 行.
NOTIC: [8] Use of undefined constant yuanyin - assumed 'yuanyin' /data/wwwroot/ceyuan1/Crm/Admin/Controller/TroubleController.class.php 第 475 行.
SQL: SELECT * FROM `think_troublelist` WHERE `uid` = 945  [ RunTime:0.0003s ]
NOTIC: [8] Use of undefined constant remark - assumed 'remark' /data/wwwroot/ceyuan1/Crm/Admin/Controller/TroubleController.class.php 第 469 行.
NOTIC: [8] Use of undefined constant remark - assumed 'remark' /data/wwwroot/ceyuan1/Crm/Admin/Controller/TroubleController.class.php 第 473 行.
NOTIC: [8] Use of undefined constant yuanyin - assumed 'yuanyin' /data/wwwroot/ceyuan1/Crm/Admin/Controller/TroubleController.class.php 第 475 行.
SQL: SELECT * FROM `think_troublelist` WHERE `uid` = 946  [ RunTime:0.0003s ]
NOTIC: [8] Use of undefined constant remark - assumed 'remark' /data/wwwroot/ceyuan1/Crm/Admin/Controller/TroubleController.class.php 第 469 行.
NOTIC: [8] Use of undefined constant remark - assumed 'remark' /data/wwwroot/ceyuan1/Crm/Admin/Controller/TroubleController.class.php 第 473 行.
NOTIC: [8] Use of undefined constant yuanyin - assumed 'yuanyin' /data/wwwroot/ceyuan1/Crm/Admin/Controller/TroubleController.class.php 第 475 行.
SQL: SELECT * FROM `think_troublelist` WHERE `uid` = 948  [ RunTime:0.0003s ]
NOTIC: [8] Use of undefined constant remark - assumed 'remark' /data/wwwroot/ceyuan1/Crm/Admin/Controller/TroubleController.class.php 第 469 行.
NOTIC: [8] Use of undefined constant remark - assumed 'remark' /data/wwwroot/ceyuan1/Crm/Admin/Controller/TroubleController.class.php 第 473 行.
NOTIC: [8] Use of undefined constant yuanyin - assumed 'yuanyin' /data/wwwroot/ceyuan1/Crm/Admin/Controller/TroubleController.class.php 第 475 行.
SQL: SELECT * FROM `think_troublelist` WHERE `uid` = 950  [ RunTime:0.0003s ]
NOTIC: [8] Use of undefined constant remark - assumed 'remark' /data/wwwroot/ceyuan1/Crm/Admin/Controller/TroubleController.class.php 第 469 行.
NOTIC: [8] Use of undefined constant yuanyin - assumed 'yuanyin' /data/wwwroot/ceyuan1/Crm/Admin/Controller/TroubleController.class.php 第 475 行.
SQL: SELECT * FROM `think_troublelist` WHERE `uid` = 951  [ RunTime:0.0004s ]
NOTIC: [8] Use of undefined constant remark - assumed 'remark' /data/wwwroot/ceyuan1/Crm/Admin/Controller/TroubleController.class.php 第 469 行.
NOTIC: [8] Use of undefined constant remark - assumed 'remark' /data/wwwroot/ceyuan1/Crm/Admin/Controller/TroubleController.class.php 第 473 行.
NOTIC: [8] Use of undefined constant yuanyin - assumed 'yuanyin' /data/wwwroot/ceyuan1/Crm/Admin/Controller/TroubleController.class.php 第 475 行.
SQL: SELECT * FROM `think_troublelist` WHERE `uid` = 952  [ RunTime:0.0004s ]
NOTIC: [8] Use of undefined constant remark - assumed 'remark' /data/wwwroot/ceyuan1/Crm/Admin/Controller/TroubleController.class.php 第 469 行.
NOTIC: [8] Use of undefined constant yuanyin - assumed 'yuanyin' /data/wwwroot/ceyuan1/Crm/Admin/Controller/TroubleController.class.php 第 475 行.
SQL: SELECT * FROM `think_troublelist` WHERE `uid` = 953  [ RunTime:0.0004s ]
NOTIC: [8] Use of undefined constant remark - assumed 'remark' /data/wwwroot/ceyuan1/Crm/Admin/Controller/TroubleController.class.php 第 469 行.
NOTIC: [8] Use of undefined constant remark - assumed 'remark' /data/wwwroot/ceyuan1/Crm/Admin/Controller/TroubleController.class.php 第 473 行.
NOTIC: [8] Use of undefined constant yuanyin - assumed 'yuanyin' /data/wwwroot/ceyuan1/Crm/Admin/Controller/TroubleController.class.php 第 475 行.
SQL: SELECT * FROM `think_troublelist` WHERE `uid` = 954  [ RunTime:0.0004s ]
NOTIC: [8] Use of undefined constant remark - assumed 'remark' /data/wwwroot/ceyuan1/Crm/Admin/Controller/TroubleController.class.php 第 469 行.
NOTIC: [8] Use of undefined constant yuanyin - assumed 'yuanyin' /data/wwwroot/ceyuan1/Crm/Admin/Controller/TroubleController.class.php 第 475 行.
SQL: SELECT * FROM `think_troublelist` WHERE `uid` = 955  [ RunTime:0.0004s ]
NOTIC: [8] Use of undefined constant remark - assumed 'remark' /data/wwwroot/ceyuan1/Crm/Admin/Controller/TroubleController.class.php 第 469 行.
NOTIC: [8] Use of undefined constant remark - assumed 'remark' /data/wwwroot/ceyuan1/Crm/Admin/Controller/TroubleController.class.php 第 473 行.
NOTIC: [8] Use of undefined constant yuanyin - assumed 'yuanyin' /data/wwwroot/ceyuan1/Crm/Admin/Controller/TroubleController.class.php 第 475 行.
SQL: SELECT * FROM `think_troublelist` WHERE `uid` = 958  [ RunTime:0.0003s ]
NOTIC: [8] Use of undefined constant remark - assumed 'remark' /data/wwwroot/ceyuan1/Crm/Admin/Controller/TroubleController.class.php 第 469 行.
NOTIC: [8] Use of undefined constant remark - assumed 'remark' /data/wwwroot/ceyuan1/Crm/Admin/Controller/TroubleController.class.php 第 473 行.
NOTIC: [8] Use of undefined constant yuanyin - assumed 'yuanyin' /data/wwwroot/ceyuan1/Crm/Admin/Controller/TroubleController.class.php 第 475 行.
SQL: SELECT * FROM `think_troublelist` WHERE `uid` = 959  [ RunTime:0.0003s ]
NOTIC: [8] Use of undefined constant remark - assumed 'remark' /data/wwwroot/ceyuan1/Crm/Admin/Controller/TroubleController.class.php 第 469 行.
NOTIC: [8] Use of undefined constant remark - assumed 'remark' /data/wwwroot/ceyuan1/Crm/Admin/Controller/TroubleController.class.php 第 473 行.
NOTIC: [8] Use of undefined constant yuanyin - assumed 'yuanyin' /data/wwwroot/ceyuan1/Crm/Admin/Controller/TroubleController.class.php 第 475 行.
SQL: SELECT * FROM `think_troublelist` WHERE `uid` = 960  [ RunTime:0.0003s ]
NOTIC: [8] Use of undefined constant remark - assumed 'remark' /data/wwwroot/ceyuan1/Crm/Admin/Controller/TroubleController.class.php 第 469 行.
NOTIC: [8] Use of undefined constant yuanyin - assumed 'yuanyin' /data/wwwroot/ceyuan1/Crm/Admin/Controller/TroubleController.class.php 第 475 行.
SQL: SELECT * FROM `think_troublelist` WHERE `uid` = 962  [ RunTime:0.0003s ]
NOTIC: [8] Use of undefined constant remark - assumed 'remark' /data/wwwroot/ceyuan1/Crm/Admin/Controller/TroubleController.class.php 第 469 行.
NOTIC: [8] Use of undefined constant yuanyin - assumed 'yuanyin' /data/wwwroot/ceyuan1/Crm/Admin/Controller/TroubleController.class.php 第 475 行.
SQL: SELECT * FROM `think_troublelist` WHERE `uid` = 963  [ RunTime:0.0003s ]
NOTIC: [8] Use of undefined constant remark - assumed 'remark' /data/wwwroot/ceyuan1/Crm/Admin/Controller/TroubleController.class.php 第 469 行.
NOTIC: [8] Use of undefined constant yuanyin - assumed 'yuanyin' /data/wwwroot/ceyuan1/Crm/Admin/Controller/TroubleController.class.php 第 475 行.
SQL: SELECT * FROM `think_troublelist` WHERE `uid` = 965  [ RunTime:0.0003s ]
NOTIC: [8] Use of undefined constant remark - assumed 'remark' /data/wwwroot/ceyuan1/Crm/Admin/Controller/TroubleController.class.php 第 469 行.
NOTIC: [8] Use of undefined constant yuanyin - assumed 'yuanyin' /data/wwwroot/ceyuan1/Crm/Admin/Controller/TroubleController.class.php 第 475 行.
SQL: SELECT * FROM `think_troublelist` WHERE `uid` = 966  [ RunTime:0.0003s ]
NOTIC: [8] Use of undefined constant remark - assumed 'remark' /data/wwwroot/ceyuan1/Crm/Admin/Controller/TroubleController.class.php 第 469 行.
NOTIC: [8] Use of undefined constant yuanyin - assumed 'yuanyin' /data/wwwroot/ceyuan1/Crm/Admin/Controller/TroubleController.class.php 第 475 行.
SQL: SELECT * FROM `think_troublelist` WHERE `uid` = 967  [ RunTime:0.0003s ]
NOTIC: [8] Use of undefined constant remark - assumed 'remark' /data/wwwroot/ceyuan1/Crm/Admin/Controller/TroubleController.class.php 第 469 行.
NOTIC: [8] Use of undefined constant yuanyin - assumed 'yuanyin' /data/wwwroot/ceyuan1/Crm/Admin/Controller/TroubleController.class.php 第 475 行.
SQL: SELECT * FROM `think_troublelist` WHERE `uid` = 968  [ RunTime:0.0004s ]
NOTIC: [8] Use of undefined constant remark - assumed 'remark' /data/wwwroot/ceyuan1/Crm/Admin/Controller/TroubleController.class.php 第 469 行.
NOTIC: [8] Use of undefined constant yuanyin - assumed 'yuanyin' /data/wwwroot/ceyuan1/Crm/Admin/Controller/TroubleController.class.php 第 475 行.
SQL: SELECT * FROM `think_troublelist` WHERE `uid` = 969  [ RunTime:0.0004s ]
SQL: SELECT * FROM `think_troublelist` WHERE `uid` = 970  [ RunTime:0.0004s ]
NOTIC: [8] Use of undefined constant remark - assumed 'remark' /data/wwwroot/ceyuan1/Crm/Admin/Controller/TroubleController.class.php 第 469 行.
NOTIC: [8] Use of undefined constant yuanyin - assumed 'yuanyin' /data/wwwroot/ceyuan1/Crm/Admin/Controller/TroubleController.class.php 第 475 行.
NOTIC: [8] Use of undefined constant yuanyin - assumed 'yuanyin' /data/wwwroot/ceyuan1/Crm/Admin/Controller/TroubleController.class.php 第 479 行.
NOTIC: [8] Use of undefined constant remark - assumed 'remark' /data/wwwroot/ceyuan1/Crm/Admin/Controller/TroubleController.class.php 第 469 行.
NOTIC: [8] Use of undefined constant remark - assumed 'remark' /data/wwwroot/ceyuan1/Crm/Admin/Controller/TroubleController.class.php 第 473 行.
NOTIC: [8] Use of undefined constant yuanyin - assumed 'yuanyin' /data/wwwroot/ceyuan1/Crm/Admin/Controller/TroubleController.class.php 第 475 行.

[ 2017-06-26T10:10:23+08:00 ] 113.118.170.165 /Admin/Trouble/quanbu
INFO: [ app_init ] --START--
INFO: Run Behavior\BuildLiteBehavior [ RunTime:0.000017s ]
INFO: [ app_init ] --END-- [ RunTime:0.000331s ]
INFO: [ app_begin ] --START--
INFO: Run Behavior\ReadHtmlCacheBehavior [ RunTime:0.000497s ]
INFO: [ app_begin ] --END-- [ RunTime:0.000571s ]
SQL: SHOW COLUMNS FROM `think_office` [ RunTime:0.0015s ]
SQL: SELECT * FROM `think_office`  [ RunTime:0.0002s ]
SQL: SHOW COLUMNS FROM `think_trouble` [ RunTime:0.0009s ]
SQL: SELECT COUNT(*) AS tp_count FROM `think_trouble` LIMIT 1   [ RunTime:0.0002s ]
SQL: SELECT * FROM `think_trouble` ORDER BY id desc LIMIT 0,5   [ RunTime:0.0002s ]
INFO: [ view_parse ] --START--
INFO: [ template_filter ] --START--
INFO: Run Behavior\ContentReplaceBehavior [ RunTime:0.000068s ]
INFO: [ template_filter ] --END-- [ RunTime:0.000126s ]
INFO: Run Behavior\ParseTemplateBehavior [ RunTime:0.008928s ]
INFO: [ view_parse ] --END-- [ RunTime:0.008978s ]
INFO: [ view_filter ] --START--
INFO: Run Behavior\WriteHtmlCacheBehavior [ RunTime:0.000140s ]
INFO: [ view_filter ] --END-- [ RunTime:0.000188s ]
INFO: [ app_end ] --START--
INFO: Run Behavior\ShowPageTraceBehavior [ RunTime:0.000398s ]
INFO: [ app_end ] --END-- [ RunTime:0.000463s ]

[ 2017-06-26T10:10:31+08:00 ] 113.118.170.165 /Admin/Trouble/quanbu/p/2.html
INFO: [ app_init ] --START--
INFO: Run Behavior\BuildLiteBehavior [ RunTime:0.000016s ]
INFO: [ app_init ] --END-- [ RunTime:0.000305s ]
INFO: [ app_begin ] --START--
INFO: Run Behavior\ReadHtmlCacheBehavior [ RunTime:0.000362s ]
INFO: [ app_begin ] --END-- [ RunTime:0.000402s ]
SQL: SHOW COLUMNS FROM `think_office` [ RunTime:0.0011s ]
SQL: SELECT * FROM `think_office`  [ RunTime:0.0002s ]
SQL: SHOW COLUMNS FROM `think_trouble` [ RunTime:0.0007s ]
SQL: SELECT COUNT(*) AS tp_count FROM `think_trouble` LIMIT 1   [ RunTime:0.0002s ]
SQL: SELECT * FROM `think_trouble` ORDER BY id desc LIMIT 5,5   [ RunTime:0.0003s ]
INFO: [ view_parse ] --START--
INFO: [ template_filter ] --START--
INFO: Run Behavior\ContentReplaceBehavior [ RunTime:0.000057s ]
INFO: [ template_filter ] --END-- [ RunTime:0.000099s ]
INFO: Run Behavior\ParseTemplateBehavior [ RunTime:0.007985s ]
INFO: [ view_parse ] --END-- [ RunTime:0.008027s ]
INFO: [ view_filter ] --START--
INFO: Run Behavior\WriteHtmlCacheBehavior [ RunTime:0.000125s ]
INFO: [ view_filter ] --END-- [ RunTime:0.000159s ]
INFO: [ app_end ] --START--
INFO: Run Behavior\ShowPageTraceBehavior [ RunTime:0.000373s ]
INFO: [ app_end ] --END-- [ RunTime:0.000433s ]

[ 2017-06-26T10:10:35+08:00 ] 113.118.170.165 /Admin/Trouble/quanbu/p/4.html
INFO: [ app_init ] --START--
INFO: Run Behavior\BuildLiteBehavior [ RunTime:0.000013s ]
INFO: [ app_init ] --END-- [ RunTime:0.000281s ]
INFO: [ app_begin ] --START--
INFO: Run Behavior\ReadHtmlCacheBehavior [ RunTime:0.000350s ]
INFO: [ app_begin ] --END-- [ RunTime:0.000390s ]
SQL: SHOW COLUMNS FROM `think_office` [ RunTime:0.0011s ]
SQL: SELECT * FROM `think_office`  [ RunTime:0.0002s ]
SQL: SHOW COLUMNS FROM `think_trouble` [ RunTime:0.0007s ]
SQL: SELECT COUNT(*) AS tp_count FROM `think_trouble` LIMIT 1   [ RunTime:0.0001s ]
SQL: SELECT * FROM `think_trouble` ORDER BY id desc LIMIT 15,5   [ RunTime:0.0002s ]
INFO: [ view_parse ] --START--
INFO: [ template_filter ] --START--
INFO: Run Behavior\ContentReplaceBehavior [ RunTime:0.000060s ]
INFO: [ template_filter ] --END-- [ RunTime:0.000104s ]
INFO: Run Behavior\ParseTemplateBehavior [ RunTime:0.008235s ]
INFO: [ view_parse ] --END-- [ RunTime:0.008283s ]
INFO: [ view_filter ] --START--
INFO: Run Behavior\WriteHtmlCacheBehavior [ RunTime:0.000127s ]
INFO: [ view_filter ] --END-- [ RunTime:0.000161s ]
INFO: [ app_end ] --START--
INFO: Run Behavior\ShowPageTraceBehavior [ RunTime:0.000387s ]
INFO: [ app_end ] --END-- [ RunTime:0.000433s ]

[ 2017-06-26T10:10:42+08:00 ] 113.118.170.165 /Admin/Trouble/quanbu/p/3.html
INFO: [ app_init ] --START--
INFO: Run Behavior\BuildLiteBehavior [ RunTime:0.000014s ]
INFO: [ app_init ] --END-- [ RunTime:0.000284s ]
INFO: [ app_begin ] --START--
INFO: Run Behavior\ReadHtmlCacheBehavior [ RunTime:0.000354s ]
INFO: [ app_begin ] --END-- [ RunTime:0.000395s ]
SQL: SHOW COLUMNS FROM `think_office` [ RunTime:0.0011s ]
SQL: SELECT * FROM `think_office`  [ RunTime:0.0002s ]
SQL: SHOW COLUMNS FROM `think_trouble` [ RunTime:0.0007s ]
SQL: SELECT COUNT(*) AS tp_count FROM `think_trouble` LIMIT 1   [ RunTime:0.0001s ]
SQL: SELECT * FROM `think_trouble` ORDER BY id desc LIMIT 10,5   [ RunTime:0.0002s ]
INFO: [ view_parse ] --START--
INFO: [ template_filter ] --START--
INFO: Run Behavior\ContentReplaceBehavior [ RunTime:0.000060s ]
INFO: [ template_filter ] --END-- [ RunTime:0.000108s ]
INFO: Run Behavior\ParseTemplateBehavior [ RunTime:0.008016s ]
INFO: [ view_parse ] --END-- [ RunTime:0.008058s ]
INFO: [ view_filter ] --START--
INFO: Run Behavior\WriteHtmlCacheBehavior [ RunTime:0.000129s ]
INFO: [ view_filter ] --END-- [ RunTime:0.000164s ]
INFO: [ app_end ] --START--
INFO: Run Behavior\ShowPageTraceBehavior [ RunTime:0.000403s ]
INFO: [ app_end ] --END-- [ RunTime:0.000445s ]

