[ 2017-07-12T09:29:58+08:00 ] 113.91.19.45 /Admin/Trouble/quanbu/p/6.html
INFO: [ app_init ] --START--
INFO: Run Behavior\BuildLiteBehavior [ RunTime:0.000016s ]
INFO: [ app_init ] --END-- [ RunTime:0.000351s ]
INFO: [ app_begin ] --START--
INFO: Run Behavior\ReadHtmlCacheBehavior [ RunTime:0.000491s ]
INFO: [ app_begin ] --END-- [ RunTime:0.000557s ]
INFO: [ view_parse ] --START--
INFO: [ template_filter ] --START--
INFO: Run Behavior\ContentReplaceBehavior [ RunTime:0.000050s ]
INFO: [ template_filter ] --END-- [ RunTime:0.000132s ]
INFO: Run Behavior\ParseTemplateBehavior [ RunTime:0.006168s ]
INFO: [ view_parse ] --END-- [ RunTime:0.006218s ]
INFO: [ view_filter ] --START--
INFO: Run Behavior\WriteHtmlCacheBehavior [ RunTime:0.000131s ]
INFO: [ view_filter ] --END-- [ RunTime:0.000164s ]

[ 2017-07-12T09:30:03+08:00 ] 113.91.19.45 /Admin/Trouble/quanbu
INFO: [ app_init ] --START--
INFO: Run Behavior\BuildLiteBehavior [ RunTime:0.000013s ]
INFO: [ app_init ] --END-- [ RunTime:0.000311s ]
INFO: [ app_begin ] --START--
INFO: Run Behavior\ReadHtmlCacheBehavior [ RunTime:0.000347s ]
INFO: [ app_begin ] --END-- [ RunTime:0.000388s ]
INFO: [ view_parse ] --START--
INFO: [ template_filter ] --START--
INFO: Run Behavior\ContentReplaceBehavior [ RunTime:0.000040s ]
INFO: [ template_filter ] --END-- [ RunTime:0.000081s ]
INFO: Run Behavior\ParseTemplateBehavior [ RunTime:0.004816s ]
INFO: [ view_parse ] --END-- [ RunTime:0.004857s ]
INFO: [ view_filter ] --START--
INFO: Run Behavior\WriteHtmlCacheBehavior [ RunTime:0.000123s ]
INFO: [ view_filter ] --END-- [ RunTime:0.000177s ]

[ 2017-07-12T09:30:12+08:00 ] 113.91.19.45 /Admin/Login/index.html
INFO: [ app_init ] --START--
INFO: Run Behavior\BuildLiteBehavior [ RunTime:0.000013s ]
INFO: [ app_init ] --END-- [ RunTime:0.000280s ]
INFO: [ app_begin ] --START--
INFO: Run Behavior\ReadHtmlCacheBehavior [ RunTime:0.000345s ]
INFO: [ app_begin ] --END-- [ RunTime:0.000385s ]
INFO: [ view_parse ] --START--
INFO: [ template_filter ] --START--
INFO: Run Behavior\ContentReplaceBehavior [ RunTime:0.000046s ]
INFO: [ template_filter ] --END-- [ RunTime:0.000098s ]
INFO: Run Behavior\ParseTemplateBehavior [ RunTime:0.005466s ]
INFO: [ view_parse ] --END-- [ RunTime:0.005507s ]
INFO: [ view_filter ] --START--
INFO: Run Behavior\WriteHtmlCacheBehavior [ RunTime:0.000124s ]
INFO: [ view_filter ] --END-- [ RunTime:0.000157s ]
INFO: [ app_end ] --START--
INFO: Run Behavior\ShowPageTraceBehavior [ RunTime:0.000397s ]
INFO: [ app_end ] --END-- [ RunTime:0.000435s ]

[ 2017-07-12T09:30:13+08:00 ] 113.91.19.45 /Admin/Login/index.html
INFO: [ app_init ] --START--
INFO: Run Behavior\BuildLiteBehavior [ RunTime:0.000014s ]
INFO: [ app_init ] --END-- [ RunTime:0.000285s ]
INFO: [ app_begin ] --START--
INFO: Run Behavior\ReadHtmlCacheBehavior [ RunTime:0.000369s ]
INFO: [ app_begin ] --END-- [ RunTime:0.000409s ]
INFO: [ view_parse ] --START--
INFO: [ template_filter ] --START--
INFO: Run Behavior\ContentReplaceBehavior [ RunTime:0.000047s ]
INFO: [ template_filter ] --END-- [ RunTime:0.000091s ]
INFO: Run Behavior\ParseTemplateBehavior [ RunTime:0.005138s ]
INFO: [ view_parse ] --END-- [ RunTime:0.005179s ]
INFO: [ view_filter ] --START--
INFO: Run Behavior\WriteHtmlCacheBehavior [ RunTime:0.000123s ]
INFO: [ view_filter ] --END-- [ RunTime:0.000156s ]
INFO: [ app_end ] --START--
INFO: Run Behavior\ShowPageTraceBehavior [ RunTime:0.000395s ]
INFO: [ app_end ] --END-- [ RunTime:0.000431s ]

[ 2017-07-12T09:44:42+08:00 ] 112.65.193.15 /Admin/Login/index.html
INFO: [ app_init ] --START--
INFO: Run Behavior\BuildLiteBehavior [ RunTime:0.000011s ]
INFO: [ app_init ] --END-- [ RunTime:0.000269s ]
INFO: [ app_begin ] --START--
INFO: Run Behavior\ReadHtmlCacheBehavior [ RunTime:0.000363s ]
INFO: [ app_begin ] --END-- [ RunTime:0.000402s ]
INFO: [ view_parse ] --START--
INFO: [ template_filter ] --START--
INFO: Run Behavior\ContentReplaceBehavior [ RunTime:0.000042s ]
INFO: [ template_filter ] --END-- [ RunTime:0.000083s ]
INFO: Run Behavior\ParseTemplateBehavior [ RunTime:0.004719s ]
INFO: [ view_parse ] --END-- [ RunTime:0.004758s ]
INFO: [ view_filter ] --START--
INFO: Run Behavior\WriteHtmlCacheBehavior [ RunTime:0.000121s ]
INFO: [ view_filter ] --END-- [ RunTime:0.000155s ]
INFO: [ app_end ] --START--
INFO: Run Behavior\ShowPageTraceBehavior [ RunTime:0.001812s ]
INFO: [ app_end ] --END-- [ RunTime:0.001880s ]

[ 2017-07-12T14:09:11+08:00 ] 14.17.3.65 /Admin/Login/index.html
INFO: [ app_init ] --START--
INFO: Run Behavior\BuildLiteBehavior [ RunTime:0.000014s ]
INFO: [ app_init ] --END-- [ RunTime:0.000303s ]
INFO: [ app_begin ] --START--
INFO: Run Behavior\ReadHtmlCacheBehavior [ RunTime:0.000368s ]
INFO: [ app_begin ] --END-- [ RunTime:0.000407s ]
INFO: [ view_parse ] --START--
INFO: [ template_filter ] --START--
INFO: Run Behavior\ContentReplaceBehavior [ RunTime:0.000042s ]
INFO: [ template_filter ] --END-- [ RunTime:0.000083s ]
INFO: Run Behavior\ParseTemplateBehavior [ RunTime:0.004728s ]
INFO: [ view_parse ] --END-- [ RunTime:0.004767s ]
INFO: [ view_filter ] --START--
INFO: Run Behavior\WriteHtmlCacheBehavior [ RunTime:0.000122s ]
INFO: [ view_filter ] --END-- [ RunTime:0.000154s ]
INFO: [ app_end ] --START--
INFO: Run Behavior\ShowPageTraceBehavior [ RunTime:0.000371s ]
INFO: [ app_end ] --END-- [ RunTime:0.000406s ]

[ 2017-07-12T14:09:20+08:00 ] 101.226.33.224 /Admin/Login/index.html
INFO: [ app_init ] --START--
INFO: Run Behavior\BuildLiteBehavior [ RunTime:0.000017s ]
INFO: [ app_init ] --END-- [ RunTime:0.000391s ]
INFO: [ app_begin ] --START--
INFO: Run Behavior\ReadHtmlCacheBehavior [ RunTime:0.000353s ]
INFO: [ app_begin ] --END-- [ RunTime:0.000392s ]
INFO: [ view_parse ] --START--
INFO: [ template_filter ] --START--
INFO: Run Behavior\ContentReplaceBehavior [ RunTime:0.000047s ]
INFO: [ template_filter ] --END-- [ RunTime:0.000091s ]
INFO: Run Behavior\ParseTemplateBehavior [ RunTime:0.005337s ]
INFO: [ view_parse ] --END-- [ RunTime:0.005375s ]
INFO: [ view_filter ] --START--
INFO: Run Behavior\WriteHtmlCacheBehavior [ RunTime:0.000123s ]
INFO: [ view_filter ] --END-- [ RunTime:0.000156s ]
INFO: [ app_end ] --START--
INFO: Run Behavior\ShowPageTraceBehavior [ RunTime:0.000388s ]
INFO: [ app_end ] --END-- [ RunTime:0.000424s ]

[ 2017-07-12T14:09:33+08:00 ] 113.91.19.45 /Admin/Login/index.html
INFO: [ app_init ] --START--
INFO: Run Behavior\BuildLiteBehavior [ RunTime:0.000013s ]
INFO: [ app_init ] --END-- [ RunTime:0.000281s ]
INFO: [ app_begin ] --START--
INFO: Run Behavior\ReadHtmlCacheBehavior [ RunTime:0.000351s ]
INFO: [ app_begin ] --END-- [ RunTime:0.000390s ]
INFO: [ view_parse ] --START--
INFO: [ template_filter ] --START--
INFO: Run Behavior\ContentReplaceBehavior [ RunTime:0.000041s ]
INFO: [ template_filter ] --END-- [ RunTime:0.000082s ]
INFO: Run Behavior\ParseTemplateBehavior [ RunTime:0.004518s ]
INFO: [ view_parse ] --END-- [ RunTime:0.004557s ]
INFO: [ view_filter ] --START--
INFO: Run Behavior\WriteHtmlCacheBehavior [ RunTime:0.000122s ]
INFO: [ view_filter ] --END-- [ RunTime:0.000155s ]
INFO: [ app_end ] --START--
INFO: Run Behavior\ShowPageTraceBehavior [ RunTime:0.000372s ]
INFO: [ app_end ] --END-- [ RunTime:0.000433s ]

[ 2017-07-12T14:09:44+08:00 ] 113.91.19.45 /Admin/Login/Login
INFO: [ app_init ] --START--
INFO: Run Behavior\BuildLiteBehavior [ RunTime:0.000014s ]
INFO: [ app_init ] --END-- [ RunTime:0.000304s ]
INFO: [ app_begin ] --START--
INFO: Run Behavior\ReadHtmlCacheBehavior [ RunTime:0.000347s ]
INFO: [ app_begin ] --END-- [ RunTime:0.000389s ]
SQL: SHOW COLUMNS FROM `think_user` [ RunTime:0.0021s ]
NOTIC: [8] Undefined index: validate /data/wwwroot/ceyuan1/ThinkPHP/Library/Think/Model.class.php 第 1185 行.
NOTIC: [8] Undefined index: auto /data/wwwroot/ceyuan1/ThinkPHP/Library/Think/Model.class.php 第 1128 行.
SQL: SELECT * FROM `think_user` WHERE `username` = 'admin' LIMIT 1   [ RunTime:0.0003s ]
INFO: [ view_parse ] --START--
INFO: [ template_filter ] --START--
INFO: Run Behavior\ContentReplaceBehavior [ RunTime:0.000045s ]
INFO: [ template_filter ] --END-- [ RunTime:0.000091s ]
INFO: Run Behavior\ParseTemplateBehavior [ RunTime:0.004901s ]
INFO: [ view_parse ] --END-- [ RunTime:0.004942s ]
INFO: [ view_filter ] --START--
INFO: Run Behavior\WriteHtmlCacheBehavior [ RunTime:0.000128s ]
INFO: [ view_filter ] --END-- [ RunTime:0.000162s ]
INFO: [ app_end ] --START--
INFO: Run Behavior\ShowPageTraceBehavior [ RunTime:0.000428s ]
INFO: [ app_end ] --END-- [ RunTime:0.000479s ]

[ 2017-07-12T14:09:47+08:00 ] 113.91.19.45 /Admin/Index/index.html
INFO: [ app_init ] --START--
INFO: Run Behavior\BuildLiteBehavior [ RunTime:0.000013s ]
INFO: [ app_init ] --END-- [ RunTime:0.000281s ]
INFO: [ app_begin ] --START--
INFO: Run Behavior\ReadHtmlCacheBehavior [ RunTime:0.000364s ]
INFO: [ app_begin ] --END-- [ RunTime:0.000405s ]
INFO: [ view_parse ] --START--
INFO: [ template_filter ] --START--
INFO: Run Behavior\ContentReplaceBehavior [ RunTime:0.000044s ]
INFO: [ template_filter ] --END-- [ RunTime:0.000084s ]
NOTIC: [8] Use of undefined constant upload_max_filesize - assumed 'upload_max_filesize' /data/wwwroot/ceyuan1/Crm/Runtime/Cache/Admin/e0274a4b86e7ba5d066849c021969eb0.php 第 103 行.
INFO: Run Behavior\ParseTemplateBehavior [ RunTime:0.006430s ]
INFO: [ view_parse ] --END-- [ RunTime:0.006470s ]
INFO: [ view_filter ] --START--
INFO: Run Behavior\WriteHtmlCacheBehavior [ RunTime:0.000143s ]
INFO: [ view_filter ] --END-- [ RunTime:0.000177s ]
INFO: [ app_end ] --START--
INFO: Run Behavior\ShowPageTraceBehavior [ RunTime:0.000386s ]
INFO: [ app_end ] --END-- [ RunTime:0.000423s ]

[ 2017-07-12T14:09:49+08:00 ] 113.91.19.45 /Admin/Trouble/daochu
INFO: [ app_init ] --START--
INFO: Run Behavior\BuildLiteBehavior [ RunTime:0.000017s ]
INFO: [ app_init ] --END-- [ RunTime:0.000348s ]
INFO: [ app_begin ] --START--
INFO: Run Behavior\ReadHtmlCacheBehavior [ RunTime:0.000386s ]
INFO: [ app_begin ] --END-- [ RunTime:0.000430s ]
INFO: [ view_parse ] --START--
INFO: [ template_filter ] --START--
INFO: Run Behavior\ContentReplaceBehavior [ RunTime:0.000047s ]
INFO: [ template_filter ] --END-- [ RunTime:0.000090s ]
INFO: Run Behavior\ParseTemplateBehavior [ RunTime:0.007948s ]
INFO: [ view_parse ] --END-- [ RunTime:0.007989s ]
INFO: [ view_filter ] --START--
INFO: Run Behavior\WriteHtmlCacheBehavior [ RunTime:0.000125s ]
INFO: [ view_filter ] --END-- [ RunTime:0.000157s ]
INFO: [ app_end ] --START--
INFO: Run Behavior\ShowPageTraceBehavior [ RunTime:0.000396s ]
INFO: [ app_end ] --END-- [ RunTime:0.000432s ]

[ 2017-07-12T14:09:53+08:00 ] 113.91.19.45 /Admin/Trouble/quanbu
INFO: [ app_init ] --START--
INFO: Run Behavior\BuildLiteBehavior [ RunTime:0.000012s ]
INFO: [ app_init ] --END-- [ RunTime:0.000279s ]
INFO: [ app_begin ] --START--
INFO: Run Behavior\ReadHtmlCacheBehavior [ RunTime:0.000545s ]
INFO: [ app_begin ] --END-- [ RunTime:0.000604s ]
SQL: SHOW COLUMNS FROM `think_office` [ RunTime:0.0020s ]
SQL: SELECT * FROM `think_office`  [ RunTime:0.0002s ]
SQL: SHOW COLUMNS FROM `think_trouble` [ RunTime:0.0011s ]
SQL: SELECT COUNT(*) AS tp_count FROM `think_trouble` LIMIT 1   [ RunTime:0.0001s ]
SQL: SELECT * FROM `think_trouble` ORDER BY id desc LIMIT 0,5   [ RunTime:0.0006s ]
INFO: [ view_parse ] --START--
INFO: [ template_filter ] --START--
INFO: Run Behavior\ContentReplaceBehavior [ RunTime:0.000067s ]
INFO: [ template_filter ] --END-- [ RunTime:0.000130s ]
INFO: Run Behavior\ParseTemplateBehavior [ RunTime:0.250029s ]
INFO: [ view_parse ] --END-- [ RunTime:0.250106s ]
INFO: [ view_filter ] --START--
INFO: Run Behavior\WriteHtmlCacheBehavior [ RunTime:0.000173s ]
INFO: [ view_filter ] --END-- [ RunTime:0.000210s ]
INFO: [ app_end ] --START--
INFO: Run Behavior\ShowPageTraceBehavior [ RunTime:0.000416s ]
INFO: [ app_end ] --END-- [ RunTime:0.000458s ]

[ 2017-07-12T14:14:39+08:00 ] 113.91.19.45 /Admin/Trouble/search
INFO: [ app_init ] --START--
INFO: Run Behavior\BuildLiteBehavior [ RunTime:0.000013s ]
INFO: [ app_init ] --END-- [ RunTime:0.000280s ]
INFO: [ app_begin ] --START--
INFO: Run Behavior\ReadHtmlCacheBehavior [ RunTime:0.000619s ]
INFO: [ app_begin ] --END-- [ RunTime:0.000660s ]
SQL: SHOW COLUMNS FROM `think_trouble` [ RunTime:0.0018s ]
SQL: SELECT * FROM `think_trouble` WHERE `adduser` = '葵涌商贸城'  [ RunTime:0.0006s ]
INFO: [ view_parse ] --START--
INFO: [ template_filter ] --START--
INFO: Run Behavior\ContentReplaceBehavior [ RunTime:0.000056s ]
INFO: [ template_filter ] --END-- [ RunTime:0.000102s ]
NOTIC: [8] Undefined variable: page /data/wwwroot/ceyuan1/Crm/Runtime/Cache/Admin/bedd190d7fa2df149f6c02b3d5dd63ec.php 第 130 行.
INFO: Run Behavior\ParseTemplateBehavior [ RunTime:0.007841s ]
INFO: [ view_parse ] --END-- [ RunTime:0.007882s ]
INFO: [ view_filter ] --START--
INFO: Run Behavior\WriteHtmlCacheBehavior [ RunTime:0.000131s ]
INFO: [ view_filter ] --END-- [ RunTime:0.000165s ]
INFO: [ app_end ] --START--
INFO: Run Behavior\ShowPageTraceBehavior [ RunTime:0.000372s ]
INFO: [ app_end ] --END-- [ RunTime:0.000411s ]

[ 2017-07-12T14:15:54+08:00 ] 113.91.19.45 /Admin/Trouble/quanbu
INFO: [ app_init ] --START--
INFO: Run Behavior\BuildLiteBehavior [ RunTime:0.000014s ]
INFO: [ app_init ] --END-- [ RunTime:0.000315s ]
INFO: [ app_begin ] --START--
INFO: Run Behavior\ReadHtmlCacheBehavior [ RunTime:0.000395s ]
INFO: [ app_begin ] --END-- [ RunTime:0.000435s ]
SQL: SHOW COLUMNS FROM `think_office` [ RunTime:0.0020s ]
SQL: SELECT * FROM `think_office`  [ RunTime:0.0002s ]
SQL: SHOW COLUMNS FROM `think_trouble` [ RunTime:0.0011s ]
SQL: SELECT COUNT(*) AS tp_count FROM `think_trouble` LIMIT 1   [ RunTime:0.0001s ]
SQL: SELECT * FROM `think_trouble` ORDER BY id desc LIMIT 0,5   [ RunTime:0.0002s ]
INFO: [ view_parse ] --START--
INFO: [ template_filter ] --START--
INFO: Run Behavior\ContentReplaceBehavior [ RunTime:0.000061s ]
INFO: [ template_filter ] --END-- [ RunTime:0.000110s ]
INFO: Run Behavior\ParseTemplateBehavior [ RunTime:0.008126s ]
INFO: [ view_parse ] --END-- [ RunTime:0.008169s ]
INFO: [ view_filter ] --START--
INFO: Run Behavior\WriteHtmlCacheBehavior [ RunTime:0.000131s ]
INFO: [ view_filter ] --END-- [ RunTime:0.000166s ]
INFO: [ app_end ] --START--
INFO: Run Behavior\ShowPageTraceBehavior [ RunTime:0.000402s ]
INFO: [ app_end ] --END-- [ RunTime:0.000444s ]

[ 2017-07-12T14:16:03+08:00 ] 113.91.19.45 /Admin/Trouble/quanbu/p/2.html
INFO: [ app_init ] --START--
INFO: Run Behavior\BuildLiteBehavior [ RunTime:0.000015s ]
INFO: [ app_init ] --END-- [ RunTime:0.000291s ]
INFO: [ app_begin ] --START--
INFO: Run Behavior\ReadHtmlCacheBehavior [ RunTime:0.000350s ]
INFO: [ app_begin ] --END-- [ RunTime:0.000391s ]
SQL: SHOW COLUMNS FROM `think_office` [ RunTime:0.0020s ]
SQL: SELECT * FROM `think_office`  [ RunTime:0.0002s ]
SQL: SHOW COLUMNS FROM `think_trouble` [ RunTime:0.0011s ]
SQL: SELECT COUNT(*) AS tp_count FROM `think_trouble` LIMIT 1   [ RunTime:0.0001s ]
SQL: SELECT * FROM `think_trouble` ORDER BY id desc LIMIT 5,5   [ RunTime:0.0002s ]
INFO: [ view_parse ] --START--
INFO: [ template_filter ] --START--
INFO: Run Behavior\ContentReplaceBehavior [ RunTime:0.000070s ]
INFO: [ template_filter ] --END-- [ RunTime:0.000136s ]
INFO: Run Behavior\ParseTemplateBehavior [ RunTime:0.008358s ]
INFO: [ view_parse ] --END-- [ RunTime:0.008403s ]
INFO: [ view_filter ] --START--
INFO: Run Behavior\WriteHtmlCacheBehavior [ RunTime:0.000157s ]
INFO: [ view_filter ] --END-- [ RunTime:0.000192s ]
INFO: [ app_end ] --START--
INFO: Run Behavior\ShowPageTraceBehavior [ RunTime:0.000424s ]
INFO: [ app_end ] --END-- [ RunTime:0.000463s ]

[ 2017-07-12T14:16:05+08:00 ] 113.91.19.45 /Admin/Trouble/quanbu/p/3.html
INFO: [ app_init ] --START--
INFO: Run Behavior\BuildLiteBehavior [ RunTime:0.000013s ]
INFO: [ app_init ] --END-- [ RunTime:0.000283s ]
INFO: [ app_begin ] --START--
INFO: Run Behavior\ReadHtmlCacheBehavior [ RunTime:0.000395s ]
INFO: [ app_begin ] --END-- [ RunTime:0.000435s ]
SQL: SHOW COLUMNS FROM `think_office` [ RunTime:0.0016s ]
SQL: SELECT * FROM `think_office`  [ RunTime:0.0002s ]
SQL: SHOW COLUMNS FROM `think_trouble` [ RunTime:0.0009s ]
SQL: SELECT COUNT(*) AS tp_count FROM `think_trouble` LIMIT 1   [ RunTime:0.0001s ]
SQL: SELECT * FROM `think_trouble` ORDER BY id desc LIMIT 10,5   [ RunTime:0.0002s ]
INFO: [ view_parse ] --START--
INFO: [ template_filter ] --START--
INFO: Run Behavior\ContentReplaceBehavior [ RunTime:0.000068s ]
INFO: [ template_filter ] --END-- [ RunTime:0.000149s ]
INFO: Run Behavior\ParseTemplateBehavior [ RunTime:0.008438s ]
INFO: [ view_parse ] --END-- [ RunTime:0.008479s ]
INFO: [ view_filter ] --START--
INFO: Run Behavior\WriteHtmlCacheBehavior [ RunTime:0.000174s ]
INFO: [ view_filter ] --END-- [ RunTime:0.000209s ]
INFO: [ app_end ] --START--
INFO: Run Behavior\ShowPageTraceBehavior [ RunTime:0.000395s ]
INFO: [ app_end ] --END-- [ RunTime:0.000436s ]

[ 2017-07-12T14:16:08+08:00 ] 113.91.19.45 /Admin/Trouble/quanbu/p/4.html
INFO: [ app_init ] --START--
INFO: Run Behavior\BuildLiteBehavior [ RunTime:0.000013s ]
INFO: [ app_init ] --END-- [ RunTime:0.000276s ]
INFO: [ app_begin ] --START--
INFO: Run Behavior\ReadHtmlCacheBehavior [ RunTime:0.000367s ]
INFO: [ app_begin ] --END-- [ RunTime:0.000407s ]
SQL: SHOW COLUMNS FROM `think_office` [ RunTime:0.0015s ]
SQL: SELECT * FROM `think_office`  [ RunTime:0.0002s ]
SQL: SHOW COLUMNS FROM `think_trouble` [ RunTime:0.0009s ]
SQL: SELECT COUNT(*) AS tp_count FROM `think_trouble` LIMIT 1   [ RunTime:0.0001s ]
SQL: SELECT * FROM `think_trouble` ORDER BY id desc LIMIT 15,5   [ RunTime:0.0002s ]
INFO: [ view_parse ] --START--
INFO: [ template_filter ] --START--
INFO: Run Behavior\ContentReplaceBehavior [ RunTime:0.000065s ]
INFO: [ template_filter ] --END-- [ RunTime:0.000122s ]
INFO: Run Behavior\ParseTemplateBehavior [ RunTime:0.015777s ]
INFO: [ view_parse ] --END-- [ RunTime:0.015831s ]
INFO: [ view_filter ] --START--
INFO: Run Behavior\WriteHtmlCacheBehavior [ RunTime:0.000187s ]
INFO: [ view_filter ] --END-- [ RunTime:0.000238s ]
INFO: [ app_end ] --START--
INFO: Run Behavior\ShowPageTraceBehavior [ RunTime:0.000576s ]
INFO: [ app_end ] --END-- [ RunTime:0.000638s ]

[ 2017-07-12T14:34:42+08:00 ] 113.91.19.45 /Admin/Trouble/quanbu
INFO: [ app_init ] --START--
INFO: Run Behavior\BuildLiteBehavior [ RunTime:0.000012s ]
INFO: [ app_init ] --END-- [ RunTime:0.000283s ]
INFO: [ app_begin ] --START--
INFO: Run Behavior\ReadHtmlCacheBehavior [ RunTime:0.000348s ]
INFO: [ app_begin ] --END-- [ RunTime:0.000388s ]
SQL: SHOW COLUMNS FROM `think_office` [ RunTime:0.0021s ]
SQL: SELECT * FROM `think_office`  [ RunTime:0.0002s ]
SQL: SHOW COLUMNS FROM `think_trouble` [ RunTime:0.0012s ]
SQL: SELECT COUNT(*) AS tp_count FROM `think_trouble` LIMIT 1   [ RunTime:0.0002s ]
SQL: SELECT * FROM `think_trouble` ORDER BY id desc LIMIT 0,5   [ RunTime:0.0002s ]
INFO: [ view_parse ] --START--
INFO: [ template_filter ] --START--
INFO: Run Behavior\ContentReplaceBehavior [ RunTime:0.000068s ]
INFO: [ template_filter ] --END-- [ RunTime:0.000128s ]
INFO: Run Behavior\ParseTemplateBehavior [ RunTime:0.264048s ]
INFO: [ view_parse ] --END-- [ RunTime:0.264147s ]
INFO: [ view_filter ] --START--
INFO: Run Behavior\WriteHtmlCacheBehavior [ RunTime:0.000231s ]
INFO: [ view_filter ] --END-- [ RunTime:0.000294s ]
INFO: [ app_end ] --START--
INFO: Run Behavior\ShowPageTraceBehavior [ RunTime:0.000658s ]
INFO: [ app_end ] --END-- [ RunTime:0.000729s ]

[ 2017-07-12T14:34:43+08:00 ] 113.91.19.45 /Admin/Trouble/daochu
INFO: [ app_init ] --START--
INFO: Run Behavior\BuildLiteBehavior [ RunTime:0.000013s ]
INFO: [ app_init ] --END-- [ RunTime:0.000283s ]
INFO: [ app_begin ] --START--
INFO: Run Behavior\ReadHtmlCacheBehavior [ RunTime:0.000372s ]
INFO: [ app_begin ] --END-- [ RunTime:0.000411s ]
INFO: [ view_parse ] --START--
INFO: [ template_filter ] --START--
INFO: Run Behavior\ContentReplaceBehavior [ RunTime:0.000055s ]
INFO: [ template_filter ] --END-- [ RunTime:0.000119s ]
INFO: Run Behavior\ParseTemplateBehavior [ RunTime:0.005708s ]
INFO: [ view_parse ] --END-- [ RunTime:0.005748s ]
INFO: [ view_filter ] --START--
INFO: Run Behavior\WriteHtmlCacheBehavior [ RunTime:0.000154s ]
INFO: [ view_filter ] --END-- [ RunTime:0.000187s ]
INFO: [ app_end ] --START--
INFO: Run Behavior\ShowPageTraceBehavior [ RunTime:0.000437s ]
INFO: [ app_end ] --END-- [ RunTime:0.000487s ]

[ 2017-07-12T14:36:14+08:00 ] 113.91.19.45 /Admin/Trouble/daochu
INFO: [ app_init ] --START--
INFO: Run Behavior\BuildLiteBehavior [ RunTime:0.000014s ]
INFO: [ app_init ] --END-- [ RunTime:0.000283s ]
INFO: [ app_begin ] --START--
INFO: Run Behavior\ReadHtmlCacheBehavior [ RunTime:0.000366s ]
INFO: [ app_begin ] --END-- [ RunTime:0.000407s ]
SQL: SHOW COLUMNS FROM `think_trouble` [ RunTime:0.0017s ]
SQL: SELECT `id`,`order`,`state`,`cishu`,`office`,`place`,`question`,`addtime`,`lasttime`,`adduser` FROM `think_trouble` WHERE `addtime` BETWEEN 1498838400 AND 1498838400  [ RunTime:0.0008s ]
INFO: [ view_parse ] --START--
INFO: [ template_filter ] --START--
INFO: Run Behavior\ContentReplaceBehavior [ RunTime:0.000042s ]
INFO: [ template_filter ] --END-- [ RunTime:0.000090s ]
INFO: Run Behavior\ParseTemplateBehavior [ RunTime:0.005120s ]
INFO: [ view_parse ] --END-- [ RunTime:0.005183s ]
INFO: [ view_filter ] --START--
INFO: Run Behavior\WriteHtmlCacheBehavior [ RunTime:0.000151s ]
INFO: [ view_filter ] --END-- [ RunTime:0.000186s ]

[ 2017-07-12T14:36:16+08:00 ] 113.91.19.45 /Admin/Trouble/daochu
INFO: [ app_init ] --START--
INFO: Run Behavior\BuildLiteBehavior [ RunTime:0.000019s ]
INFO: [ app_init ] --END-- [ RunTime:0.000316s ]
INFO: [ app_begin ] --START--
INFO: Run Behavior\ReadHtmlCacheBehavior [ RunTime:0.000395s ]
INFO: [ app_begin ] --END-- [ RunTime:0.000444s ]
INFO: [ view_parse ] --START--
INFO: [ template_filter ] --START--
INFO: Run Behavior\ContentReplaceBehavior [ RunTime:0.000044s ]
INFO: [ template_filter ] --END-- [ RunTime:0.000094s ]
INFO: Run Behavior\ParseTemplateBehavior [ RunTime:0.005500s ]
INFO: [ view_parse ] --END-- [ RunTime:0.005540s ]
INFO: [ view_filter ] --START--
INFO: Run Behavior\WriteHtmlCacheBehavior [ RunTime:0.000122s ]
INFO: [ view_filter ] --END-- [ RunTime:0.000155s ]
INFO: [ app_end ] --START--
INFO: Run Behavior\ShowPageTraceBehavior [ RunTime:0.000421s ]
INFO: [ app_end ] --END-- [ RunTime:0.000461s ]

[ 2017-07-12T14:36:22+08:00 ] 113.91.19.45 /Admin/Trouble/daochu
INFO: [ app_init ] --START--
INFO: Run Behavior\BuildLiteBehavior [ RunTime:0.000013s ]
INFO: [ app_init ] --END-- [ RunTime:0.000283s ]
INFO: [ app_begin ] --START--
INFO: Run Behavior\ReadHtmlCacheBehavior [ RunTime:0.000349s ]
INFO: [ app_begin ] --END-- [ RunTime:0.000390s ]
SQL: SHOW COLUMNS FROM `think_trouble` [ RunTime:0.0019s ]
SQL: SELECT `id`,`order`,`state`,`cishu`,`office`,`place`,`question`,`addtime`,`lasttime`,`adduser` FROM `think_trouble` WHERE `addtime` BETWEEN 1498924800 AND 1498924800  [ RunTime:0.0006s ]
INFO: [ view_parse ] --START--
INFO: [ template_filter ] --START--
INFO: Run Behavior\ContentReplaceBehavior [ RunTime:0.000040s ]
INFO: [ template_filter ] --END-- [ RunTime:0.000085s ]
INFO: Run Behavior\ParseTemplateBehavior [ RunTime:0.004624s ]
INFO: [ view_parse ] --END-- [ RunTime:0.004671s ]
INFO: [ view_filter ] --START--
INFO: Run Behavior\WriteHtmlCacheBehavior [ RunTime:0.000132s ]
INFO: [ view_filter ] --END-- [ RunTime:0.000166s ]

[ 2017-07-12T14:36:24+08:00 ] 113.91.19.45 /Admin/Trouble/daochu
INFO: [ app_init ] --START--
INFO: Run Behavior\BuildLiteBehavior [ RunTime:0.000016s ]
INFO: [ app_init ] --END-- [ RunTime:0.000299s ]
INFO: [ app_begin ] --START--
INFO: Run Behavior\ReadHtmlCacheBehavior [ RunTime:0.000353s ]
INFO: [ app_begin ] --END-- [ RunTime:0.000393s ]
INFO: [ view_parse ] --START--
INFO: [ template_filter ] --START--
INFO: Run Behavior\ContentReplaceBehavior [ RunTime:0.000053s ]
INFO: [ template_filter ] --END-- [ RunTime:0.000116s ]
INFO: Run Behavior\ParseTemplateBehavior [ RunTime:0.005761s ]
INFO: [ view_parse ] --END-- [ RunTime:0.005802s ]
INFO: [ view_filter ] --START--
INFO: Run Behavior\WriteHtmlCacheBehavior [ RunTime:0.000126s ]
INFO: [ view_filter ] --END-- [ RunTime:0.000161s ]
INFO: [ app_end ] --START--
INFO: Run Behavior\ShowPageTraceBehavior [ RunTime:0.000414s ]
INFO: [ app_end ] --END-- [ RunTime:0.000452s ]

[ 2017-07-12T15:03:45+08:00 ] 113.91.19.45 /Admin/Trouble/daochu
INFO: [ app_init ] --START--
INFO: Run Behavior\BuildLiteBehavior [ RunTime:0.000014s ]
INFO: [ app_init ] --END-- [ RunTime:0.000281s ]
INFO: [ app_begin ] --START--
INFO: Run Behavior\ReadHtmlCacheBehavior [ RunTime:0.000349s ]
INFO: [ app_begin ] --END-- [ RunTime:0.000390s ]
SQL: SHOW COLUMNS FROM `think_trouble` [ RunTime:0.0019s ]
SQL: SELECT `id`,`order`,`state`,`cishu`,`office`,`place`,`question`,`addtime`,`lasttime`,`adduser` FROM `think_trouble` WHERE `addtime` BETWEEN 1498838400 AND 1499443200  [ RunTime:0.0007s ]
NOTIC: [8] Undefined variable: question /data/wwwroot/ceyuan1/Crm/Admin/Controller/TroubleController.class.php 第 433 行.
SQL: SHOW COLUMNS FROM `think_troublelist` [ RunTime:0.0022s ]
SQL: SELECT * FROM `think_troublelist` WHERE `uid` = 1064  [ RunTime:0.0005s ]
NOTIC: [8] Use of undefined constant remark - assumed 'remark' /data/wwwroot/ceyuan1/Crm/Admin/Controller/TroubleController.class.php 第 469 行.
NOTIC: [8] Use of undefined constant yuanyin - assumed 'yuanyin' /data/wwwroot/ceyuan1/Crm/Admin/Controller/TroubleController.class.php 第 475 行.
SQL: SELECT * FROM `think_troublelist` WHERE `uid` = 1065  [ RunTime:0.0004s ]
NOTIC: [8] Use of undefined constant remark - assumed 'remark' /data/wwwroot/ceyuan1/Crm/Admin/Controller/TroubleController.class.php 第 469 行.
NOTIC: [8] Use of undefined constant yuanyin - assumed 'yuanyin' /data/wwwroot/ceyuan1/Crm/Admin/Controller/TroubleController.class.php 第 475 行.
SQL: SELECT * FROM `think_troublelist` WHERE `uid` = 1066  [ RunTime:0.0004s ]
SQL: SELECT * FROM `think_troublelist` WHERE `uid` = 1067  [ RunTime:0.0004s ]
SQL: SELECT * FROM `think_troublelist` WHERE `uid` = 1068  [ RunTime:0.0004s ]
NOTIC: [8] Use of undefined constant remark - assumed 'remark' /data/wwwroot/ceyuan1/Crm/Admin/Controller/TroubleController.class.php 第 469 行.
NOTIC: [8] Use of undefined constant yuanyin - assumed 'yuanyin' /data/wwwroot/ceyuan1/Crm/Admin/Controller/TroubleController.class.php 第 475 行.
SQL: SELECT * FROM `think_troublelist` WHERE `uid` = 1069  [ RunTime:0.0004s ]
NOTIC: [8] Use of undefined constant remark - assumed 'remark' /data/wwwroot/ceyuan1/Crm/Admin/Controller/TroubleController.class.php 第 469 行.
NOTIC: [8] Use of undefined constant yuanyin - assumed 'yuanyin' /data/wwwroot/ceyuan1/Crm/Admin/Controller/TroubleController.class.php 第 475 行.
SQL: SELECT * FROM `think_troublelist` WHERE `uid` = 1070  [ RunTime:0.0004s ]
NOTIC: [8] Use of undefined constant remark - assumed 'remark' /data/wwwroot/ceyuan1/Crm/Admin/Controller/TroubleController.class.php 第 469 行.
NOTIC: [8] Use of undefined constant yuanyin - assumed 'yuanyin' /data/wwwroot/ceyuan1/Crm/Admin/Controller/TroubleController.class.php 第 475 行.
SQL: SELECT * FROM `think_troublelist` WHERE `uid` = 1071  [ RunTime:0.0004s ]
NOTIC: [8] Use of undefined constant remark - assumed 'remark' /data/wwwroot/ceyuan1/Crm/Admin/Controller/TroubleController.class.php 第 469 行.
NOTIC: [8] Use of undefined constant yuanyin - assumed 'yuanyin' /data/wwwroot/ceyuan1/Crm/Admin/Controller/TroubleController.class.php 第 475 行.
SQL: SELECT * FROM `think_troublelist` WHERE `uid` = 1072  [ RunTime:0.0004s ]
NOTIC: [8] Use of undefined constant remark - assumed 'remark' /data/wwwroot/ceyuan1/Crm/Admin/Controller/TroubleController.class.php 第 469 行.
NOTIC: [8] Use of undefined constant yuanyin - assumed 'yuanyin' /data/wwwroot/ceyuan1/Crm/Admin/Controller/TroubleController.class.php 第 475 行.
SQL: SELECT * FROM `think_troublelist` WHERE `uid` = 1073  [ RunTime:0.0004s ]
NOTIC: [8] Use of undefined constant remark - assumed 'remark' /data/wwwroot/ceyuan1/Crm/Admin/Controller/TroubleController.class.php 第 469 行.
NOTIC: [8] Use of undefined constant yuanyin - assumed 'yuanyin' /data/wwwroot/ceyuan1/Crm/Admin/Controller/TroubleController.class.php 第 475 行.
SQL: SELECT * FROM `think_troublelist` WHERE `uid` = 1074  [ RunTime:0.0007s ]
NOTIC: [8] Use of undefined constant remark - assumed 'remark' /data/wwwroot/ceyuan1/Crm/Admin/Controller/TroubleController.class.php 第 469 行.
NOTIC: [8] Use of undefined constant yuanyin - assumed 'yuanyin' /data/wwwroot/ceyuan1/Crm/Admin/Controller/TroubleController.class.php 第 475 行.
SQL: SELECT * FROM `think_troublelist` WHERE `uid` = 1075  [ RunTime:0.0004s ]
NOTIC: [8] Use of undefined constant remark - assumed 'remark' /data/wwwroot/ceyuan1/Crm/Admin/Controller/TroubleController.class.php 第 469 行.
NOTIC: [8] Use of undefined constant yuanyin - assumed 'yuanyin' /data/wwwroot/ceyuan1/Crm/Admin/Controller/TroubleController.class.php 第 475 行.
SQL: SELECT * FROM `think_troublelist` WHERE `uid` = 1076  [ RunTime:0.0004s ]
SQL: SELECT * FROM `think_troublelist` WHERE `uid` = 1077  [ RunTime:0.0004s ]
NOTIC: [8] Use of undefined constant remark - assumed 'remark' /data/wwwroot/ceyuan1/Crm/Admin/Controller/TroubleController.class.php 第 469 行.
NOTIC: [8] Use of undefined constant yuanyin - assumed 'yuanyin' /data/wwwroot/ceyuan1/Crm/Admin/Controller/TroubleController.class.php 第 475 行.
SQL: SELECT * FROM `think_troublelist` WHERE `uid` = 1078  [ RunTime:0.0004s ]
NOTIC: [8] Use of undefined constant remark - assumed 'remark' /data/wwwroot/ceyuan1/Crm/Admin/Controller/TroubleController.class.php 第 469 行.
NOTIC: [8] Use of undefined constant yuanyin - assumed 'yuanyin' /data/wwwroot/ceyuan1/Crm/Admin/Controller/TroubleController.class.php 第 475 行.
SQL: SELECT * FROM `think_troublelist` WHERE `uid` = 1079  [ RunTime:0.0004s ]
NOTIC: [8] Use of undefined constant remark - assumed 'remark' /data/wwwroot/ceyuan1/Crm/Admin/Controller/TroubleController.class.php 第 469 行.
NOTIC: [8] Use of undefined constant yuanyin - assumed 'yuanyin' /data/wwwroot/ceyuan1/Crm/Admin/Controller/TroubleController.class.php 第 475 行.
SQL: SELECT * FROM `think_troublelist` WHERE `uid` = 1080  [ RunTime:0.0004s ]
NOTIC: [8] Use of undefined constant remark - assumed 'remark' /data/wwwroot/ceyuan1/Crm/Admin/Controller/TroubleController.class.php 第 469 行.
NOTIC: [8] Use of undefined constant yuanyin - assumed 'yuanyin' /data/wwwroot/ceyuan1/Crm/Admin/Controller/TroubleController.class.php 第 475 行.
SQL: SELECT * FROM `think_troublelist` WHERE `uid` = 1081  [ RunTime:0.0004s ]
NOTIC: [8] Use of undefined constant remark - assumed 'remark' /data/wwwroot/ceyuan1/Crm/Admin/Controller/TroubleController.class.php 第 469 行.
NOTIC: [8] Use of undefined constant yuanyin - assumed 'yuanyin' /data/wwwroot/ceyuan1/Crm/Admin/Controller/TroubleController.class.php 第 475 行.
SQL: SELECT * FROM `think_troublelist` WHERE `uid` = 1082  [ RunTime:0.0005s ]
NOTIC: [8] Use of undefined constant remark - assumed 'remark' /data/wwwroot/ceyuan1/Crm/Admin/Controller/TroubleController.class.php 第 469 行.
NOTIC: [8] Use of undefined constant yuanyin - assumed 'yuanyin' /data/wwwroot/ceyuan1/Crm/Admin/Controller/TroubleController.class.php 第 475 行.
SQL: SELECT * FROM `think_troublelist` WHERE `uid` = 1083  [ RunTime:0.0004s ]
NOTIC: [8] Use of undefined constant remark - assumed 'remark' /data/wwwroot/ceyuan1/Crm/Admin/Controller/TroubleController.class.php 第 469 行.
NOTIC: [8] Use of undefined constant yuanyin - assumed 'yuanyin' /data/wwwroot/ceyuan1/Crm/Admin/Controller/TroubleController.class.php 第 475 行.
SQL: SELECT * FROM `think_troublelist` WHERE `uid` = 1084  [ RunTime:0.0004s ]
NOTIC: [8] Use of undefined constant remark - assumed 'remark' /data/wwwroot/ceyuan1/Crm/Admin/Controller/TroubleController.class.php 第 469 行.
NOTIC: [8] Use of undefined constant remark - assumed 'remark' /data/wwwroot/ceyuan1/Crm/Admin/Controller/TroubleController.class.php 第 473 行.
NOTIC: [8] Use of undefined constant yuanyin - assumed 'yuanyin' /data/wwwroot/ceyuan1/Crm/Admin/Controller/TroubleController.class.php 第 475 行.
SQL: SELECT * FROM `think_troublelist` WHERE `uid` = 1085  [ RunTime:0.0004s ]
NOTIC: [8] Use of undefined constant remark - assumed 'remark' /data/wwwroot/ceyuan1/Crm/Admin/Controller/TroubleController.class.php 第 469 行.
NOTIC: [8] Use of undefined constant yuanyin - assumed 'yuanyin' /data/wwwroot/ceyuan1/Crm/Admin/Controller/TroubleController.class.php 第 475 行.
SQL: SELECT * FROM `think_troublelist` WHERE `uid` = 1086  [ RunTime:0.0004s ]
NOTIC: [8] Use of undefined constant remark - assumed 'remark' /data/wwwroot/ceyuan1/Crm/Admin/Controller/TroubleController.class.php 第 469 行.
NOTIC: [8] Use of undefined constant yuanyin - assumed 'yuanyin' /data/wwwroot/ceyuan1/Crm/Admin/Controller/TroubleController.class.php 第 475 行.
SQL: SELECT * FROM `think_troublelist` WHERE `uid` = 1087  [ RunTime:0.0005s ]
NOTIC: [8] Use of undefined constant remark - assumed 'remark' /data/wwwroot/ceyuan1/Crm/Admin/Controller/TroubleController.class.php 第 469 行.
NOTIC: [8] Use of undefined constant yuanyin - assumed 'yuanyin' /data/wwwroot/ceyuan1/Crm/Admin/Controller/TroubleController.class.php 第 475 行.
SQL: SELECT * FROM `think_troublelist` WHERE `uid` = 1088  [ RunTime:0.0006s ]
NOTIC: [8] Use of undefined constant remark - assumed 'remark' /data/wwwroot/ceyuan1/Crm/Admin/Controller/TroubleController.class.php 第 469 行.
NOTIC: [8] Use of undefined constant yuanyin - assumed 'yuanyin' /data/wwwroot/ceyuan1/Crm/Admin/Controller/TroubleController.class.php 第 475 行.
SQL: SELECT * FROM `think_troublelist` WHERE `uid` = 1089  [ RunTime:0.0004s ]
NOTIC: [8] Use of undefined constant remark - assumed 'remark' /data/wwwroot/ceyuan1/Crm/Admin/Controller/TroubleController.class.php 第 469 行.
NOTIC: [8] Use of undefined constant yuanyin - assumed 'yuanyin' /data/wwwroot/ceyuan1/Crm/Admin/Controller/TroubleController.class.php 第 475 行.
SQL: SELECT * FROM `think_troublelist` WHERE `uid` = 1090  [ RunTime:0.0004s ]
NOTIC: [8] Use of undefined constant remark - assumed 'remark' /data/wwwroot/ceyuan1/Crm/Admin/Controller/TroubleController.class.php 第 469 行.
NOTIC: [8] Use of undefined constant yuanyin - assumed 'yuanyin' /data/wwwroot/ceyuan1/Crm/Admin/Controller/TroubleController.class.php 第 475 行.
SQL: SELECT * FROM `think_troublelist` WHERE `uid` = 1091  [ RunTime:0.0004s ]
NOTIC: [8] Use of undefined constant remark - assumed 'remark' /data/wwwroot/ceyuan1/Crm/Admin/Controller/TroubleController.class.php 第 469 行.
NOTIC: [8] Use of undefined constant yuanyin - assumed 'yuanyin' /data/wwwroot/ceyuan1/Crm/Admin/Controller/TroubleController.class.php 第 475 行.
NOTIC: [8] Use of undefined constant yuanyin - assumed 'yuanyin' /data/wwwroot/ceyuan1/Crm/Admin/Controller/TroubleController.class.php 第 479 行.
NOTIC: [8] Use of undefined constant remark - assumed 'remark' /data/wwwroot/ceyuan1/Crm/Admin/Controller/TroubleController.class.php 第 469 行.
NOTIC: [8] Use of undefined constant yuanyin - assumed 'yuanyin' /data/wwwroot/ceyuan1/Crm/Admin/Controller/TroubleController.class.php 第 475 行.
SQL: SELECT * FROM `think_troublelist` WHERE `uid` = 1092  [ RunTime:0.0004s ]
NOTIC: [8] Use of undefined constant remark - assumed 'remark' /data/wwwroot/ceyuan1/Crm/Admin/Controller/TroubleController.class.php 第 469 行.
NOTIC: [8] Use of undefined constant yuanyin - assumed 'yuanyin' /data/wwwroot/ceyuan1/Crm/Admin/Controller/TroubleController.class.php 第 475 行.
SQL: SELECT * FROM `think_troublelist` WHERE `uid` = 1093  [ RunTime:0.0004s ]
NOTIC: [8] Use of undefined constant remark - assumed 'remark' /data/wwwroot/ceyuan1/Crm/Admin/Controller/TroubleController.class.php 第 469 行.
NOTIC: [8] Use of undefined constant yuanyin - assumed 'yuanyin' /data/wwwroot/ceyuan1/Crm/Admin/Controller/TroubleController.class.php 第 475 行.
SQL: SELECT * FROM `think_troublelist` WHERE `uid` = 1094  [ RunTime:0.0004s ]
NOTIC: [8] Use of undefined constant remark - assumed 'remark' /data/wwwroot/ceyuan1/Crm/Admin/Controller/TroubleController.class.php 第 469 行.
NOTIC: [8] Use of undefined constant remark - assumed 'remark' /data/wwwroot/ceyuan1/Crm/Admin/Controller/TroubleController.class.php 第 473 行.
NOTIC: [8] Use of undefined constant yuanyin - assumed 'yuanyin' /data/wwwroot/ceyuan1/Crm/Admin/Controller/TroubleController.class.php 第 475 行.
SQL: SELECT * FROM `think_troublelist` WHERE `uid` = 1095  [ RunTime:0.0004s ]
NOTIC: [8] Use of undefined constant remark - assumed 'remark' /data/wwwroot/ceyuan1/Crm/Admin/Controller/TroubleController.class.php 第 469 行.
NOTIC: [8] Use of undefined constant yuanyin - assumed 'yuanyin' /data/wwwroot/ceyuan1/Crm/Admin/Controller/TroubleController.class.php 第 475 行.
SQL: SELECT * FROM `think_troublelist` WHERE `uid` = 1096  [ RunTime:0.0004s ]
NOTIC: [8] Use of undefined constant remark - assumed 'remark' /data/wwwroot/ceyuan1/Crm/Admin/Controller/TroubleController.class.php 第 469 行.
NOTIC: [8] Use of undefined constant remark - assumed 'remark' /data/wwwroot/ceyuan1/Crm/Admin/Controller/TroubleController.class.php 第 473 行.
NOTIC: [8] Use of undefined constant yuanyin - assumed 'yuanyin' /data/wwwroot/ceyuan1/Crm/Admin/Controller/TroubleController.class.php 第 475 行.
SQL: SELECT * FROM `think_troublelist` WHERE `uid` = 1097  [ RunTime:0.0004s ]
NOTIC: [8] Use of undefined constant remark - assumed 'remark' /data/wwwroot/ceyuan1/Crm/Admin/Controller/TroubleController.class.php 第 469 行.
NOTIC: [8] Use of undefined constant remark - assumed 'remark' /data/wwwroot/ceyuan1/Crm/Admin/Controller/TroubleController.class.php 第 473 行.
NOTIC: [8] Use of undefined constant yuanyin - assumed 'yuanyin' /data/wwwroot/ceyuan1/Crm/Admin/Controller/TroubleController.class.php 第 475 行.
SQL: SELECT * FROM `think_troublelist` WHERE `uid` = 1098  [ RunTime:0.0004s ]
NOTIC: [8] Use of undefined constant remark - assumed 'remark' /data/wwwroot/ceyuan1/Crm/Admin/Controller/TroubleController.class.php 第 469 行.
NOTIC: [8] Use of undefined constant remark - assumed 'remark' /data/wwwroot/ceyuan1/Crm/Admin/Controller/TroubleController.class.php 第 473 行.
NOTIC: [8] Use of undefined constant yuanyin - assumed 'yuanyin' /data/wwwroot/ceyuan1/Crm/Admin/Controller/TroubleController.class.php 第 475 行.
SQL: SELECT * FROM `think_troublelist` WHERE `uid` = 1099  [ RunTime:0.0005s ]
NOTIC: [8] Use of undefined constant remark - assumed 'remark' /data/wwwroot/ceyuan1/Crm/Admin/Controller/TroubleController.class.php 第 469 行.
NOTIC: [8] Use of undefined constant remark - assumed 'remark' /data/wwwroot/ceyuan1/Crm/Admin/Controller/TroubleController.class.php 第 473 行.
NOTIC: [8] Use of undefined constant yuanyin - assumed 'yuanyin' /data/wwwroot/ceyuan1/Crm/Admin/Controller/TroubleController.class.php 第 475 行.
SQL: SELECT * FROM `think_troublelist` WHERE `uid` = 1100  [ RunTime:0.0004s ]
NOTIC: [8] Use of undefined constant remark - assumed 'remark' /data/wwwroot/ceyuan1/Crm/Admin/Controller/TroubleController.class.php 第 469 行.
NOTIC: [8] Use of undefined constant yuanyin - assumed 'yuanyin' /data/wwwroot/ceyuan1/Crm/Admin/Controller/TroubleController.class.php 第 475 行.
SQL: SELECT * FROM `think_troublelist` WHERE `uid` = 1101  [ RunTime:0.0004s ]
NOTIC: [8] Use of undefined constant remark - assumed 'remark' /data/wwwroot/ceyuan1/Crm/Admin/Controller/TroubleController.class.php 第 469 行.
NOTIC: [8] Use of undefined constant yuanyin - assumed 'yuanyin' /data/wwwroot/ceyuan1/Crm/Admin/Controller/TroubleController.class.php 第 475 行.
SQL: SELECT * FROM `think_troublelist` WHERE `uid` = 1102  [ RunTime:0.0004s ]
NOTIC: [8] Use of undefined constant remark - assumed 'remark' /data/wwwroot/ceyuan1/Crm/Admin/Controller/TroubleController.class.php 第 469 行.
NOTIC: [8] Use of undefined constant yuanyin - assumed 'yuanyin' /data/wwwroot/ceyuan1/Crm/Admin/Controller/TroubleController.class.php 第 475 行.
SQL: SELECT * FROM `think_troublelist` WHERE `uid` = 1103  [ RunTime:0.0004s ]
NOTIC: [8] Use of undefined constant remark - assumed 'remark' /data/wwwroot/ceyuan1/Crm/Admin/Controller/TroubleController.class.php 第 469 行.
NOTIC: [8] Use of undefined constant yuanyin - assumed 'yuanyin' /data/wwwroot/ceyuan1/Crm/Admin/Controller/TroubleController.class.php 第 475 行.
SQL: SELECT * FROM `think_troublelist` WHERE `uid` = 1104  [ RunTime:0.0004s ]
NOTIC: [8] Use of undefined constant remark - assumed 'remark' /data/wwwroot/ceyuan1/Crm/Admin/Controller/TroubleController.class.php 第 469 行.
NOTIC: [8] Use of undefined constant yuanyin - assumed 'yuanyin' /data/wwwroot/ceyuan1/Crm/Admin/Controller/TroubleController.class.php 第 475 行.
SQL: SELECT * FROM `think_troublelist` WHERE `uid` = 1105  [ RunTime:0.0004s ]
SQL: SELECT * FROM `think_troublelist` WHERE `uid` = 1106  [ RunTime:0.0004s ]
NOTIC: [8] Use of undefined constant remark - assumed 'remark' /data/wwwroot/ceyuan1/Crm/Admin/Controller/TroubleController.class.php 第 469 行.
NOTIC: [8] Use of undefined constant yuanyin - assumed 'yuanyin' /data/wwwroot/ceyuan1/Crm/Admin/Controller/TroubleController.class.php 第 475 行.

