[ 2017-05-05T19:39:25+08:00 ] 183.15.155.179 /Home/Control/index/
INFO: [ app_init ] --START--
INFO: Run Behavior\BuildLiteBehavior [ RunTime:0.000012s ]
INFO: [ app_init ] --END-- [ RunTime:0.000302s ]
INFO: [ app_begin ] --START--
INFO: Run Behavior\ReadHtmlCacheBehavior [ RunTime:0.000365s ]
INFO: [ app_begin ] --END-- [ RunTime:0.000407s ]
NOTIC: [8] Undefined index: id /data/wwwroot/ceyuan1/Crm/Home/Controller/CommonController.class.php 第 34 行.
SQL: SHOW COLUMNS FROM `think_office` [ RunTime:0.0015s ]
SQL: SELECT `id`,`name` FROM `think_office`  [ RunTime:0.0002s ]
SQL: SHOW COLUMNS FROM `think_trouble` [ RunTime:0.0009s ]
SQL: SELECT DATE_FORMAT(FROM_UNIXTIME(addtime),"%Y-%m-%d")as addtime,`id`,`order`,`office`,`cishu`,`firstimg`,`lastimg` FROM `think_trouble` WHERE `state` = 0 ORDER BY id desc LIMIT 5,5   [ RunTime:0.0004s ]

[ 2017-05-05T19:39:27+08:00 ] 14.17.37.69 /Home/Control/daifankuixq/id/469
INFO: [ app_init ] --START--
INFO: Run Behavior\BuildLiteBehavior [ RunTime:0.000013s ]
INFO: [ app_init ] --END-- [ RunTime:0.000280s ]
INFO: [ app_begin ] --START--
INFO: Run Behavior\ReadHtmlCacheBehavior [ RunTime:0.000364s ]
INFO: [ app_begin ] --END-- [ RunTime:0.000406s ]
NOTIC: [8] Undefined index: id /data/wwwroot/ceyuan1/Crm/Home/Controller/CommonController.class.php 第 34 行.
SQL: SHOW COLUMNS FROM `think_trouble` [ RunTime:0.0016s ]
SQL: SELECT DATE_FORMAT(FROM_UNIXTIME(addtime),"%Y-%m-%d")as addtime,`id`,`order`,`place`,`question`,`office`,`cishu`,`firstimg` FROM `think_trouble` WHERE `id` = 469 LIMIT 1   [ RunTime:0.0003s ]
SQL: SHOW COLUMNS FROM `think_troublelist` [ RunTime:0.0009s ]
SQL: SELECT * FROM `think_troublelist` WHERE `uid` = 469 ORDER BY id desc  [ RunTime:0.0002s ]
INFO: [ view_parse ] --START--
INFO: [ template_filter ] --START--
INFO: Run Behavior\ContentReplaceBehavior [ RunTime:0.000057s ]
INFO: [ template_filter ] --END-- [ RunTime:0.000100s ]
INFO: Run Behavior\ParseTemplateBehavior [ RunTime:0.006413s ]
INFO: [ view_parse ] --END-- [ RunTime:0.006484s ]
INFO: [ view_filter ] --START--
INFO: Run Behavior\WriteHtmlCacheBehavior [ RunTime:0.000126s ]
INFO: [ view_filter ] --END-- [ RunTime:0.000162s ]
INFO: [ app_end ] --START--
INFO: Run Behavior\ShowPageTraceBehavior [ RunTime:0.000404s ]
INFO: [ app_end ] --END-- [ RunTime:0.000446s ]

[ 2017-05-05T19:46:09+08:00 ] 183.15.155.179 /Home/Xuanze?from=groupmessage&isappinstalled=0
INFO: [ app_init ] --START--
INFO: Run Behavior\BuildLiteBehavior [ RunTime:0.000013s ]
INFO: [ app_init ] --END-- [ RunTime:0.000283s ]
INFO: [ app_begin ] --START--
INFO: Run Behavior\ReadHtmlCacheBehavior [ RunTime:0.000413s ]
INFO: [ app_begin ] --END-- [ RunTime:0.000454s ]
INFO: [ view_parse ] --START--
INFO: [ template_filter ] --START--
INFO: Run Behavior\ContentReplaceBehavior [ RunTime:0.000066s ]
INFO: [ template_filter ] --END-- [ RunTime:0.000120s ]
INFO: Run Behavior\ParseTemplateBehavior [ RunTime:0.005363s ]
INFO: [ view_parse ] --END-- [ RunTime:0.005420s ]
INFO: [ view_filter ] --START--
INFO: Run Behavior\WriteHtmlCacheBehavior [ RunTime:0.000127s ]
INFO: [ view_filter ] --END-- [ RunTime:0.000162s ]
INFO: [ app_end ] --START--
INFO: Run Behavior\ShowPageTraceBehavior [ RunTime:0.000438s ]
INFO: [ app_end ] --END-- [ RunTime:0.000476s ]

[ 2017-05-05T19:46:11+08:00 ] 183.15.155.179 /Home/Qingjie/index
INFO: [ app_init ] --START--
INFO: Run Behavior\BuildLiteBehavior [ RunTime:0.000014s ]
INFO: [ app_init ] --END-- [ RunTime:0.000282s ]
INFO: [ app_begin ] --START--
INFO: Run Behavior\ReadHtmlCacheBehavior [ RunTime:0.000372s ]
INFO: [ app_begin ] --END-- [ RunTime:0.000411s ]

[ 2017-05-05T19:46:11+08:00 ] 183.15.155.179 /Home/Control/index.html
INFO: [ app_init ] --START--
INFO: Run Behavior\BuildLiteBehavior [ RunTime:0.000012s ]
INFO: [ app_init ] --END-- [ RunTime:0.000278s ]
INFO: [ app_begin ] --START--
INFO: Run Behavior\ReadHtmlCacheBehavior [ RunTime:0.000366s ]
INFO: [ app_begin ] --END-- [ RunTime:0.000407s ]
NOTIC: [8] Undefined index: id /data/wwwroot/ceyuan1/Crm/Home/Controller/CommonController.class.php 第 34 行.
SQL: SHOW COLUMNS FROM `think_office` [ RunTime:0.0020s ]
SQL: SELECT `id`,`name` FROM `think_office`  [ RunTime:0.0002s ]
INFO: [ view_parse ] --START--
INFO: [ template_filter ] --START--
INFO: Run Behavior\ContentReplaceBehavior [ RunTime:0.000102s ]
INFO: [ template_filter ] --END-- [ RunTime:0.000145s ]
INFO: Run Behavior\ParseTemplateBehavior [ RunTime:0.008252s ]
INFO: [ view_parse ] --END-- [ RunTime:0.008294s ]
INFO: [ view_filter ] --START--
INFO: Run Behavior\WriteHtmlCacheBehavior [ RunTime:0.000128s ]
INFO: [ view_filter ] --END-- [ RunTime:0.000163s ]
INFO: [ app_end ] --START--
INFO: Run Behavior\ShowPageTraceBehavior [ RunTime:0.000386s ]
INFO: [ app_end ] --END-- [ RunTime:0.000427s ]

[ 2017-05-05T19:46:12+08:00 ] 183.15.155.179 /Home/Control/index/
INFO: [ app_init ] --START--
INFO: Run Behavior\BuildLiteBehavior [ RunTime:0.000018s ]
INFO: [ app_init ] --END-- [ RunTime:0.000313s ]
INFO: [ app_begin ] --START--
INFO: Run Behavior\ReadHtmlCacheBehavior [ RunTime:0.000355s ]
INFO: [ app_begin ] --END-- [ RunTime:0.000397s ]
NOTIC: [8] Undefined index: id /data/wwwroot/ceyuan1/Crm/Home/Controller/CommonController.class.php 第 34 行.
SQL: SHOW COLUMNS FROM `think_office` [ RunTime:0.0015s ]
SQL: SELECT `id`,`name` FROM `think_office`  [ RunTime:0.0002s ]
SQL: SHOW COLUMNS FROM `think_trouble` [ RunTime:0.0012s ]
SQL: SELECT DATE_FORMAT(FROM_UNIXTIME(addtime),"%Y-%m-%d")as addtime,`id`,`order`,`office`,`cishu`,`firstimg`,`lastimg` FROM `think_trouble` WHERE `state` = 0 ORDER BY id desc LIMIT 0,5   [ RunTime:0.0003s ]

[ 2017-05-05T19:46:17+08:00 ] 183.15.155.179 /Home/Control/daifankuixq/id/501
INFO: [ app_init ] --START--
INFO: Run Behavior\BuildLiteBehavior [ RunTime:0.000013s ]
INFO: [ app_init ] --END-- [ RunTime:0.000286s ]
INFO: [ app_begin ] --START--
INFO: Run Behavior\ReadHtmlCacheBehavior [ RunTime:0.000352s ]
INFO: [ app_begin ] --END-- [ RunTime:0.000393s ]
NOTIC: [8] Undefined index: id /data/wwwroot/ceyuan1/Crm/Home/Controller/CommonController.class.php 第 34 行.
SQL: SHOW COLUMNS FROM `think_trouble` [ RunTime:0.0015s ]
SQL: SELECT DATE_FORMAT(FROM_UNIXTIME(addtime),"%Y-%m-%d")as addtime,`id`,`order`,`place`,`question`,`office`,`cishu`,`firstimg` FROM `think_trouble` WHERE `id` = 501 LIMIT 1   [ RunTime:0.0003s ]
SQL: SHOW COLUMNS FROM `think_troublelist` [ RunTime:0.0012s ]
SQL: SELECT * FROM `think_troublelist` WHERE `uid` = 501 ORDER BY id desc  [ RunTime:0.0002s ]
INFO: [ view_parse ] --START--
INFO: [ template_filter ] --START--
INFO: Run Behavior\ContentReplaceBehavior [ RunTime:0.000058s ]
INFO: [ template_filter ] --END-- [ RunTime:0.000113s ]
NOTIC: [8] Undefined variable: troublelistres /data/wwwroot/ceyuan1/Crm/Runtime/Cache/Home/784e01ed2d0335cbc5ceea539478fde8.php 第 111 行.
NOTIC: [8] Undefined variable: troublelistres /data/wwwroot/ceyuan1/Crm/Runtime/Cache/Home/784e01ed2d0335cbc5ceea539478fde8.php 第 111 行.
INFO: Run Behavior\ParseTemplateBehavior [ RunTime:0.006299s ]
INFO: [ view_parse ] --END-- [ RunTime:0.006358s ]
INFO: [ view_filter ] --START--
INFO: Run Behavior\WriteHtmlCacheBehavior [ RunTime:0.000137s ]
INFO: [ view_filter ] --END-- [ RunTime:0.000172s ]
INFO: [ app_end ] --START--
INFO: Run Behavior\ShowPageTraceBehavior [ RunTime:0.000384s ]
INFO: [ app_end ] --END-- [ RunTime:0.000421s ]

[ 2017-05-05T19:46:19+08:00 ] 183.15.155.179 /Home/Control/zhenggaitijiao/id/501
INFO: [ app_init ] --START--
INFO: Run Behavior\BuildLiteBehavior [ RunTime:0.000013s ]
INFO: [ app_init ] --END-- [ RunTime:0.000283s ]
INFO: [ app_begin ] --START--
INFO: Run Behavior\ReadHtmlCacheBehavior [ RunTime:0.000347s ]
INFO: [ app_begin ] --END-- [ RunTime:0.000387s ]
NOTIC: [8] Undefined index: id /data/wwwroot/ceyuan1/Crm/Home/Controller/CommonController.class.php 第 34 行.
SQL: SHOW COLUMNS FROM `think_trouble` [ RunTime:0.0018s ]
SQL: SELECT DATE_FORMAT(FROM_UNIXTIME(addtime),"%Y-%m-%d")as addtime,`place`,`question`,`id`,`order`,`office`,`cishu`,`firstimg` FROM `think_trouble` WHERE `id` = 501 LIMIT 1   [ RunTime:0.0003s ]
INFO: [ view_parse ] --START--
INFO: [ template_filter ] --START--
INFO: Run Behavior\ContentReplaceBehavior [ RunTime:0.000109s ]
INFO: [ template_filter ] --END-- [ RunTime:0.000154s ]
INFO: Run Behavior\ParseTemplateBehavior [ RunTime:0.006722s ]
INFO: [ view_parse ] --END-- [ RunTime:0.006765s ]
INFO: [ view_filter ] --START--
INFO: Run Behavior\WriteHtmlCacheBehavior [ RunTime:0.000125s ]
INFO: [ view_filter ] --END-- [ RunTime:0.000160s ]
INFO: [ app_end ] --START--
INFO: Run Behavior\ShowPageTraceBehavior [ RunTime:0.000377s ]
INFO: [ app_end ] --END-- [ RunTime:0.000421s ]

[ 2017-05-05T19:46:28+08:00 ] 101.226.33.217 /Home/Control/zhenggaitijiao/id/501
INFO: [ app_init ] --START--
INFO: Run Behavior\BuildLiteBehavior [ RunTime:0.000013s ]
INFO: [ app_init ] --END-- [ RunTime:0.000281s ]
INFO: [ app_begin ] --START--
INFO: Run Behavior\ReadHtmlCacheBehavior [ RunTime:0.000351s ]
INFO: [ app_begin ] --END-- [ RunTime:0.000391s ]
NOTIC: [8] Undefined index: id /data/wwwroot/ceyuan1/Crm/Home/Controller/CommonController.class.php 第 34 行.
NOTIC: [8] Undefined index: username /data/wwwroot/ceyuan1/Crm/Home/Controller/CommonController.class.php 第 35 行.
NOTIC: [8] Undefined index: password /data/wwwroot/ceyuan1/Crm/Home/Controller/CommonController.class.php 第 36 行.
SQL: SHOW COLUMNS FROM `think_user` [ RunTime:0.0020s ]
SQL: SELECT * FROM `think_user` LIMIT 1   [ RunTime:0.0004s ]
INFO: [ view_parse ] --START--
INFO: [ template_filter ] --START--
INFO: Run Behavior\ContentReplaceBehavior [ RunTime:0.000045s ]
INFO: [ template_filter ] --END-- [ RunTime:0.000091s ]
INFO: Run Behavior\ParseTemplateBehavior [ RunTime:0.005137s ]
INFO: [ view_parse ] --END-- [ RunTime:0.005181s ]
INFO: [ view_filter ] --START--
INFO: Run Behavior\WriteHtmlCacheBehavior [ RunTime:0.000128s ]
INFO: [ view_filter ] --END-- [ RunTime:0.000160s ]

[ 2017-05-05T19:52:45+08:00 ] 14.17.37.69 /Home/Xuanze?from=groupmessage
INFO: [ app_init ] --START--
INFO: Run Behavior\BuildLiteBehavior [ RunTime:0.000014s ]
INFO: [ app_init ] --END-- [ RunTime:0.000306s ]
INFO: [ app_begin ] --START--
INFO: Run Behavior\ReadHtmlCacheBehavior [ RunTime:0.000346s ]
INFO: [ app_begin ] --END-- [ RunTime:0.000385s ]
INFO: [ view_parse ] --START--
INFO: [ template_filter ] --START--
INFO: Run Behavior\ContentReplaceBehavior [ RunTime:0.000054s ]
INFO: [ template_filter ] --END-- [ RunTime:0.000106s ]
INFO: Run Behavior\ParseTemplateBehavior [ RunTime:0.005263s ]
INFO: [ view_parse ] --END-- [ RunTime:0.005336s ]
INFO: [ view_filter ] --START--
INFO: Run Behavior\WriteHtmlCacheBehavior [ RunTime:0.000128s ]
INFO: [ view_filter ] --END-- [ RunTime:0.000161s ]
INFO: [ app_end ] --START--
INFO: Run Behavior\ShowPageTraceBehavior [ RunTime:0.000400s ]
INFO: [ app_end ] --END-- [ RunTime:0.000436s ]

[ 2017-05-05T19:52:47+08:00 ] 14.17.37.69 /Home/Qingjie/index
INFO: [ app_init ] --START--
INFO: Run Behavior\BuildLiteBehavior [ RunTime:0.000015s ]
INFO: [ app_init ] --END-- [ RunTime:0.000292s ]
INFO: [ app_begin ] --START--
INFO: Run Behavior\ReadHtmlCacheBehavior [ RunTime:0.000353s ]
INFO: [ app_begin ] --END-- [ RunTime:0.000394s ]

[ 2017-05-05T19:52:48+08:00 ] 14.17.37.69 /Home/Control/index.html
INFO: [ app_init ] --START--
INFO: Run Behavior\BuildLiteBehavior [ RunTime:0.000012s ]
INFO: [ app_init ] --END-- [ RunTime:0.000283s ]
INFO: [ app_begin ] --START--
INFO: Run Behavior\ReadHtmlCacheBehavior [ RunTime:0.000350s ]
INFO: [ app_begin ] --END-- [ RunTime:0.000390s ]
NOTIC: [8] Undefined index: id /data/wwwroot/ceyuan1/Crm/Home/Controller/CommonController.class.php 第 34 行.
SQL: SHOW COLUMNS FROM `think_office` [ RunTime:0.0015s ]
SQL: SELECT `id`,`name` FROM `think_office`  [ RunTime:0.0002s ]
INFO: [ view_parse ] --START--
INFO: [ template_filter ] --START--
INFO: Run Behavior\ContentReplaceBehavior [ RunTime:0.000100s ]
INFO: [ template_filter ] --END-- [ RunTime:0.000163s ]
INFO: Run Behavior\ParseTemplateBehavior [ RunTime:0.008593s ]
INFO: [ view_parse ] --END-- [ RunTime:0.008635s ]
INFO: [ view_filter ] --START--
INFO: Run Behavior\WriteHtmlCacheBehavior [ RunTime:0.000129s ]
INFO: [ view_filter ] --END-- [ RunTime:0.000165s ]
INFO: [ app_end ] --START--
INFO: Run Behavior\ShowPageTraceBehavior [ RunTime:0.000387s ]
INFO: [ app_end ] --END-- [ RunTime:0.000430s ]

[ 2017-05-05T19:52:49+08:00 ] 14.17.37.69 /Home/Control/index/
INFO: [ app_init ] --START--
INFO: Run Behavior\BuildLiteBehavior [ RunTime:0.000015s ]
INFO: [ app_init ] --END-- [ RunTime:0.000292s ]
INFO: [ app_begin ] --START--
INFO: Run Behavior\ReadHtmlCacheBehavior [ RunTime:0.000372s ]
INFO: [ app_begin ] --END-- [ RunTime:0.000412s ]
NOTIC: [8] Undefined index: id /data/wwwroot/ceyuan1/Crm/Home/Controller/CommonController.class.php 第 34 行.
SQL: SHOW COLUMNS FROM `think_office` [ RunTime:0.0015s ]
SQL: SELECT `id`,`name` FROM `think_office`  [ RunTime:0.0002s ]
SQL: SHOW COLUMNS FROM `think_trouble` [ RunTime:0.0009s ]
SQL: SELECT DATE_FORMAT(FROM_UNIXTIME(addtime),"%Y-%m-%d")as addtime,`id`,`order`,`office`,`cishu`,`firstimg`,`lastimg` FROM `think_trouble` WHERE `state` = 0 ORDER BY id desc LIMIT 0,5   [ RunTime:0.0003s ]

[ 2017-05-05T19:52:52+08:00 ] 14.17.37.69 /Home/Control/index/
INFO: [ app_init ] --START--
INFO: Run Behavior\BuildLiteBehavior [ RunTime:0.000013s ]
INFO: [ app_init ] --END-- [ RunTime:0.000290s ]
INFO: [ app_begin ] --START--
INFO: Run Behavior\ReadHtmlCacheBehavior [ RunTime:0.000522s ]
INFO: [ app_begin ] --END-- [ RunTime:0.000564s ]
NOTIC: [8] Undefined index: id /data/wwwroot/ceyuan1/Crm/Home/Controller/CommonController.class.php 第 34 行.
SQL: SHOW COLUMNS FROM `think_office` [ RunTime:0.0015s ]
SQL: SELECT `id`,`name` FROM `think_office`  [ RunTime:0.0002s ]
SQL: SHOW COLUMNS FROM `think_trouble` [ RunTime:0.0009s ]
SQL: SELECT DATE_FORMAT(FROM_UNIXTIME(addtime),"%Y-%m-%d")as addtime,`id`,`order`,`office`,`cishu`,`firstimg`,`lastimg` FROM `think_trouble` WHERE `state` = 0 ORDER BY id desc LIMIT 5,5   [ RunTime:0.0003s ]

[ 2017-05-05T19:52:53+08:00 ] 14.17.37.69 /Home/Control/index/
INFO: [ app_init ] --START--
INFO: Run Behavior\BuildLiteBehavior [ RunTime:0.000014s ]
INFO: [ app_init ] --END-- [ RunTime:0.000280s ]
INFO: [ app_begin ] --START--
INFO: Run Behavior\ReadHtmlCacheBehavior [ RunTime:0.000368s ]
INFO: [ app_begin ] --END-- [ RunTime:0.000410s ]
NOTIC: [8] Undefined index: id /data/wwwroot/ceyuan1/Crm/Home/Controller/CommonController.class.php 第 34 行.
SQL: SHOW COLUMNS FROM `think_office` [ RunTime:0.0015s ]
SQL: SELECT `id`,`name` FROM `think_office`  [ RunTime:0.0002s ]
SQL: SHOW COLUMNS FROM `think_trouble` [ RunTime:0.0009s ]
SQL: SELECT DATE_FORMAT(FROM_UNIXTIME(addtime),"%Y-%m-%d")as addtime,`id`,`order`,`office`,`cishu`,`firstimg`,`lastimg` FROM `think_trouble` WHERE `state` = 0 ORDER BY id desc LIMIT 10,5   [ RunTime:0.0003s ]

[ 2017-05-05T19:52:55+08:00 ] 14.17.37.69 /Home/Control/index/
INFO: [ app_init ] --START--
INFO: Run Behavior\BuildLiteBehavior [ RunTime:0.000015s ]
INFO: [ app_init ] --END-- [ RunTime:0.000313s ]
INFO: [ app_begin ] --START--
INFO: Run Behavior\ReadHtmlCacheBehavior [ RunTime:0.000352s ]
INFO: [ app_begin ] --END-- [ RunTime:0.000396s ]
NOTIC: [8] Undefined index: id /data/wwwroot/ceyuan1/Crm/Home/Controller/CommonController.class.php 第 34 行.
SQL: SHOW COLUMNS FROM `think_office` [ RunTime:0.0015s ]
SQL: SELECT `id`,`name` FROM `think_office`  [ RunTime:0.0002s ]
SQL: SHOW COLUMNS FROM `think_trouble` [ RunTime:0.0009s ]
SQL: SELECT DATE_FORMAT(FROM_UNIXTIME(addtime),"%Y-%m-%d")as addtime,`id`,`order`,`office`,`cishu`,`firstimg`,`lastimg` FROM `think_trouble` WHERE `state` = 0 ORDER BY id desc LIMIT 15,5   [ RunTime:0.0003s ]

[ 2017-05-05T19:53:00+08:00 ] 14.17.37.69 /Home/Control/index/
INFO: [ app_init ] --START--
INFO: Run Behavior\BuildLiteBehavior [ RunTime:0.000013s ]
INFO: [ app_init ] --END-- [ RunTime:0.000302s ]
INFO: [ app_begin ] --START--
INFO: Run Behavior\ReadHtmlCacheBehavior [ RunTime:0.000340s ]
INFO: [ app_begin ] --END-- [ RunTime:0.000382s ]
NOTIC: [8] Undefined index: id /data/wwwroot/ceyuan1/Crm/Home/Controller/CommonController.class.php 第 34 行.
SQL: SHOW COLUMNS FROM `think_office` [ RunTime:0.0015s ]
SQL: SELECT `id`,`name` FROM `think_office`  [ RunTime:0.0002s ]
SQL: SHOW COLUMNS FROM `think_trouble` [ RunTime:0.0009s ]
SQL: SELECT DATE_FORMAT(FROM_UNIXTIME(addtime),"%Y-%m-%d")as addtime,`id`,`order`,`office`,`cishu`,`firstimg`,`lastimg` FROM `think_trouble` WHERE `office` = '葵涌' AND `state` = 0 ORDER BY id desc LIMIT 0,5   [ RunTime:0.0004s ]

[ 2017-05-05T19:53:02+08:00 ] 14.17.37.69 /Home/Control/daifankuixq/id/504
INFO: [ app_init ] --START--
INFO: Run Behavior\BuildLiteBehavior [ RunTime:0.000014s ]
INFO: [ app_init ] --END-- [ RunTime:0.000292s ]
INFO: [ app_begin ] --START--
INFO: Run Behavior\ReadHtmlCacheBehavior [ RunTime:0.000354s ]
INFO: [ app_begin ] --END-- [ RunTime:0.000393s ]
NOTIC: [8] Undefined index: id /data/wwwroot/ceyuan1/Crm/Home/Controller/CommonController.class.php 第 34 行.
SQL: SHOW COLUMNS FROM `think_trouble` [ RunTime:0.0015s ]
SQL: SELECT DATE_FORMAT(FROM_UNIXTIME(addtime),"%Y-%m-%d")as addtime,`id`,`order`,`place`,`question`,`office`,`cishu`,`firstimg` FROM `think_trouble` WHERE `id` = 504 LIMIT 1   [ RunTime:0.0003s ]
SQL: SHOW COLUMNS FROM `think_troublelist` [ RunTime:0.0009s ]
SQL: SELECT * FROM `think_troublelist` WHERE `uid` = 504 ORDER BY id desc  [ RunTime:0.0002s ]
INFO: [ view_parse ] --START--
INFO: [ template_filter ] --START--
INFO: Run Behavior\ContentReplaceBehavior [ RunTime:0.000055s ]
INFO: [ template_filter ] --END-- [ RunTime:0.000098s ]
NOTIC: [8] Undefined variable: troublelistres /data/wwwroot/ceyuan1/Crm/Runtime/Cache/Home/784e01ed2d0335cbc5ceea539478fde8.php 第 111 行.
NOTIC: [8] Undefined variable: troublelistres /data/wwwroot/ceyuan1/Crm/Runtime/Cache/Home/784e01ed2d0335cbc5ceea539478fde8.php 第 111 行.
INFO: Run Behavior\ParseTemplateBehavior [ RunTime:0.006223s ]
INFO: [ view_parse ] --END-- [ RunTime:0.006262s ]
INFO: [ view_filter ] --START--
INFO: Run Behavior\WriteHtmlCacheBehavior [ RunTime:0.000130s ]
INFO: [ view_filter ] --END-- [ RunTime:0.000163s ]
INFO: [ app_end ] --START--
INFO: Run Behavior\ShowPageTraceBehavior [ RunTime:0.000399s ]
INFO: [ app_end ] --END-- [ RunTime:0.000437s ]

[ 2017-05-05T19:53:06+08:00 ] 113.108.0.14 /Home/Control/index
INFO: [ app_init ] --START--
INFO: Run Behavior\BuildLiteBehavior [ RunTime:0.000017s ]
INFO: [ app_init ] --END-- [ RunTime:0.000412s ]
INFO: [ app_begin ] --START--
INFO: Run Behavior\ReadHtmlCacheBehavior [ RunTime:0.000388s ]
INFO: [ app_begin ] --END-- [ RunTime:0.000429s ]
NOTIC: [8] Undefined index: id /data/wwwroot/ceyuan1/Crm/Home/Controller/CommonController.class.php 第 34 行.
SQL: SHOW COLUMNS FROM `think_office` [ RunTime:0.0015s ]
SQL: SELECT `id`,`name` FROM `think_office`  [ RunTime:0.0002s ]
INFO: [ view_parse ] --START--
INFO: [ template_filter ] --START--
INFO: Run Behavior\ContentReplaceBehavior [ RunTime:0.000077s ]
INFO: [ template_filter ] --END-- [ RunTime:0.000122s ]
INFO: Run Behavior\ParseTemplateBehavior [ RunTime:0.008203s ]
INFO: [ view_parse ] --END-- [ RunTime:0.008248s ]
INFO: [ view_filter ] --START--
INFO: Run Behavior\WriteHtmlCacheBehavior [ RunTime:0.000147s ]
INFO: [ view_filter ] --END-- [ RunTime:0.000182s ]
INFO: [ app_end ] --START--
INFO: Run Behavior\ShowPageTraceBehavior [ RunTime:0.000380s ]
INFO: [ app_end ] --END-- [ RunTime:0.000421s ]

[ 2017-05-05T19:53:07+08:00 ] 14.17.37.69 /Home/Control/index/
INFO: [ app_init ] --START--
INFO: Run Behavior\BuildLiteBehavior [ RunTime:0.000014s ]
INFO: [ app_init ] --END-- [ RunTime:0.000309s ]
INFO: [ app_begin ] --START--
INFO: Run Behavior\ReadHtmlCacheBehavior [ RunTime:0.000349s ]
INFO: [ app_begin ] --END-- [ RunTime:0.000393s ]
NOTIC: [8] Undefined index: id /data/wwwroot/ceyuan1/Crm/Home/Controller/CommonController.class.php 第 34 行.
SQL: SHOW COLUMNS FROM `think_office` [ RunTime:0.0082s ]
SQL: SELECT `id`,`name` FROM `think_office`  [ RunTime:0.0003s ]
SQL: SHOW COLUMNS FROM `think_trouble` [ RunTime:0.0011s ]
SQL: SELECT DATE_FORMAT(FROM_UNIXTIME(addtime),"%Y-%m-%d")as addtime,`id`,`order`,`office`,`cishu`,`firstimg`,`lastimg` FROM `think_trouble` WHERE `state` = 0 ORDER BY id desc LIMIT 0,5   [ RunTime:0.0004s ]

[ 2017-05-05T19:53:09+08:00 ] 14.17.37.69 /Home/Control/index/
INFO: [ app_init ] --START--
INFO: Run Behavior\BuildLiteBehavior [ RunTime:0.000014s ]
INFO: [ app_init ] --END-- [ RunTime:0.000289s ]
INFO: [ app_begin ] --START--
INFO: Run Behavior\ReadHtmlCacheBehavior [ RunTime:0.000348s ]
INFO: [ app_begin ] --END-- [ RunTime:0.000389s ]
NOTIC: [8] Undefined index: id /data/wwwroot/ceyuan1/Crm/Home/Controller/CommonController.class.php 第 34 行.
SQL: SHOW COLUMNS FROM `think_office` [ RunTime:0.0015s ]
SQL: SELECT `id`,`name` FROM `think_office`  [ RunTime:0.0002s ]
SQL: SHOW COLUMNS FROM `think_trouble` [ RunTime:0.0009s ]
SQL: SELECT DATE_FORMAT(FROM_UNIXTIME(addtime),"%Y-%m-%d")as addtime,`id`,`order`,`office`,`cishu`,`firstimg`,`lastimg` FROM `think_trouble` WHERE `office` = '葵涌' AND `state` = 0 ORDER BY id desc LIMIT 0,5   [ RunTime:0.0004s ]

[ 2017-05-05T19:53:14+08:00 ] 14.17.37.69 /Home/Control/index/
INFO: [ app_init ] --START--
INFO: Run Behavior\BuildLiteBehavior [ RunTime:0.000016s ]
INFO: [ app_init ] --END-- [ RunTime:0.000297s ]
INFO: [ app_begin ] --START--
INFO: Run Behavior\ReadHtmlCacheBehavior [ RunTime:0.000350s ]
INFO: [ app_begin ] --END-- [ RunTime:0.000392s ]
NOTIC: [8] Undefined index: id /data/wwwroot/ceyuan1/Crm/Home/Controller/CommonController.class.php 第 34 行.
SQL: SHOW COLUMNS FROM `think_office` [ RunTime:0.0015s ]
SQL: SELECT `id`,`name` FROM `think_office`  [ RunTime:0.0002s ]
SQL: SHOW COLUMNS FROM `think_trouble` [ RunTime:0.0009s ]
SQL: SELECT DATE_FORMAT(FROM_UNIXTIME(addtime),"%Y-%m-%d")as addtime,`id`,`order`,`office`,`cishu`,`firstimg`,`lastimg` FROM `think_trouble` WHERE `office` = '葵涌' AND `state` = 0 ORDER BY id desc LIMIT 5,5   [ RunTime:0.0003s ]

[ 2017-05-05T19:53:17+08:00 ] 14.17.37.69 /Home/Control/index/
INFO: [ app_init ] --START--
INFO: Run Behavior\BuildLiteBehavior [ RunTime:0.000013s ]
INFO: [ app_init ] --END-- [ RunTime:0.000285s ]
INFO: [ app_begin ] --START--
INFO: Run Behavior\ReadHtmlCacheBehavior [ RunTime:0.000348s ]
INFO: [ app_begin ] --END-- [ RunTime:0.000389s ]
NOTIC: [8] Undefined index: id /data/wwwroot/ceyuan1/Crm/Home/Controller/CommonController.class.php 第 34 行.
SQL: SHOW COLUMNS FROM `think_office` [ RunTime:0.0015s ]
SQL: SELECT `id`,`name` FROM `think_office`  [ RunTime:0.0002s ]
SQL: SHOW COLUMNS FROM `think_trouble` [ RunTime:0.0009s ]
SQL: SELECT DATE_FORMAT(FROM_UNIXTIME(addtime),"%Y-%m-%d")as addtime,`id`,`order`,`office`,`cishu`,`firstimg`,`lastimg` FROM `think_trouble` WHERE `office` = '葵涌' AND `state` = 0 ORDER BY id desc LIMIT 10,5   [ RunTime:0.0003s ]

[ 2017-05-05T19:53:18+08:00 ] 14.17.37.69 /Home/Control/daifankuixq/id/471
INFO: [ app_init ] --START--
INFO: Run Behavior\BuildLiteBehavior [ RunTime:0.000014s ]
INFO: [ app_init ] --END-- [ RunTime:0.000287s ]
INFO: [ app_begin ] --START--
INFO: Run Behavior\ReadHtmlCacheBehavior [ RunTime:0.000349s ]
INFO: [ app_begin ] --END-- [ RunTime:0.000390s ]
NOTIC: [8] Undefined index: id /data/wwwroot/ceyuan1/Crm/Home/Controller/CommonController.class.php 第 34 行.
SQL: SHOW COLUMNS FROM `think_trouble` [ RunTime:0.0015s ]
SQL: SELECT DATE_FORMAT(FROM_UNIXTIME(addtime),"%Y-%m-%d")as addtime,`id`,`order`,`place`,`question`,`office`,`cishu`,`firstimg` FROM `think_trouble` WHERE `id` = 471 LIMIT 1   [ RunTime:0.0003s ]
SQL: SHOW COLUMNS FROM `think_troublelist` [ RunTime:0.0009s ]
SQL: SELECT * FROM `think_troublelist` WHERE `uid` = 471 ORDER BY id desc  [ RunTime:0.0002s ]
INFO: [ view_parse ] --START--
INFO: [ template_filter ] --START--
INFO: Run Behavior\ContentReplaceBehavior [ RunTime:0.000057s ]
INFO: [ template_filter ] --END-- [ RunTime:0.000101s ]
NOTIC: [8] Undefined variable: troublelistres /data/wwwroot/ceyuan1/Crm/Runtime/Cache/Home/784e01ed2d0335cbc5ceea539478fde8.php 第 111 行.
NOTIC: [8] Undefined variable: troublelistres /data/wwwroot/ceyuan1/Crm/Runtime/Cache/Home/784e01ed2d0335cbc5ceea539478fde8.php 第 111 行.
INFO: Run Behavior\ParseTemplateBehavior [ RunTime:0.006365s ]
INFO: [ view_parse ] --END-- [ RunTime:0.006405s ]
INFO: [ view_filter ] --START--
INFO: Run Behavior\WriteHtmlCacheBehavior [ RunTime:0.000128s ]
INFO: [ view_filter ] --END-- [ RunTime:0.000162s ]
INFO: [ app_end ] --START--
INFO: Run Behavior\ShowPageTraceBehavior [ RunTime:0.000401s ]
INFO: [ app_end ] --END-- [ RunTime:0.000441s ]

[ 2017-05-05T19:53:25+08:00 ] 14.17.37.69 /Home/Control/index/
INFO: [ app_init ] --START--
INFO: Run Behavior\BuildLiteBehavior [ RunTime:0.000014s ]
INFO: [ app_init ] --END-- [ RunTime:0.000302s ]
INFO: [ app_begin ] --START--
INFO: Run Behavior\ReadHtmlCacheBehavior [ RunTime:0.000345s ]
INFO: [ app_begin ] --END-- [ RunTime:0.000387s ]
NOTIC: [8] Undefined index: id /data/wwwroot/ceyuan1/Crm/Home/Controller/CommonController.class.php 第 34 行.
SQL: SHOW COLUMNS FROM `think_office` [ RunTime:0.0017s ]
SQL: SELECT `id`,`name` FROM `think_office`  [ RunTime:0.0002s ]
SQL: SHOW COLUMNS FROM `think_trouble` [ RunTime:0.0015s ]
SQL: SELECT DATE_FORMAT(FROM_UNIXTIME(addtime),"%Y-%m-%d")as addtime,`id`,`order`,`office`,`cishu`,`firstimg`,`lastimg` FROM `think_trouble` WHERE `office` = '葵涌' AND `state` = 0 ORDER BY id desc LIMIT 0,5   [ RunTime:0.0004s ]

[ 2017-05-05T19:53:51+08:00 ] 14.17.37.69 /Home/Control/index/
INFO: [ app_init ] --START--
INFO: Run Behavior\BuildLiteBehavior [ RunTime:0.000013s ]
INFO: [ app_init ] --END-- [ RunTime:0.000283s ]
INFO: [ app_begin ] --START--
INFO: Run Behavior\ReadHtmlCacheBehavior [ RunTime:0.000347s ]
INFO: [ app_begin ] --END-- [ RunTime:0.000389s ]
NOTIC: [8] Undefined index: id /data/wwwroot/ceyuan1/Crm/Home/Controller/CommonController.class.php 第 34 行.
SQL: SHOW COLUMNS FROM `think_office` [ RunTime:0.0015s ]
SQL: SELECT `id`,`name` FROM `think_office`  [ RunTime:0.0002s ]
SQL: SHOW COLUMNS FROM `think_trouble` [ RunTime:0.0009s ]
SQL: SELECT DATE_FORMAT(FROM_UNIXTIME(addtime),"%Y-%m-%d")as addtime,`id`,`order`,`office`,`cishu`,`firstimg`,`lastimg` FROM `think_trouble` WHERE `office` = '葵涌' AND `state` = 0 ORDER BY id desc LIMIT 0,5   [ RunTime:0.0004s ]

[ 2017-05-05T20:31:06+08:00 ] 183.37.232.209 /Home/Control/index.html
INFO: [ app_init ] --START--
INFO: Run Behavior\BuildLiteBehavior [ RunTime:0.000014s ]
INFO: [ app_init ] --END-- [ RunTime:0.000426s ]
INFO: [ app_begin ] --START--
INFO: Run Behavior\ReadHtmlCacheBehavior [ RunTime:0.000429s ]
INFO: [ app_begin ] --END-- [ RunTime:0.000479s ]
NOTIC: [8] Undefined index: id /data/wwwroot/ceyuan1/Crm/Home/Controller/CommonController.class.php 第 34 行.
SQL: SHOW COLUMNS FROM `think_office` [ RunTime:0.0021s ]
SQL: SELECT `id`,`name` FROM `think_office`  [ RunTime:0.0002s ]
INFO: [ view_parse ] --START--
INFO: [ template_filter ] --START--
INFO: Run Behavior\ContentReplaceBehavior [ RunTime:0.000086s ]
INFO: [ template_filter ] --END-- [ RunTime:0.000131s ]
INFO: Run Behavior\ParseTemplateBehavior [ RunTime:0.008795s ]
INFO: [ view_parse ] --END-- [ RunTime:0.008837s ]
INFO: [ view_filter ] --START--
INFO: Run Behavior\WriteHtmlCacheBehavior [ RunTime:0.000148s ]
INFO: [ view_filter ] --END-- [ RunTime:0.000184s ]
INFO: [ app_end ] --START--
INFO: Run Behavior\ShowPageTraceBehavior [ RunTime:0.000388s ]
INFO: [ app_end ] --END-- [ RunTime:0.000427s ]

[ 2017-05-05T20:31:06+08:00 ] 183.37.232.209 /Home/Control/index/
INFO: [ app_init ] --START--
INFO: Run Behavior\BuildLiteBehavior [ RunTime:0.000015s ]
INFO: [ app_init ] --END-- [ RunTime:0.000287s ]
INFO: [ app_begin ] --START--
INFO: Run Behavior\ReadHtmlCacheBehavior [ RunTime:0.000365s ]
INFO: [ app_begin ] --END-- [ RunTime:0.000407s ]
NOTIC: [8] Undefined index: id /data/wwwroot/ceyuan1/Crm/Home/Controller/CommonController.class.php 第 34 行.
SQL: SHOW COLUMNS FROM `think_office` [ RunTime:0.0015s ]
SQL: SELECT `id`,`name` FROM `think_office`  [ RunTime:0.0002s ]
SQL: SHOW COLUMNS FROM `think_trouble` [ RunTime:0.0012s ]
SQL: SELECT DATE_FORMAT(FROM_UNIXTIME(addtime),"%Y-%m-%d")as addtime,`id`,`order`,`office`,`cishu`,`firstimg`,`lastimg` FROM `think_trouble` WHERE `state` = 0 ORDER BY id desc LIMIT 0,5   [ RunTime:0.0003s ]

[ 2017-05-05T20:31:09+08:00 ] 183.37.232.209 /Home/Control/index/
INFO: [ app_init ] --START--
INFO: Run Behavior\BuildLiteBehavior [ RunTime:0.000014s ]
INFO: [ app_init ] --END-- [ RunTime:0.000289s ]
INFO: [ app_begin ] --START--
INFO: Run Behavior\ReadHtmlCacheBehavior [ RunTime:0.000347s ]
INFO: [ app_begin ] --END-- [ RunTime:0.000388s ]
NOTIC: [8] Undefined index: id /data/wwwroot/ceyuan1/Crm/Home/Controller/CommonController.class.php 第 34 行.
SQL: SHOW COLUMNS FROM `think_office` [ RunTime:0.0017s ]
SQL: SELECT `id`,`name` FROM `think_office`  [ RunTime:0.0002s ]
SQL: SHOW COLUMNS FROM `think_trouble` [ RunTime:0.0009s ]
SQL: SELECT DATE_FORMAT(FROM_UNIXTIME(addtime),"%Y-%m-%d")as addtime,`id`,`order`,`office`,`cishu`,`firstimg`,`lastimg` FROM `think_trouble` WHERE `state` = 0 ORDER BY id desc LIMIT 5,5   [ RunTime:0.0004s ]

[ 2017-05-05T21:20:44+08:00 ] 117.136.79.169 /Home/Xuanze?from=groupmessage&isappinstalled=0
INFO: [ app_init ] --START--
INFO: Run Behavior\BuildLiteBehavior [ RunTime:0.000013s ]
INFO: [ app_init ] --END-- [ RunTime:0.000287s ]
INFO: [ app_begin ] --START--
INFO: Run Behavior\ReadHtmlCacheBehavior [ RunTime:0.000381s ]
INFO: [ app_begin ] --END-- [ RunTime:0.000421s ]
INFO: [ view_parse ] --START--
INFO: [ template_filter ] --START--
INFO: Run Behavior\ContentReplaceBehavior [ RunTime:0.000053s ]
INFO: [ template_filter ] --END-- [ RunTime:0.000106s ]
INFO: Run Behavior\ParseTemplateBehavior [ RunTime:0.005854s ]
INFO: [ view_parse ] --END-- [ RunTime:0.006634s ]
INFO: [ view_filter ] --START--
INFO: Run Behavior\WriteHtmlCacheBehavior [ RunTime:0.000125s ]
INFO: [ view_filter ] --END-- [ RunTime:0.000159s ]
INFO: [ app_end ] --START--
INFO: Run Behavior\ShowPageTraceBehavior [ RunTime:0.000386s ]
INFO: [ app_end ] --END-- [ RunTime:0.000427s ]

[ 2017-05-05T21:20:46+08:00 ] 117.136.79.169 /Home/Qingjie/index
INFO: [ app_init ] --START--
INFO: Run Behavior\BuildLiteBehavior [ RunTime:0.000014s ]
INFO: [ app_init ] --END-- [ RunTime:0.000288s ]
INFO: [ app_begin ] --START--
INFO: Run Behavior\ReadHtmlCacheBehavior [ RunTime:0.000350s ]
INFO: [ app_begin ] --END-- [ RunTime:0.000390s ]

[ 2017-05-05T21:20:47+08:00 ] 117.136.79.169 /Home/Control/index.html
INFO: [ app_init ] --START--
INFO: Run Behavior\BuildLiteBehavior [ RunTime:0.000013s ]
INFO: [ app_init ] --END-- [ RunTime:0.000280s ]
INFO: [ app_begin ] --START--
INFO: Run Behavior\ReadHtmlCacheBehavior [ RunTime:0.000371s ]
INFO: [ app_begin ] --END-- [ RunTime:0.000412s ]
NOTIC: [8] Undefined index: id /data/wwwroot/ceyuan1/Crm/Home/Controller/CommonController.class.php 第 34 行.
SQL: SHOW COLUMNS FROM `think_office` [ RunTime:0.0020s ]
SQL: SELECT `id`,`name` FROM `think_office`  [ RunTime:0.0002s ]
INFO: [ view_parse ] --START--
INFO: [ template_filter ] --START--
INFO: Run Behavior\ContentReplaceBehavior [ RunTime:0.000085s ]
INFO: [ template_filter ] --END-- [ RunTime:0.000129s ]
INFO: Run Behavior\ParseTemplateBehavior [ RunTime:0.008344s ]
INFO: [ view_parse ] --END-- [ RunTime:0.008384s ]
INFO: [ view_filter ] --START--
INFO: Run Behavior\WriteHtmlCacheBehavior [ RunTime:0.000129s ]
INFO: [ view_filter ] --END-- [ RunTime:0.000168s ]
INFO: [ app_end ] --START--
INFO: Run Behavior\ShowPageTraceBehavior [ RunTime:0.000411s ]
INFO: [ app_end ] --END-- [ RunTime:0.000451s ]

[ 2017-05-05T21:20:48+08:00 ] 117.136.79.169 /Home/Control/index/
INFO: [ app_init ] --START--
INFO: Run Behavior\BuildLiteBehavior [ RunTime:0.000013s ]
INFO: [ app_init ] --END-- [ RunTime:0.000281s ]
INFO: [ app_begin ] --START--
INFO: Run Behavior\ReadHtmlCacheBehavior [ RunTime:0.000345s ]
INFO: [ app_begin ] --END-- [ RunTime:0.000386s ]
NOTIC: [8] Undefined index: id /data/wwwroot/ceyuan1/Crm/Home/Controller/CommonController.class.php 第 34 行.
SQL: SHOW COLUMNS FROM `think_office` [ RunTime:0.0015s ]
SQL: SELECT `id`,`name` FROM `think_office`  [ RunTime:0.0002s ]
SQL: SHOW COLUMNS FROM `think_trouble` [ RunTime:0.0014s ]
SQL: SELECT DATE_FORMAT(FROM_UNIXTIME(addtime),"%Y-%m-%d")as addtime,`id`,`order`,`office`,`cishu`,`firstimg`,`lastimg` FROM `think_trouble` WHERE `state` = 0 ORDER BY id desc LIMIT 0,5   [ RunTime:0.0003s ]

[ 2017-05-05T21:20:55+08:00 ] 117.136.79.169 /Home/Control/index/
INFO: [ app_init ] --START--
INFO: Run Behavior\BuildLiteBehavior [ RunTime:0.000013s ]
INFO: [ app_init ] --END-- [ RunTime:0.000280s ]
INFO: [ app_begin ] --START--
INFO: Run Behavior\ReadHtmlCacheBehavior [ RunTime:0.000350s ]
INFO: [ app_begin ] --END-- [ RunTime:0.000391s ]
NOTIC: [8] Undefined index: id /data/wwwroot/ceyuan1/Crm/Home/Controller/CommonController.class.php 第 34 行.
SQL: SHOW COLUMNS FROM `think_office` [ RunTime:0.0015s ]
SQL: SELECT `id`,`name` FROM `think_office`  [ RunTime:0.0002s ]
SQL: SHOW COLUMNS FROM `think_trouble` [ RunTime:0.0009s ]
SQL: SELECT DATE_FORMAT(FROM_UNIXTIME(addtime),"%Y-%m-%d")as addtime,`id`,`order`,`office`,`cishu`,`firstimg`,`lastimg` FROM `think_trouble` WHERE `state` = 0 ORDER BY id desc LIMIT 5,5   [ RunTime:0.0003s ]

[ 2017-05-05T21:20:57+08:00 ] 117.136.79.169 /Home/Control/daifankuixq/id/500
INFO: [ app_init ] --START--
INFO: Run Behavior\BuildLiteBehavior [ RunTime:0.000014s ]
INFO: [ app_init ] --END-- [ RunTime:0.000302s ]
INFO: [ app_begin ] --START--
INFO: Run Behavior\ReadHtmlCacheBehavior [ RunTime:0.000390s ]
INFO: [ app_begin ] --END-- [ RunTime:0.000443s ]
NOTIC: [8] Undefined index: id /data/wwwroot/ceyuan1/Crm/Home/Controller/CommonController.class.php 第 34 行.
SQL: SHOW COLUMNS FROM `think_trouble` [ RunTime:0.0015s ]
SQL: SELECT DATE_FORMAT(FROM_UNIXTIME(addtime),"%Y-%m-%d")as addtime,`id`,`order`,`place`,`question`,`office`,`cishu`,`firstimg` FROM `think_trouble` WHERE `id` = 500 LIMIT 1   [ RunTime:0.0003s ]
SQL: SHOW COLUMNS FROM `think_troublelist` [ RunTime:0.0012s ]
SQL: SELECT * FROM `think_troublelist` WHERE `uid` = 500 ORDER BY id desc  [ RunTime:0.0002s ]
INFO: [ view_parse ] --START--
INFO: [ template_filter ] --START--
INFO: Run Behavior\ContentReplaceBehavior [ RunTime:0.000056s ]
INFO: [ template_filter ] --END-- [ RunTime:0.000116s ]
NOTIC: [8] Undefined variable: troublelistres /data/wwwroot/ceyuan1/Crm/Runtime/Cache/Home/784e01ed2d0335cbc5ceea539478fde8.php 第 111 行.
NOTIC: [8] Undefined variable: troublelistres /data/wwwroot/ceyuan1/Crm/Runtime/Cache/Home/784e01ed2d0335cbc5ceea539478fde8.php 第 111 行.
INFO: Run Behavior\ParseTemplateBehavior [ RunTime:0.006332s ]
INFO: [ view_parse ] --END-- [ RunTime:0.006375s ]
INFO: [ view_filter ] --START--
INFO: Run Behavior\WriteHtmlCacheBehavior [ RunTime:0.000147s ]
INFO: [ view_filter ] --END-- [ RunTime:0.000181s ]
INFO: [ app_end ] --START--
INFO: Run Behavior\ShowPageTraceBehavior [ RunTime:0.000382s ]
INFO: [ app_end ] --END-- [ RunTime:0.000435s ]

[ 2017-05-05T21:43:49+08:00 ] 117.136.39.119 /Home/Xuanze?from=groupmessage&isappinstalled=0
INFO: [ app_init ] --START--
INFO: Run Behavior\BuildLiteBehavior [ RunTime:0.000014s ]
INFO: [ app_init ] --END-- [ RunTime:0.000303s ]
INFO: [ app_begin ] --START--
INFO: Run Behavior\ReadHtmlCacheBehavior [ RunTime:0.000353s ]
INFO: [ app_begin ] --END-- [ RunTime:0.000394s ]
INFO: [ view_parse ] --START--
INFO: [ template_filter ] --START--
INFO: Run Behavior\ContentReplaceBehavior [ RunTime:0.000050s ]
INFO: [ template_filter ] --END-- [ RunTime:0.000101s ]
INFO: Run Behavior\ParseTemplateBehavior [ RunTime:0.005147s ]
INFO: [ view_parse ] --END-- [ RunTime:0.005203s ]
INFO: [ view_filter ] --START--
INFO: Run Behavior\WriteHtmlCacheBehavior [ RunTime:0.000126s ]
INFO: [ view_filter ] --END-- [ RunTime:0.000160s ]
INFO: [ app_end ] --START--
INFO: Run Behavior\ShowPageTraceBehavior [ RunTime:0.000406s ]
INFO: [ app_end ] --END-- [ RunTime:0.000442s ]

[ 2017-05-05T21:43:52+08:00 ] 117.136.39.119 /Home/Qingjie/index
INFO: [ app_init ] --START--
INFO: Run Behavior\BuildLiteBehavior [ RunTime:0.000013s ]
INFO: [ app_init ] --END-- [ RunTime:0.000299s ]
INFO: [ app_begin ] --START--
INFO: Run Behavior\ReadHtmlCacheBehavior [ RunTime:0.000346s ]
INFO: [ app_begin ] --END-- [ RunTime:0.000406s ]

[ 2017-05-05T21:43:53+08:00 ] 117.136.39.119 /Home/Control/index.html
INFO: [ app_init ] --START--
INFO: Run Behavior\BuildLiteBehavior [ RunTime:0.000012s ]
INFO: [ app_init ] --END-- [ RunTime:0.000276s ]
INFO: [ app_begin ] --START--
INFO: Run Behavior\ReadHtmlCacheBehavior [ RunTime:0.000354s ]
INFO: [ app_begin ] --END-- [ RunTime:0.000394s ]
NOTIC: [8] Undefined index: id /data/wwwroot/ceyuan1/Crm/Home/Controller/CommonController.class.php 第 34 行.
SQL: SHOW COLUMNS FROM `think_office` [ RunTime:0.0020s ]
SQL: SELECT `id`,`name` FROM `think_office`  [ RunTime:0.0002s ]
INFO: [ view_parse ] --START--
INFO: [ template_filter ] --START--
INFO: Run Behavior\ContentReplaceBehavior [ RunTime:0.000081s ]
INFO: [ template_filter ] --END-- [ RunTime:0.000128s ]
INFO: Run Behavior\ParseTemplateBehavior [ RunTime:0.008094s ]
INFO: [ view_parse ] --END-- [ RunTime:0.008135s ]
INFO: [ view_filter ] --START--
INFO: Run Behavior\WriteHtmlCacheBehavior [ RunTime:0.000146s ]
INFO: [ view_filter ] --END-- [ RunTime:0.000182s ]
INFO: [ app_end ] --START--
INFO: Run Behavior\ShowPageTraceBehavior [ RunTime:0.000379s ]
INFO: [ app_end ] --END-- [ RunTime:0.000419s ]

[ 2017-05-05T21:43:54+08:00 ] 117.136.39.119 /Home/Control/index/
INFO: [ app_init ] --START--
INFO: Run Behavior\BuildLiteBehavior [ RunTime:0.000014s ]
INFO: [ app_init ] --END-- [ RunTime:0.000294s ]
INFO: [ app_begin ] --START--
INFO: Run Behavior\ReadHtmlCacheBehavior [ RunTime:0.000409s ]
INFO: [ app_begin ] --END-- [ RunTime:0.000450s ]
NOTIC: [8] Undefined index: id /data/wwwroot/ceyuan1/Crm/Home/Controller/CommonController.class.php 第 34 行.
SQL: SHOW COLUMNS FROM `think_office` [ RunTime:0.0017s ]
SQL: SELECT `id`,`name` FROM `think_office`  [ RunTime:0.0002s ]
SQL: SHOW COLUMNS FROM `think_trouble` [ RunTime:0.0088s ]
SQL: SELECT DATE_FORMAT(FROM_UNIXTIME(addtime),"%Y-%m-%d")as addtime,`id`,`order`,`office`,`cishu`,`firstimg`,`lastimg` FROM `think_trouble` WHERE `state` = 0 ORDER BY id desc LIMIT 0,5   [ RunTime:0.0004s ]

[ 2017-05-05T21:44:16+08:00 ] 117.136.39.119 /Home/Xuanze?from=groupmessage&isappinstalled=0
INFO: [ app_init ] --START--
INFO: Run Behavior\BuildLiteBehavior [ RunTime:0.000013s ]
INFO: [ app_init ] --END-- [ RunTime:0.000302s ]
INFO: [ app_begin ] --START--
INFO: Run Behavior\ReadHtmlCacheBehavior [ RunTime:0.000370s ]
INFO: [ app_begin ] --END-- [ RunTime:0.000410s ]
INFO: [ view_parse ] --START--
INFO: [ template_filter ] --START--
INFO: Run Behavior\ContentReplaceBehavior [ RunTime:0.000050s ]
INFO: [ template_filter ] --END-- [ RunTime:0.000101s ]
INFO: Run Behavior\ParseTemplateBehavior [ RunTime:0.005166s ]
INFO: [ view_parse ] --END-- [ RunTime:0.005222s ]
INFO: [ view_filter ] --START--
INFO: Run Behavior\WriteHtmlCacheBehavior [ RunTime:0.000127s ]
INFO: [ view_filter ] --END-- [ RunTime:0.000160s ]
INFO: [ app_end ] --START--
INFO: Run Behavior\ShowPageTraceBehavior [ RunTime:0.000386s ]
INFO: [ app_end ] --END-- [ RunTime:0.000441s ]

[ 2017-05-05T21:44:19+08:00 ] 117.136.39.119 /Home/Qingjie/index
INFO: [ app_init ] --START--
INFO: Run Behavior\BuildLiteBehavior [ RunTime:0.000013s ]
INFO: [ app_init ] --END-- [ RunTime:0.000274s ]
INFO: [ app_begin ] --START--
INFO: Run Behavior\ReadHtmlCacheBehavior [ RunTime:0.000347s ]
INFO: [ app_begin ] --END-- [ RunTime:0.000386s ]

[ 2017-05-05T21:44:20+08:00 ] 117.136.39.119 /Home/Control/index.html
INFO: [ app_init ] --START--
INFO: Run Behavior\BuildLiteBehavior [ RunTime:0.000013s ]
INFO: [ app_init ] --END-- [ RunTime:0.000299s ]
INFO: [ app_begin ] --START--
INFO: Run Behavior\ReadHtmlCacheBehavior [ RunTime:0.000350s ]
INFO: [ app_begin ] --END-- [ RunTime:0.000410s ]
NOTIC: [8] Undefined index: id /data/wwwroot/ceyuan1/Crm/Home/Controller/CommonController.class.php 第 34 行.
SQL: SHOW COLUMNS FROM `think_office` [ RunTime:0.0016s ]
SQL: SELECT `id`,`name` FROM `think_office`  [ RunTime:0.0002s ]
INFO: [ view_parse ] --START--
INFO: [ template_filter ] --START--
INFO: Run Behavior\ContentReplaceBehavior [ RunTime:0.000082s ]
INFO: [ template_filter ] --END-- [ RunTime:0.000138s ]
INFO: Run Behavior\ParseTemplateBehavior [ RunTime:0.010345s ]
INFO: [ view_parse ] --END-- [ RunTime:0.010389s ]
INFO: [ view_filter ] --START--
INFO: Run Behavior\WriteHtmlCacheBehavior [ RunTime:0.000134s ]
INFO: [ view_filter ] --END-- [ RunTime:0.000169s ]
INFO: [ app_end ] --START--
INFO: Run Behavior\ShowPageTraceBehavior [ RunTime:0.000468s ]
INFO: [ app_end ] --END-- [ RunTime:0.000517s ]

[ 2017-05-05T21:44:21+08:00 ] 117.136.39.119 /Home/Control/index/
INFO: [ app_init ] --START--
INFO: Run Behavior\BuildLiteBehavior [ RunTime:0.000013s ]
INFO: [ app_init ] --END-- [ RunTime:0.000279s ]
INFO: [ app_begin ] --START--
INFO: Run Behavior\ReadHtmlCacheBehavior [ RunTime:0.000345s ]
INFO: [ app_begin ] --END-- [ RunTime:0.000386s ]
NOTIC: [8] Undefined index: id /data/wwwroot/ceyuan1/Crm/Home/Controller/CommonController.class.php 第 34 行.
SQL: SHOW COLUMNS FROM `think_office` [ RunTime:0.0015s ]
SQL: SELECT `id`,`name` FROM `think_office`  [ RunTime:0.0002s ]
SQL: SHOW COLUMNS FROM `think_trouble` [ RunTime:0.0009s ]
SQL: SELECT DATE_FORMAT(FROM_UNIXTIME(addtime),"%Y-%m-%d")as addtime,`id`,`order`,`office`,`cishu`,`firstimg`,`lastimg` FROM `think_trouble` WHERE `state` = 0 ORDER BY id desc LIMIT 0,5   [ RunTime:0.0003s ]

[ 2017-05-05T21:44:43+08:00 ] 117.136.39.119 /Home/Xuanze?from=groupmessage&isappinstalled=0
INFO: [ app_init ] --START--
INFO: Run Behavior\BuildLiteBehavior [ RunTime:0.000017s ]
INFO: [ app_init ] --END-- [ RunTime:0.000323s ]
INFO: [ app_begin ] --START--
INFO: Run Behavior\ReadHtmlCacheBehavior [ RunTime:0.000390s ]
INFO: [ app_begin ] --END-- [ RunTime:0.000431s ]
INFO: [ view_parse ] --START--
INFO: [ template_filter ] --START--
INFO: Run Behavior\ContentReplaceBehavior [ RunTime:0.000050s ]
INFO: [ template_filter ] --END-- [ RunTime:0.000100s ]
INFO: Run Behavior\ParseTemplateBehavior [ RunTime:0.005457s ]
INFO: [ view_parse ] --END-- [ RunTime:0.006221s ]
INFO: [ view_filter ] --START--
INFO: Run Behavior\WriteHtmlCacheBehavior [ RunTime:0.000128s ]
INFO: [ view_filter ] --END-- [ RunTime:0.000161s ]
INFO: [ app_end ] --START--
INFO: Run Behavior\ShowPageTraceBehavior [ RunTime:0.000389s ]
INFO: [ app_end ] --END-- [ RunTime:0.000428s ]

[ 2017-05-05T21:44:46+08:00 ] 117.136.39.119 /Home/Qingjie/index
INFO: [ app_init ] --START--
INFO: Run Behavior\BuildLiteBehavior [ RunTime:0.000014s ]
INFO: [ app_init ] --END-- [ RunTime:0.000285s ]
INFO: [ app_begin ] --START--
INFO: Run Behavior\ReadHtmlCacheBehavior [ RunTime:0.000380s ]
INFO: [ app_begin ] --END-- [ RunTime:0.000420s ]

[ 2017-05-05T21:44:47+08:00 ] 117.136.39.119 /Home/Control/index.html
INFO: [ app_init ] --START--
INFO: Run Behavior\BuildLiteBehavior [ RunTime:0.000013s ]
INFO: [ app_init ] --END-- [ RunTime:0.000278s ]
INFO: [ app_begin ] --START--
INFO: Run Behavior\ReadHtmlCacheBehavior [ RunTime:0.000352s ]
INFO: [ app_begin ] --END-- [ RunTime:0.000393s ]
NOTIC: [8] Undefined index: id /data/wwwroot/ceyuan1/Crm/Home/Controller/CommonController.class.php 第 34 行.
SQL: SHOW COLUMNS FROM `think_office` [ RunTime:0.0015s ]
SQL: SELECT `id`,`name` FROM `think_office`  [ RunTime:0.0002s ]
INFO: [ view_parse ] --START--
INFO: [ template_filter ] --START--
INFO: Run Behavior\ContentReplaceBehavior [ RunTime:0.000097s ]
INFO: [ template_filter ] --END-- [ RunTime:0.000153s ]
INFO: Run Behavior\ParseTemplateBehavior [ RunTime:0.008469s ]
INFO: [ view_parse ] --END-- [ RunTime:0.008511s ]
INFO: [ view_filter ] --START--
INFO: Run Behavior\WriteHtmlCacheBehavior [ RunTime:0.000158s ]
INFO: [ view_filter ] --END-- [ RunTime:0.000194s ]
INFO: [ app_end ] --START--
INFO: Run Behavior\ShowPageTraceBehavior [ RunTime:0.000413s ]
INFO: [ app_end ] --END-- [ RunTime:0.000457s ]

[ 2017-05-05T21:44:48+08:00 ] 117.136.39.119 /Home/Control/index/
INFO: [ app_init ] --START--
INFO: Run Behavior\BuildLiteBehavior [ RunTime:0.000025s ]
INFO: [ app_init ] --END-- [ RunTime:0.000542s ]
INFO: [ app_begin ] --START--
INFO: Run Behavior\ReadHtmlCacheBehavior [ RunTime:0.000454s ]
INFO: [ app_begin ] --END-- [ RunTime:0.000495s ]
NOTIC: [8] Undefined index: id /data/wwwroot/ceyuan1/Crm/Home/Controller/CommonController.class.php 第 34 行.
SQL: SHOW COLUMNS FROM `think_office` [ RunTime:0.0015s ]
SQL: SELECT `id`,`name` FROM `think_office`  [ RunTime:0.0002s ]
SQL: SHOW COLUMNS FROM `think_trouble` [ RunTime:0.0009s ]
SQL: SELECT DATE_FORMAT(FROM_UNIXTIME(addtime),"%Y-%m-%d")as addtime,`id`,`order`,`office`,`cishu`,`firstimg`,`lastimg` FROM `think_trouble` WHERE `state` = 0 ORDER BY id desc LIMIT 0,5   [ RunTime:0.0003s ]

[ 2017-05-05T23:06:08+08:00 ] 14.17.37.146 /Home/Xuanze?from=groupmessage
INFO: [ app_init ] --START--
INFO: Run Behavior\BuildLiteBehavior [ RunTime:0.000032s ]
INFO: [ app_init ] --END-- [ RunTime:0.000307s ]
INFO: [ app_begin ] --START--
INFO: Run Behavior\ReadHtmlCacheBehavior [ RunTime:0.000353s ]
INFO: [ app_begin ] --END-- [ RunTime:0.000394s ]
INFO: [ view_parse ] --START--
INFO: [ template_filter ] --START--
INFO: Run Behavior\ContentReplaceBehavior [ RunTime:0.000050s ]
INFO: [ template_filter ] --END-- [ RunTime:0.000121s ]
INFO: Run Behavior\ParseTemplateBehavior [ RunTime:0.005463s ]
INFO: [ view_parse ] --END-- [ RunTime:0.006178s ]
INFO: [ view_filter ] --START--
INFO: Run Behavior\WriteHtmlCacheBehavior [ RunTime:0.000134s ]
INFO: [ view_filter ] --END-- [ RunTime:0.000168s ]
INFO: [ app_end ] --START--
INFO: Run Behavior\ShowPageTraceBehavior [ RunTime:0.000410s ]
INFO: [ app_end ] --END-- [ RunTime:0.000446s ]

[ 2017-05-05T23:06:14+08:00 ] 14.17.37.146 /Home/Qingjie/index
INFO: [ app_init ] --START--
INFO: Run Behavior\BuildLiteBehavior [ RunTime:0.000019s ]
INFO: [ app_init ] --END-- [ RunTime:0.000400s ]
INFO: [ app_begin ] --START--
INFO: Run Behavior\ReadHtmlCacheBehavior [ RunTime:0.000500s ]
INFO: [ app_begin ] --END-- [ RunTime:0.000561s ]

[ 2017-05-05T23:06:14+08:00 ] 14.17.37.146 /Home/Control/index.html
INFO: [ app_init ] --START--
INFO: Run Behavior\BuildLiteBehavior [ RunTime:0.000013s ]
INFO: [ app_init ] --END-- [ RunTime:0.000279s ]
INFO: [ app_begin ] --START--
INFO: Run Behavior\ReadHtmlCacheBehavior [ RunTime:0.000380s ]
INFO: [ app_begin ] --END-- [ RunTime:0.000421s ]
NOTIC: [8] Undefined index: id /data/wwwroot/ceyuan1/Crm/Home/Controller/CommonController.class.php 第 34 行.
SQL: SHOW COLUMNS FROM `think_office` [ RunTime:0.0021s ]
SQL: SELECT `id`,`name` FROM `think_office`  [ RunTime:0.0002s ]
INFO: [ view_parse ] --START--
INFO: [ template_filter ] --START--
INFO: Run Behavior\ContentReplaceBehavior [ RunTime:0.000088s ]
INFO: [ template_filter ] --END-- [ RunTime:0.000132s ]
INFO: Run Behavior\ParseTemplateBehavior [ RunTime:0.008908s ]
INFO: [ view_parse ] --END-- [ RunTime:0.008950s ]
INFO: [ view_filter ] --START--
INFO: Run Behavior\WriteHtmlCacheBehavior [ RunTime:0.000129s ]
INFO: [ view_filter ] --END-- [ RunTime:0.000164s ]
INFO: [ app_end ] --START--
INFO: Run Behavior\ShowPageTraceBehavior [ RunTime:0.000413s ]
INFO: [ app_end ] --END-- [ RunTime:0.000455s ]

[ 2017-05-05T23:06:15+08:00 ] 14.17.37.146 /Home/Control/index/
INFO: [ app_init ] --START--
INFO: Run Behavior\BuildLiteBehavior [ RunTime:0.000020s ]
INFO: [ app_init ] --END-- [ RunTime:0.000423s ]
INFO: [ app_begin ] --START--
INFO: Run Behavior\ReadHtmlCacheBehavior [ RunTime:0.000513s ]
INFO: [ app_begin ] --END-- [ RunTime:0.000575s ]
NOTIC: [8] Undefined index: id /data/wwwroot/ceyuan1/Crm/Home/Controller/CommonController.class.php 第 34 行.
SQL: SHOW COLUMNS FROM `think_office` [ RunTime:0.0015s ]
SQL: SELECT `id`,`name` FROM `think_office`  [ RunTime:0.0002s ]
SQL: SHOW COLUMNS FROM `think_trouble` [ RunTime:0.0013s ]
SQL: SELECT DATE_FORMAT(FROM_UNIXTIME(addtime),"%Y-%m-%d")as addtime,`id`,`order`,`office`,`cishu`,`firstimg`,`lastimg` FROM `think_trouble` WHERE `state` = 0 ORDER BY id desc LIMIT 0,5   [ RunTime:0.0004s ]

[ 2017-05-05T23:06:19+08:00 ] 14.17.37.146 /Home/Control/index/
INFO: [ app_init ] --START--
INFO: Run Behavior\BuildLiteBehavior [ RunTime:0.000013s ]
INFO: [ app_init ] --END-- [ RunTime:0.000301s ]
INFO: [ app_begin ] --START--
INFO: Run Behavior\ReadHtmlCacheBehavior [ RunTime:0.000368s ]
INFO: [ app_begin ] --END-- [ RunTime:0.000410s ]
NOTIC: [8] Undefined index: id /data/wwwroot/ceyuan1/Crm/Home/Controller/CommonController.class.php 第 34 行.
SQL: SHOW COLUMNS FROM `think_office` [ RunTime:0.0015s ]
SQL: SELECT `id`,`name` FROM `think_office`  [ RunTime:0.0002s ]
SQL: SHOW COLUMNS FROM `think_trouble` [ RunTime:0.0009s ]
SQL: SELECT DATE_FORMAT(FROM_UNIXTIME(addtime),"%Y-%m-%d")as addtime,`id`,`order`,`office`,`cishu`,`firstimg`,`lastimg` FROM `think_trouble` WHERE `office` = '大鹏' AND `state` = 0 ORDER BY id desc LIMIT 0,5   [ RunTime:0.0006s ]

[ 2017-05-05T23:06:24+08:00 ] 61.151.226.199 /Home/Control/index.html
INFO: [ app_init ] --START--
INFO: Run Behavior\BuildLiteBehavior [ RunTime:0.000017s ]
INFO: [ app_init ] --END-- [ RunTime:0.000439s ]
INFO: [ app_begin ] --START--
INFO: Run Behavior\ReadHtmlCacheBehavior [ RunTime:0.000386s ]
INFO: [ app_begin ] --END-- [ RunTime:0.000429s ]
NOTIC: [8] Undefined index: id /data/wwwroot/ceyuan1/Crm/Home/Controller/CommonController.class.php 第 34 行.
NOTIC: [8] Undefined index: username /data/wwwroot/ceyuan1/Crm/Home/Controller/CommonController.class.php 第 35 行.
NOTIC: [8] Undefined index: password /data/wwwroot/ceyuan1/Crm/Home/Controller/CommonController.class.php 第 36 行.
SQL: SHOW COLUMNS FROM `think_user` [ RunTime:0.0020s ]
SQL: SELECT * FROM `think_user` LIMIT 1   [ RunTime:0.0002s ]
INFO: [ view_parse ] --START--
INFO: [ template_filter ] --START--
INFO: Run Behavior\ContentReplaceBehavior [ RunTime:0.001256s ]
INFO: [ template_filter ] --END-- [ RunTime:0.001327s ]
INFO: Run Behavior\ParseTemplateBehavior [ RunTime:0.005914s ]
INFO: [ view_parse ] --END-- [ RunTime:0.005958s ]
INFO: [ view_filter ] --START--
INFO: Run Behavior\WriteHtmlCacheBehavior [ RunTime:0.000156s ]
INFO: [ view_filter ] --END-- [ RunTime:0.000191s ]

[ 2017-05-05T23:06:24+08:00 ] 101.226.89.121 /Home/Control/index.html
INFO: [ app_init ] --START--
INFO: Run Behavior\BuildLiteBehavior [ RunTime:0.000013s ]
INFO: [ app_init ] --END-- [ RunTime:0.000285s ]
INFO: [ app_begin ] --START--
INFO: Run Behavior\ReadHtmlCacheBehavior [ RunTime:0.000570s ]
INFO: [ app_begin ] --END-- [ RunTime:0.000622s ]
NOTIC: [8] Undefined index: id /data/wwwroot/ceyuan1/Crm/Home/Controller/CommonController.class.php 第 34 行.
NOTIC: [8] Undefined index: username /data/wwwroot/ceyuan1/Crm/Home/Controller/CommonController.class.php 第 35 行.
NOTIC: [8] Undefined index: password /data/wwwroot/ceyuan1/Crm/Home/Controller/CommonController.class.php 第 36 行.
SQL: SHOW COLUMNS FROM `think_user` [ RunTime:0.0014s ]
SQL: SELECT * FROM `think_user` LIMIT 1   [ RunTime:0.0002s ]
INFO: [ view_parse ] --START--
INFO: [ template_filter ] --START--
INFO: Run Behavior\ContentReplaceBehavior [ RunTime:0.000070s ]
INFO: [ template_filter ] --END-- [ RunTime:0.000140s ]
INFO: Run Behavior\ParseTemplateBehavior [ RunTime:0.005598s ]
INFO: [ view_parse ] --END-- [ RunTime:0.005649s ]
INFO: [ view_filter ] --START--
INFO: Run Behavior\WriteHtmlCacheBehavior [ RunTime:0.000129s ]
INFO: [ view_filter ] --END-- [ RunTime:0.000173s ]

[ 2017-05-05T23:06:24+08:00 ] 140.207.124.105 /Home/Control/index.html
INFO: [ app_init ] --START--
INFO: Run Behavior\BuildLiteBehavior [ RunTime:0.000022s ]
INFO: [ app_init ] --END-- [ RunTime:0.000474s ]
INFO: [ app_begin ] --START--
INFO: Run Behavior\ReadHtmlCacheBehavior [ RunTime:0.000363s ]
INFO: [ app_begin ] --END-- [ RunTime:0.000404s ]
NOTIC: [8] Undefined index: id /data/wwwroot/ceyuan1/Crm/Home/Controller/CommonController.class.php 第 34 行.
NOTIC: [8] Undefined index: username /data/wwwroot/ceyuan1/Crm/Home/Controller/CommonController.class.php 第 35 行.
NOTIC: [8] Undefined index: password /data/wwwroot/ceyuan1/Crm/Home/Controller/CommonController.class.php 第 36 行.
SQL: SHOW COLUMNS FROM `think_user` [ RunTime:0.0015s ]
SQL: SELECT * FROM `think_user` LIMIT 1   [ RunTime:0.0002s ]
INFO: [ view_parse ] --START--
INFO: [ template_filter ] --START--
INFO: Run Behavior\ContentReplaceBehavior [ RunTime:0.000052s ]
INFO: [ template_filter ] --END-- [ RunTime:0.000113s ]
INFO: Run Behavior\ParseTemplateBehavior [ RunTime:0.005418s ]
INFO: [ view_parse ] --END-- [ RunTime:0.005477s ]
INFO: [ view_filter ] --START--
INFO: Run Behavior\WriteHtmlCacheBehavior [ RunTime:0.000135s ]
INFO: [ view_filter ] --END-- [ RunTime:0.000172s ]

[ 2017-05-05T23:06:30+08:00 ] 14.17.37.146 /Home/Control/daifankuixq/id/491
INFO: [ app_init ] --START--
INFO: Run Behavior\BuildLiteBehavior [ RunTime:0.000018s ]
INFO: [ app_init ] --END-- [ RunTime:0.000438s ]
INFO: [ app_begin ] --START--
INFO: Run Behavior\ReadHtmlCacheBehavior [ RunTime:0.000552s ]
INFO: [ app_begin ] --END-- [ RunTime:0.000616s ]
NOTIC: [8] Undefined index: id /data/wwwroot/ceyuan1/Crm/Home/Controller/CommonController.class.php 第 34 行.
SQL: SHOW COLUMNS FROM `think_trouble` [ RunTime:0.0016s ]
SQL: SELECT DATE_FORMAT(FROM_UNIXTIME(addtime),"%Y-%m-%d")as addtime,`id`,`order`,`place`,`question`,`office`,`cishu`,`firstimg` FROM `think_trouble` WHERE `id` = 491 LIMIT 1   [ RunTime:0.0003s ]
SQL: SHOW COLUMNS FROM `think_troublelist` [ RunTime:0.0013s ]
SQL: SELECT * FROM `think_troublelist` WHERE `uid` = 491 ORDER BY id desc  [ RunTime:0.0002s ]
INFO: [ view_parse ] --START--
INFO: [ template_filter ] --START--
INFO: Run Behavior\ContentReplaceBehavior [ RunTime:0.000064s ]
INFO: [ template_filter ] --END-- [ RunTime:0.000109s ]
NOTIC: [8] Undefined variable: troublelistres /data/wwwroot/ceyuan1/Crm/Runtime/Cache/Home/784e01ed2d0335cbc5ceea539478fde8.php 第 111 行.
NOTIC: [8] Undefined variable: troublelistres /data/wwwroot/ceyuan1/Crm/Runtime/Cache/Home/784e01ed2d0335cbc5ceea539478fde8.php 第 111 行.
INFO: Run Behavior\ParseTemplateBehavior [ RunTime:0.007035s ]
INFO: [ view_parse ] --END-- [ RunTime:0.007079s ]
INFO: [ view_filter ] --START--
INFO: Run Behavior\WriteHtmlCacheBehavior [ RunTime:0.000130s ]
INFO: [ view_filter ] --END-- [ RunTime:0.000164s ]
INFO: [ app_end ] --START--
INFO: Run Behavior\ShowPageTraceBehavior [ RunTime:0.000382s ]
INFO: [ app_end ] --END-- [ RunTime:0.000421s ]

[ 2017-05-05T23:06:51+08:00 ] 14.17.37.146 /Home/Control/zhenggaitijiao/id/491
INFO: [ app_init ] --START--
INFO: Run Behavior\BuildLiteBehavior [ RunTime:0.000012s ]
INFO: [ app_init ] --END-- [ RunTime:0.000281s ]
INFO: [ app_begin ] --START--
INFO: Run Behavior\ReadHtmlCacheBehavior [ RunTime:0.000351s ]
INFO: [ app_begin ] --END-- [ RunTime:0.000391s ]
NOTIC: [8] Undefined index: id /data/wwwroot/ceyuan1/Crm/Home/Controller/CommonController.class.php 第 34 行.
SQL: SHOW COLUMNS FROM `think_trouble` [ RunTime:0.0017s ]
SQL: SELECT DATE_FORMAT(FROM_UNIXTIME(addtime),"%Y-%m-%d")as addtime,`place`,`question`,`id`,`order`,`office`,`cishu`,`firstimg` FROM `think_trouble` WHERE `id` = 491 LIMIT 1   [ RunTime:0.0003s ]
INFO: [ view_parse ] --START--
INFO: [ template_filter ] --START--
INFO: Run Behavior\ContentReplaceBehavior [ RunTime:0.000061s ]
INFO: [ template_filter ] --END-- [ RunTime:0.000104s ]
INFO: Run Behavior\ParseTemplateBehavior [ RunTime:0.006644s ]
INFO: [ view_parse ] --END-- [ RunTime:0.006689s ]
INFO: [ view_filter ] --START--
INFO: Run Behavior\WriteHtmlCacheBehavior [ RunTime:0.000125s ]
INFO: [ view_filter ] --END-- [ RunTime:0.000160s ]
INFO: [ app_end ] --START--
INFO: Run Behavior\ShowPageTraceBehavior [ RunTime:0.000386s ]
INFO: [ app_end ] --END-- [ RunTime:0.000431s ]

[ 2017-05-05T23:07:00+08:00 ] 180.163.2.116 /Home/Control/zhenggaitijiao/id/491
INFO: [ app_init ] --START--
INFO: Run Behavior\BuildLiteBehavior [ RunTime:0.000014s ]
INFO: [ app_init ] --END-- [ RunTime:0.000312s ]
INFO: [ app_begin ] --START--
INFO: Run Behavior\ReadHtmlCacheBehavior [ RunTime:0.000391s ]
INFO: [ app_begin ] --END-- [ RunTime:0.000430s ]
NOTIC: [8] Undefined index: id /data/wwwroot/ceyuan1/Crm/Home/Controller/CommonController.class.php 第 34 行.
NOTIC: [8] Undefined index: username /data/wwwroot/ceyuan1/Crm/Home/Controller/CommonController.class.php 第 35 行.
NOTIC: [8] Undefined index: password /data/wwwroot/ceyuan1/Crm/Home/Controller/CommonController.class.php 第 36 行.
SQL: SHOW COLUMNS FROM `think_user` [ RunTime:0.0016s ]
SQL: SELECT * FROM `think_user` LIMIT 1   [ RunTime:0.0002s ]
INFO: [ view_parse ] --START--
INFO: [ template_filter ] --START--
INFO: Run Behavior\ContentReplaceBehavior [ RunTime:0.000042s ]
INFO: [ template_filter ] --END-- [ RunTime:0.000089s ]
INFO: Run Behavior\ParseTemplateBehavior [ RunTime:0.004601s ]
INFO: [ view_parse ] --END-- [ RunTime:0.004649s ]
INFO: [ view_filter ] --START--
INFO: Run Behavior\WriteHtmlCacheBehavior [ RunTime:0.000127s ]
INFO: [ view_filter ] --END-- [ RunTime:0.000160s ]

[ 2017-05-05T23:07:02+08:00 ] 14.17.37.146 /Home/Xuanze?from=groupmessage
INFO: [ app_init ] --START--
INFO: Run Behavior\BuildLiteBehavior [ RunTime:0.000017s ]
INFO: [ app_init ] --END-- [ RunTime:0.000335s ]
INFO: [ app_begin ] --START--
INFO: Run Behavior\ReadHtmlCacheBehavior [ RunTime:0.000387s ]
INFO: [ app_begin ] --END-- [ RunTime:0.000428s ]
INFO: [ view_parse ] --START--
INFO: [ template_filter ] --START--
INFO: Run Behavior\ContentReplaceBehavior [ RunTime:0.000050s ]
INFO: [ template_filter ] --END-- [ RunTime:0.000096s ]
INFO: Run Behavior\ParseTemplateBehavior [ RunTime:0.007557s ]
INFO: [ view_parse ] --END-- [ RunTime:0.008010s ]
INFO: [ view_filter ] --START--
INFO: Run Behavior\WriteHtmlCacheBehavior [ RunTime:0.000127s ]
INFO: [ view_filter ] --END-- [ RunTime:0.000160s ]
INFO: [ app_end ] --START--
INFO: Run Behavior\ShowPageTraceBehavior [ RunTime:0.000385s ]
INFO: [ app_end ] --END-- [ RunTime:0.000423s ]

[ 2017-05-05T23:07:05+08:00 ] 14.17.37.146 /Home/Qingjie/index
INFO: [ app_init ] --START--
INFO: Run Behavior\BuildLiteBehavior [ RunTime:0.000012s ]
INFO: [ app_init ] --END-- [ RunTime:0.000288s ]
INFO: [ app_begin ] --START--
INFO: Run Behavior\ReadHtmlCacheBehavior [ RunTime:0.000348s ]
INFO: [ app_begin ] --END-- [ RunTime:0.000389s ]

[ 2017-05-05T23:07:05+08:00 ] 183.60.52.227 /Home/Control/index.html
INFO: [ app_init ] --START--
INFO: Run Behavior\BuildLiteBehavior [ RunTime:0.000013s ]
INFO: [ app_init ] --END-- [ RunTime:0.000297s ]
INFO: [ app_begin ] --START--
INFO: Run Behavior\ReadHtmlCacheBehavior [ RunTime:0.000348s ]
INFO: [ app_begin ] --END-- [ RunTime:0.000409s ]
NOTIC: [8] Undefined index: id /data/wwwroot/ceyuan1/Crm/Home/Controller/CommonController.class.php 第 34 行.
SQL: SHOW COLUMNS FROM `think_office` [ RunTime:0.0018s ]
SQL: SELECT `id`,`name` FROM `think_office`  [ RunTime:0.0002s ]
INFO: [ view_parse ] --START--
INFO: [ template_filter ] --START--
INFO: Run Behavior\ContentReplaceBehavior [ RunTime:0.000086s ]
INFO: [ template_filter ] --END-- [ RunTime:0.000134s ]
INFO: Run Behavior\ParseTemplateBehavior [ RunTime:0.010526s ]
INFO: [ view_parse ] --END-- [ RunTime:0.010569s ]
INFO: [ view_filter ] --START--
INFO: Run Behavior\WriteHtmlCacheBehavior [ RunTime:0.000129s ]
INFO: [ view_filter ] --END-- [ RunTime:0.000165s ]
INFO: [ app_end ] --START--
INFO: Run Behavior\ShowPageTraceBehavior [ RunTime:0.000398s ]
INFO: [ app_end ] --END-- [ RunTime:0.000440s ]

[ 2017-05-05T23:07:06+08:00 ] 14.17.37.146 /Home/Control/index/
INFO: [ app_init ] --START--
INFO: Run Behavior\BuildLiteBehavior [ RunTime:0.000013s ]
INFO: [ app_init ] --END-- [ RunTime:0.000281s ]
INFO: [ app_begin ] --START--
INFO: Run Behavior\ReadHtmlCacheBehavior [ RunTime:0.000344s ]
INFO: [ app_begin ] --END-- [ RunTime:0.000387s ]
NOTIC: [8] Undefined index: id /data/wwwroot/ceyuan1/Crm/Home/Controller/CommonController.class.php 第 34 行.
SQL: SHOW COLUMNS FROM `think_office` [ RunTime:0.0016s ]
SQL: SELECT `id`,`name` FROM `think_office`  [ RunTime:0.0002s ]
SQL: SHOW COLUMNS FROM `think_trouble` [ RunTime:0.0012s ]
SQL: SELECT DATE_FORMAT(FROM_UNIXTIME(addtime),"%Y-%m-%d")as addtime,`id`,`order`,`office`,`cishu`,`firstimg`,`lastimg` FROM `think_trouble` WHERE `state` = 0 ORDER BY id desc LIMIT 0,5   [ RunTime:0.0005s ]

[ 2017-05-05T23:07:12+08:00 ] 14.17.37.146 /Home/Control/index/
INFO: [ app_init ] --START--
INFO: Run Behavior\BuildLiteBehavior [ RunTime:0.000019s ]
INFO: [ app_init ] --END-- [ RunTime:0.000341s ]
INFO: [ app_begin ] --START--
INFO: Run Behavior\ReadHtmlCacheBehavior [ RunTime:0.000388s ]
INFO: [ app_begin ] --END-- [ RunTime:0.000429s ]
NOTIC: [8] Undefined index: id /data/wwwroot/ceyuan1/Crm/Home/Controller/CommonController.class.php 第 34 行.
SQL: SHOW COLUMNS FROM `think_office` [ RunTime:0.0016s ]
SQL: SELECT `id`,`name` FROM `think_office`  [ RunTime:0.0002s ]
SQL: SHOW COLUMNS FROM `think_trouble` [ RunTime:0.0045s ]
SQL: SELECT DATE_FORMAT(FROM_UNIXTIME(addtime),"%Y-%m-%d")as addtime,`id`,`order`,`office`,`cishu`,`firstimg`,`lastimg` FROM `think_trouble` WHERE `office` = '大鹏' AND `state` = 0 ORDER BY id desc LIMIT 0,5   [ RunTime:0.0004s ]

[ 2017-05-05T23:07:14+08:00 ] 14.17.37.146 /Home/Control/index/
INFO: [ app_init ] --START--
INFO: Run Behavior\BuildLiteBehavior [ RunTime:0.000014s ]
INFO: [ app_init ] --END-- [ RunTime:0.000301s ]
INFO: [ app_begin ] --START--
INFO: Run Behavior\ReadHtmlCacheBehavior [ RunTime:0.000349s ]
INFO: [ app_begin ] --END-- [ RunTime:0.000390s ]
NOTIC: [8] Undefined index: id /data/wwwroot/ceyuan1/Crm/Home/Controller/CommonController.class.php 第 34 行.
SQL: SHOW COLUMNS FROM `think_office` [ RunTime:0.0015s ]
SQL: SELECT `id`,`name` FROM `think_office`  [ RunTime:0.0002s ]
SQL: SHOW COLUMNS FROM `think_trouble` [ RunTime:0.0009s ]
SQL: SELECT DATE_FORMAT(FROM_UNIXTIME(addtime),"%Y-%m-%d")as addtime,`id`,`order`,`office`,`cishu`,`firstimg`,`lastimg` FROM `think_trouble` WHERE `office` = '大鹏' AND `state` = 0 ORDER BY id desc LIMIT 5,5   [ RunTime:0.0003s ]

[ 2017-05-05T23:07:16+08:00 ] 14.17.37.146 /Home/Control/index/
INFO: [ app_init ] --START--
INFO: Run Behavior\BuildLiteBehavior [ RunTime:0.000014s ]
INFO: [ app_init ] --END-- [ RunTime:0.000289s ]
INFO: [ app_begin ] --START--
INFO: Run Behavior\ReadHtmlCacheBehavior [ RunTime:0.000368s ]
INFO: [ app_begin ] --END-- [ RunTime:0.000410s ]
NOTIC: [8] Undefined index: id /data/wwwroot/ceyuan1/Crm/Home/Controller/CommonController.class.php 第 34 行.
SQL: SHOW COLUMNS FROM `think_office` [ RunTime:0.0015s ]
SQL: SELECT `id`,`name` FROM `think_office`  [ RunTime:0.0002s ]
SQL: SHOW COLUMNS FROM `think_trouble` [ RunTime:0.0009s ]
SQL: SELECT DATE_FORMAT(FROM_UNIXTIME(addtime),"%Y-%m-%d")as addtime,`id`,`order`,`office`,`cishu`,`firstimg`,`lastimg` FROM `think_trouble` WHERE `office` = '大鹏' AND `state` = 0 ORDER BY id desc LIMIT 10,5   [ RunTime:0.0003s ]

[ 2017-05-05T23:07:31+08:00 ] 14.17.37.146 /Home/Control/index/
INFO: [ app_init ] --START--
INFO: Run Behavior\BuildLiteBehavior [ RunTime:0.000013s ]
INFO: [ app_init ] --END-- [ RunTime:0.000301s ]
INFO: [ app_begin ] --START--
INFO: Run Behavior\ReadHtmlCacheBehavior [ RunTime:0.000354s ]
INFO: [ app_begin ] --END-- [ RunTime:0.000397s ]
NOTIC: [8] Undefined index: id /data/wwwroot/ceyuan1/Crm/Home/Controller/CommonController.class.php 第 34 行.
SQL: SHOW COLUMNS FROM `think_office` [ RunTime:0.0016s ]
SQL: SELECT `id`,`name` FROM `think_office`  [ RunTime:0.0002s ]
SQL: SHOW COLUMNS FROM `think_trouble` [ RunTime:0.0009s ]
SQL: SELECT DATE_FORMAT(FROM_UNIXTIME(addtime),"%Y-%m-%d")as addtime,`id`,`order`,`office`,`cishu`,`firstimg`,`lastimg` FROM `think_trouble` WHERE `office` = '大鹏' AND `state` = 1 ORDER BY id desc LIMIT 0,5   [ RunTime:0.0003s ]

[ 2017-05-05T23:07:38+08:00 ] 14.17.37.146 /Home/Control/index/
INFO: [ app_init ] --START--
INFO: Run Behavior\BuildLiteBehavior [ RunTime:0.000035s ]
INFO: [ app_init ] --END-- [ RunTime:0.000319s ]
INFO: [ app_begin ] --START--
INFO: Run Behavior\ReadHtmlCacheBehavior [ RunTime:0.000347s ]
INFO: [ app_begin ] --END-- [ RunTime:0.000388s ]
NOTIC: [8] Undefined index: id /data/wwwroot/ceyuan1/Crm/Home/Controller/CommonController.class.php 第 34 行.
SQL: SHOW COLUMNS FROM `think_office` [ RunTime:0.0015s ]
SQL: SELECT `id`,`name` FROM `think_office`  [ RunTime:0.0002s ]
SQL: SHOW COLUMNS FROM `think_trouble` [ RunTime:0.0009s ]
SQL: SELECT DATE_FORMAT(FROM_UNIXTIME(addtime),"%Y-%m-%d")as addtime,`id`,`order`,`office`,`cishu`,`firstimg`,`lastimg` FROM `think_trouble` WHERE `office` = '大鹏' AND `state` = 0 ORDER BY id desc LIMIT 0,5   [ RunTime:0.0004s ]

[ 2017-05-05T23:07:47+08:00 ] 14.17.37.146 /Home/Control/index/
INFO: [ app_init ] --START--
INFO: Run Behavior\BuildLiteBehavior [ RunTime:0.000014s ]
INFO: [ app_init ] --END-- [ RunTime:0.000321s ]
INFO: [ app_begin ] --START--
INFO: Run Behavior\ReadHtmlCacheBehavior [ RunTime:0.000351s ]
INFO: [ app_begin ] --END-- [ RunTime:0.000391s ]
NOTIC: [8] Undefined index: id /data/wwwroot/ceyuan1/Crm/Home/Controller/CommonController.class.php 第 34 行.
SQL: SHOW COLUMNS FROM `think_office` [ RunTime:0.0015s ]
SQL: SELECT `id`,`name` FROM `think_office`  [ RunTime:0.0002s ]
SQL: SHOW COLUMNS FROM `think_trouble` [ RunTime:0.0009s ]
SQL: SELECT DATE_FORMAT(FROM_UNIXTIME(addtime),"%Y-%m-%d")as addtime,`id`,`order`,`office`,`cishu`,`firstimg`,`lastimg` FROM `think_trouble` WHERE `office` = '大鹏' AND `state` = 0 ORDER BY id desc LIMIT 5,5   [ RunTime:0.0003s ]

[ 2017-05-05T23:08:08+08:00 ] 14.17.37.146 /Home/Control/daifankuixq/id/491
INFO: [ app_init ] --START--
INFO: Run Behavior\BuildLiteBehavior [ RunTime:0.000012s ]
INFO: [ app_init ] --END-- [ RunTime:0.000278s ]
INFO: [ app_begin ] --START--
INFO: Run Behavior\ReadHtmlCacheBehavior [ RunTime:0.000350s ]
INFO: [ app_begin ] --END-- [ RunTime:0.000389s ]
NOTIC: [8] Undefined index: id /data/wwwroot/ceyuan1/Crm/Home/Controller/CommonController.class.php 第 34 行.
SQL: SHOW COLUMNS FROM `think_trouble` [ RunTime:0.0019s ]
SQL: SELECT DATE_FORMAT(FROM_UNIXTIME(addtime),"%Y-%m-%d")as addtime,`id`,`order`,`place`,`question`,`office`,`cishu`,`firstimg` FROM `think_trouble` WHERE `id` = 491 LIMIT 1   [ RunTime:0.0003s ]
SQL: SHOW COLUMNS FROM `think_troublelist` [ RunTime:0.0013s ]
SQL: SELECT * FROM `think_troublelist` WHERE `uid` = 491 ORDER BY id desc  [ RunTime:0.0002s ]
INFO: [ view_parse ] --START--
INFO: [ template_filter ] --START--
INFO: Run Behavior\ContentReplaceBehavior [ RunTime:0.000057s ]
INFO: [ template_filter ] --END-- [ RunTime:0.000104s ]
NOTIC: [8] Undefined variable: troublelistres /data/wwwroot/ceyuan1/Crm/Runtime/Cache/Home/784e01ed2d0335cbc5ceea539478fde8.php 第 111 行.
NOTIC: [8] Undefined variable: troublelistres /data/wwwroot/ceyuan1/Crm/Runtime/Cache/Home/784e01ed2d0335cbc5ceea539478fde8.php 第 111 行.
INFO: Run Behavior\ParseTemplateBehavior [ RunTime:0.006449s ]
INFO: [ view_parse ] --END-- [ RunTime:0.006491s ]
INFO: [ view_filter ] --START--
INFO: Run Behavior\WriteHtmlCacheBehavior [ RunTime:0.000127s ]
INFO: [ view_filter ] --END-- [ RunTime:0.000161s ]
INFO: [ app_end ] --START--
INFO: Run Behavior\ShowPageTraceBehavior [ RunTime:0.000386s ]
INFO: [ app_end ] --END-- [ RunTime:0.000425s ]

[ 2017-05-05T23:08:22+08:00 ] 14.17.37.146 /Home/Control/index/
INFO: [ app_init ] --START--
INFO: Run Behavior\BuildLiteBehavior [ RunTime:0.000016s ]
INFO: [ app_init ] --END-- [ RunTime:0.000299s ]
INFO: [ app_begin ] --START--
INFO: Run Behavior\ReadHtmlCacheBehavior [ RunTime:0.000377s ]
INFO: [ app_begin ] --END-- [ RunTime:0.000417s ]
NOTIC: [8] Undefined index: id /data/wwwroot/ceyuan1/Crm/Home/Controller/CommonController.class.php 第 34 行.
SQL: SHOW COLUMNS FROM `think_office` [ RunTime:0.0018s ]
SQL: SELECT `id`,`name` FROM `think_office`  [ RunTime:0.0002s ]
SQL: SHOW COLUMNS FROM `think_trouble` [ RunTime:0.0012s ]
SQL: SELECT DATE_FORMAT(FROM_UNIXTIME(addtime),"%Y-%m-%d")as addtime,`id`,`order`,`office`,`cishu`,`firstimg`,`lastimg` FROM `think_trouble` WHERE `office` = '大鹏' AND `state` = 0 ORDER BY id desc LIMIT 0,5   [ RunTime:0.0004s ]

[ 2017-05-05T23:08:25+08:00 ] 183.60.52.227 /Home/Control/daifankuixq/id/491
INFO: [ app_init ] --START--
INFO: Run Behavior\BuildLiteBehavior [ RunTime:0.000013s ]
INFO: [ app_init ] --END-- [ RunTime:0.000287s ]
INFO: [ app_begin ] --START--
INFO: Run Behavior\ReadHtmlCacheBehavior [ RunTime:0.000354s ]
INFO: [ app_begin ] --END-- [ RunTime:0.000394s ]
NOTIC: [8] Undefined index: id /data/wwwroot/ceyuan1/Crm/Home/Controller/CommonController.class.php 第 34 行.
SQL: SHOW COLUMNS FROM `think_trouble` [ RunTime:0.0020s ]
SQL: SELECT DATE_FORMAT(FROM_UNIXTIME(addtime),"%Y-%m-%d")as addtime,`id`,`order`,`place`,`question`,`office`,`cishu`,`firstimg` FROM `think_trouble` WHERE `id` = 491 LIMIT 1   [ RunTime:0.0003s ]
SQL: SHOW COLUMNS FROM `think_troublelist` [ RunTime:0.0009s ]
SQL: SELECT * FROM `think_troublelist` WHERE `uid` = 491 ORDER BY id desc  [ RunTime:0.0003s ]
INFO: [ view_parse ] --START--
INFO: [ template_filter ] --START--
INFO: Run Behavior\ContentReplaceBehavior [ RunTime:0.000057s ]
INFO: [ template_filter ] --END-- [ RunTime:0.000116s ]
NOTIC: [8] Undefined variable: troublelistres /data/wwwroot/ceyuan1/Crm/Runtime/Cache/Home/784e01ed2d0335cbc5ceea539478fde8.php 第 111 行.
NOTIC: [8] Undefined variable: troublelistres /data/wwwroot/ceyuan1/Crm/Runtime/Cache/Home/784e01ed2d0335cbc5ceea539478fde8.php 第 111 行.
INFO: Run Behavior\ParseTemplateBehavior [ RunTime:0.006521s ]
INFO: [ view_parse ] --END-- [ RunTime:0.006573s ]
INFO: [ view_filter ] --START--
INFO: Run Behavior\WriteHtmlCacheBehavior [ RunTime:0.000145s ]
INFO: [ view_filter ] --END-- [ RunTime:0.000179s ]
INFO: [ app_end ] --START--
INFO: Run Behavior\ShowPageTraceBehavior [ RunTime:0.000376s ]
INFO: [ app_end ] --END-- [ RunTime:0.000415s ]

[ 2017-05-05T23:09:41+08:00 ] 14.17.37.146 /Home/Control/zhenggaitijiao/id/491
INFO: [ app_init ] --START--
INFO: Run Behavior\BuildLiteBehavior [ RunTime:0.000013s ]
INFO: [ app_init ] --END-- [ RunTime:0.000283s ]
INFO: [ app_begin ] --START--
INFO: Run Behavior\ReadHtmlCacheBehavior [ RunTime:0.000352s ]
INFO: [ app_begin ] --END-- [ RunTime:0.000392s ]
NOTIC: [8] Undefined index: id /data/wwwroot/ceyuan1/Crm/Home/Controller/CommonController.class.php 第 34 行.
SQL: SHOW COLUMNS FROM `think_trouble` [ RunTime:0.0015s ]
SQL: SELECT DATE_FORMAT(FROM_UNIXTIME(addtime),"%Y-%m-%d")as addtime,`place`,`question`,`id`,`order`,`office`,`cishu`,`firstimg` FROM `think_trouble` WHERE `id` = 491 LIMIT 1   [ RunTime:0.0003s ]
INFO: [ view_parse ] --START--
INFO: [ template_filter ] --START--
INFO: Run Behavior\ContentReplaceBehavior [ RunTime:0.000061s ]
INFO: [ template_filter ] --END-- [ RunTime:0.000104s ]
INFO: Run Behavior\ParseTemplateBehavior [ RunTime:0.006570s ]
INFO: [ view_parse ] --END-- [ RunTime:0.006614s ]
INFO: [ view_filter ] --START--
INFO: Run Behavior\WriteHtmlCacheBehavior [ RunTime:0.000143s ]
INFO: [ view_filter ] --END-- [ RunTime:0.000178s ]
INFO: [ app_end ] --START--
INFO: Run Behavior\ShowPageTraceBehavior [ RunTime:0.000371s ]
INFO: [ app_end ] --END-- [ RunTime:0.000412s ]

[ 2017-05-05T23:09:50+08:00 ] 117.185.27.115 /Home/Control/zhenggaitijiao/id/491
INFO: [ app_init ] --START--
INFO: Run Behavior\BuildLiteBehavior [ RunTime:0.000012s ]
INFO: [ app_init ] --END-- [ RunTime:0.000273s ]
INFO: [ app_begin ] --START--
INFO: Run Behavior\ReadHtmlCacheBehavior [ RunTime:0.000381s ]
INFO: [ app_begin ] --END-- [ RunTime:0.000429s ]
NOTIC: [8] Undefined index: id /data/wwwroot/ceyuan1/Crm/Home/Controller/CommonController.class.php 第 34 行.
NOTIC: [8] Undefined index: username /data/wwwroot/ceyuan1/Crm/Home/Controller/CommonController.class.php 第 35 行.
NOTIC: [8] Undefined index: password /data/wwwroot/ceyuan1/Crm/Home/Controller/CommonController.class.php 第 36 行.
SQL: SHOW COLUMNS FROM `think_user` [ RunTime:0.0020s ]
SQL: SELECT * FROM `think_user` LIMIT 1   [ RunTime:0.0002s ]
INFO: [ view_parse ] --START--
INFO: [ template_filter ] --START--
INFO: Run Behavior\ContentReplaceBehavior [ RunTime:0.000042s ]
INFO: [ template_filter ] --END-- [ RunTime:0.000090s ]
INFO: Run Behavior\ParseTemplateBehavior [ RunTime:0.004829s ]
INFO: [ view_parse ] --END-- [ RunTime:0.004892s ]
INFO: [ view_filter ] --START--
INFO: Run Behavior\WriteHtmlCacheBehavior [ RunTime:0.000149s ]
INFO: [ view_filter ] --END-- [ RunTime:0.000183s ]

[ 2017-05-05T23:10:03+08:00 ] 14.17.37.146 /Home/Control/index/
INFO: [ app_init ] --START--
INFO: Run Behavior\BuildLiteBehavior [ RunTime:0.000013s ]
INFO: [ app_init ] --END-- [ RunTime:0.000281s ]
INFO: [ app_begin ] --START--
INFO: Run Behavior\ReadHtmlCacheBehavior [ RunTime:0.000348s ]
INFO: [ app_begin ] --END-- [ RunTime:0.000390s ]
NOTIC: [8] Undefined index: id /data/wwwroot/ceyuan1/Crm/Home/Controller/CommonController.class.php 第 34 行.
SQL: SHOW COLUMNS FROM `think_office` [ RunTime:0.0020s ]
SQL: SELECT `id`,`name` FROM `think_office`  [ RunTime:0.0002s ]
SQL: SHOW COLUMNS FROM `think_trouble` [ RunTime:0.0009s ]
SQL: SELECT DATE_FORMAT(FROM_UNIXTIME(addtime),"%Y-%m-%d")as addtime,`id`,`order`,`office`,`cishu`,`firstimg`,`lastimg` FROM `think_trouble` WHERE `office` = '大鹏' AND `state` = 0 ORDER BY id desc LIMIT 0,5   [ RunTime:0.0004s ]

[ 2017-05-05T23:10:08+08:00 ] 14.17.37.146 /Home/Control/index/
INFO: [ app_init ] --START--
INFO: Run Behavior\BuildLiteBehavior [ RunTime:0.000013s ]
INFO: [ app_init ] --END-- [ RunTime:0.000278s ]
INFO: [ app_begin ] --START--
INFO: Run Behavior\ReadHtmlCacheBehavior [ RunTime:0.000388s ]
INFO: [ app_begin ] --END-- [ RunTime:0.000437s ]
NOTIC: [8] Undefined index: id /data/wwwroot/ceyuan1/Crm/Home/Controller/CommonController.class.php 第 34 行.
SQL: SHOW COLUMNS FROM `think_office` [ RunTime:0.0015s ]
SQL: SELECT `id`,`name` FROM `think_office`  [ RunTime:0.0002s ]
SQL: SHOW COLUMNS FROM `think_trouble` [ RunTime:0.0009s ]
SQL: SELECT DATE_FORMAT(FROM_UNIXTIME(addtime),"%Y-%m-%d")as addtime,`id`,`order`,`office`,`cishu`,`firstimg`,`lastimg` FROM `think_trouble` WHERE `office` = '大鹏' AND `state` = 2 ORDER BY id desc LIMIT 0,5   [ RunTime:0.0004s ]

[ 2017-05-05T23:10:18+08:00 ] 14.17.37.146 /Home/Control/index/
INFO: [ app_init ] --START--
INFO: Run Behavior\BuildLiteBehavior [ RunTime:0.000013s ]
INFO: [ app_init ] --END-- [ RunTime:0.000306s ]
INFO: [ app_begin ] --START--
INFO: Run Behavior\ReadHtmlCacheBehavior [ RunTime:0.000345s ]
INFO: [ app_begin ] --END-- [ RunTime:0.000387s ]
NOTIC: [8] Undefined index: id /data/wwwroot/ceyuan1/Crm/Home/Controller/CommonController.class.php 第 34 行.
SQL: SHOW COLUMNS FROM `think_office` [ RunTime:0.0057s ]
SQL: SELECT `id`,`name` FROM `think_office`  [ RunTime:0.0003s ]
SQL: SHOW COLUMNS FROM `think_trouble` [ RunTime:0.0013s ]
SQL: SELECT DATE_FORMAT(FROM_UNIXTIME(addtime),"%Y-%m-%d")as addtime,`id`,`order`,`office`,`cishu`,`firstimg`,`lastimg` FROM `think_trouble` WHERE `office` = '大鹏' AND `state` = 2 ORDER BY id desc LIMIT 5,5   [ RunTime:0.0006s ]

[ 2017-05-05T23:10:51+08:00 ] 14.17.37.146 /Home/Control/index/
INFO: [ app_init ] --START--
INFO: Run Behavior\BuildLiteBehavior [ RunTime:0.000012s ]
INFO: [ app_init ] --END-- [ RunTime:0.000297s ]
INFO: [ app_begin ] --START--
INFO: Run Behavior\ReadHtmlCacheBehavior [ RunTime:0.000347s ]
INFO: [ app_begin ] --END-- [ RunTime:0.000388s ]
NOTIC: [8] Undefined index: id /data/wwwroot/ceyuan1/Crm/Home/Controller/CommonController.class.php 第 34 行.
SQL: SHOW COLUMNS FROM `think_office` [ RunTime:0.0015s ]
SQL: SELECT `id`,`name` FROM `think_office`  [ RunTime:0.0002s ]
SQL: SHOW COLUMNS FROM `think_trouble` [ RunTime:0.0009s ]
SQL: SELECT DATE_FORMAT(FROM_UNIXTIME(addtime),"%Y-%m-%d")as addtime,`id`,`order`,`office`,`cishu`,`firstimg`,`lastimg` FROM `think_trouble` WHERE `office` = '大鹏' AND `state` = 2 ORDER BY id desc LIMIT 10,5   [ RunTime:0.0004s ]

[ 2017-05-05T23:11:03+08:00 ] 14.17.37.146 /Home/Control/index/
INFO: [ app_init ] --START--
INFO: Run Behavior\BuildLiteBehavior [ RunTime:0.000033s ]
INFO: [ app_init ] --END-- [ RunTime:0.000301s ]
INFO: [ app_begin ] --START--
INFO: Run Behavior\ReadHtmlCacheBehavior [ RunTime:0.000344s ]
INFO: [ app_begin ] --END-- [ RunTime:0.000386s ]
NOTIC: [8] Undefined index: id /data/wwwroot/ceyuan1/Crm/Home/Controller/CommonController.class.php 第 34 行.
SQL: SHOW COLUMNS FROM `think_office` [ RunTime:0.0019s ]
SQL: SELECT `id`,`name` FROM `think_office`  [ RunTime:0.0003s ]
SQL: SHOW COLUMNS FROM `think_trouble` [ RunTime:0.0013s ]
SQL: SELECT DATE_FORMAT(FROM_UNIXTIME(addtime),"%Y-%m-%d")as addtime,`id`,`order`,`office`,`cishu`,`firstimg`,`lastimg` FROM `think_trouble` WHERE `office` = '大鹏' AND `state` = 2 ORDER BY id desc LIMIT 15,5   [ RunTime:0.0004s ]

[ 2017-05-05T23:11:06+08:00 ] 14.17.37.146 /Home/Control/index/
INFO: [ app_init ] --START--
INFO: Run Behavior\BuildLiteBehavior [ RunTime:0.000013s ]
INFO: [ app_init ] --END-- [ RunTime:0.000290s ]
INFO: [ app_begin ] --START--
INFO: Run Behavior\ReadHtmlCacheBehavior [ RunTime:0.000391s ]
INFO: [ app_begin ] --END-- [ RunTime:0.000438s ]
NOTIC: [8] Undefined index: id /data/wwwroot/ceyuan1/Crm/Home/Controller/CommonController.class.php 第 34 行.
SQL: SHOW COLUMNS FROM `think_office` [ RunTime:0.0015s ]
SQL: SELECT `id`,`name` FROM `think_office`  [ RunTime:0.0002s ]
SQL: SHOW COLUMNS FROM `think_trouble` [ RunTime:0.0009s ]
SQL: SELECT DATE_FORMAT(FROM_UNIXTIME(addtime),"%Y-%m-%d")as addtime,`id`,`order`,`office`,`cishu`,`firstimg`,`lastimg` FROM `think_trouble` WHERE `office` = '大鹏' AND `state` = 2 ORDER BY id desc LIMIT 20,5   [ RunTime:0.0003s ]

[ 2017-05-05T23:11:21+08:00 ] 14.17.37.146 /Home/Control/index/
INFO: [ app_init ] --START--
INFO: Run Behavior\BuildLiteBehavior [ RunTime:0.000015s ]
INFO: [ app_init ] --END-- [ RunTime:0.000293s ]
INFO: [ app_begin ] --START--
INFO: Run Behavior\ReadHtmlCacheBehavior [ RunTime:0.000377s ]
INFO: [ app_begin ] --END-- [ RunTime:0.000418s ]
NOTIC: [8] Undefined index: id /data/wwwroot/ceyuan1/Crm/Home/Controller/CommonController.class.php 第 34 行.
SQL: SHOW COLUMNS FROM `think_office` [ RunTime:0.0015s ]
SQL: SELECT `id`,`name` FROM `think_office`  [ RunTime:0.0002s ]
SQL: SHOW COLUMNS FROM `think_trouble` [ RunTime:0.0009s ]
SQL: SELECT DATE_FORMAT(FROM_UNIXTIME(addtime),"%Y-%m-%d")as addtime,`id`,`order`,`office`,`cishu`,`firstimg`,`lastimg` FROM `think_trouble` WHERE `office` = '大鹏' AND `state` = 2 ORDER BY id desc LIMIT 25,5   [ RunTime:0.0003s ]

[ 2017-05-05T23:11:37+08:00 ] 14.17.37.146 /Home/Control/index/
INFO: [ app_init ] --START--
INFO: Run Behavior\BuildLiteBehavior [ RunTime:0.000013s ]
INFO: [ app_init ] --END-- [ RunTime:0.000279s ]
INFO: [ app_begin ] --START--
INFO: Run Behavior\ReadHtmlCacheBehavior [ RunTime:0.000345s ]
INFO: [ app_begin ] --END-- [ RunTime:0.000386s ]
NOTIC: [8] Undefined index: id /data/wwwroot/ceyuan1/Crm/Home/Controller/CommonController.class.php 第 34 行.
SQL: SHOW COLUMNS FROM `think_office` [ RunTime:0.0015s ]
SQL: SELECT `id`,`name` FROM `think_office`  [ RunTime:0.0002s ]
SQL: SHOW COLUMNS FROM `think_trouble` [ RunTime:0.0009s ]
SQL: SELECT DATE_FORMAT(FROM_UNIXTIME(addtime),"%Y-%m-%d")as addtime,`id`,`order`,`office`,`cishu`,`firstimg`,`lastimg` FROM `think_trouble` WHERE `office` = '大鹏' AND `state` = 2 ORDER BY id desc LIMIT 30,5   [ RunTime:0.0004s ]

[ 2017-05-05T23:11:40+08:00 ] 14.17.37.146 /Home/Control/yiwanchengxq/id/441
INFO: [ app_init ] --START--
INFO: Run Behavior\BuildLiteBehavior [ RunTime:0.000015s ]
INFO: [ app_init ] --END-- [ RunTime:0.000285s ]
INFO: [ app_begin ] --START--
INFO: Run Behavior\ReadHtmlCacheBehavior [ RunTime:0.000385s ]
INFO: [ app_begin ] --END-- [ RunTime:0.000430s ]
NOTIC: [8] Undefined index: id /data/wwwroot/ceyuan1/Crm/Home/Controller/CommonController.class.php 第 34 行.
SQL: SHOW COLUMNS FROM `think_trouble` [ RunTime:0.0017s ]
SQL: SELECT DATE_FORMAT(FROM_UNIXTIME(addtime),"%Y-%m-%d")as addtime,`order`,`id`,`office`,`question`,`place`,`cishu`,`firstimg` FROM `think_trouble` WHERE `id` = 441 LIMIT 1   [ RunTime:0.0003s ]
SQL: SHOW COLUMNS FROM `think_troublelist` [ RunTime:0.0014s ]
SQL: SELECT * FROM `think_troublelist` WHERE `uid` = 441 ORDER BY id desc  [ RunTime:0.0002s ]
INFO: [ view_parse ] --START--
INFO: [ template_filter ] --START--
INFO: Run Behavior\ContentReplaceBehavior [ RunTime:0.000058s ]
INFO: [ template_filter ] --END-- [ RunTime:0.000104s ]
INFO: Run Behavior\ParseTemplateBehavior [ RunTime:0.006809s ]
INFO: [ view_parse ] --END-- [ RunTime:0.006888s ]
INFO: [ view_filter ] --START--
INFO: Run Behavior\WriteHtmlCacheBehavior [ RunTime:0.000163s ]
INFO: [ view_filter ] --END-- [ RunTime:0.000203s ]
INFO: [ app_end ] --START--
INFO: Run Behavior\ShowPageTraceBehavior [ RunTime:0.000492s ]
INFO: [ app_end ] --END-- [ RunTime:0.000591s ]

[ 2017-05-05T23:11:50+08:00 ] 180.153.205.253 /Home/Control/yiwanchengxq/id/441
INFO: [ app_init ] --START--
INFO: Run Behavior\BuildLiteBehavior [ RunTime:0.000032s ]
INFO: [ app_init ] --END-- [ RunTime:0.000610s ]
INFO: [ app_begin ] --START--
INFO: Run Behavior\ReadHtmlCacheBehavior [ RunTime:0.000587s ]
INFO: [ app_begin ] --END-- [ RunTime:0.000648s ]
NOTIC: [8] Undefined index: id /data/wwwroot/ceyuan1/Crm/Home/Controller/CommonController.class.php 第 34 行.
NOTIC: [8] Undefined index: username /data/wwwroot/ceyuan1/Crm/Home/Controller/CommonController.class.php 第 35 行.
NOTIC: [8] Undefined index: password /data/wwwroot/ceyuan1/Crm/Home/Controller/CommonController.class.php 第 36 行.
SQL: SHOW COLUMNS FROM `think_user` [ RunTime:0.0020s ]
SQL: SELECT * FROM `think_user` LIMIT 1   [ RunTime:0.0002s ]
INFO: [ view_parse ] --START--
INFO: [ template_filter ] --START--
INFO: Run Behavior\ContentReplaceBehavior [ RunTime:0.000041s ]
INFO: [ template_filter ] --END-- [ RunTime:0.000090s ]
INFO: Run Behavior\ParseTemplateBehavior [ RunTime:0.004502s ]
INFO: [ view_parse ] --END-- [ RunTime:0.004550s ]
INFO: [ view_filter ] --START--
INFO: Run Behavior\WriteHtmlCacheBehavior [ RunTime:0.000130s ]
INFO: [ view_filter ] --END-- [ RunTime:0.000163s ]

[ 2017-05-05T23:11:54+08:00 ] 14.17.37.146 /Home/Control/index/
INFO: [ app_init ] --START--
INFO: Run Behavior\BuildLiteBehavior [ RunTime:0.000014s ]
INFO: [ app_init ] --END-- [ RunTime:0.000313s ]
INFO: [ app_begin ] --START--
INFO: Run Behavior\ReadHtmlCacheBehavior [ RunTime:0.000386s ]
INFO: [ app_begin ] --END-- [ RunTime:0.000428s ]
NOTIC: [8] Undefined index: id /data/wwwroot/ceyuan1/Crm/Home/Controller/CommonController.class.php 第 34 行.
SQL: SHOW COLUMNS FROM `think_office` [ RunTime:0.0018s ]
SQL: SELECT `id`,`name` FROM `think_office`  [ RunTime:0.0002s ]
SQL: SHOW COLUMNS FROM `think_trouble` [ RunTime:0.0009s ]
SQL: SELECT DATE_FORMAT(FROM_UNIXTIME(addtime),"%Y-%m-%d")as addtime,`id`,`order`,`office`,`cishu`,`firstimg`,`lastimg` FROM `think_trouble` WHERE `office` = '大鹏' AND `state` = 0 ORDER BY id desc LIMIT 0,5   [ RunTime:0.0003s ]

[ 2017-05-05T23:12:26+08:00 ] 14.17.37.146 /Home/Control/daifankuixq/id/491
INFO: [ app_init ] --START--
INFO: Run Behavior\BuildLiteBehavior [ RunTime:0.000015s ]
INFO: [ app_init ] --END-- [ RunTime:0.000295s ]
INFO: [ app_begin ] --START--
INFO: Run Behavior\ReadHtmlCacheBehavior [ RunTime:0.000371s ]
INFO: [ app_begin ] --END-- [ RunTime:0.000411s ]
NOTIC: [8] Undefined index: id /data/wwwroot/ceyuan1/Crm/Home/Controller/CommonController.class.php 第 34 行.
SQL: SHOW COLUMNS FROM `think_trouble` [ RunTime:0.0016s ]
SQL: SELECT DATE_FORMAT(FROM_UNIXTIME(addtime),"%Y-%m-%d")as addtime,`id`,`order`,`place`,`question`,`office`,`cishu`,`firstimg` FROM `think_trouble` WHERE `id` = 491 LIMIT 1   [ RunTime:0.0003s ]
SQL: SHOW COLUMNS FROM `think_troublelist` [ RunTime:0.0013s ]
SQL: SELECT * FROM `think_troublelist` WHERE `uid` = 491 ORDER BY id desc  [ RunTime:0.0002s ]
INFO: [ view_parse ] --START--
INFO: [ template_filter ] --START--
INFO: Run Behavior\ContentReplaceBehavior [ RunTime:0.000060s ]
INFO: [ template_filter ] --END-- [ RunTime:0.000106s ]
NOTIC: [8] Undefined variable: troublelistres /data/wwwroot/ceyuan1/Crm/Runtime/Cache/Home/784e01ed2d0335cbc5ceea539478fde8.php 第 111 行.
NOTIC: [8] Undefined variable: troublelistres /data/wwwroot/ceyuan1/Crm/Runtime/Cache/Home/784e01ed2d0335cbc5ceea539478fde8.php 第 111 行.
INFO: Run Behavior\ParseTemplateBehavior [ RunTime:0.007008s ]
INFO: [ view_parse ] --END-- [ RunTime:0.007049s ]
INFO: [ view_filter ] --START--
INFO: Run Behavior\WriteHtmlCacheBehavior [ RunTime:0.000142s ]
INFO: [ view_filter ] --END-- [ RunTime:0.000182s ]
INFO: [ app_end ] --START--
INFO: Run Behavior\ShowPageTraceBehavior [ RunTime:0.000388s ]
INFO: [ app_end ] --END-- [ RunTime:0.000432s ]

[ 2017-05-05T23:12:32+08:00 ] 183.60.52.227 /Home/Control/zhenggaitijiao/id/491
INFO: [ app_init ] --START--
INFO: Run Behavior\BuildLiteBehavior [ RunTime:0.000013s ]
INFO: [ app_init ] --END-- [ RunTime:0.000305s ]
INFO: [ app_begin ] --START--
INFO: Run Behavior\ReadHtmlCacheBehavior [ RunTime:0.000350s ]
INFO: [ app_begin ] --END-- [ RunTime:0.000390s ]
NOTIC: [8] Undefined index: id /data/wwwroot/ceyuan1/Crm/Home/Controller/CommonController.class.php 第 34 行.
SQL: SHOW COLUMNS FROM `think_trouble` [ RunTime:0.0015s ]
SQL: SELECT DATE_FORMAT(FROM_UNIXTIME(addtime),"%Y-%m-%d")as addtime,`place`,`question`,`id`,`order`,`office`,`cishu`,`firstimg` FROM `think_trouble` WHERE `id` = 491 LIMIT 1   [ RunTime:0.0003s ]
INFO: [ view_parse ] --START--
INFO: [ template_filter ] --START--
INFO: Run Behavior\ContentReplaceBehavior [ RunTime:0.000072s ]
INFO: [ template_filter ] --END-- [ RunTime:0.000125s ]
INFO: Run Behavior\ParseTemplateBehavior [ RunTime:0.006960s ]
INFO: [ view_parse ] --END-- [ RunTime:0.007009s ]
INFO: [ view_filter ] --START--
INFO: Run Behavior\WriteHtmlCacheBehavior [ RunTime:0.000133s ]
INFO: [ view_filter ] --END-- [ RunTime:0.000168s ]
INFO: [ app_end ] --START--
INFO: Run Behavior\ShowPageTraceBehavior [ RunTime:0.000393s ]
INFO: [ app_end ] --END-- [ RunTime:0.000437s ]

[ 2017-05-05T23:12:56+08:00 ] 14.17.37.146 /Home/Control/index
INFO: [ app_init ] --START--
INFO: Run Behavior\BuildLiteBehavior [ RunTime:0.000013s ]
INFO: [ app_init ] --END-- [ RunTime:0.000303s ]
INFO: [ app_begin ] --START--
INFO: Run Behavior\ReadHtmlCacheBehavior [ RunTime:0.000349s ]
INFO: [ app_begin ] --END-- [ RunTime:0.000407s ]
NOTIC: [8] Undefined index: id /data/wwwroot/ceyuan1/Crm/Home/Controller/CommonController.class.php 第 34 行.
SQL: SHOW COLUMNS FROM `think_office` [ RunTime:0.0017s ]
SQL: SELECT `id`,`name` FROM `think_office`  [ RunTime:0.0002s ]
INFO: [ view_parse ] --START--
INFO: [ template_filter ] --START--
INFO: Run Behavior\ContentReplaceBehavior [ RunTime:0.000101s ]
INFO: [ template_filter ] --END-- [ RunTime:0.000145s ]
INFO: Run Behavior\ParseTemplateBehavior [ RunTime:0.008831s ]
INFO: [ view_parse ] --END-- [ RunTime:0.008871s ]
INFO: [ view_filter ] --START--
INFO: Run Behavior\WriteHtmlCacheBehavior [ RunTime:0.000142s ]
INFO: [ view_filter ] --END-- [ RunTime:0.000176s ]
INFO: [ app_end ] --START--
INFO: Run Behavior\ShowPageTraceBehavior [ RunTime:0.000392s ]
INFO: [ app_end ] --END-- [ RunTime:0.000433s ]

[ 2017-05-05T23:12:57+08:00 ] 183.60.52.227 /Home/Control/index/
INFO: [ app_init ] --START--
INFO: Run Behavior\BuildLiteBehavior [ RunTime:0.000014s ]
INFO: [ app_init ] --END-- [ RunTime:0.000287s ]
INFO: [ app_begin ] --START--
INFO: Run Behavior\ReadHtmlCacheBehavior [ RunTime:0.000351s ]
INFO: [ app_begin ] --END-- [ RunTime:0.000392s ]
NOTIC: [8] Undefined index: id /data/wwwroot/ceyuan1/Crm/Home/Controller/CommonController.class.php 第 34 行.
SQL: SHOW COLUMNS FROM `think_office` [ RunTime:0.0016s ]
SQL: SELECT `id`,`name` FROM `think_office`  [ RunTime:0.0002s ]
SQL: SHOW COLUMNS FROM `think_trouble` [ RunTime:0.0009s ]
SQL: SELECT DATE_FORMAT(FROM_UNIXTIME(addtime),"%Y-%m-%d")as addtime,`id`,`order`,`office`,`cishu`,`firstimg`,`lastimg` FROM `think_trouble` WHERE `state` = 0 ORDER BY id desc LIMIT 0,5   [ RunTime:0.0003s ]

[ 2017-05-05T23:12:59+08:00 ] 14.17.37.146 /Home/Control/index/
INFO: [ app_init ] --START--
INFO: Run Behavior\BuildLiteBehavior [ RunTime:0.000013s ]
INFO: [ app_init ] --END-- [ RunTime:0.000279s ]
INFO: [ app_begin ] --START--
INFO: Run Behavior\ReadHtmlCacheBehavior [ RunTime:0.000409s ]
INFO: [ app_begin ] --END-- [ RunTime:0.000468s ]
NOTIC: [8] Undefined index: id /data/wwwroot/ceyuan1/Crm/Home/Controller/CommonController.class.php 第 34 行.
SQL: SHOW COLUMNS FROM `think_office` [ RunTime:0.0015s ]
SQL: SELECT `id`,`name` FROM `think_office`  [ RunTime:0.0002s ]
SQL: SHOW COLUMNS FROM `think_trouble` [ RunTime:0.0009s ]
SQL: SELECT DATE_FORMAT(FROM_UNIXTIME(addtime),"%Y-%m-%d")as addtime,`id`,`order`,`office`,`cishu`,`firstimg`,`lastimg` FROM `think_trouble` WHERE `state` = 0 ORDER BY id desc LIMIT 5,5   [ RunTime:0.0004s ]

[ 2017-05-05T23:13:02+08:00 ] 14.17.37.146 /Home/Control/index/
INFO: [ app_init ] --START--
INFO: Run Behavior\BuildLiteBehavior [ RunTime:0.000013s ]
INFO: [ app_init ] --END-- [ RunTime:0.000283s ]
INFO: [ app_begin ] --START--
INFO: Run Behavior\ReadHtmlCacheBehavior [ RunTime:0.000344s ]
INFO: [ app_begin ] --END-- [ RunTime:0.000386s ]
NOTIC: [8] Undefined index: id /data/wwwroot/ceyuan1/Crm/Home/Controller/CommonController.class.php 第 34 行.
SQL: SHOW COLUMNS FROM `think_office` [ RunTime:0.0015s ]
SQL: SELECT `id`,`name` FROM `think_office`  [ RunTime:0.0002s ]
SQL: SHOW COLUMNS FROM `think_trouble` [ RunTime:0.0009s ]
SQL: SELECT DATE_FORMAT(FROM_UNIXTIME(addtime),"%Y-%m-%d")as addtime,`id`,`order`,`office`,`cishu`,`firstimg`,`lastimg` FROM `think_trouble` WHERE `state` = 0 ORDER BY id desc LIMIT 10,5   [ RunTime:0.0003s ]

[ 2017-05-05T23:13:08+08:00 ] 14.17.37.146 /Home/Control/index/
INFO: [ app_init ] --START--
INFO: Run Behavior\BuildLiteBehavior [ RunTime:0.000017s ]
INFO: [ app_init ] --END-- [ RunTime:0.000352s ]
INFO: [ app_begin ] --START--
INFO: Run Behavior\ReadHtmlCacheBehavior [ RunTime:0.000384s ]
INFO: [ app_begin ] --END-- [ RunTime:0.000425s ]
NOTIC: [8] Undefined index: id /data/wwwroot/ceyuan1/Crm/Home/Controller/CommonController.class.php 第 34 行.
SQL: SHOW COLUMNS FROM `think_office` [ RunTime:0.0015s ]
SQL: SELECT `id`,`name` FROM `think_office`  [ RunTime:0.0002s ]
SQL: SHOW COLUMNS FROM `think_trouble` [ RunTime:0.0009s ]
SQL: SELECT DATE_FORMAT(FROM_UNIXTIME(addtime),"%Y-%m-%d")as addtime,`id`,`order`,`office`,`cishu`,`firstimg`,`lastimg` FROM `think_trouble` WHERE `state` = 0 ORDER BY id desc LIMIT 15,5   [ RunTime:0.0003s ]

[ 2017-05-05T23:13:11+08:00 ] 14.17.37.146 /Home/Control/index/
INFO: [ app_init ] --START--
INFO: Run Behavior\BuildLiteBehavior [ RunTime:0.000013s ]
INFO: [ app_init ] --END-- [ RunTime:0.000300s ]
INFO: [ app_begin ] --START--
INFO: Run Behavior\ReadHtmlCacheBehavior [ RunTime:0.000351s ]
INFO: [ app_begin ] --END-- [ RunTime:0.000391s ]
NOTIC: [8] Undefined index: id /data/wwwroot/ceyuan1/Crm/Home/Controller/CommonController.class.php 第 34 行.
SQL: SHOW COLUMNS FROM `think_office` [ RunTime:0.0015s ]
SQL: SELECT `id`,`name` FROM `think_office`  [ RunTime:0.0002s ]
SQL: SHOW COLUMNS FROM `think_trouble` [ RunTime:0.0009s ]
SQL: SELECT DATE_FORMAT(FROM_UNIXTIME(addtime),"%Y-%m-%d")as addtime,`id`,`order`,`office`,`cishu`,`firstimg`,`lastimg` FROM `think_trouble` WHERE `state` = 0 ORDER BY id desc LIMIT 20,5   [ RunTime:0.0003s ]

[ 2017-05-05T23:13:18+08:00 ] 14.17.37.146 /Home/Control/index/
INFO: [ app_init ] --START--
INFO: Run Behavior\BuildLiteBehavior [ RunTime:0.000014s ]
INFO: [ app_init ] --END-- [ RunTime:0.000282s ]
INFO: [ app_begin ] --START--
INFO: Run Behavior\ReadHtmlCacheBehavior [ RunTime:0.000347s ]
INFO: [ app_begin ] --END-- [ RunTime:0.000389s ]
NOTIC: [8] Undefined index: id /data/wwwroot/ceyuan1/Crm/Home/Controller/CommonController.class.php 第 34 行.
SQL: SHOW COLUMNS FROM `think_office` [ RunTime:0.0015s ]
SQL: SELECT `id`,`name` FROM `think_office`  [ RunTime:0.0002s ]
SQL: SHOW COLUMNS FROM `think_trouble` [ RunTime:0.0009s ]
SQL: SELECT DATE_FORMAT(FROM_UNIXTIME(addtime),"%Y-%m-%d")as addtime,`id`,`order`,`office`,`cishu`,`firstimg`,`lastimg` FROM `think_trouble` WHERE `office` = '大鹏' AND `state` = 0 ORDER BY id desc LIMIT 0,5   [ RunTime:0.0003s ]

