[ 2017-05-24T11:48:46+08:00 ] 123.66.35.44 /Home/Xuanze?from=groupmessage
INFO: [ app_init ] --START--
INFO: Run Behavior\BuildLiteBehavior [ RunTime:0.000015s ]
INFO: [ app_init ] --END-- [ RunTime:0.000310s ]
INFO: [ app_begin ] --START--
INFO: Run Behavior\ReadHtmlCacheBehavior [ RunTime:0.000633s ]
INFO: [ app_begin ] --END-- [ RunTime:0.000675s ]
INFO: [ view_parse ] --START--
INFO: [ template_filter ] --START--
INFO: Run Behavior\ContentReplaceBehavior [ RunTime:0.000445s ]
INFO: [ template_filter ] --END-- [ RunTime:0.000515s ]
INFO: Run Behavior\ParseTemplateBehavior [ RunTime:0.080151s ]
INFO: [ view_parse ] --END-- [ RunTime:0.080239s ]
INFO: [ view_filter ] --START--
INFO: Run Behavior\WriteHtmlCacheBehavior [ RunTime:0.001773s ]
INFO: [ view_filter ] --END-- [ RunTime:0.001811s ]
INFO: [ app_end ] --START--
INFO: Run Behavior\ShowPageTraceBehavior [ RunTime:0.000676s ]
INFO: [ app_end ] --END-- [ RunTime:0.000717s ]

[ 2017-05-24T11:48:51+08:00 ] 123.66.35.44 /Home/Qingjie/index
INFO: [ app_init ] --START--
INFO: Run Behavior\BuildLiteBehavior [ RunTime:0.000014s ]
INFO: [ app_init ] --END-- [ RunTime:0.000283s ]
INFO: [ app_begin ] --START--
INFO: Run Behavior\ReadHtmlCacheBehavior [ RunTime:0.000350s ]
INFO: [ app_begin ] --END-- [ RunTime:0.000389s ]

[ 2017-05-24T11:48:53+08:00 ] 123.66.35.44 /Home/Control/index.html
INFO: [ app_init ] --START--
INFO: Run Behavior\BuildLiteBehavior [ RunTime:0.000032s ]
INFO: [ app_init ] --END-- [ RunTime:0.000306s ]
INFO: [ app_begin ] --START--
INFO: Run Behavior\ReadHtmlCacheBehavior [ RunTime:0.000354s ]
INFO: [ app_begin ] --END-- [ RunTime:0.000392s ]
NOTIC: [8] Undefined index: id /data/wwwroot/ceyuan1/Crm/Home/Controller/CommonController.class.php 第 34 行.
SQL: SHOW COLUMNS FROM `think_office` [ RunTime:0.0021s ]
SQL: SELECT `id`,`name` FROM `think_office`  [ RunTime:0.0004s ]
INFO: [ view_parse ] --START--
INFO: [ template_filter ] --START--
INFO: Run Behavior\ContentReplaceBehavior [ RunTime:0.000101s ]
INFO: [ template_filter ] --END-- [ RunTime:0.000177s ]
INFO: Run Behavior\ParseTemplateBehavior [ RunTime:0.038267s ]
INFO: [ view_parse ] --END-- [ RunTime:0.038318s ]
INFO: [ view_filter ] --START--
INFO: Run Behavior\WriteHtmlCacheBehavior [ RunTime:0.000136s ]
INFO: [ view_filter ] --END-- [ RunTime:0.000174s ]
INFO: [ app_end ] --START--
INFO: Run Behavior\ShowPageTraceBehavior [ RunTime:0.000411s ]
INFO: [ app_end ] --END-- [ RunTime:0.000455s ]

[ 2017-05-24T11:48:53+08:00 ] 101.226.66.192 /Home/Xuanze?from=groupmessage
INFO: [ app_init ] --START--
INFO: Run Behavior\BuildLiteBehavior [ RunTime:0.000012s ]
INFO: [ app_init ] --END-- [ RunTime:0.000314s ]
INFO: [ app_begin ] --START--
INFO: Run Behavior\ReadHtmlCacheBehavior [ RunTime:0.000391s ]
INFO: [ app_begin ] --END-- [ RunTime:0.000432s ]
INFO: [ view_parse ] --START--
INFO: [ template_filter ] --START--
INFO: Run Behavior\ContentReplaceBehavior [ RunTime:0.000054s ]
INFO: [ template_filter ] --END-- [ RunTime:0.000108s ]
INFO: Run Behavior\ParseTemplateBehavior [ RunTime:0.006088s ]
INFO: [ view_parse ] --END-- [ RunTime:0.006141s ]
INFO: [ view_filter ] --START--
INFO: Run Behavior\WriteHtmlCacheBehavior [ RunTime:0.000127s ]
INFO: [ view_filter ] --END-- [ RunTime:0.000159s ]
INFO: [ app_end ] --START--
INFO: Run Behavior\ShowPageTraceBehavior [ RunTime:0.000384s ]
INFO: [ app_end ] --END-- [ RunTime:0.000441s ]

[ 2017-05-24T11:48:54+08:00 ] 123.66.35.44 /Home/Control/index/
INFO: [ app_init ] --START--
INFO: Run Behavior\BuildLiteBehavior [ RunTime:0.000013s ]
INFO: [ app_init ] --END-- [ RunTime:0.000297s ]
INFO: [ app_begin ] --START--
INFO: Run Behavior\ReadHtmlCacheBehavior [ RunTime:0.000341s ]
INFO: [ app_begin ] --END-- [ RunTime:0.000381s ]
NOTIC: [8] Undefined index: id /data/wwwroot/ceyuan1/Crm/Home/Controller/CommonController.class.php 第 34 行.
SQL: SHOW COLUMNS FROM `think_office` [ RunTime:0.0012s ]
SQL: SELECT `id`,`name` FROM `think_office`  [ RunTime:0.0002s ]
SQL: SHOW COLUMNS FROM `think_trouble` [ RunTime:0.0015s ]
SQL: SELECT DATE_FORMAT(FROM_UNIXTIME(addtime),"%Y-%m-%d")as addtime,`id`,`order`,`office`,`cishu`,`firstimg`,`lastimg` FROM `think_trouble` WHERE `state` = 0 ORDER BY id desc LIMIT 0,5   [ RunTime:0.0265s ]

[ 2017-05-24T11:49:01+08:00 ] 101.226.33.225 /Home/Qingjie/index
INFO: [ app_init ] --START--
INFO: Run Behavior\BuildLiteBehavior [ RunTime:0.000015s ]
INFO: [ app_init ] --END-- [ RunTime:0.000289s ]
INFO: [ app_begin ] --START--
INFO: Run Behavior\ReadHtmlCacheBehavior [ RunTime:0.000372s ]
INFO: [ app_begin ] --END-- [ RunTime:0.000411s ]

[ 2017-05-24T11:49:01+08:00 ] 101.226.33.225 /Home/Control/index.html
INFO: [ app_init ] --START--
INFO: Run Behavior\BuildLiteBehavior [ RunTime:0.000014s ]
INFO: [ app_init ] --END-- [ RunTime:0.000282s ]
INFO: [ app_begin ] --START--
INFO: Run Behavior\ReadHtmlCacheBehavior [ RunTime:0.000367s ]
INFO: [ app_begin ] --END-- [ RunTime:0.000407s ]
NOTIC: [8] Undefined index: id /data/wwwroot/ceyuan1/Crm/Home/Controller/CommonController.class.php 第 34 行.
SQL: SHOW COLUMNS FROM `think_office` [ RunTime:0.0015s ]
SQL: SELECT `id`,`name` FROM `think_office`  [ RunTime:0.0002s ]
INFO: [ view_parse ] --START--
INFO: [ template_filter ] --START--
INFO: Run Behavior\ContentReplaceBehavior [ RunTime:0.000087s ]
INFO: [ template_filter ] --END-- [ RunTime:0.000151s ]
INFO: Run Behavior\ParseTemplateBehavior [ RunTime:0.009686s ]
INFO: [ view_parse ] --END-- [ RunTime:0.009740s ]
INFO: [ view_filter ] --START--
INFO: Run Behavior\WriteHtmlCacheBehavior [ RunTime:0.000148s ]
INFO: [ view_filter ] --END-- [ RunTime:0.000184s ]
INFO: [ app_end ] --START--
INFO: Run Behavior\ShowPageTraceBehavior [ RunTime:0.000417s ]
INFO: [ app_end ] --END-- [ RunTime:0.000458s ]

[ 2017-05-24T11:49:06+08:00 ] 123.66.35.44 /Home/Qingjie/index
INFO: [ app_init ] --START--
INFO: Run Behavior\BuildLiteBehavior [ RunTime:0.000015s ]
INFO: [ app_init ] --END-- [ RunTime:0.000316s ]
INFO: [ app_begin ] --START--
INFO: Run Behavior\ReadHtmlCacheBehavior [ RunTime:0.000390s ]
INFO: [ app_begin ] --END-- [ RunTime:0.000430s ]

[ 2017-05-24T11:49:07+08:00 ] 123.66.35.44 /Home/Control/index.html
INFO: [ app_init ] --START--
INFO: Run Behavior\BuildLiteBehavior [ RunTime:0.000014s ]
INFO: [ app_init ] --END-- [ RunTime:0.000289s ]
INFO: [ app_begin ] --START--
INFO: Run Behavior\ReadHtmlCacheBehavior [ RunTime:0.000357s ]
INFO: [ app_begin ] --END-- [ RunTime:0.000397s ]
NOTIC: [8] Undefined index: id /data/wwwroot/ceyuan1/Crm/Home/Controller/CommonController.class.php 第 34 行.
SQL: SHOW COLUMNS FROM `think_office` [ RunTime:0.0013s ]
SQL: SELECT `id`,`name` FROM `think_office`  [ RunTime:0.0002s ]
INFO: [ view_parse ] --START--
INFO: [ template_filter ] --START--
INFO: Run Behavior\ContentReplaceBehavior [ RunTime:0.000095s ]
INFO: [ template_filter ] --END-- [ RunTime:0.000156s ]
INFO: Run Behavior\ParseTemplateBehavior [ RunTime:0.009044s ]
INFO: [ view_parse ] --END-- [ RunTime:0.009087s ]
INFO: [ view_filter ] --START--
INFO: Run Behavior\WriteHtmlCacheBehavior [ RunTime:0.000143s ]
INFO: [ view_filter ] --END-- [ RunTime:0.000180s ]
INFO: [ app_end ] --START--
INFO: Run Behavior\ShowPageTraceBehavior [ RunTime:0.000563s ]
INFO: [ app_end ] --END-- [ RunTime:0.000648s ]

[ 2017-05-24T11:49:08+08:00 ] 123.66.35.44 /Home/Control/index/
INFO: [ app_init ] --START--
INFO: Run Behavior\BuildLiteBehavior [ RunTime:0.000016s ]
INFO: [ app_init ] --END-- [ RunTime:0.000295s ]
INFO: [ app_begin ] --START--
INFO: Run Behavior\ReadHtmlCacheBehavior [ RunTime:0.000347s ]
INFO: [ app_begin ] --END-- [ RunTime:0.000388s ]
NOTIC: [8] Undefined index: id /data/wwwroot/ceyuan1/Crm/Home/Controller/CommonController.class.php 第 34 行.
SQL: SHOW COLUMNS FROM `think_office` [ RunTime:0.0012s ]
SQL: SELECT `id`,`name` FROM `think_office`  [ RunTime:0.0002s ]
SQL: SHOW COLUMNS FROM `think_trouble` [ RunTime:0.0008s ]
SQL: SELECT DATE_FORMAT(FROM_UNIXTIME(addtime),"%Y-%m-%d")as addtime,`id`,`order`,`office`,`cishu`,`firstimg`,`lastimg` FROM `think_trouble` WHERE `state` = 0 ORDER BY id desc LIMIT 0,5   [ RunTime:0.0003s ]

[ 2017-05-24T11:49:23+08:00 ] 123.66.35.44 /Home/Control/index/
INFO: [ app_init ] --START--
INFO: Run Behavior\BuildLiteBehavior [ RunTime:0.000013s ]
INFO: [ app_init ] --END-- [ RunTime:0.000284s ]
INFO: [ app_begin ] --START--
INFO: Run Behavior\ReadHtmlCacheBehavior [ RunTime:0.000368s ]
INFO: [ app_begin ] --END-- [ RunTime:0.000409s ]
NOTIC: [8] Undefined index: id /data/wwwroot/ceyuan1/Crm/Home/Controller/CommonController.class.php 第 34 行.
SQL: SHOW COLUMNS FROM `think_office` [ RunTime:0.0012s ]
SQL: SELECT `id`,`name` FROM `think_office`  [ RunTime:0.0002s ]
SQL: SHOW COLUMNS FROM `think_trouble` [ RunTime:0.0008s ]
SQL: SELECT DATE_FORMAT(FROM_UNIXTIME(addtime),"%Y-%m-%d")as addtime,`id`,`order`,`office`,`cishu`,`firstimg`,`lastimg` FROM `think_trouble` WHERE `state` = 0 ORDER BY id desc LIMIT 5,5   [ RunTime:0.0007s ]

[ 2017-05-24T11:49:48+08:00 ] 123.66.35.44 /Home/Control/index/
INFO: [ app_init ] --START--
INFO: Run Behavior\BuildLiteBehavior [ RunTime:0.000014s ]
INFO: [ app_init ] --END-- [ RunTime:0.000297s ]
INFO: [ app_begin ] --START--
INFO: Run Behavior\ReadHtmlCacheBehavior [ RunTime:0.000386s ]
INFO: [ app_begin ] --END-- [ RunTime:0.000429s ]
NOTIC: [8] Undefined index: id /data/wwwroot/ceyuan1/Crm/Home/Controller/CommonController.class.php 第 34 行.
SQL: SHOW COLUMNS FROM `think_office` [ RunTime:0.0012s ]
SQL: SELECT `id`,`name` FROM `think_office`  [ RunTime:0.0002s ]
SQL: SHOW COLUMNS FROM `think_trouble` [ RunTime:0.0008s ]
SQL: SELECT DATE_FORMAT(FROM_UNIXTIME(addtime),"%Y-%m-%d")as addtime,`id`,`order`,`office`,`cishu`,`firstimg`,`lastimg` FROM `think_trouble` WHERE `state` = 0 ORDER BY id desc LIMIT 10,5   [ RunTime:0.0434s ]

[ 2017-05-24T11:50:15+08:00 ] 123.66.35.44 /Home/Control/index/
INFO: [ app_init ] --START--
INFO: Run Behavior\BuildLiteBehavior [ RunTime:0.000016s ]
INFO: [ app_init ] --END-- [ RunTime:0.000432s ]
INFO: [ app_begin ] --START--
INFO: Run Behavior\ReadHtmlCacheBehavior [ RunTime:0.000382s ]
INFO: [ app_begin ] --END-- [ RunTime:0.000437s ]
NOTIC: [8] Undefined index: id /data/wwwroot/ceyuan1/Crm/Home/Controller/CommonController.class.php 第 34 行.
SQL: SHOW COLUMNS FROM `think_office` [ RunTime:0.0013s ]
SQL: SELECT `id`,`name` FROM `think_office`  [ RunTime:0.0002s ]
SQL: SHOW COLUMNS FROM `think_trouble` [ RunTime:0.0008s ]
SQL: SELECT DATE_FORMAT(FROM_UNIXTIME(addtime),"%Y-%m-%d")as addtime,`id`,`order`,`office`,`cishu`,`firstimg`,`lastimg` FROM `think_trouble` WHERE `state` = 0 ORDER BY id desc LIMIT 15,5   [ RunTime:0.0005s ]

[ 2017-05-24T11:50:30+08:00 ] 123.66.35.44 /Home/Control/index/
INFO: [ app_init ] --START--
INFO: Run Behavior\BuildLiteBehavior [ RunTime:0.000013s ]
INFO: [ app_init ] --END-- [ RunTime:0.000303s ]
INFO: [ app_begin ] --START--
INFO: Run Behavior\ReadHtmlCacheBehavior [ RunTime:0.000340s ]
INFO: [ app_begin ] --END-- [ RunTime:0.000381s ]
NOTIC: [8] Undefined index: id /data/wwwroot/ceyuan1/Crm/Home/Controller/CommonController.class.php 第 34 行.
SQL: SHOW COLUMNS FROM `think_office` [ RunTime:0.0016s ]
SQL: SELECT `id`,`name` FROM `think_office`  [ RunTime:0.0002s ]
SQL: SHOW COLUMNS FROM `think_trouble` [ RunTime:0.0009s ]
SQL: SELECT DATE_FORMAT(FROM_UNIXTIME(addtime),"%Y-%m-%d")as addtime,`id`,`order`,`office`,`cishu`,`firstimg`,`lastimg` FROM `think_trouble` WHERE `state` = 0 ORDER BY id desc LIMIT 20,5   [ RunTime:0.0006s ]

[ 2017-05-24T11:50:35+08:00 ] 123.66.35.44 /Home/Control/index/
INFO: [ app_init ] --START--
INFO: Run Behavior\BuildLiteBehavior [ RunTime:0.000013s ]
INFO: [ app_init ] --END-- [ RunTime:0.000303s ]
INFO: [ app_begin ] --START--
INFO: Run Behavior\ReadHtmlCacheBehavior [ RunTime:0.000342s ]
INFO: [ app_begin ] --END-- [ RunTime:0.000382s ]
NOTIC: [8] Undefined index: id /data/wwwroot/ceyuan1/Crm/Home/Controller/CommonController.class.php 第 34 行.
SQL: SHOW COLUMNS FROM `think_office` [ RunTime:0.0016s ]
SQL: SELECT `id`,`name` FROM `think_office`  [ RunTime:0.0002s ]
SQL: SHOW COLUMNS FROM `think_trouble` [ RunTime:0.0009s ]
SQL: SELECT DATE_FORMAT(FROM_UNIXTIME(addtime),"%Y-%m-%d")as addtime,`id`,`order`,`office`,`cishu`,`firstimg`,`lastimg` FROM `think_trouble` WHERE `state` = 0 ORDER BY id desc LIMIT 25,5   [ RunTime:0.0004s ]

[ 2017-05-24T11:50:47+08:00 ] 123.66.35.44 /Home/Xuanze?from=groupmessage
INFO: [ app_init ] --START--
INFO: Run Behavior\BuildLiteBehavior [ RunTime:0.000013s ]
INFO: [ app_init ] --END-- [ RunTime:0.000293s ]
INFO: [ app_begin ] --START--
INFO: Run Behavior\ReadHtmlCacheBehavior [ RunTime:0.000360s ]
INFO: [ app_begin ] --END-- [ RunTime:0.000399s ]
INFO: [ view_parse ] --START--
INFO: [ template_filter ] --START--
INFO: Run Behavior\ContentReplaceBehavior [ RunTime:0.000056s ]
INFO: [ template_filter ] --END-- [ RunTime:0.000109s ]
INFO: Run Behavior\ParseTemplateBehavior [ RunTime:0.005741s ]
INFO: [ view_parse ] --END-- [ RunTime:0.005796s ]
INFO: [ view_filter ] --START--
INFO: Run Behavior\WriteHtmlCacheBehavior [ RunTime:0.000127s ]
INFO: [ view_filter ] --END-- [ RunTime:0.000160s ]
INFO: [ app_end ] --START--
INFO: Run Behavior\ShowPageTraceBehavior [ RunTime:0.000383s ]
INFO: [ app_end ] --END-- [ RunTime:0.000420s ]

[ 2017-05-24T11:50:50+08:00 ] 123.66.35.44 /Home/Qingjie/index
INFO: [ app_init ] --START--
INFO: Run Behavior\BuildLiteBehavior [ RunTime:0.000014s ]
INFO: [ app_init ] --END-- [ RunTime:0.000289s ]
INFO: [ app_begin ] --START--
INFO: Run Behavior\ReadHtmlCacheBehavior [ RunTime:0.000371s ]
INFO: [ app_begin ] --END-- [ RunTime:0.000410s ]

[ 2017-05-24T11:50:51+08:00 ] 123.66.35.44 /Home/Control/index.html
INFO: [ app_init ] --START--
INFO: Run Behavior\BuildLiteBehavior [ RunTime:0.000023s ]
INFO: [ app_init ] --END-- [ RunTime:0.000447s ]
INFO: [ app_begin ] --START--
INFO: Run Behavior\ReadHtmlCacheBehavior [ RunTime:0.000392s ]
INFO: [ app_begin ] --END-- [ RunTime:0.000436s ]
NOTIC: [8] Undefined index: id /data/wwwroot/ceyuan1/Crm/Home/Controller/CommonController.class.php 第 34 行.
SQL: SHOW COLUMNS FROM `think_office` [ RunTime:0.0012s ]
SQL: SELECT `id`,`name` FROM `think_office`  [ RunTime:0.0002s ]
INFO: [ view_parse ] --START--
INFO: [ template_filter ] --START--
INFO: Run Behavior\ContentReplaceBehavior [ RunTime:0.000095s ]
INFO: [ template_filter ] --END-- [ RunTime:0.000140s ]
INFO: Run Behavior\ParseTemplateBehavior [ RunTime:0.008041s ]
INFO: [ view_parse ] --END-- [ RunTime:0.008080s ]
INFO: [ view_filter ] --START--
INFO: Run Behavior\WriteHtmlCacheBehavior [ RunTime:0.000125s ]
INFO: [ view_filter ] --END-- [ RunTime:0.000160s ]
INFO: [ app_end ] --START--
INFO: Run Behavior\ShowPageTraceBehavior [ RunTime:0.000370s ]
INFO: [ app_end ] --END-- [ RunTime:0.000411s ]

[ 2017-05-24T11:50:52+08:00 ] 123.66.35.44 /Home/Control/index/
INFO: [ app_init ] --START--
INFO: Run Behavior\BuildLiteBehavior [ RunTime:0.000012s ]
INFO: [ app_init ] --END-- [ RunTime:0.000281s ]
INFO: [ app_begin ] --START--
INFO: Run Behavior\ReadHtmlCacheBehavior [ RunTime:0.000365s ]
INFO: [ app_begin ] --END-- [ RunTime:0.000407s ]
NOTIC: [8] Undefined index: id /data/wwwroot/ceyuan1/Crm/Home/Controller/CommonController.class.php 第 34 行.
SQL: SHOW COLUMNS FROM `think_office` [ RunTime:0.0012s ]
SQL: SELECT `id`,`name` FROM `think_office`  [ RunTime:0.0002s ]
SQL: SHOW COLUMNS FROM `think_trouble` [ RunTime:0.0008s ]
SQL: SELECT DATE_FORMAT(FROM_UNIXTIME(addtime),"%Y-%m-%d")as addtime,`id`,`order`,`office`,`cishu`,`firstimg`,`lastimg` FROM `think_trouble` WHERE `state` = 0 ORDER BY id desc LIMIT 0,5   [ RunTime:0.0003s ]

[ 2017-05-24T11:50:56+08:00 ] 101.226.89.120 /Home/Xuanze?from=groupmessage
INFO: [ app_init ] --START--
INFO: Run Behavior\BuildLiteBehavior [ RunTime:0.000013s ]
INFO: [ app_init ] --END-- [ RunTime:0.000286s ]
INFO: [ app_begin ] --START--
INFO: Run Behavior\ReadHtmlCacheBehavior [ RunTime:0.000349s ]
INFO: [ app_begin ] --END-- [ RunTime:0.000388s ]
INFO: [ view_parse ] --START--
INFO: [ template_filter ] --START--
INFO: Run Behavior\ContentReplaceBehavior [ RunTime:0.000060s ]
INFO: [ template_filter ] --END-- [ RunTime:0.000115s ]
INFO: Run Behavior\ParseTemplateBehavior [ RunTime:0.006442s ]
INFO: [ view_parse ] --END-- [ RunTime:0.006516s ]
INFO: [ view_filter ] --START--
INFO: Run Behavior\WriteHtmlCacheBehavior [ RunTime:0.000133s ]
INFO: [ view_filter ] --END-- [ RunTime:0.000166s ]
INFO: [ app_end ] --START--
INFO: Run Behavior\ShowPageTraceBehavior [ RunTime:0.000383s ]
INFO: [ app_end ] --END-- [ RunTime:0.000420s ]

[ 2017-05-24T11:51:01+08:00 ] 180.153.160.24 /Home/Control/index.html
INFO: [ app_init ] --START--
INFO: Run Behavior\BuildLiteBehavior [ RunTime:0.000014s ]
INFO: [ app_init ] --END-- [ RunTime:0.000286s ]
INFO: [ app_begin ] --START--
INFO: Run Behavior\ReadHtmlCacheBehavior [ RunTime:0.000425s ]
INFO: [ app_begin ] --END-- [ RunTime:0.000497s ]
NOTIC: [8] Undefined index: id /data/wwwroot/ceyuan1/Crm/Home/Controller/CommonController.class.php 第 34 行.
NOTIC: [8] Undefined index: username /data/wwwroot/ceyuan1/Crm/Home/Controller/CommonController.class.php 第 35 行.
NOTIC: [8] Undefined index: password /data/wwwroot/ceyuan1/Crm/Home/Controller/CommonController.class.php 第 36 行.
SQL: SHOW COLUMNS FROM `think_user` [ RunTime:0.0021s ]
SQL: SELECT * FROM `think_user` LIMIT 1   [ RunTime:0.0004s ]
INFO: [ view_parse ] --START--
INFO: [ template_filter ] --START--
INFO: Run Behavior\ContentReplaceBehavior [ RunTime:0.000066s ]
INFO: [ template_filter ] --END-- [ RunTime:0.000135s ]
INFO: Run Behavior\ParseTemplateBehavior [ RunTime:0.005196s ]
INFO: [ view_parse ] --END-- [ RunTime:0.005253s ]
INFO: [ view_filter ] --START--
INFO: Run Behavior\WriteHtmlCacheBehavior [ RunTime:0.000185s ]
INFO: [ view_filter ] --END-- [ RunTime:0.000245s ]

[ 2017-05-24T11:52:09+08:00 ] 180.153.211.172 /Home/Control/index.html
INFO: [ app_init ] --START--
INFO: Run Behavior\BuildLiteBehavior [ RunTime:0.000015s ]
INFO: [ app_init ] --END-- [ RunTime:0.000294s ]
INFO: [ app_begin ] --START--
INFO: Run Behavior\ReadHtmlCacheBehavior [ RunTime:0.000348s ]
INFO: [ app_begin ] --END-- [ RunTime:0.000388s ]
NOTIC: [8] Undefined index: id /data/wwwroot/ceyuan1/Crm/Home/Controller/CommonController.class.php 第 34 行.
NOTIC: [8] Undefined index: username /data/wwwroot/ceyuan1/Crm/Home/Controller/CommonController.class.php 第 35 行.
NOTIC: [8] Undefined index: password /data/wwwroot/ceyuan1/Crm/Home/Controller/CommonController.class.php 第 36 行.
SQL: SHOW COLUMNS FROM `think_user` [ RunTime:0.0013s ]
SQL: SELECT * FROM `think_user` LIMIT 1   [ RunTime:0.0002s ]
INFO: [ view_parse ] --START--
INFO: [ template_filter ] --START--
INFO: Run Behavior\ContentReplaceBehavior [ RunTime:0.000067s ]
INFO: [ template_filter ] --END-- [ RunTime:0.000139s ]
INFO: Run Behavior\ParseTemplateBehavior [ RunTime:0.006790s ]
INFO: [ view_parse ] --END-- [ RunTime:0.006852s ]
INFO: [ view_filter ] --START--
INFO: Run Behavior\WriteHtmlCacheBehavior [ RunTime:0.000156s ]
INFO: [ view_filter ] --END-- [ RunTime:0.000191s ]

[ 2017-05-24T13:04:34+08:00 ] 113.108.11.50 /Home/Xuanze
INFO: [ app_init ] --START--
INFO: Run Behavior\BuildLiteBehavior [ RunTime:0.000043s ]
INFO: [ app_init ] --END-- [ RunTime:0.000416s ]
INFO: [ app_begin ] --START--
INFO: Run Behavior\ReadHtmlCacheBehavior [ RunTime:0.000511s ]
INFO: [ app_begin ] --END-- [ RunTime:0.000567s ]
INFO: [ view_parse ] --START--
INFO: [ template_filter ] --START--
INFO: Run Behavior\ContentReplaceBehavior [ RunTime:0.000049s ]
INFO: [ template_filter ] --END-- [ RunTime:0.000101s ]
INFO: Run Behavior\ParseTemplateBehavior [ RunTime:0.005166s ]
INFO: [ view_parse ] --END-- [ RunTime:0.005516s ]
INFO: [ view_filter ] --START--
INFO: Run Behavior\WriteHtmlCacheBehavior [ RunTime:0.000128s ]
INFO: [ view_filter ] --END-- [ RunTime:0.000161s ]
INFO: [ app_end ] --START--
INFO: Run Behavior\ShowPageTraceBehavior [ RunTime:0.000406s ]
INFO: [ app_end ] --END-- [ RunTime:0.000442s ]

[ 2017-05-24T13:04:43+08:00 ] 180.153.206.24 /Home/Xuanze
INFO: [ app_init ] --START--
INFO: Run Behavior\BuildLiteBehavior [ RunTime:0.000014s ]
INFO: [ app_init ] --END-- [ RunTime:0.000309s ]
INFO: [ app_begin ] --START--
INFO: Run Behavior\ReadHtmlCacheBehavior [ RunTime:0.000378s ]
INFO: [ app_begin ] --END-- [ RunTime:0.000420s ]
INFO: [ view_parse ] --START--
INFO: [ template_filter ] --START--
INFO: Run Behavior\ContentReplaceBehavior [ RunTime:0.000051s ]
INFO: [ template_filter ] --END-- [ RunTime:0.000101s ]
INFO: Run Behavior\ParseTemplateBehavior [ RunTime:0.005443s ]
INFO: [ view_parse ] --END-- [ RunTime:0.005496s ]
INFO: [ view_filter ] --START--
INFO: Run Behavior\WriteHtmlCacheBehavior [ RunTime:0.000126s ]
INFO: [ view_filter ] --END-- [ RunTime:0.000158s ]
INFO: [ app_end ] --START--
INFO: Run Behavior\ShowPageTraceBehavior [ RunTime:0.000399s ]
INFO: [ app_end ] --END-- [ RunTime:0.000436s ]

[ 2017-05-24T13:04:53+08:00 ] 14.17.37.143 /Home/Xuanze?from=singlemessage
INFO: [ app_init ] --START--
INFO: Run Behavior\BuildLiteBehavior [ RunTime:0.000012s ]
INFO: [ app_init ] --END-- [ RunTime:0.000303s ]
INFO: [ app_begin ] --START--
INFO: Run Behavior\ReadHtmlCacheBehavior [ RunTime:0.000615s ]
INFO: [ app_begin ] --END-- [ RunTime:0.000656s ]
INFO: [ view_parse ] --START--
INFO: [ template_filter ] --START--
INFO: Run Behavior\ContentReplaceBehavior [ RunTime:0.000050s ]
INFO: [ template_filter ] --END-- [ RunTime:0.000103s ]
INFO: Run Behavior\ParseTemplateBehavior [ RunTime:0.005109s ]
INFO: [ view_parse ] --END-- [ RunTime:0.005452s ]
INFO: [ view_filter ] --START--
INFO: Run Behavior\WriteHtmlCacheBehavior [ RunTime:0.000125s ]
INFO: [ view_filter ] --END-- [ RunTime:0.000159s ]
INFO: [ app_end ] --START--
INFO: Run Behavior\ShowPageTraceBehavior [ RunTime:0.000409s ]
INFO: [ app_end ] --END-- [ RunTime:0.000446s ]

[ 2017-05-24T13:04:57+08:00 ] 14.17.37.143 /Home/Qingjie/index
INFO: [ app_init ] --START--
INFO: Run Behavior\BuildLiteBehavior [ RunTime:0.000013s ]
INFO: [ app_init ] --END-- [ RunTime:0.000279s ]
INFO: [ app_begin ] --START--
INFO: Run Behavior\ReadHtmlCacheBehavior [ RunTime:0.000347s ]
INFO: [ app_begin ] --END-- [ RunTime:0.000388s ]

[ 2017-05-24T13:04:57+08:00 ] 14.17.37.143 /Home/Control/index.html
INFO: [ app_init ] --START--
INFO: Run Behavior\BuildLiteBehavior [ RunTime:0.000022s ]
INFO: [ app_init ] --END-- [ RunTime:0.000335s ]
INFO: [ app_begin ] --START--
INFO: Run Behavior\ReadHtmlCacheBehavior [ RunTime:0.000354s ]
INFO: [ app_begin ] --END-- [ RunTime:0.000407s ]
SQL: SHOW COLUMNS FROM `think_office` [ RunTime:0.0016s ]
SQL: SELECT `id`,`name` FROM `think_office`  [ RunTime:0.0002s ]
INFO: [ view_parse ] --START--
INFO: [ template_filter ] --START--
INFO: Run Behavior\ContentReplaceBehavior [ RunTime:0.000091s ]
INFO: [ template_filter ] --END-- [ RunTime:0.000144s ]
INFO: Run Behavior\ParseTemplateBehavior [ RunTime:0.008187s ]
INFO: [ view_parse ] --END-- [ RunTime:0.008228s ]
INFO: [ view_filter ] --START--
INFO: Run Behavior\WriteHtmlCacheBehavior [ RunTime:0.000152s ]
INFO: [ view_filter ] --END-- [ RunTime:0.000193s ]
INFO: [ app_end ] --START--
INFO: Run Behavior\ShowPageTraceBehavior [ RunTime:0.000395s ]
INFO: [ app_end ] --END-- [ RunTime:0.000436s ]

[ 2017-05-24T13:04:58+08:00 ] 14.17.37.143 /Home/Control/index/
INFO: [ app_init ] --START--
INFO: Run Behavior\BuildLiteBehavior [ RunTime:0.000015s ]
INFO: [ app_init ] --END-- [ RunTime:0.000310s ]
INFO: [ app_begin ] --START--
INFO: Run Behavior\ReadHtmlCacheBehavior [ RunTime:0.000361s ]
INFO: [ app_begin ] --END-- [ RunTime:0.000402s ]
SQL: SHOW COLUMNS FROM `think_office` [ RunTime:0.0012s ]
SQL: SELECT `id`,`name` FROM `think_office`  [ RunTime:0.0002s ]
SQL: SHOW COLUMNS FROM `think_trouble` [ RunTime:0.0011s ]
SQL: SELECT DATE_FORMAT(FROM_UNIXTIME(addtime),"%Y-%m-%d")as addtime,`id`,`order`,`office`,`cishu`,`firstimg`,`lastimg` FROM `think_trouble` WHERE `state` = 0 ORDER BY id desc LIMIT 0,5   [ RunTime:0.0003s ]

[ 2017-05-24T13:05:00+08:00 ] 14.17.37.143 /Home/Control/daifankuixq/id/682
INFO: [ app_init ] --START--
INFO: Run Behavior\BuildLiteBehavior [ RunTime:0.000013s ]
INFO: [ app_init ] --END-- [ RunTime:0.000297s ]
INFO: [ app_begin ] --START--
INFO: Run Behavior\ReadHtmlCacheBehavior [ RunTime:0.000344s ]
INFO: [ app_begin ] --END-- [ RunTime:0.000404s ]
SQL: SHOW COLUMNS FROM `think_trouble` [ RunTime:0.0013s ]
SQL: SELECT DATE_FORMAT(FROM_UNIXTIME(addtime),"%Y-%m-%d")as addtime,`id`,`order`,`place`,`question`,`office`,`cishu`,`firstimg` FROM `think_trouble` WHERE `id` = 682 LIMIT 1   [ RunTime:0.0003s ]
SQL: SHOW COLUMNS FROM `think_troublelist` [ RunTime:0.0014s ]
SQL: SELECT * FROM `think_troublelist` WHERE `uid` = 682 ORDER BY id desc  [ RunTime:0.0234s ]
INFO: [ view_parse ] --START--
INFO: [ template_filter ] --START--
INFO: Run Behavior\ContentReplaceBehavior [ RunTime:0.000078s ]
INFO: [ template_filter ] --END-- [ RunTime:0.000139s ]
NOTIC: [8] Undefined variable: troublelistres /data/wwwroot/ceyuan1/Crm/Runtime/Cache/Home/784e01ed2d0335cbc5ceea539478fde8.php 第 111 行.
NOTIC: [8] Undefined variable: troublelistres /data/wwwroot/ceyuan1/Crm/Runtime/Cache/Home/784e01ed2d0335cbc5ceea539478fde8.php 第 111 行.
INFO: Run Behavior\ParseTemplateBehavior [ RunTime:0.008899s ]
INFO: [ view_parse ] --END-- [ RunTime:0.008954s ]
INFO: [ view_filter ] --START--
INFO: Run Behavior\WriteHtmlCacheBehavior [ RunTime:0.000149s ]
INFO: [ view_filter ] --END-- [ RunTime:0.000184s ]
INFO: [ app_end ] --START--
INFO: Run Behavior\ShowPageTraceBehavior [ RunTime:0.000384s ]
INFO: [ app_end ] --END-- [ RunTime:0.000420s ]

[ 2017-05-24T13:05:02+08:00 ] 180.153.81.212 /Home/Xuanze?from=singlemessage
INFO: [ app_init ] --START--
INFO: Run Behavior\BuildLiteBehavior [ RunTime:0.000014s ]
INFO: [ app_init ] --END-- [ RunTime:0.000292s ]
INFO: [ app_begin ] --START--
INFO: Run Behavior\ReadHtmlCacheBehavior [ RunTime:0.000412s ]
INFO: [ app_begin ] --END-- [ RunTime:0.000451s ]
INFO: [ view_parse ] --START--
INFO: [ template_filter ] --START--
INFO: Run Behavior\ContentReplaceBehavior [ RunTime:0.000051s ]
INFO: [ template_filter ] --END-- [ RunTime:0.000099s ]
INFO: Run Behavior\ParseTemplateBehavior [ RunTime:0.005474s ]
INFO: [ view_parse ] --END-- [ RunTime:0.005526s ]
INFO: [ view_filter ] --START--
INFO: Run Behavior\WriteHtmlCacheBehavior [ RunTime:0.000123s ]
INFO: [ view_filter ] --END-- [ RunTime:0.000158s ]
INFO: [ app_end ] --START--
INFO: Run Behavior\ShowPageTraceBehavior [ RunTime:0.000492s ]
INFO: [ app_end ] --END-- [ RunTime:0.000534s ]

[ 2017-05-24T13:05:10+08:00 ] 180.153.211.172 /Home/Control/daifankuixq/id/682
INFO: [ app_init ] --START--
INFO: Run Behavior\BuildLiteBehavior [ RunTime:0.000013s ]
INFO: [ app_init ] --END-- [ RunTime:0.000282s ]
INFO: [ app_begin ] --START--
INFO: Run Behavior\ReadHtmlCacheBehavior [ RunTime:0.000366s ]
INFO: [ app_begin ] --END-- [ RunTime:0.000411s ]
NOTIC: [8] Undefined index: id /data/wwwroot/ceyuan1/Crm/Home/Controller/CommonController.class.php 第 34 行.
NOTIC: [8] Undefined index: username /data/wwwroot/ceyuan1/Crm/Home/Controller/CommonController.class.php 第 35 行.
NOTIC: [8] Undefined index: password /data/wwwroot/ceyuan1/Crm/Home/Controller/CommonController.class.php 第 36 行.
SQL: SHOW COLUMNS FROM `think_user` [ RunTime:0.0016s ]
SQL: SELECT * FROM `think_user` LIMIT 1   [ RunTime:0.0002s ]
INFO: [ view_parse ] --START--
INFO: [ template_filter ] --START--
INFO: Run Behavior\ContentReplaceBehavior [ RunTime:0.000040s ]
INFO: [ template_filter ] --END-- [ RunTime:0.000082s ]
INFO: Run Behavior\ParseTemplateBehavior [ RunTime:0.004313s ]
INFO: [ view_parse ] --END-- [ RunTime:0.004355s ]
INFO: [ view_filter ] --START--
INFO: Run Behavior\WriteHtmlCacheBehavior [ RunTime:0.000126s ]
INFO: [ view_filter ] --END-- [ RunTime:0.000158s ]

[ 2017-05-24T13:05:27+08:00 ] 14.17.37.143 /Home/Control/index/
INFO: [ app_init ] --START--
INFO: Run Behavior\BuildLiteBehavior [ RunTime:0.000013s ]
INFO: [ app_init ] --END-- [ RunTime:0.000294s ]
INFO: [ app_begin ] --START--
INFO: Run Behavior\ReadHtmlCacheBehavior [ RunTime:0.000364s ]
INFO: [ app_begin ] --END-- [ RunTime:0.000406s ]
SQL: SHOW COLUMNS FROM `think_office` [ RunTime:0.0012s ]
SQL: SELECT `id`,`name` FROM `think_office`  [ RunTime:0.0002s ]
SQL: SHOW COLUMNS FROM `think_trouble` [ RunTime:0.0008s ]
SQL: SELECT DATE_FORMAT(FROM_UNIXTIME(addtime),"%Y-%m-%d")as addtime,`id`,`order`,`office`,`cishu`,`firstimg`,`lastimg` FROM `think_trouble` WHERE `state` = 0 ORDER BY id desc LIMIT 0,5   [ RunTime:0.0003s ]

[ 2017-05-24T13:07:20+08:00 ] 113.118.170.53 /Home/Control/daifankuixq/id/682
INFO: [ app_init ] --START--
INFO: Run Behavior\BuildLiteBehavior [ RunTime:0.000012s ]
INFO: [ app_init ] --END-- [ RunTime:0.000277s ]
INFO: [ app_begin ] --START--
INFO: Run Behavior\ReadHtmlCacheBehavior [ RunTime:0.000349s ]
INFO: [ app_begin ] --END-- [ RunTime:0.000389s ]
SQL: SHOW COLUMNS FROM `think_trouble` [ RunTime:0.0018s ]
SQL: SELECT DATE_FORMAT(FROM_UNIXTIME(addtime),"%Y-%m-%d")as addtime,`id`,`order`,`place`,`question`,`office`,`cishu`,`firstimg` FROM `think_trouble` WHERE `id` = 682 LIMIT 1   [ RunTime:0.0003s ]
SQL: SHOW COLUMNS FROM `think_troublelist` [ RunTime:0.0011s ]
SQL: SELECT * FROM `think_troublelist` WHERE `uid` = 682 ORDER BY id desc  [ RunTime:0.0004s ]
INFO: [ view_parse ] --START--
INFO: [ template_filter ] --START--
INFO: Run Behavior\ContentReplaceBehavior [ RunTime:0.000058s ]
INFO: [ template_filter ] --END-- [ RunTime:0.000103s ]
NOTIC: [8] Undefined variable: troublelistres /data/wwwroot/ceyuan1/Crm/Runtime/Cache/Home/784e01ed2d0335cbc5ceea539478fde8.php 第 111 行.
NOTIC: [8] Undefined variable: troublelistres /data/wwwroot/ceyuan1/Crm/Runtime/Cache/Home/784e01ed2d0335cbc5ceea539478fde8.php 第 111 行.
INFO: Run Behavior\ParseTemplateBehavior [ RunTime:0.006949s ]
INFO: [ view_parse ] --END-- [ RunTime:0.006997s ]
INFO: [ view_filter ] --START--
INFO: Run Behavior\WriteHtmlCacheBehavior [ RunTime:0.000128s ]
INFO: [ view_filter ] --END-- [ RunTime:0.000161s ]
INFO: [ app_end ] --START--
INFO: Run Behavior\ShowPageTraceBehavior [ RunTime:0.000403s ]
INFO: [ app_end ] --END-- [ RunTime:0.000442s ]

[ 2017-05-24T16:18:57+08:00 ] 183.61.52.70 /Home/Xuanze?from=groupmessage
INFO: [ app_init ] --START--
INFO: Run Behavior\BuildLiteBehavior [ RunTime:0.000017s ]
INFO: [ app_init ] --END-- [ RunTime:0.000302s ]
INFO: [ app_begin ] --START--
INFO: Run Behavior\ReadHtmlCacheBehavior [ RunTime:0.000361s ]
INFO: [ app_begin ] --END-- [ RunTime:0.000401s ]
INFO: [ view_parse ] --START--
INFO: [ template_filter ] --START--
INFO: Run Behavior\ContentReplaceBehavior [ RunTime:0.000052s ]
INFO: [ template_filter ] --END-- [ RunTime:0.000101s ]
INFO: Run Behavior\ParseTemplateBehavior [ RunTime:0.005169s ]
INFO: [ view_parse ] --END-- [ RunTime:0.005223s ]
INFO: [ view_filter ] --START--
INFO: Run Behavior\WriteHtmlCacheBehavior [ RunTime:0.000132s ]
INFO: [ view_filter ] --END-- [ RunTime:0.000166s ]
INFO: [ app_end ] --START--
INFO: Run Behavior\ShowPageTraceBehavior [ RunTime:0.000381s ]
INFO: [ app_end ] --END-- [ RunTime:0.000418s ]

[ 2017-05-24T16:19:04+08:00 ] 183.61.52.70 /Home/Qingjie/index
INFO: [ app_init ] --START--
INFO: Run Behavior\BuildLiteBehavior [ RunTime:0.000016s ]
INFO: [ app_init ] --END-- [ RunTime:0.000308s ]
INFO: [ app_begin ] --START--
INFO: Run Behavior\ReadHtmlCacheBehavior [ RunTime:0.000363s ]
INFO: [ app_begin ] --END-- [ RunTime:0.000403s ]

[ 2017-05-24T16:19:04+08:00 ] 183.61.52.70 /Home/Control/index.html
INFO: [ app_init ] --START--
INFO: Run Behavior\BuildLiteBehavior [ RunTime:0.000012s ]
INFO: [ app_init ] --END-- [ RunTime:0.000287s ]
INFO: [ app_begin ] --START--
INFO: Run Behavior\ReadHtmlCacheBehavior [ RunTime:0.000351s ]
INFO: [ app_begin ] --END-- [ RunTime:0.000390s ]
NOTIC: [8] Undefined index: id /data/wwwroot/ceyuan1/Crm/Home/Controller/CommonController.class.php 第 34 行.
SQL: SHOW COLUMNS FROM `think_office` [ RunTime:0.0019s ]
SQL: SELECT `id`,`name` FROM `think_office`  [ RunTime:0.0002s ]
INFO: [ view_parse ] --START--
INFO: [ template_filter ] --START--
INFO: Run Behavior\ContentReplaceBehavior [ RunTime:0.000083s ]
INFO: [ template_filter ] --END-- [ RunTime:0.000141s ]
INFO: Run Behavior\ParseTemplateBehavior [ RunTime:0.009101s ]
INFO: [ view_parse ] --END-- [ RunTime:0.009143s ]
INFO: [ view_filter ] --START--
INFO: Run Behavior\WriteHtmlCacheBehavior [ RunTime:0.000137s ]
INFO: [ view_filter ] --END-- [ RunTime:0.000172s ]
INFO: [ app_end ] --START--
INFO: Run Behavior\ShowPageTraceBehavior [ RunTime:0.000412s ]
INFO: [ app_end ] --END-- [ RunTime:0.000454s ]

[ 2017-05-24T16:19:05+08:00 ] 183.61.52.70 /Home/Control/index/
INFO: [ app_init ] --START--
INFO: Run Behavior\BuildLiteBehavior [ RunTime:0.000014s ]
INFO: [ app_init ] --END-- [ RunTime:0.000284s ]
INFO: [ app_begin ] --START--
INFO: Run Behavior\ReadHtmlCacheBehavior [ RunTime:0.000367s ]
INFO: [ app_begin ] --END-- [ RunTime:0.000409s ]
NOTIC: [8] Undefined index: id /data/wwwroot/ceyuan1/Crm/Home/Controller/CommonController.class.php 第 34 行.
SQL: SHOW COLUMNS FROM `think_office` [ RunTime:0.0012s ]
SQL: SELECT `id`,`name` FROM `think_office`  [ RunTime:0.0002s ]
SQL: SHOW COLUMNS FROM `think_trouble` [ RunTime:0.0011s ]
SQL: SELECT DATE_FORMAT(FROM_UNIXTIME(addtime),"%Y-%m-%d")as addtime,`id`,`order`,`office`,`cishu`,`firstimg`,`lastimg` FROM `think_trouble` WHERE `state` = 0 ORDER BY id desc LIMIT 0,5   [ RunTime:0.0003s ]

[ 2017-05-24T16:19:11+08:00 ] 183.61.52.70 /Home/Control/index/
INFO: [ app_init ] --START--
INFO: Run Behavior\BuildLiteBehavior [ RunTime:0.000016s ]
INFO: [ app_init ] --END-- [ RunTime:0.000289s ]
INFO: [ app_begin ] --START--
INFO: Run Behavior\ReadHtmlCacheBehavior [ RunTime:0.000349s ]
INFO: [ app_begin ] --END-- [ RunTime:0.000390s ]
NOTIC: [8] Undefined index: id /data/wwwroot/ceyuan1/Crm/Home/Controller/CommonController.class.php 第 34 行.
SQL: SHOW COLUMNS FROM `think_office` [ RunTime:0.0012s ]
SQL: SELECT `id`,`name` FROM `think_office`  [ RunTime:0.0002s ]
SQL: SHOW COLUMNS FROM `think_trouble` [ RunTime:0.0008s ]
SQL: SELECT DATE_FORMAT(FROM_UNIXTIME(addtime),"%Y-%m-%d")as addtime,`id`,`order`,`office`,`cishu`,`firstimg`,`lastimg` FROM `think_trouble` WHERE `office` = '大鹏' AND `state` = 0 ORDER BY id desc LIMIT 0,5   [ RunTime:0.0007s ]

[ 2017-05-24T16:19:14+08:00 ] 101.226.61.207 /Home/Qingjie/index
INFO: [ app_init ] --START--
INFO: Run Behavior\BuildLiteBehavior [ RunTime:0.000013s ]
INFO: [ app_init ] --END-- [ RunTime:0.000283s ]
INFO: [ app_begin ] --START--
INFO: Run Behavior\ReadHtmlCacheBehavior [ RunTime:0.000387s ]
INFO: [ app_begin ] --END-- [ RunTime:0.000427s ]

[ 2017-05-24T16:19:14+08:00 ] 101.226.61.207 /Home/Control/index.html
INFO: [ app_init ] --START--
INFO: Run Behavior\BuildLiteBehavior [ RunTime:0.000014s ]
INFO: [ app_init ] --END-- [ RunTime:0.000283s ]
INFO: [ app_begin ] --START--
INFO: Run Behavior\ReadHtmlCacheBehavior [ RunTime:0.000370s ]
INFO: [ app_begin ] --END-- [ RunTime:0.000410s ]
NOTIC: [8] Undefined index: id /data/wwwroot/ceyuan1/Crm/Home/Controller/CommonController.class.php 第 34 行.
SQL: SHOW COLUMNS FROM `think_office` [ RunTime:0.0012s ]
SQL: SELECT `id`,`name` FROM `think_office`  [ RunTime:0.0002s ]
INFO: [ view_parse ] --START--
INFO: [ template_filter ] --START--
INFO: Run Behavior\ContentReplaceBehavior [ RunTime:0.000084s ]
INFO: [ template_filter ] --END-- [ RunTime:0.000139s ]
INFO: Run Behavior\ParseTemplateBehavior [ RunTime:0.008711s ]
INFO: [ view_parse ] --END-- [ RunTime:0.008753s ]
INFO: [ view_filter ] --START--
INFO: Run Behavior\WriteHtmlCacheBehavior [ RunTime:0.000136s ]
INFO: [ view_filter ] --END-- [ RunTime:0.000171s ]
INFO: [ app_end ] --START--
INFO: Run Behavior\ShowPageTraceBehavior [ RunTime:0.000447s ]
INFO: [ app_end ] --END-- [ RunTime:0.000489s ]

[ 2017-05-24T16:19:14+08:00 ] 183.61.52.70 /Home/Control/daifankuixq/id/663
INFO: [ app_init ] --START--
INFO: Run Behavior\BuildLiteBehavior [ RunTime:0.000015s ]
INFO: [ app_init ] --END-- [ RunTime:0.000389s ]
INFO: [ app_begin ] --START--
INFO: Run Behavior\ReadHtmlCacheBehavior [ RunTime:0.000523s ]
INFO: [ app_begin ] --END-- [ RunTime:0.000584s ]
NOTIC: [8] Undefined index: id /data/wwwroot/ceyuan1/Crm/Home/Controller/CommonController.class.php 第 34 行.
SQL: SHOW COLUMNS FROM `think_trouble` [ RunTime:0.0013s ]
SQL: SELECT DATE_FORMAT(FROM_UNIXTIME(addtime),"%Y-%m-%d")as addtime,`id`,`order`,`place`,`question`,`office`,`cishu`,`firstimg` FROM `think_trouble` WHERE `id` = 663 LIMIT 1   [ RunTime:0.0003s ]
SQL: SHOW COLUMNS FROM `think_troublelist` [ RunTime:0.0011s ]
SQL: SELECT * FROM `think_troublelist` WHERE `uid` = 663 ORDER BY id desc  [ RunTime:0.0003s ]
INFO: [ view_parse ] --START--
INFO: [ template_filter ] --START--
INFO: Run Behavior\ContentReplaceBehavior [ RunTime:0.000061s ]
INFO: [ template_filter ] --END-- [ RunTime:0.000124s ]
NOTIC: [8] Undefined variable: troublelistres /data/wwwroot/ceyuan1/Crm/Runtime/Cache/Home/784e01ed2d0335cbc5ceea539478fde8.php 第 111 行.
NOTIC: [8] Undefined variable: troublelistres /data/wwwroot/ceyuan1/Crm/Runtime/Cache/Home/784e01ed2d0335cbc5ceea539478fde8.php 第 111 行.
INFO: Run Behavior\ParseTemplateBehavior [ RunTime:0.007035s ]
INFO: [ view_parse ] --END-- [ RunTime:0.007075s ]
INFO: [ view_filter ] --START--
INFO: Run Behavior\WriteHtmlCacheBehavior [ RunTime:0.000128s ]
INFO: [ view_filter ] --END-- [ RunTime:0.000162s ]
INFO: [ app_end ] --START--
INFO: Run Behavior\ShowPageTraceBehavior [ RunTime:0.000382s ]
INFO: [ app_end ] --END-- [ RunTime:0.000420s ]

[ 2017-05-24T16:19:19+08:00 ] 183.61.52.70 /Home/Control/zhenggaitijiao/id/663
INFO: [ app_init ] --START--
INFO: Run Behavior\BuildLiteBehavior [ RunTime:0.000035s ]
INFO: [ app_init ] --END-- [ RunTime:0.000318s ]
INFO: [ app_begin ] --START--
INFO: Run Behavior\ReadHtmlCacheBehavior [ RunTime:0.000354s ]
INFO: [ app_begin ] --END-- [ RunTime:0.000393s ]
NOTIC: [8] Undefined index: id /data/wwwroot/ceyuan1/Crm/Home/Controller/CommonController.class.php 第 34 行.
SQL: SHOW COLUMNS FROM `think_trouble` [ RunTime:0.0013s ]
SQL: SELECT DATE_FORMAT(FROM_UNIXTIME(addtime),"%Y-%m-%d")as addtime,`place`,`question`,`id`,`order`,`office`,`cishu`,`firstimg` FROM `think_trouble` WHERE `id` = 663 LIMIT 1   [ RunTime:0.0003s ]
INFO: [ view_parse ] --START--
INFO: [ template_filter ] --START--
INFO: Run Behavior\ContentReplaceBehavior [ RunTime:0.000063s ]
INFO: [ template_filter ] --END-- [ RunTime:0.000109s ]
INFO: Run Behavior\ParseTemplateBehavior [ RunTime:0.006842s ]
INFO: [ view_parse ] --END-- [ RunTime:0.006883s ]
INFO: [ view_filter ] --START--
INFO: Run Behavior\WriteHtmlCacheBehavior [ RunTime:0.000132s ]
INFO: [ view_filter ] --END-- [ RunTime:0.000166s ]
INFO: [ app_end ] --START--
INFO: Run Behavior\ShowPageTraceBehavior [ RunTime:0.000400s ]
INFO: [ app_end ] --END-- [ RunTime:0.000440s ]

[ 2017-05-24T16:19:24+08:00 ] 180.163.2.119 /Home/Control/daifankuixq/id/663
INFO: [ app_init ] --START--
INFO: Run Behavior\BuildLiteBehavior [ RunTime:0.000013s ]
INFO: [ app_init ] --END-- [ RunTime:0.000306s ]
INFO: [ app_begin ] --START--
INFO: Run Behavior\ReadHtmlCacheBehavior [ RunTime:0.000367s ]
INFO: [ app_begin ] --END-- [ RunTime:0.000407s ]
NOTIC: [8] Undefined index: id /data/wwwroot/ceyuan1/Crm/Home/Controller/CommonController.class.php 第 34 行.
NOTIC: [8] Undefined index: username /data/wwwroot/ceyuan1/Crm/Home/Controller/CommonController.class.php 第 35 行.
NOTIC: [8] Undefined index: password /data/wwwroot/ceyuan1/Crm/Home/Controller/CommonController.class.php 第 36 行.
SQL: SHOW COLUMNS FROM `think_user` [ RunTime:0.0016s ]
SQL: SELECT * FROM `think_user` LIMIT 1   [ RunTime:0.0002s ]
INFO: [ view_parse ] --START--
INFO: [ template_filter ] --START--
INFO: Run Behavior\ContentReplaceBehavior [ RunTime:0.000061s ]
INFO: [ template_filter ] --END-- [ RunTime:0.000135s ]
INFO: Run Behavior\ParseTemplateBehavior [ RunTime:0.005899s ]
INFO: [ view_parse ] --END-- [ RunTime:0.005951s ]
INFO: [ view_filter ] --START--
INFO: Run Behavior\WriteHtmlCacheBehavior [ RunTime:0.000165s ]
INFO: [ view_filter ] --END-- [ RunTime:0.000214s ]

[ 2017-05-24T16:19:29+08:00 ] 101.226.33.228 /Home/Control/zhenggaitijiao/id/663
INFO: [ app_init ] --START--
INFO: Run Behavior\BuildLiteBehavior [ RunTime:0.000013s ]
INFO: [ app_init ] --END-- [ RunTime:0.000285s ]
INFO: [ app_begin ] --START--
INFO: Run Behavior\ReadHtmlCacheBehavior [ RunTime:0.000378s ]
INFO: [ app_begin ] --END-- [ RunTime:0.000417s ]
NOTIC: [8] Undefined index: id /data/wwwroot/ceyuan1/Crm/Home/Controller/CommonController.class.php 第 34 行.
NOTIC: [8] Undefined index: username /data/wwwroot/ceyuan1/Crm/Home/Controller/CommonController.class.php 第 35 行.
NOTIC: [8] Undefined index: password /data/wwwroot/ceyuan1/Crm/Home/Controller/CommonController.class.php 第 36 行.
SQL: SHOW COLUMNS FROM `think_user` [ RunTime:0.0013s ]
SQL: SELECT * FROM `think_user` LIMIT 1   [ RunTime:0.0002s ]
INFO: [ view_parse ] --START--
INFO: [ template_filter ] --START--
INFO: Run Behavior\ContentReplaceBehavior [ RunTime:0.000070s ]
INFO: [ template_filter ] --END-- [ RunTime:0.000144s ]
INFO: Run Behavior\ParseTemplateBehavior [ RunTime:0.004859s ]
INFO: [ view_parse ] --END-- [ RunTime:0.004902s ]
INFO: [ view_filter ] --START--
INFO: Run Behavior\WriteHtmlCacheBehavior [ RunTime:0.000155s ]
INFO: [ view_filter ] --END-- [ RunTime:0.000188s ]

[ 2017-05-24T16:19:55+08:00 ] 117.136.40.179 /Home/Control/zhenggaitijiao
INFO: [ app_init ] --START--
INFO: Run Behavior\BuildLiteBehavior [ RunTime:0.000012s ]
INFO: [ app_init ] --END-- [ RunTime:0.000270s ]
INFO: [ app_begin ] --START--
INFO: Run Behavior\ReadHtmlCacheBehavior [ RunTime:0.000350s ]
INFO: [ app_begin ] --END-- [ RunTime:0.000390s ]
NOTIC: [8] Undefined index: id /data/wwwroot/ceyuan1/Crm/Home/Controller/CommonController.class.php 第 34 行.
SQL: SHOW COLUMNS FROM `think_trouble` [ RunTime:0.0013s ]
SQL: SELECT DATE_FORMAT(FROM_UNIXTIME(addtime),"%Y-%m-%d")as addtime,`place`,`question`,`id`,`order`,`office`,`cishu`,`firstimg` FROM `think_trouble` WHERE `id` = 0 LIMIT 1   [ RunTime:0.0002s ]
SQL: SHOW COLUMNS FROM `think_troublelist` [ RunTime:0.0014s ]
SQL: SELECT * FROM `think_troublelist` WHERE `uid` = 663  [ RunTime:0.0003s ]
SQL: INSERT INTO `think_troublelist` (`uid`,`addtime`,`upimg`,`remark`,`cishu`) VALUES ('663','2017-05-24','/upload/20170524161955_.jpeg','','1') [ RunTime:0.0003s ]
SQL: UPDATE `think_trouble` SET `id`='663',`cishu`=cishu+1,`lastimg`='/upload/20170524161955_.jpeg',`state`='1',`lasttime`='1495613995' WHERE ( id=663 ) [ RunTime:0.0003s ]

[ 2017-05-24T16:19:56+08:00 ] 183.61.51.226 /Home/Control/zhenggaitijiaoaccess/
INFO: [ app_init ] --START--
INFO: Run Behavior\BuildLiteBehavior [ RunTime:0.000013s ]
INFO: [ app_init ] --END-- [ RunTime:0.000284s ]
INFO: [ app_begin ] --START--
INFO: Run Behavior\ReadHtmlCacheBehavior [ RunTime:0.000347s ]
INFO: [ app_begin ] --END-- [ RunTime:0.000389s ]
NOTIC: [8] Undefined index: id /data/wwwroot/ceyuan1/Crm/Home/Controller/CommonController.class.php 第 34 行.
INFO: [ view_parse ] --START--
INFO: [ template_filter ] --START--
INFO: Run Behavior\ContentReplaceBehavior [ RunTime:0.000047s ]
INFO: [ template_filter ] --END-- [ RunTime:0.000105s ]
INFO: Run Behavior\ParseTemplateBehavior [ RunTime:0.006403s ]
INFO: [ view_parse ] --END-- [ RunTime:0.006448s ]
INFO: [ view_filter ] --START--
INFO: Run Behavior\WriteHtmlCacheBehavior [ RunTime:0.000146s ]
INFO: [ view_filter ] --END-- [ RunTime:0.000180s ]
INFO: [ app_end ] --START--
INFO: Run Behavior\ShowPageTraceBehavior [ RunTime:0.000433s ]
INFO: [ app_end ] --END-- [ RunTime:0.000469s ]

[ 2017-05-24T16:19:58+08:00 ] 183.61.51.226 /Home/Control/index
INFO: [ app_init ] --START--
INFO: Run Behavior\BuildLiteBehavior [ RunTime:0.000015s ]
INFO: [ app_init ] --END-- [ RunTime:0.000290s ]
INFO: [ app_begin ] --START--
INFO: Run Behavior\ReadHtmlCacheBehavior [ RunTime:0.000376s ]
INFO: [ app_begin ] --END-- [ RunTime:0.000415s ]
NOTIC: [8] Undefined index: id /data/wwwroot/ceyuan1/Crm/Home/Controller/CommonController.class.php 第 34 行.
SQL: SHOW COLUMNS FROM `think_office` [ RunTime:0.0012s ]
SQL: SELECT `id`,`name` FROM `think_office`  [ RunTime:0.0002s ]
INFO: [ view_parse ] --START--
INFO: [ template_filter ] --START--
INFO: Run Behavior\ContentReplaceBehavior [ RunTime:0.000108s ]
INFO: [ template_filter ] --END-- [ RunTime:0.000165s ]
INFO: Run Behavior\ParseTemplateBehavior [ RunTime:0.008411s ]
INFO: [ view_parse ] --END-- [ RunTime:0.008453s ]
INFO: [ view_filter ] --START--
INFO: Run Behavior\WriteHtmlCacheBehavior [ RunTime:0.000136s ]
INFO: [ view_filter ] --END-- [ RunTime:0.000193s ]
INFO: [ app_end ] --START--
INFO: Run Behavior\ShowPageTraceBehavior [ RunTime:0.000406s ]
INFO: [ app_end ] --END-- [ RunTime:0.000447s ]

[ 2017-05-24T16:19:59+08:00 ] 183.61.52.70 /Home/Control/index/
INFO: [ app_init ] --START--
INFO: Run Behavior\BuildLiteBehavior [ RunTime:0.000013s ]
INFO: [ app_init ] --END-- [ RunTime:0.000275s ]
INFO: [ app_begin ] --START--
INFO: Run Behavior\ReadHtmlCacheBehavior [ RunTime:0.000344s ]
INFO: [ app_begin ] --END-- [ RunTime:0.000384s ]
NOTIC: [8] Undefined index: id /data/wwwroot/ceyuan1/Crm/Home/Controller/CommonController.class.php 第 34 行.
SQL: SHOW COLUMNS FROM `think_office` [ RunTime:0.0013s ]
SQL: SELECT `id`,`name` FROM `think_office`  [ RunTime:0.0002s ]
SQL: SHOW COLUMNS FROM `think_trouble` [ RunTime:0.0008s ]
SQL: SELECT DATE_FORMAT(FROM_UNIXTIME(addtime),"%Y-%m-%d")as addtime,`id`,`order`,`office`,`cishu`,`firstimg`,`lastimg` FROM `think_trouble` WHERE `state` = 0 ORDER BY id desc LIMIT 0,5   [ RunTime:0.0003s ]

[ 2017-05-24T16:20:07+08:00 ] 183.61.52.70 /Home/Control/index/
INFO: [ app_init ] --START--
INFO: Run Behavior\BuildLiteBehavior [ RunTime:0.000013s ]
INFO: [ app_init ] --END-- [ RunTime:0.000286s ]
INFO: [ app_begin ] --START--
INFO: Run Behavior\ReadHtmlCacheBehavior [ RunTime:0.000344s ]
INFO: [ app_begin ] --END-- [ RunTime:0.000384s ]
NOTIC: [8] Undefined index: id /data/wwwroot/ceyuan1/Crm/Home/Controller/CommonController.class.php 第 34 行.
SQL: SHOW COLUMNS FROM `think_office` [ RunTime:0.0013s ]
SQL: SELECT `id`,`name` FROM `think_office`  [ RunTime:0.0002s ]
SQL: SHOW COLUMNS FROM `think_trouble` [ RunTime:0.0009s ]
SQL: SELECT DATE_FORMAT(FROM_UNIXTIME(addtime),"%Y-%m-%d")as addtime,`id`,`order`,`office`,`cishu`,`firstimg`,`lastimg` FROM `think_trouble` WHERE `office` = '大鹏' AND `state` = 0 ORDER BY id desc LIMIT 0,5   [ RunTime:0.0007s ]

[ 2017-05-24T16:20:07+08:00 ] 61.151.226.189 /Home/Control/index
INFO: [ app_init ] --START--
INFO: Run Behavior\BuildLiteBehavior [ RunTime:0.000016s ]
INFO: [ app_init ] --END-- [ RunTime:0.000300s ]
INFO: [ app_begin ] --START--
INFO: Run Behavior\ReadHtmlCacheBehavior [ RunTime:0.000356s ]
INFO: [ app_begin ] --END-- [ RunTime:0.000396s ]
NOTIC: [8] Undefined index: id /data/wwwroot/ceyuan1/Crm/Home/Controller/CommonController.class.php 第 34 行.
NOTIC: [8] Undefined index: username /data/wwwroot/ceyuan1/Crm/Home/Controller/CommonController.class.php 第 35 行.
NOTIC: [8] Undefined index: password /data/wwwroot/ceyuan1/Crm/Home/Controller/CommonController.class.php 第 36 行.
SQL: SHOW COLUMNS FROM `think_user` [ RunTime:0.0013s ]
SQL: SELECT * FROM `think_user` LIMIT 1   [ RunTime:0.0002s ]
INFO: [ view_parse ] --START--
INFO: [ template_filter ] --START--
INFO: Run Behavior\ContentReplaceBehavior [ RunTime:0.000040s ]
INFO: [ template_filter ] --END-- [ RunTime:0.000082s ]
INFO: Run Behavior\ParseTemplateBehavior [ RunTime:0.004300s ]
INFO: [ view_parse ] --END-- [ RunTime:0.004340s ]
INFO: [ view_filter ] --START--
INFO: Run Behavior\WriteHtmlCacheBehavior [ RunTime:0.000125s ]
INFO: [ view_filter ] --END-- [ RunTime:0.000159s ]

[ 2017-05-24T16:20:10+08:00 ] 183.61.52.70 /Home/Control/daifankuixq/id/666
INFO: [ app_init ] --START--
INFO: Run Behavior\BuildLiteBehavior [ RunTime:0.000013s ]
INFO: [ app_init ] --END-- [ RunTime:0.000275s ]
INFO: [ app_begin ] --START--
INFO: Run Behavior\ReadHtmlCacheBehavior [ RunTime:0.000372s ]
INFO: [ app_begin ] --END-- [ RunTime:0.000411s ]
NOTIC: [8] Undefined index: id /data/wwwroot/ceyuan1/Crm/Home/Controller/CommonController.class.php 第 34 行.
SQL: SHOW COLUMNS FROM `think_trouble` [ RunTime:0.0013s ]
SQL: SELECT DATE_FORMAT(FROM_UNIXTIME(addtime),"%Y-%m-%d")as addtime,`id`,`order`,`place`,`question`,`office`,`cishu`,`firstimg` FROM `think_trouble` WHERE `id` = 666 LIMIT 1   [ RunTime:0.0003s ]
SQL: SHOW COLUMNS FROM `think_troublelist` [ RunTime:0.0008s ]
SQL: SELECT * FROM `think_troublelist` WHERE `uid` = 666 ORDER BY id desc  [ RunTime:0.0003s ]
INFO: [ view_parse ] --START--
INFO: [ template_filter ] --START--
INFO: Run Behavior\ContentReplaceBehavior [ RunTime:0.000057s ]
INFO: [ template_filter ] --END-- [ RunTime:0.000103s ]
NOTIC: [8] Undefined variable: troublelistres /data/wwwroot/ceyuan1/Crm/Runtime/Cache/Home/784e01ed2d0335cbc5ceea539478fde8.php 第 111 行.
NOTIC: [8] Undefined variable: troublelistres /data/wwwroot/ceyuan1/Crm/Runtime/Cache/Home/784e01ed2d0335cbc5ceea539478fde8.php 第 111 行.
INFO: Run Behavior\ParseTemplateBehavior [ RunTime:0.006284s ]
INFO: [ view_parse ] --END-- [ RunTime:0.006323s ]
INFO: [ view_filter ] --START--
INFO: Run Behavior\WriteHtmlCacheBehavior [ RunTime:0.000129s ]
INFO: [ view_filter ] --END-- [ RunTime:0.000162s ]
INFO: [ app_end ] --START--
INFO: Run Behavior\ShowPageTraceBehavior [ RunTime:0.000402s ]
INFO: [ app_end ] --END-- [ RunTime:0.000439s ]

[ 2017-05-24T16:20:19+08:00 ] 183.61.52.70 /Home/Control/zhenggaitijiao/id/666
INFO: [ app_init ] --START--
INFO: Run Behavior\BuildLiteBehavior [ RunTime:0.000013s ]
INFO: [ app_init ] --END-- [ RunTime:0.000304s ]
INFO: [ app_begin ] --START--
INFO: Run Behavior\ReadHtmlCacheBehavior [ RunTime:0.000370s ]
INFO: [ app_begin ] --END-- [ RunTime:0.000409s ]
NOTIC: [8] Undefined index: id /data/wwwroot/ceyuan1/Crm/Home/Controller/CommonController.class.php 第 34 行.
SQL: SHOW COLUMNS FROM `think_trouble` [ RunTime:0.0013s ]
SQL: SELECT DATE_FORMAT(FROM_UNIXTIME(addtime),"%Y-%m-%d")as addtime,`place`,`question`,`id`,`order`,`office`,`cishu`,`firstimg` FROM `think_trouble` WHERE `id` = 666 LIMIT 1   [ RunTime:0.0003s ]
INFO: [ view_parse ] --START--
INFO: [ template_filter ] --START--
INFO: Run Behavior\ContentReplaceBehavior [ RunTime:0.000068s ]
INFO: [ template_filter ] --END-- [ RunTime:0.000114s ]
INFO: Run Behavior\ParseTemplateBehavior [ RunTime:0.006859s ]
INFO: [ view_parse ] --END-- [ RunTime:0.006900s ]
INFO: [ view_filter ] --START--
INFO: Run Behavior\WriteHtmlCacheBehavior [ RunTime:0.000127s ]
INFO: [ view_filter ] --END-- [ RunTime:0.000162s ]
INFO: [ app_end ] --START--
INFO: Run Behavior\ShowPageTraceBehavior [ RunTime:0.000405s ]
INFO: [ app_end ] --END-- [ RunTime:0.000447s ]

[ 2017-05-24T16:20:29+08:00 ] 101.226.89.115 /Home/Control/zhenggaitijiao/id/666
INFO: [ app_init ] --START--
INFO: Run Behavior\BuildLiteBehavior [ RunTime:0.000013s ]
INFO: [ app_init ] --END-- [ RunTime:0.000278s ]
INFO: [ app_begin ] --START--
INFO: Run Behavior\ReadHtmlCacheBehavior [ RunTime:0.000347s ]
INFO: [ app_begin ] --END-- [ RunTime:0.000386s ]
NOTIC: [8] Undefined index: id /data/wwwroot/ceyuan1/Crm/Home/Controller/CommonController.class.php 第 34 行.
NOTIC: [8] Undefined index: username /data/wwwroot/ceyuan1/Crm/Home/Controller/CommonController.class.php 第 35 行.
NOTIC: [8] Undefined index: password /data/wwwroot/ceyuan1/Crm/Home/Controller/CommonController.class.php 第 36 行.
SQL: SHOW COLUMNS FROM `think_user` [ RunTime:0.0017s ]
SQL: SELECT * FROM `think_user` LIMIT 1   [ RunTime:0.0003s ]
INFO: [ view_parse ] --START--
INFO: [ template_filter ] --START--
INFO: Run Behavior\ContentReplaceBehavior [ RunTime:0.000043s ]
INFO: [ template_filter ] --END-- [ RunTime:0.000086s ]
INFO: Run Behavior\ParseTemplateBehavior [ RunTime:0.004680s ]
INFO: [ view_parse ] --END-- [ RunTime:0.004732s ]
INFO: [ view_filter ] --START--
INFO: Run Behavior\WriteHtmlCacheBehavior [ RunTime:0.000125s ]
INFO: [ view_filter ] --END-- [ RunTime:0.000158s ]

[ 2017-05-24T16:20:46+08:00 ] 117.136.40.179 /Home/Control/zhenggaitijiao
INFO: [ app_init ] --START--
INFO: Run Behavior\BuildLiteBehavior [ RunTime:0.000014s ]
INFO: [ app_init ] --END-- [ RunTime:0.000312s ]
INFO: [ app_begin ] --START--
INFO: Run Behavior\ReadHtmlCacheBehavior [ RunTime:0.000354s ]
INFO: [ app_begin ] --END-- [ RunTime:0.000396s ]
NOTIC: [8] Undefined index: id /data/wwwroot/ceyuan1/Crm/Home/Controller/CommonController.class.php 第 34 行.
SQL: SHOW COLUMNS FROM `think_trouble` [ RunTime:0.0015s ]
SQL: SELECT DATE_FORMAT(FROM_UNIXTIME(addtime),"%Y-%m-%d")as addtime,`place`,`question`,`id`,`order`,`office`,`cishu`,`firstimg` FROM `think_trouble` WHERE `id` = 0 LIMIT 1   [ RunTime:0.0002s ]
SQL: SHOW COLUMNS FROM `think_troublelist` [ RunTime:0.0014s ]
SQL: SELECT * FROM `think_troublelist` WHERE `uid` = 666  [ RunTime:0.0003s ]
SQL: INSERT INTO `think_troublelist` (`uid`,`addtime`,`upimg`,`remark`,`cishu`) VALUES ('666','2017-05-24','/upload/20170524162046_.jpeg','','1') [ RunTime:0.0003s ]
SQL: UPDATE `think_trouble` SET `id`='666',`cishu`=cishu+1,`lastimg`='/upload/20170524162046_.jpeg',`state`='1',`lasttime`='1495614046' WHERE ( id=666 ) [ RunTime:0.0003s ]

[ 2017-05-24T16:20:47+08:00 ] 183.61.52.70 /Home/Control/zhenggaitijiaoaccess/
INFO: [ app_init ] --START--
INFO: Run Behavior\BuildLiteBehavior [ RunTime:0.000015s ]
INFO: [ app_init ] --END-- [ RunTime:0.000320s ]
INFO: [ app_begin ] --START--
INFO: Run Behavior\ReadHtmlCacheBehavior [ RunTime:0.000378s ]
INFO: [ app_begin ] --END-- [ RunTime:0.000415s ]
NOTIC: [8] Undefined index: id /data/wwwroot/ceyuan1/Crm/Home/Controller/CommonController.class.php 第 34 行.
INFO: [ view_parse ] --START--
INFO: [ template_filter ] --START--
INFO: Run Behavior\ContentReplaceBehavior [ RunTime:0.000047s ]
INFO: [ template_filter ] --END-- [ RunTime:0.000101s ]
INFO: Run Behavior\ParseTemplateBehavior [ RunTime:0.006765s ]
INFO: [ view_parse ] --END-- [ RunTime:0.006818s ]
INFO: [ view_filter ] --START--
INFO: Run Behavior\WriteHtmlCacheBehavior [ RunTime:0.000127s ]
INFO: [ view_filter ] --END-- [ RunTime:0.000160s ]
INFO: [ app_end ] --START--
INFO: Run Behavior\ShowPageTraceBehavior [ RunTime:0.000404s ]
INFO: [ app_end ] --END-- [ RunTime:0.000442s ]

[ 2017-05-24T16:20:50+08:00 ] 183.61.52.70 /Home/Control/index
INFO: [ app_init ] --START--
INFO: Run Behavior\BuildLiteBehavior [ RunTime:0.000024s ]
INFO: [ app_init ] --END-- [ RunTime:0.000443s ]
INFO: [ app_begin ] --START--
INFO: Run Behavior\ReadHtmlCacheBehavior [ RunTime:0.000452s ]
INFO: [ app_begin ] --END-- [ RunTime:0.000493s ]
NOTIC: [8] Undefined index: id /data/wwwroot/ceyuan1/Crm/Home/Controller/CommonController.class.php 第 34 行.
SQL: SHOW COLUMNS FROM `think_office` [ RunTime:0.0015s ]
SQL: SELECT `id`,`name` FROM `think_office`  [ RunTime:0.0002s ]
INFO: [ view_parse ] --START--
INFO: [ template_filter ] --START--
INFO: Run Behavior\ContentReplaceBehavior [ RunTime:0.000106s ]
INFO: [ template_filter ] --END-- [ RunTime:0.000183s ]
INFO: Run Behavior\ParseTemplateBehavior [ RunTime:0.011163s ]
INFO: [ view_parse ] --END-- [ RunTime:0.011224s ]
INFO: [ view_filter ] --START--
INFO: Run Behavior\WriteHtmlCacheBehavior [ RunTime:0.000178s ]
INFO: [ view_filter ] --END-- [ RunTime:0.000233s ]
INFO: [ app_end ] --START--
INFO: Run Behavior\ShowPageTraceBehavior [ RunTime:0.000530s ]
INFO: [ app_end ] --END-- [ RunTime:0.000588s ]

[ 2017-05-24T16:20:51+08:00 ] 183.61.51.226 /Home/Control/index/
INFO: [ app_init ] --START--
INFO: Run Behavior\BuildLiteBehavior [ RunTime:0.000016s ]
INFO: [ app_init ] --END-- [ RunTime:0.000320s ]
INFO: [ app_begin ] --START--
INFO: Run Behavior\ReadHtmlCacheBehavior [ RunTime:0.000373s ]
INFO: [ app_begin ] --END-- [ RunTime:0.000415s ]
NOTIC: [8] Undefined index: id /data/wwwroot/ceyuan1/Crm/Home/Controller/CommonController.class.php 第 34 行.
SQL: SHOW COLUMNS FROM `think_office` [ RunTime:0.0012s ]
SQL: SELECT `id`,`name` FROM `think_office`  [ RunTime:0.0002s ]
SQL: SHOW COLUMNS FROM `think_trouble` [ RunTime:0.0008s ]
SQL: SELECT DATE_FORMAT(FROM_UNIXTIME(addtime),"%Y-%m-%d")as addtime,`id`,`order`,`office`,`cishu`,`firstimg`,`lastimg` FROM `think_trouble` WHERE `state` = 0 ORDER BY id desc LIMIT 0,5   [ RunTime:0.0003s ]

[ 2017-05-24T16:20:58+08:00 ] 183.61.52.70 /Home/Control/index/
INFO: [ app_init ] --START--
INFO: Run Behavior\BuildLiteBehavior [ RunTime:0.000013s ]
INFO: [ app_init ] --END-- [ RunTime:0.000311s ]
INFO: [ app_begin ] --START--
INFO: Run Behavior\ReadHtmlCacheBehavior [ RunTime:0.000347s ]
INFO: [ app_begin ] --END-- [ RunTime:0.000387s ]
NOTIC: [8] Undefined index: id /data/wwwroot/ceyuan1/Crm/Home/Controller/CommonController.class.php 第 34 行.
SQL: SHOW COLUMNS FROM `think_office` [ RunTime:0.0013s ]
SQL: SELECT `id`,`name` FROM `think_office`  [ RunTime:0.0002s ]
SQL: SHOW COLUMNS FROM `think_trouble` [ RunTime:0.0008s ]
SQL: SELECT DATE_FORMAT(FROM_UNIXTIME(addtime),"%Y-%m-%d")as addtime,`id`,`order`,`office`,`cishu`,`firstimg`,`lastimg` FROM `think_trouble` WHERE `office` = '大鹏' AND `state` = 0 ORDER BY id desc LIMIT 0,5   [ RunTime:0.0009s ]

[ 2017-05-24T16:21:01+08:00 ] 183.61.52.70 /Home/Control/index/
INFO: [ app_init ] --START--
INFO: Run Behavior\BuildLiteBehavior [ RunTime:0.000015s ]
INFO: [ app_init ] --END-- [ RunTime:0.000308s ]
INFO: [ app_begin ] --START--
INFO: Run Behavior\ReadHtmlCacheBehavior [ RunTime:0.000370s ]
INFO: [ app_begin ] --END-- [ RunTime:0.000412s ]
NOTIC: [8] Undefined index: id /data/wwwroot/ceyuan1/Crm/Home/Controller/CommonController.class.php 第 34 行.
SQL: SHOW COLUMNS FROM `think_office` [ RunTime:0.0013s ]
SQL: SELECT `id`,`name` FROM `think_office`  [ RunTime:0.0002s ]
SQL: SHOW COLUMNS FROM `think_trouble` [ RunTime:0.0008s ]
SQL: SELECT DATE_FORMAT(FROM_UNIXTIME(addtime),"%Y-%m-%d")as addtime,`id`,`order`,`office`,`cishu`,`firstimg`,`lastimg` FROM `think_trouble` WHERE `office` = '大鹏' AND `state` = 0 ORDER BY id desc LIMIT 5,5   [ RunTime:0.0007s ]

[ 2017-05-24T16:21:04+08:00 ] 183.61.52.70 /Home/Control/daifankuixq/id/480
INFO: [ app_init ] --START--
INFO: Run Behavior\BuildLiteBehavior [ RunTime:0.000016s ]
INFO: [ app_init ] --END-- [ RunTime:0.000293s ]
INFO: [ app_begin ] --START--
INFO: Run Behavior\ReadHtmlCacheBehavior [ RunTime:0.000359s ]
INFO: [ app_begin ] --END-- [ RunTime:0.000420s ]
NOTIC: [8] Undefined index: id /data/wwwroot/ceyuan1/Crm/Home/Controller/CommonController.class.php 第 34 行.
SQL: SHOW COLUMNS FROM `think_trouble` [ RunTime:0.0014s ]
SQL: SELECT DATE_FORMAT(FROM_UNIXTIME(addtime),"%Y-%m-%d")as addtime,`id`,`order`,`place`,`question`,`office`,`cishu`,`firstimg` FROM `think_trouble` WHERE `id` = 480 LIMIT 1   [ RunTime:0.0003s ]
SQL: SHOW COLUMNS FROM `think_troublelist` [ RunTime:0.0009s ]
SQL: SELECT * FROM `think_troublelist` WHERE `uid` = 480 ORDER BY id desc  [ RunTime:0.0003s ]
INFO: [ view_parse ] --START--
INFO: [ template_filter ] --START--
INFO: Run Behavior\ContentReplaceBehavior [ RunTime:0.000058s ]
INFO: [ template_filter ] --END-- [ RunTime:0.000117s ]
NOTIC: [8] Undefined variable: troublelistres /data/wwwroot/ceyuan1/Crm/Runtime/Cache/Home/784e01ed2d0335cbc5ceea539478fde8.php 第 111 行.
NOTIC: [8] Undefined variable: troublelistres /data/wwwroot/ceyuan1/Crm/Runtime/Cache/Home/784e01ed2d0335cbc5ceea539478fde8.php 第 111 行.
INFO: Run Behavior\ParseTemplateBehavior [ RunTime:0.006618s ]
INFO: [ view_parse ] --END-- [ RunTime:0.006656s ]
INFO: [ view_filter ] --START--
INFO: Run Behavior\WriteHtmlCacheBehavior [ RunTime:0.000125s ]
INFO: [ view_filter ] --END-- [ RunTime:0.000159s ]
INFO: [ app_end ] --START--
INFO: Run Behavior\ShowPageTraceBehavior [ RunTime:0.000376s ]
INFO: [ app_end ] --END-- [ RunTime:0.000435s ]

[ 2017-05-24T16:21:09+08:00 ] 183.61.52.70 /Home/Control/index
INFO: [ app_init ] --START--
INFO: Run Behavior\BuildLiteBehavior [ RunTime:0.000016s ]
INFO: [ app_init ] --END-- [ RunTime:0.000303s ]
INFO: [ app_begin ] --START--
INFO: Run Behavior\ReadHtmlCacheBehavior [ RunTime:0.000357s ]
INFO: [ app_begin ] --END-- [ RunTime:0.000397s ]
NOTIC: [8] Undefined index: id /data/wwwroot/ceyuan1/Crm/Home/Controller/CommonController.class.php 第 34 行.
SQL: SHOW COLUMNS FROM `think_office` [ RunTime:0.0013s ]
SQL: SELECT `id`,`name` FROM `think_office`  [ RunTime:0.0004s ]
INFO: [ view_parse ] --START--
INFO: [ template_filter ] --START--
INFO: Run Behavior\ContentReplaceBehavior [ RunTime:0.000081s ]
INFO: [ template_filter ] --END-- [ RunTime:0.000139s ]
INFO: Run Behavior\ParseTemplateBehavior [ RunTime:0.008585s ]
INFO: [ view_parse ] --END-- [ RunTime:0.008641s ]
INFO: [ view_filter ] --START--
INFO: Run Behavior\WriteHtmlCacheBehavior [ RunTime:0.000149s ]
INFO: [ view_filter ] --END-- [ RunTime:0.000186s ]
INFO: [ app_end ] --START--
INFO: Run Behavior\ShowPageTraceBehavior [ RunTime:0.000436s ]
INFO: [ app_end ] --END-- [ RunTime:0.000478s ]

[ 2017-05-24T16:21:10+08:00 ] 183.61.52.70 /Home/Control/index/
INFO: [ app_init ] --START--
INFO: Run Behavior\BuildLiteBehavior [ RunTime:0.000022s ]
INFO: [ app_init ] --END-- [ RunTime:0.000528s ]
INFO: [ app_begin ] --START--
INFO: Run Behavior\ReadHtmlCacheBehavior [ RunTime:0.000543s ]
INFO: [ app_begin ] --END-- [ RunTime:0.000606s ]
NOTIC: [8] Undefined index: id /data/wwwroot/ceyuan1/Crm/Home/Controller/CommonController.class.php 第 34 行.
SQL: SHOW COLUMNS FROM `think_office` [ RunTime:0.0018s ]
SQL: SELECT `id`,`name` FROM `think_office`  [ RunTime:0.0002s ]
SQL: SHOW COLUMNS FROM `think_trouble` [ RunTime:0.0062s ]
SQL: SELECT DATE_FORMAT(FROM_UNIXTIME(addtime),"%Y-%m-%d")as addtime,`id`,`order`,`office`,`cishu`,`firstimg`,`lastimg` FROM `think_trouble` WHERE `state` = 0 ORDER BY id desc LIMIT 0,5   [ RunTime:0.0003s ]

[ 2017-05-24T16:21:17+08:00 ] 183.61.52.70 /Home/Control/index/
INFO: [ app_init ] --START--
INFO: Run Behavior\BuildLiteBehavior [ RunTime:0.000013s ]
INFO: [ app_init ] --END-- [ RunTime:0.000283s ]
INFO: [ app_begin ] --START--
INFO: Run Behavior\ReadHtmlCacheBehavior [ RunTime:0.000343s ]
INFO: [ app_begin ] --END-- [ RunTime:0.000384s ]
NOTIC: [8] Undefined index: id /data/wwwroot/ceyuan1/Crm/Home/Controller/CommonController.class.php 第 34 行.
SQL: SHOW COLUMNS FROM `think_office` [ RunTime:0.0067s ]
SQL: SELECT `id`,`name` FROM `think_office`  [ RunTime:0.0002s ]
SQL: SHOW COLUMNS FROM `think_trouble` [ RunTime:0.0008s ]
SQL: SELECT DATE_FORMAT(FROM_UNIXTIME(addtime),"%Y-%m-%d")as addtime,`id`,`order`,`office`,`cishu`,`firstimg`,`lastimg` FROM `think_trouble` WHERE `office` = '大鹏' AND `state` = 0 ORDER BY id desc LIMIT 0,5   [ RunTime:0.0007s ]

[ 2017-05-24T16:21:28+08:00 ] 183.61.52.70 /Home/Control/index/
INFO: [ app_init ] --START--
INFO: Run Behavior\BuildLiteBehavior [ RunTime:0.000013s ]
INFO: [ app_init ] --END-- [ RunTime:0.000276s ]
INFO: [ app_begin ] --START--
INFO: Run Behavior\ReadHtmlCacheBehavior [ RunTime:0.000367s ]
INFO: [ app_begin ] --END-- [ RunTime:0.000408s ]
NOTIC: [8] Undefined index: id /data/wwwroot/ceyuan1/Crm/Home/Controller/CommonController.class.php 第 34 行.
SQL: SHOW COLUMNS FROM `think_office` [ RunTime:0.0012s ]
SQL: SELECT `id`,`name` FROM `think_office`  [ RunTime:0.0002s ]
SQL: SHOW COLUMNS FROM `think_trouble` [ RunTime:0.0008s ]
SQL: SELECT DATE_FORMAT(FROM_UNIXTIME(addtime),"%Y-%m-%d")as addtime,`id`,`order`,`office`,`cishu`,`firstimg`,`lastimg` FROM `think_trouble` WHERE `office` = '大鹏' AND `state` = 0 ORDER BY id desc LIMIT 5,5   [ RunTime:0.0008s ]

[ 2017-05-24T16:21:33+08:00 ] 183.61.51.226 /Home/Control/index/
INFO: [ app_init ] --START--
INFO: Run Behavior\BuildLiteBehavior [ RunTime:0.000014s ]
INFO: [ app_init ] --END-- [ RunTime:0.000318s ]
INFO: [ app_begin ] --START--
INFO: Run Behavior\ReadHtmlCacheBehavior [ RunTime:0.000354s ]
INFO: [ app_begin ] --END-- [ RunTime:0.000394s ]
NOTIC: [8] Undefined index: id /data/wwwroot/ceyuan1/Crm/Home/Controller/CommonController.class.php 第 34 行.
SQL: SHOW COLUMNS FROM `think_office` [ RunTime:0.0012s ]
SQL: SELECT `id`,`name` FROM `think_office`  [ RunTime:0.0002s ]
SQL: SHOW COLUMNS FROM `think_trouble` [ RunTime:0.0008s ]
SQL: SELECT DATE_FORMAT(FROM_UNIXTIME(addtime),"%Y-%m-%d")as addtime,`id`,`order`,`office`,`cishu`,`firstimg`,`lastimg` FROM `think_trouble` WHERE `office` = '大鹏' AND `state` = 0 ORDER BY id desc LIMIT 10,5   [ RunTime:0.0004s ]

[ 2017-05-24T17:15:29+08:00 ] 14.17.37.68 /Home/Xuanze?from=singlemessage
INFO: [ app_init ] --START--
INFO: Run Behavior\BuildLiteBehavior [ RunTime:0.000015s ]
INFO: [ app_init ] --END-- [ RunTime:0.000311s ]
INFO: [ app_begin ] --START--
INFO: Run Behavior\ReadHtmlCacheBehavior [ RunTime:0.000372s ]
INFO: [ app_begin ] --END-- [ RunTime:0.000412s ]
INFO: [ view_parse ] --START--
INFO: [ template_filter ] --START--
INFO: Run Behavior\ContentReplaceBehavior [ RunTime:0.000067s ]
INFO: [ template_filter ] --END-- [ RunTime:0.000118s ]
INFO: Run Behavior\ParseTemplateBehavior [ RunTime:0.007409s ]
INFO: [ view_parse ] --END-- [ RunTime:0.007787s ]
INFO: [ view_filter ] --START--
INFO: Run Behavior\WriteHtmlCacheBehavior [ RunTime:0.000126s ]
INFO: [ view_filter ] --END-- [ RunTime:0.000160s ]
INFO: [ app_end ] --START--
INFO: Run Behavior\ShowPageTraceBehavior [ RunTime:0.000407s ]
INFO: [ app_end ] --END-- [ RunTime:0.000443s ]

[ 2017-05-24T17:15:31+08:00 ] 14.17.37.68 /Home/Qingjie/index
INFO: [ app_init ] --START--
INFO: Run Behavior\BuildLiteBehavior [ RunTime:0.000014s ]
INFO: [ app_init ] --END-- [ RunTime:0.000288s ]
INFO: [ app_begin ] --START--
INFO: Run Behavior\ReadHtmlCacheBehavior [ RunTime:0.000352s ]
INFO: [ app_begin ] --END-- [ RunTime:0.000392s ]

[ 2017-05-24T17:15:32+08:00 ] 14.17.37.68 /Home/Control/index.html
INFO: [ app_init ] --START--
INFO: Run Behavior\BuildLiteBehavior [ RunTime:0.000018s ]
INFO: [ app_init ] --END-- [ RunTime:0.000319s ]
INFO: [ app_begin ] --START--
INFO: Run Behavior\ReadHtmlCacheBehavior [ RunTime:0.000352s ]
INFO: [ app_begin ] --END-- [ RunTime:0.000391s ]
SQL: SHOW COLUMNS FROM `think_office` [ RunTime:0.0017s ]
SQL: SELECT `id`,`name` FROM `think_office`  [ RunTime:0.0002s ]
INFO: [ view_parse ] --START--
INFO: [ template_filter ] --START--
INFO: Run Behavior\ContentReplaceBehavior [ RunTime:0.000078s ]
INFO: [ template_filter ] --END-- [ RunTime:0.000128s ]
INFO: Run Behavior\ParseTemplateBehavior [ RunTime:0.008130s ]
INFO: [ view_parse ] --END-- [ RunTime:0.008171s ]
INFO: [ view_filter ] --START--
INFO: Run Behavior\WriteHtmlCacheBehavior [ RunTime:0.000151s ]
INFO: [ view_filter ] --END-- [ RunTime:0.000185s ]
INFO: [ app_end ] --START--
INFO: Run Behavior\ShowPageTraceBehavior [ RunTime:0.000380s ]
INFO: [ app_end ] --END-- [ RunTime:0.000418s ]

[ 2017-05-24T17:15:33+08:00 ] 14.17.37.68 /Home/Control/index/
INFO: [ app_init ] --START--
INFO: Run Behavior\BuildLiteBehavior [ RunTime:0.000013s ]
INFO: [ app_init ] --END-- [ RunTime:0.000300s ]
INFO: [ app_begin ] --START--
INFO: Run Behavior\ReadHtmlCacheBehavior [ RunTime:0.000342s ]
INFO: [ app_begin ] --END-- [ RunTime:0.000382s ]
SQL: SHOW COLUMNS FROM `think_office` [ RunTime:0.0013s ]
SQL: SELECT `id`,`name` FROM `think_office`  [ RunTime:0.0002s ]
SQL: SHOW COLUMNS FROM `think_trouble` [ RunTime:0.0011s ]
SQL: SELECT DATE_FORMAT(FROM_UNIXTIME(addtime),"%Y-%m-%d")as addtime,`id`,`order`,`office`,`cishu`,`firstimg`,`lastimg` FROM `think_trouble` WHERE `state` = 0 ORDER BY id desc LIMIT 0,5   [ RunTime:0.0003s ]

[ 2017-05-24T17:15:48+08:00 ] 14.17.37.143 /Home/Control/daifankuixq/id/682
INFO: [ app_init ] --START--
INFO: Run Behavior\BuildLiteBehavior [ RunTime:0.000014s ]
INFO: [ app_init ] --END-- [ RunTime:0.000301s ]
INFO: [ app_begin ] --START--
INFO: Run Behavior\ReadHtmlCacheBehavior [ RunTime:0.000833s ]
INFO: [ app_begin ] --END-- [ RunTime:0.000916s ]
SQL: SHOW COLUMNS FROM `think_trouble` [ RunTime:0.0017s ]
SQL: SELECT DATE_FORMAT(FROM_UNIXTIME(addtime),"%Y-%m-%d")as addtime,`id`,`order`,`place`,`question`,`office`,`cishu`,`firstimg` FROM `think_trouble` WHERE `id` = 682 LIMIT 1   [ RunTime:0.0004s ]
SQL: SHOW COLUMNS FROM `think_troublelist` [ RunTime:0.0015s ]
SQL: SELECT * FROM `think_troublelist` WHERE `uid` = 682 ORDER BY id desc  [ RunTime:0.0003s ]
INFO: [ view_parse ] --START--
INFO: [ template_filter ] --START--
INFO: Run Behavior\ContentReplaceBehavior [ RunTime:0.000054s ]
INFO: [ template_filter ] --END-- [ RunTime:0.000098s ]
NOTIC: [8] Undefined variable: troublelistres /data/wwwroot/ceyuan1/Crm/Runtime/Cache/Home/784e01ed2d0335cbc5ceea539478fde8.php 第 111 行.
NOTIC: [8] Undefined variable: troublelistres /data/wwwroot/ceyuan1/Crm/Runtime/Cache/Home/784e01ed2d0335cbc5ceea539478fde8.php 第 111 行.
INFO: Run Behavior\ParseTemplateBehavior [ RunTime:0.006276s ]
INFO: [ view_parse ] --END-- [ RunTime:0.006315s ]
INFO: [ view_filter ] --START--
INFO: Run Behavior\WriteHtmlCacheBehavior [ RunTime:0.000147s ]
INFO: [ view_filter ] --END-- [ RunTime:0.000182s ]
INFO: [ app_end ] --START--
INFO: Run Behavior\ShowPageTraceBehavior [ RunTime:0.000383s ]
INFO: [ app_end ] --END-- [ RunTime:0.000419s ]

[ 2017-05-24T17:16:03+08:00 ] 14.17.37.143 /Home/Control/index/
INFO: [ app_init ] --START--
INFO: Run Behavior\BuildLiteBehavior [ RunTime:0.000014s ]
INFO: [ app_init ] --END-- [ RunTime:0.000285s ]
INFO: [ app_begin ] --START--
INFO: Run Behavior\ReadHtmlCacheBehavior [ RunTime:0.000347s ]
INFO: [ app_begin ] --END-- [ RunTime:0.000387s ]
SQL: SHOW COLUMNS FROM `think_office` [ RunTime:0.0021s ]
SQL: SELECT `id`,`name` FROM `think_office`  [ RunTime:0.0002s ]
SQL: SHOW COLUMNS FROM `think_trouble` [ RunTime:0.0013s ]
SQL: SELECT DATE_FORMAT(FROM_UNIXTIME(addtime),"%Y-%m-%d")as addtime,`id`,`order`,`office`,`cishu`,`firstimg`,`lastimg` FROM `think_trouble` WHERE `state` = 0 ORDER BY id desc LIMIT 0,5   [ RunTime:0.0003s ]

[ 2017-05-24T17:32:43+08:00 ] 140.205.205.5 /
INFO: [ app_init ] --START--
INFO: Run Behavior\BuildLiteBehavior [ RunTime:0.000015s ]
INFO: [ app_init ] --END-- [ RunTime:0.000293s ]
INFO: [ app_begin ] --START--
INFO: Run Behavior\ReadHtmlCacheBehavior [ RunTime:0.000626s ]
INFO: [ app_begin ] --END-- [ RunTime:0.000729s ]
INFO: [ view_parse ] --START--
INFO: [ template_filter ] --START--
INFO: Run Behavior\ContentReplaceBehavior [ RunTime:0.000064s ]
INFO: [ template_filter ] --END-- [ RunTime:0.000137s ]
INFO: Run Behavior\ParseTemplateBehavior [ RunTime:0.036607s ]
INFO: [ view_parse ] --END-- [ RunTime:0.036714s ]
INFO: [ view_filter ] --START--
INFO: Run Behavior\WriteHtmlCacheBehavior [ RunTime:0.000179s ]
INFO: [ view_filter ] --END-- [ RunTime:0.000215s ]
INFO: [ app_end ] --START--
INFO: Run Behavior\ShowPageTraceBehavior [ RunTime:0.000451s ]
INFO: [ app_end ] --END-- [ RunTime:0.000491s ]

