[ 2017-04-22T08:18:47+08:00 ] 117.136.33.198 /Home/Control/index.html
INFO: [ app_init ] --START--
INFO: Run Behavior\BuildLiteBehavior [ RunTime:0.000019s ]
INFO: [ app_init ] --END-- [ RunTime:0.000622s ]
INFO: [ app_begin ] --START--
INFO: Run Behavior\ReadHtmlCacheBehavior [ RunTime:0.000651s ]
INFO: [ app_begin ] --END-- [ RunTime:0.000693s ]
NOTIC: [8] Undefined index: id /data/wwwroot/ceyuan1/Crm/Home/Controller/CommonController.class.php 第 34 行.
SQL: SHOW COLUMNS FROM `think_office` [ RunTime:0.0057s ]
SQL: SELECT `id`,`name` FROM `think_office`  [ RunTime:0.0006s ]
INFO: [ view_parse ] --START--
INFO: [ template_filter ] --START--
INFO: Run Behavior\ContentReplaceBehavior [ RunTime:0.000150s ]
INFO: [ template_filter ] --END-- [ RunTime:0.000273s ]
INFO: Run Behavior\ParseTemplateBehavior [ RunTime:0.043065s ]
INFO: [ view_parse ] --END-- [ RunTime:0.043117s ]
INFO: [ view_filter ] --START--
INFO: Run Behavior\WriteHtmlCacheBehavior [ RunTime:0.000598s ]
INFO: [ view_filter ] --END-- [ RunTime:0.000665s ]
INFO: [ app_end ] --START--
INFO: Run Behavior\ShowPageTraceBehavior [ RunTime:0.000786s ]
INFO: [ app_end ] --END-- [ RunTime:0.000833s ]

[ 2017-04-22T08:18:49+08:00 ] 117.136.33.198 /Home/Control/index/
INFO: [ app_init ] --START--
INFO: Run Behavior\BuildLiteBehavior [ RunTime:0.000013s ]
INFO: [ app_init ] --END-- [ RunTime:0.000281s ]
INFO: [ app_begin ] --START--
INFO: Run Behavior\ReadHtmlCacheBehavior [ RunTime:0.000344s ]
INFO: [ app_begin ] --END-- [ RunTime:0.000386s ]
NOTIC: [8] Undefined index: id /data/wwwroot/ceyuan1/Crm/Home/Controller/CommonController.class.php 第 34 行.
SQL: SHOW COLUMNS FROM `think_office` [ RunTime:0.0015s ]
SQL: SELECT `id`,`name` FROM `think_office`  [ RunTime:0.0002s ]
SQL: SHOW COLUMNS FROM `think_trouble` [ RunTime:0.0129s ]
SQL: SELECT DATE_FORMAT(FROM_UNIXTIME(addtime),"%Y-%m-%d")as addtime,`id`,`order`,`office`,`cishu`,`firstimg`,`lastimg` FROM `think_trouble` WHERE `state` = 0 ORDER BY id desc LIMIT 0,5   [ RunTime:0.0008s ]

[ 2017-04-22T16:20:22+08:00 ] 101.226.33.203 /Home/Index/index
INFO: [ app_init ] --START--
INFO: Run Behavior\BuildLiteBehavior [ RunTime:0.000017s ]
INFO: [ app_init ] --END-- [ RunTime:0.000548s ]
INFO: [ app_begin ] --START--
INFO: Run Behavior\ReadHtmlCacheBehavior [ RunTime:0.000587s ]
INFO: [ app_begin ] --END-- [ RunTime:0.000627s ]
INFO: [ view_parse ] --START--
INFO: [ template_filter ] --START--
INFO: Run Behavior\ContentReplaceBehavior [ RunTime:0.000060s ]
INFO: [ template_filter ] --END-- [ RunTime:0.000127s ]
INFO: Run Behavior\ParseTemplateBehavior [ RunTime:0.032429s ]
INFO: [ view_parse ] --END-- [ RunTime:0.032496s ]
INFO: [ view_filter ] --START--
INFO: Run Behavior\WriteHtmlCacheBehavior [ RunTime:0.000370s ]
INFO: [ view_filter ] --END-- [ RunTime:0.000404s ]
INFO: [ app_end ] --START--
INFO: Run Behavior\ShowPageTraceBehavior [ RunTime:0.000623s ]
INFO: [ app_end ] --END-- [ RunTime:0.000661s ]

[ 2017-04-22T16:20:35+08:00 ] 101.226.89.121 /Home/Xuanze
INFO: [ app_init ] --START--
INFO: Run Behavior\BuildLiteBehavior [ RunTime:0.000019s ]
INFO: [ app_init ] --END-- [ RunTime:0.000425s ]
INFO: [ app_begin ] --START--
INFO: Run Behavior\ReadHtmlCacheBehavior [ RunTime:0.000530s ]
INFO: [ app_begin ] --END-- [ RunTime:0.000589s ]
INFO: [ view_parse ] --START--
INFO: [ template_filter ] --START--
INFO: Run Behavior\ContentReplaceBehavior [ RunTime:0.000102s ]
INFO: [ template_filter ] --END-- [ RunTime:0.000204s ]
INFO: Run Behavior\ParseTemplateBehavior [ RunTime:0.006752s ]
INFO: [ view_parse ] --END-- [ RunTime:0.006819s ]
INFO: [ view_filter ] --START--
INFO: Run Behavior\WriteHtmlCacheBehavior [ RunTime:0.000214s ]
INFO: [ view_filter ] --END-- [ RunTime:0.000269s ]
INFO: [ app_end ] --START--
INFO: Run Behavior\ShowPageTraceBehavior [ RunTime:0.000647s ]
INFO: [ app_end ] --END-- [ RunTime:0.000695s ]

[ 2017-04-22T19:05:32+08:00 ] 183.37.228.117 /
INFO: [ app_init ] --START--
INFO: Run Behavior\BuildLiteBehavior [ RunTime:0.000016s ]
INFO: [ app_init ] --END-- [ RunTime:0.000334s ]
INFO: [ app_begin ] --START--
INFO: Run Behavior\ReadHtmlCacheBehavior [ RunTime:0.000416s ]
INFO: [ app_begin ] --END-- [ RunTime:0.000472s ]
INFO: [ view_parse ] --START--
INFO: [ template_filter ] --START--
INFO: Run Behavior\ContentReplaceBehavior [ RunTime:0.000054s ]
INFO: [ template_filter ] --END-- [ RunTime:0.000108s ]
INFO: Run Behavior\ParseTemplateBehavior [ RunTime:0.005671s ]
INFO: [ view_parse ] --END-- [ RunTime:0.005725s ]
INFO: [ view_filter ] --START--
INFO: Run Behavior\WriteHtmlCacheBehavior [ RunTime:0.000148s ]
INFO: [ view_filter ] --END-- [ RunTime:0.000181s ]
INFO: [ app_end ] --START--
INFO: Run Behavior\ShowPageTraceBehavior [ RunTime:0.000386s ]
INFO: [ app_end ] --END-- [ RunTime:0.000422s ]

[ 2017-04-22T19:05:38+08:00 ] 183.37.228.117 /Home/Xuanze
INFO: [ app_init ] --START--
INFO: Run Behavior\BuildLiteBehavior [ RunTime:0.000017s ]
INFO: [ app_init ] --END-- [ RunTime:0.000305s ]
INFO: [ app_begin ] --START--
INFO: Run Behavior\ReadHtmlCacheBehavior [ RunTime:0.000365s ]
INFO: [ app_begin ] --END-- [ RunTime:0.000405s ]
INFO: [ view_parse ] --START--
INFO: [ template_filter ] --START--
INFO: Run Behavior\ContentReplaceBehavior [ RunTime:0.000050s ]
INFO: [ template_filter ] --END-- [ RunTime:0.000100s ]
INFO: Run Behavior\ParseTemplateBehavior [ RunTime:0.005207s ]
INFO: [ view_parse ] --END-- [ RunTime:0.005260s ]
INFO: [ view_filter ] --START--
INFO: Run Behavior\WriteHtmlCacheBehavior [ RunTime:0.000125s ]
INFO: [ view_filter ] --END-- [ RunTime:0.000158s ]
INFO: [ app_end ] --START--
INFO: Run Behavior\ShowPageTraceBehavior [ RunTime:0.000399s ]
INFO: [ app_end ] --END-- [ RunTime:0.000436s ]

[ 2017-04-22T19:05:43+08:00 ] 183.37.228.117 /Home/Qingjie/index
INFO: [ app_init ] --START--
INFO: Run Behavior\BuildLiteBehavior [ RunTime:0.000014s ]
INFO: [ app_init ] --END-- [ RunTime:0.000290s ]
INFO: [ app_begin ] --START--
INFO: Run Behavior\ReadHtmlCacheBehavior [ RunTime:0.000374s ]
INFO: [ app_begin ] --END-- [ RunTime:0.000414s ]

[ 2017-04-22T19:05:43+08:00 ] 183.37.228.117 /Home/Control/index.html
INFO: [ app_init ] --START--
INFO: Run Behavior\BuildLiteBehavior [ RunTime:0.000011s ]
INFO: [ app_init ] --END-- [ RunTime:0.000275s ]
INFO: [ app_begin ] --START--
INFO: Run Behavior\ReadHtmlCacheBehavior [ RunTime:0.000366s ]
INFO: [ app_begin ] --END-- [ RunTime:0.000407s ]
NOTIC: [8] Undefined index: id /data/wwwroot/ceyuan1/Crm/Home/Controller/CommonController.class.php 第 34 行.
SQL: SHOW COLUMNS FROM `think_office` [ RunTime:0.0205s ]
SQL: SELECT `id`,`name` FROM `think_office`  [ RunTime:0.0005s ]
INFO: [ view_parse ] --START--
INFO: [ template_filter ] --START--
INFO: Run Behavior\ContentReplaceBehavior [ RunTime:0.000091s ]
INFO: [ template_filter ] --END-- [ RunTime:0.000171s ]
INFO: Run Behavior\ParseTemplateBehavior [ RunTime:0.038978s ]
INFO: [ view_parse ] --END-- [ RunTime:0.039042s ]
INFO: [ view_filter ] --START--
INFO: Run Behavior\WriteHtmlCacheBehavior [ RunTime:0.000137s ]
INFO: [ view_filter ] --END-- [ RunTime:0.000187s ]
INFO: [ app_end ] --START--
INFO: Run Behavior\ShowPageTraceBehavior [ RunTime:0.000532s ]
INFO: [ app_end ] --END-- [ RunTime:0.000574s ]

[ 2017-04-22T19:05:44+08:00 ] 183.37.228.117 /Home/Control/index/
INFO: [ app_init ] --START--
INFO: Run Behavior\BuildLiteBehavior [ RunTime:0.000013s ]
INFO: [ app_init ] --END-- [ RunTime:0.000278s ]
INFO: [ app_begin ] --START--
INFO: Run Behavior\ReadHtmlCacheBehavior [ RunTime:0.000342s ]
INFO: [ app_begin ] --END-- [ RunTime:0.000384s ]
NOTIC: [8] Undefined index: id /data/wwwroot/ceyuan1/Crm/Home/Controller/CommonController.class.php 第 34 行.
SQL: SHOW COLUMNS FROM `think_office` [ RunTime:0.0015s ]
SQL: SELECT `id`,`name` FROM `think_office`  [ RunTime:0.0002s ]
SQL: SHOW COLUMNS FROM `think_trouble` [ RunTime:0.0052s ]
SQL: SELECT DATE_FORMAT(FROM_UNIXTIME(addtime),"%Y-%m-%d")as addtime,`id`,`order`,`office`,`cishu`,`firstimg`,`lastimg` FROM `think_trouble` WHERE `state` = 0 ORDER BY id desc LIMIT 0,5   [ RunTime:0.0007s ]

[ 2017-04-22T19:05:46+08:00 ] 183.37.228.117 /Home/Control/index/
INFO: [ app_init ] --START--
INFO: Run Behavior\BuildLiteBehavior [ RunTime:0.000014s ]
INFO: [ app_init ] --END-- [ RunTime:0.000366s ]
INFO: [ app_begin ] --START--
INFO: Run Behavior\ReadHtmlCacheBehavior [ RunTime:0.000356s ]
INFO: [ app_begin ] --END-- [ RunTime:0.000416s ]
NOTIC: [8] Undefined index: id /data/wwwroot/ceyuan1/Crm/Home/Controller/CommonController.class.php 第 34 行.
SQL: SHOW COLUMNS FROM `think_office` [ RunTime:0.0015s ]
SQL: SELECT `id`,`name` FROM `think_office`  [ RunTime:0.0002s ]
SQL: SHOW COLUMNS FROM `think_trouble` [ RunTime:0.0009s ]
SQL: SELECT DATE_FORMAT(FROM_UNIXTIME(addtime),"%Y-%m-%d")as addtime,`id`,`order`,`office`,`cishu`,`firstimg`,`lastimg` FROM `think_trouble` WHERE `state` = 0 ORDER BY id desc LIMIT 5,5   [ RunTime:0.0003s ]

[ 2017-04-22T19:30:08+08:00 ] 183.37.228.117 /Home/Control/index/
INFO: [ app_init ] --START--
INFO: Run Behavior\BuildLiteBehavior [ RunTime:0.000031s ]
INFO: [ app_init ] --END-- [ RunTime:0.000377s ]
INFO: [ app_begin ] --START--
INFO: Run Behavior\ReadHtmlCacheBehavior [ RunTime:0.000478s ]
INFO: [ app_begin ] --END-- [ RunTime:0.000531s ]
NOTIC: [8] Undefined index: id /data/wwwroot/ceyuan1/Crm/Home/Controller/CommonController.class.php 第 34 行.
SQL: SHOW COLUMNS FROM `think_office` [ RunTime:0.0026s ]
SQL: SELECT `id`,`name` FROM `think_office`  [ RunTime:0.0002s ]
SQL: SHOW COLUMNS FROM `think_trouble` [ RunTime:0.0011s ]
SQL: SELECT DATE_FORMAT(FROM_UNIXTIME(addtime),"%Y-%m-%d")as addtime,`id`,`order`,`office`,`cishu`,`firstimg`,`lastimg` FROM `think_trouble` WHERE `state` = 0 ORDER BY id desc LIMIT 10,5   [ RunTime:0.0004s ]

[ 2017-04-22T19:30:17+08:00 ] 183.37.228.117 /Home/Control/index/
INFO: [ app_init ] --START--
INFO: Run Behavior\BuildLiteBehavior [ RunTime:0.000013s ]
INFO: [ app_init ] --END-- [ RunTime:0.000285s ]
INFO: [ app_begin ] --START--
INFO: Run Behavior\ReadHtmlCacheBehavior [ RunTime:0.000366s ]
INFO: [ app_begin ] --END-- [ RunTime:0.000408s ]
NOTIC: [8] Undefined index: id /data/wwwroot/ceyuan1/Crm/Home/Controller/CommonController.class.php 第 34 行.
SQL: SHOW COLUMNS FROM `think_office` [ RunTime:0.0015s ]
SQL: SELECT `id`,`name` FROM `think_office`  [ RunTime:0.0002s ]
SQL: SHOW COLUMNS FROM `think_trouble` [ RunTime:0.0009s ]
SQL: SELECT DATE_FORMAT(FROM_UNIXTIME(addtime),"%Y-%m-%d")as addtime,`id`,`order`,`office`,`cishu`,`firstimg`,`lastimg` FROM `think_trouble` WHERE `office` = '葵涌' AND `state` = 0 ORDER BY id desc LIMIT 0,5   [ RunTime:0.0004s ]

[ 2017-04-22T19:30:21+08:00 ] 183.37.228.117 /Home/Control/index/
INFO: [ app_init ] --START--
INFO: Run Behavior\BuildLiteBehavior [ RunTime:0.000013s ]
INFO: [ app_init ] --END-- [ RunTime:0.000287s ]
INFO: [ app_begin ] --START--
INFO: Run Behavior\ReadHtmlCacheBehavior [ RunTime:0.000349s ]
INFO: [ app_begin ] --END-- [ RunTime:0.000390s ]
NOTIC: [8] Undefined index: id /data/wwwroot/ceyuan1/Crm/Home/Controller/CommonController.class.php 第 34 行.
SQL: SHOW COLUMNS FROM `think_office` [ RunTime:0.0015s ]
SQL: SELECT `id`,`name` FROM `think_office`  [ RunTime:0.0002s ]
SQL: SHOW COLUMNS FROM `think_trouble` [ RunTime:0.0009s ]
SQL: SELECT DATE_FORMAT(FROM_UNIXTIME(addtime),"%Y-%m-%d")as addtime,`id`,`order`,`office`,`cishu`,`firstimg`,`lastimg` FROM `think_trouble` WHERE `office` = '大鹏' AND `state` = 0 ORDER BY id desc LIMIT 0,5   [ RunTime:0.0003s ]

[ 2017-04-22T19:30:47+08:00 ] 183.37.228.117 /Home/Control/index/
INFO: [ app_init ] --START--
INFO: Run Behavior\BuildLiteBehavior [ RunTime:0.000013s ]
INFO: [ app_init ] --END-- [ RunTime:0.000318s ]
INFO: [ app_begin ] --START--
INFO: Run Behavior\ReadHtmlCacheBehavior [ RunTime:0.000341s ]
INFO: [ app_begin ] --END-- [ RunTime:0.000381s ]
NOTIC: [8] Undefined index: id /data/wwwroot/ceyuan1/Crm/Home/Controller/CommonController.class.php 第 34 行.
SQL: SHOW COLUMNS FROM `think_office` [ RunTime:0.0015s ]
SQL: SELECT `id`,`name` FROM `think_office`  [ RunTime:0.0002s ]
SQL: SHOW COLUMNS FROM `think_trouble` [ RunTime:0.0015s ]
SQL: SELECT DATE_FORMAT(FROM_UNIXTIME(addtime),"%Y-%m-%d")as addtime,`id`,`order`,`office`,`cishu`,`firstimg`,`lastimg` FROM `think_trouble` WHERE `office` = '大鹏' AND `state` = 0 ORDER BY id desc LIMIT 5,5   [ RunTime:0.0004s ]

