[ 2017-06-29T23:38:37+08:00 ] 113.108.0.15 /Home/Control/index
INFO: [ app_init ] --START--
INFO: Run Behavior\BuildLiteBehavior [ RunTime:0.000014s ]
INFO: [ app_init ] --END-- [ RunTime:0.000317s ]
INFO: [ app_begin ] --START--
INFO: Run Behavior\ReadHtmlCacheBehavior [ RunTime:0.000368s ]
INFO: [ app_begin ] --END-- [ RunTime:0.000408s ]
NOTIC: [8] Undefined index: id /data/wwwroot/ceyuan1/Crm/Home/Controller/CommonController.class.php 第 34 行.
SQL: SHOW COLUMNS FROM `think_office` [ RunTime:0.0016s ]
SQL: SELECT `id`,`name` FROM `think_office`  [ RunTime:0.0003s ]
INFO: [ view_parse ] --START--
INFO: [ template_filter ] --START--
INFO: Run Behavior\ContentReplaceBehavior [ RunTime:0.000096s ]
INFO: [ template_filter ] --END-- [ RunTime:0.000167s ]
INFO: Run Behavior\ParseTemplateBehavior [ RunTime:0.008892s ]
INFO: [ view_parse ] --END-- [ RunTime:0.008946s ]
INFO: [ view_filter ] --START--
INFO: Run Behavior\WriteHtmlCacheBehavior [ RunTime:0.000144s ]
INFO: [ view_filter ] --END-- [ RunTime:0.000181s ]
INFO: [ app_end ] --START--
INFO: Run Behavior\ShowPageTraceBehavior [ RunTime:0.000418s ]
INFO: [ app_end ] --END-- [ RunTime:0.000462s ]

[ 2017-06-29T23:38:38+08:00 ] 113.108.0.15 /Home/Control/index/
INFO: [ app_init ] --START--
INFO: Run Behavior\BuildLiteBehavior [ RunTime:0.000016s ]
INFO: [ app_init ] --END-- [ RunTime:0.000286s ]
INFO: [ app_begin ] --START--
INFO: Run Behavior\ReadHtmlCacheBehavior [ RunTime:0.000369s ]
INFO: [ app_begin ] --END-- [ RunTime:0.000411s ]
NOTIC: [8] Undefined index: id /data/wwwroot/ceyuan1/Crm/Home/Controller/CommonController.class.php 第 34 行.
SQL: SHOW COLUMNS FROM `think_office` [ RunTime:0.0017s ]
SQL: SELECT `id`,`name` FROM `think_office`  [ RunTime:0.0002s ]
SQL: SHOW COLUMNS FROM `think_trouble` [ RunTime:0.0011s ]
SQL: SELECT DATE_FORMAT(FROM_UNIXTIME(addtime),"%Y-%m-%d")as addtime,`id`,`order`,`office`,`cishu`,`firstimg`,`lastimg` FROM `think_trouble` WHERE `state` = 0 ORDER BY id desc LIMIT 0,5   [ RunTime:0.0003s ]

[ 2017-06-29T23:38:41+08:00 ] 113.108.0.15 /Home/Control/index/
INFO: [ app_init ] --START--
INFO: Run Behavior\BuildLiteBehavior [ RunTime:0.000021s ]
INFO: [ app_init ] --END-- [ RunTime:0.000436s ]
INFO: [ app_begin ] --START--
INFO: Run Behavior\ReadHtmlCacheBehavior [ RunTime:0.000507s ]
INFO: [ app_begin ] --END-- [ RunTime:0.000569s ]
NOTIC: [8] Undefined index: id /data/wwwroot/ceyuan1/Crm/Home/Controller/CommonController.class.php 第 34 行.
SQL: SHOW COLUMNS FROM `think_office` [ RunTime:0.0049s ]
SQL: SELECT `id`,`name` FROM `think_office`  [ RunTime:0.0003s ]
SQL: SHOW COLUMNS FROM `think_trouble` [ RunTime:0.0020s ]
SQL: SELECT DATE_FORMAT(FROM_UNIXTIME(addtime),"%Y-%m-%d")as addtime,`id`,`order`,`office`,`cishu`,`firstimg`,`lastimg` FROM `think_trouble` WHERE `office` = '葵涌' AND `state` = 0 ORDER BY id desc LIMIT 0,5   [ RunTime:0.0004s ]

[ 2017-06-29T23:38:43+08:00 ] 113.108.0.15 /Home/Control/index/
INFO: [ app_init ] --START--
INFO: Run Behavior\BuildLiteBehavior [ RunTime:0.000014s ]
INFO: [ app_init ] --END-- [ RunTime:0.000285s ]
INFO: [ app_begin ] --START--
INFO: Run Behavior\ReadHtmlCacheBehavior [ RunTime:0.000349s ]
INFO: [ app_begin ] --END-- [ RunTime:0.000409s ]
NOTIC: [8] Undefined index: id /data/wwwroot/ceyuan1/Crm/Home/Controller/CommonController.class.php 第 34 行.
SQL: SHOW COLUMNS FROM `think_office` [ RunTime:0.0016s ]
SQL: SELECT `id`,`name` FROM `think_office`  [ RunTime:0.0002s ]
SQL: SHOW COLUMNS FROM `think_trouble` [ RunTime:0.0010s ]
SQL: SELECT DATE_FORMAT(FROM_UNIXTIME(addtime),"%Y-%m-%d")as addtime,`id`,`order`,`office`,`cishu`,`firstimg`,`lastimg` FROM `think_trouble` WHERE `office` = '葵涌' AND `state` = 0 ORDER BY id asc LIMIT 0,5   [ RunTime:0.0013s ]

[ 2017-06-29T23:38:45+08:00 ] 113.108.0.15 /Home/Control/index/
INFO: [ app_init ] --START--
INFO: Run Behavior\BuildLiteBehavior [ RunTime:0.000018s ]
INFO: [ app_init ] --END-- [ RunTime:0.000317s ]
INFO: [ app_begin ] --START--
INFO: Run Behavior\ReadHtmlCacheBehavior [ RunTime:0.000345s ]
INFO: [ app_begin ] --END-- [ RunTime:0.000385s ]
NOTIC: [8] Undefined index: id /data/wwwroot/ceyuan1/Crm/Home/Controller/CommonController.class.php 第 34 行.
SQL: SHOW COLUMNS FROM `think_office` [ RunTime:0.0016s ]
SQL: SELECT `id`,`name` FROM `think_office`  [ RunTime:0.0002s ]
SQL: SHOW COLUMNS FROM `think_trouble` [ RunTime:0.0011s ]
SQL: SELECT DATE_FORMAT(FROM_UNIXTIME(addtime),"%Y-%m-%d")as addtime,`id`,`order`,`office`,`cishu`,`firstimg`,`lastimg` FROM `think_trouble` WHERE `office` = '葵涌' AND `state` = 0 ORDER BY id asc LIMIT 5,5   [ RunTime:0.0015s ]

[ 2017-06-29T23:38:58+08:00 ] 113.108.0.15 /Home/Control/daifankuixq/id/1008
INFO: [ app_init ] --START--
INFO: Run Behavior\BuildLiteBehavior [ RunTime:0.000019s ]
INFO: [ app_init ] --END-- [ RunTime:0.000429s ]
INFO: [ app_begin ] --START--
INFO: Run Behavior\ReadHtmlCacheBehavior [ RunTime:0.000555s ]
INFO: [ app_begin ] --END-- [ RunTime:0.000647s ]
NOTIC: [8] Undefined index: id /data/wwwroot/ceyuan1/Crm/Home/Controller/CommonController.class.php 第 34 行.
SQL: SHOW COLUMNS FROM `think_trouble` [ RunTime:0.0017s ]
SQL: SELECT DATE_FORMAT(FROM_UNIXTIME(addtime),"%Y-%m-%d")as addtime,`id`,`order`,`place`,`question`,`office`,`cishu`,`firstimg` FROM `think_trouble` WHERE `id` = 1008 LIMIT 1   [ RunTime:0.0003s ]
SQL: SHOW COLUMNS FROM `think_troublelist` [ RunTime:0.0018s ]
SQL: SELECT * FROM `think_troublelist` WHERE `uid` = 1008 ORDER BY id desc  [ RunTime:0.0005s ]
INFO: [ view_parse ] --START--
INFO: [ template_filter ] --START--
INFO: Run Behavior\ContentReplaceBehavior [ RunTime:0.000092s ]
INFO: [ template_filter ] --END-- [ RunTime:0.000138s ]
NOTIC: [8] Undefined variable: troublelistres /data/wwwroot/ceyuan1/Crm/Runtime/Cache/Home/784e01ed2d0335cbc5ceea539478fde8.php 第 111 行.
NOTIC: [8] Undefined variable: troublelistres /data/wwwroot/ceyuan1/Crm/Runtime/Cache/Home/784e01ed2d0335cbc5ceea539478fde8.php 第 111 行.
INFO: Run Behavior\ParseTemplateBehavior [ RunTime:0.006551s ]
INFO: [ view_parse ] --END-- [ RunTime:0.006589s ]
INFO: [ view_filter ] --START--
INFO: Run Behavior\WriteHtmlCacheBehavior [ RunTime:0.000133s ]
INFO: [ view_filter ] --END-- [ RunTime:0.000167s ]
INFO: [ app_end ] --START--
INFO: Run Behavior\ShowPageTraceBehavior [ RunTime:0.000384s ]
INFO: [ app_end ] --END-- [ RunTime:0.000422s ]

[ 2017-06-29T23:42:04+08:00 ] 14.17.37.72 /Home/Xuanze?from=groupmessage
INFO: [ app_init ] --START--
INFO: Run Behavior\BuildLiteBehavior [ RunTime:0.000020s ]
INFO: [ app_init ] --END-- [ RunTime:0.000416s ]
INFO: [ app_begin ] --START--
INFO: Run Behavior\ReadHtmlCacheBehavior [ RunTime:0.000562s ]
INFO: [ app_begin ] --END-- [ RunTime:0.000619s ]
INFO: [ view_parse ] --START--
INFO: [ template_filter ] --START--
INFO: Run Behavior\ContentReplaceBehavior [ RunTime:0.000053s ]
INFO: [ template_filter ] --END-- [ RunTime:0.000107s ]
INFO: Run Behavior\ParseTemplateBehavior [ RunTime:0.005210s ]
INFO: [ view_parse ] --END-- [ RunTime:0.006020s ]
INFO: [ view_filter ] --START--
INFO: Run Behavior\WriteHtmlCacheBehavior [ RunTime:0.000127s ]
INFO: [ view_filter ] --END-- [ RunTime:0.000161s ]
INFO: [ app_end ] --START--
INFO: Run Behavior\ShowPageTraceBehavior [ RunTime:0.000414s ]
INFO: [ app_end ] --END-- [ RunTime:0.000451s ]

[ 2017-06-29T23:42:04+08:00 ] 163.177.94.120 /
INFO: [ app_init ] --START--
INFO: Run Behavior\BuildLiteBehavior [ RunTime:0.000012s ]
INFO: [ app_init ] --END-- [ RunTime:0.000321s ]
INFO: [ app_begin ] --START--
INFO: Run Behavior\ReadHtmlCacheBehavior [ RunTime:0.000401s ]
INFO: [ app_begin ] --END-- [ RunTime:0.000441s ]
INFO: [ view_parse ] --START--
INFO: [ template_filter ] --START--
INFO: Run Behavior\ContentReplaceBehavior [ RunTime:0.000047s ]
INFO: [ template_filter ] --END-- [ RunTime:0.000094s ]
INFO: Run Behavior\ParseTemplateBehavior [ RunTime:0.004992s ]
INFO: [ view_parse ] --END-- [ RunTime:0.005045s ]
INFO: [ view_filter ] --START--
INFO: Run Behavior\WriteHtmlCacheBehavior [ RunTime:0.000125s ]
INFO: [ view_filter ] --END-- [ RunTime:0.000157s ]
INFO: [ app_end ] --START--
INFO: Run Behavior\ShowPageTraceBehavior [ RunTime:0.000375s ]
INFO: [ app_end ] --END-- [ RunTime:0.000411s ]

[ 2017-06-29T23:42:04+08:00 ] 183.232.90.36 /
INFO: [ app_init ] --START--
INFO: Run Behavior\BuildLiteBehavior [ RunTime:0.000021s ]
INFO: [ app_init ] --END-- [ RunTime:0.000493s ]
INFO: [ app_begin ] --START--
INFO: Run Behavior\ReadHtmlCacheBehavior [ RunTime:0.000605s ]
INFO: [ app_begin ] --END-- [ RunTime:0.000674s ]
INFO: [ view_parse ] --START--
INFO: [ template_filter ] --START--
INFO: Run Behavior\ContentReplaceBehavior [ RunTime:0.000051s ]
INFO: [ template_filter ] --END-- [ RunTime:0.000106s ]
INFO: Run Behavior\ParseTemplateBehavior [ RunTime:0.005150s ]
INFO: [ view_parse ] --END-- [ RunTime:0.005204s ]
INFO: [ view_filter ] --START--
INFO: Run Behavior\WriteHtmlCacheBehavior [ RunTime:0.000127s ]
INFO: [ view_filter ] --END-- [ RunTime:0.000160s ]
INFO: [ app_end ] --START--
INFO: Run Behavior\ShowPageTraceBehavior [ RunTime:0.000386s ]
INFO: [ app_end ] --END-- [ RunTime:0.000422s ]

[ 2017-06-29T23:42:07+08:00 ] 14.17.37.72 /Home/Qingjie/index
INFO: [ app_init ] --START--
INFO: Run Behavior\BuildLiteBehavior [ RunTime:0.000013s ]
INFO: [ app_init ] --END-- [ RunTime:0.000278s ]
INFO: [ app_begin ] --START--
INFO: Run Behavior\ReadHtmlCacheBehavior [ RunTime:0.000349s ]
INFO: [ app_begin ] --END-- [ RunTime:0.000389s ]

[ 2017-06-29T23:42:08+08:00 ] 113.108.0.15 /Home/Control/index.html
INFO: [ app_init ] --START--
INFO: Run Behavior\BuildLiteBehavior [ RunTime:0.000014s ]
INFO: [ app_init ] --END-- [ RunTime:0.000287s ]
INFO: [ app_begin ] --START--
INFO: Run Behavior\ReadHtmlCacheBehavior [ RunTime:0.000372s ]
INFO: [ app_begin ] --END-- [ RunTime:0.000412s ]
NOTIC: [8] Undefined index: id /data/wwwroot/ceyuan1/Crm/Home/Controller/CommonController.class.php 第 34 行.
SQL: SHOW COLUMNS FROM `think_office` [ RunTime:0.0020s ]
SQL: SELECT `id`,`name` FROM `think_office`  [ RunTime:0.0003s ]
INFO: [ view_parse ] --START--
INFO: [ template_filter ] --START--
INFO: Run Behavior\ContentReplaceBehavior [ RunTime:0.000080s ]
INFO: [ template_filter ] --END-- [ RunTime:0.000126s ]
INFO: Run Behavior\ParseTemplateBehavior [ RunTime:0.009333s ]
INFO: [ view_parse ] --END-- [ RunTime:0.009387s ]
INFO: [ view_filter ] --START--
INFO: Run Behavior\WriteHtmlCacheBehavior [ RunTime:0.000129s ]
INFO: [ view_filter ] --END-- [ RunTime:0.000164s ]
INFO: [ app_end ] --START--
INFO: Run Behavior\ShowPageTraceBehavior [ RunTime:0.000405s ]
INFO: [ app_end ] --END-- [ RunTime:0.000445s ]

[ 2017-06-29T23:42:09+08:00 ] 14.17.37.72 /Home/Control/index/
INFO: [ app_init ] --START--
INFO: Run Behavior\BuildLiteBehavior [ RunTime:0.000015s ]
INFO: [ app_init ] --END-- [ RunTime:0.000293s ]
INFO: [ app_begin ] --START--
INFO: Run Behavior\ReadHtmlCacheBehavior [ RunTime:0.000372s ]
INFO: [ app_begin ] --END-- [ RunTime:0.000414s ]
NOTIC: [8] Undefined index: id /data/wwwroot/ceyuan1/Crm/Home/Controller/CommonController.class.php 第 34 行.
SQL: SHOW COLUMNS FROM `think_office` [ RunTime:0.0016s ]
SQL: SELECT `id`,`name` FROM `think_office`  [ RunTime:0.0002s ]
SQL: SHOW COLUMNS FROM `think_trouble` [ RunTime:0.0011s ]
SQL: SELECT DATE_FORMAT(FROM_UNIXTIME(addtime),"%Y-%m-%d")as addtime,`id`,`order`,`office`,`cishu`,`firstimg`,`lastimg` FROM `think_trouble` WHERE `state` = 0 ORDER BY id desc LIMIT 0,5   [ RunTime:0.0003s ]

[ 2017-06-29T23:42:15+08:00 ] 113.108.0.15 /Home/Control/index/
INFO: [ app_init ] --START--
INFO: Run Behavior\BuildLiteBehavior [ RunTime:0.000012s ]
INFO: [ app_init ] --END-- [ RunTime:0.000275s ]
INFO: [ app_begin ] --START--
INFO: Run Behavior\ReadHtmlCacheBehavior [ RunTime:0.000361s ]
INFO: [ app_begin ] --END-- [ RunTime:0.000401s ]
NOTIC: [8] Undefined index: id /data/wwwroot/ceyuan1/Crm/Home/Controller/CommonController.class.php 第 34 行.
SQL: SHOW COLUMNS FROM `think_office` [ RunTime:0.0017s ]
SQL: SELECT `id`,`name` FROM `think_office`  [ RunTime:0.0002s ]
SQL: SHOW COLUMNS FROM `think_trouble` [ RunTime:0.0011s ]
SQL: SELECT DATE_FORMAT(FROM_UNIXTIME(addtime),"%Y-%m-%d")as addtime,`id`,`order`,`office`,`cishu`,`firstimg`,`lastimg` FROM `think_trouble` WHERE `office` = '葵涌' AND `state` = 0 ORDER BY id desc LIMIT 0,5   [ RunTime:0.0003s ]

[ 2017-06-29T23:42:16+08:00 ] 14.17.37.72 /Home/Control/index/
INFO: [ app_init ] --START--
INFO: Run Behavior\BuildLiteBehavior [ RunTime:0.000013s ]
INFO: [ app_init ] --END-- [ RunTime:0.000303s ]
INFO: [ app_begin ] --START--
INFO: Run Behavior\ReadHtmlCacheBehavior [ RunTime:0.000341s ]
INFO: [ app_begin ] --END-- [ RunTime:0.000381s ]
NOTIC: [8] Undefined index: id /data/wwwroot/ceyuan1/Crm/Home/Controller/CommonController.class.php 第 34 行.
SQL: SHOW COLUMNS FROM `think_office` [ RunTime:0.0016s ]
SQL: SELECT `id`,`name` FROM `think_office`  [ RunTime:0.0002s ]
SQL: SHOW COLUMNS FROM `think_trouble` [ RunTime:0.0011s ]
SQL: SELECT DATE_FORMAT(FROM_UNIXTIME(addtime),"%Y-%m-%d")as addtime,`id`,`order`,`office`,`cishu`,`firstimg`,`lastimg` FROM `think_trouble` WHERE `office` = '葵涌' AND `state` = 2 ORDER BY id desc LIMIT 0,5   [ RunTime:0.0006s ]

[ 2017-06-29T23:42:20+08:00 ] 14.17.37.72 /Home/Control/index/
INFO: [ app_init ] --START--
INFO: Run Behavior\BuildLiteBehavior [ RunTime:0.000014s ]
INFO: [ app_init ] --END-- [ RunTime:0.000278s ]
INFO: [ app_begin ] --START--
INFO: Run Behavior\ReadHtmlCacheBehavior [ RunTime:0.000365s ]
INFO: [ app_begin ] --END-- [ RunTime:0.000406s ]
NOTIC: [8] Undefined index: id /data/wwwroot/ceyuan1/Crm/Home/Controller/CommonController.class.php 第 34 行.
SQL: SHOW COLUMNS FROM `think_office` [ RunTime:0.0018s ]
SQL: SELECT `id`,`name` FROM `think_office`  [ RunTime:0.0002s ]
SQL: SHOW COLUMNS FROM `think_trouble` [ RunTime:0.0011s ]
SQL: SELECT DATE_FORMAT(FROM_UNIXTIME(addtime),"%Y-%m-%d")as addtime,`id`,`order`,`office`,`cishu`,`firstimg`,`lastimg` FROM `think_trouble` WHERE `office` = '葵涌' AND `state` = 2 ORDER BY id asc LIMIT 0,5   [ RunTime:0.0003s ]

[ 2017-06-29T23:42:34+08:00 ] 113.108.0.15 /Home/Control/index/
INFO: [ app_init ] --START--
INFO: Run Behavior\BuildLiteBehavior [ RunTime:0.000015s ]
INFO: [ app_init ] --END-- [ RunTime:0.000291s ]
INFO: [ app_begin ] --START--
INFO: Run Behavior\ReadHtmlCacheBehavior [ RunTime:0.000356s ]
INFO: [ app_begin ] --END-- [ RunTime:0.000407s ]
NOTIC: [8] Undefined index: id /data/wwwroot/ceyuan1/Crm/Home/Controller/CommonController.class.php 第 34 行.
SQL: SHOW COLUMNS FROM `think_office` [ RunTime:0.0017s ]
SQL: SELECT `id`,`name` FROM `think_office`  [ RunTime:0.0002s ]
SQL: SHOW COLUMNS FROM `think_trouble` [ RunTime:0.0011s ]
SQL: SELECT DATE_FORMAT(FROM_UNIXTIME(addtime),"%Y-%m-%d")as addtime,`id`,`order`,`office`,`cishu`,`firstimg`,`lastimg` FROM `think_trouble` WHERE `office` = '葵涌' AND `state` = 2 ORDER BY id desc LIMIT 0,5   [ RunTime:0.0005s ]

[ 2017-06-29T23:42:54+08:00 ] 113.108.0.15 /Home/Control/index/
INFO: [ app_init ] --START--
INFO: Run Behavior\BuildLiteBehavior [ RunTime:0.000014s ]
INFO: [ app_init ] --END-- [ RunTime:0.000288s ]
INFO: [ app_begin ] --START--
INFO: Run Behavior\ReadHtmlCacheBehavior [ RunTime:0.000364s ]
INFO: [ app_begin ] --END-- [ RunTime:0.000405s ]
NOTIC: [8] Undefined index: id /data/wwwroot/ceyuan1/Crm/Home/Controller/CommonController.class.php 第 34 行.
SQL: SHOW COLUMNS FROM `think_office` [ RunTime:0.0018s ]
SQL: SELECT `id`,`name` FROM `think_office`  [ RunTime:0.0002s ]
SQL: SHOW COLUMNS FROM `think_trouble` [ RunTime:0.0011s ]
SQL: SELECT DATE_FORMAT(FROM_UNIXTIME(addtime),"%Y-%m-%d")as addtime,`id`,`order`,`office`,`cishu`,`firstimg`,`lastimg` FROM `think_trouble` WHERE `office` = '葵涌' AND `state` = 2 ORDER BY id desc LIMIT 5,5   [ RunTime:0.0006s ]

[ 2017-06-29T23:43:01+08:00 ] 113.108.0.15 /Home/Control/index/
INFO: [ app_init ] --START--
INFO: Run Behavior\BuildLiteBehavior [ RunTime:0.000015s ]
INFO: [ app_init ] --END-- [ RunTime:0.000288s ]
INFO: [ app_begin ] --START--
INFO: Run Behavior\ReadHtmlCacheBehavior [ RunTime:0.000361s ]
INFO: [ app_begin ] --END-- [ RunTime:0.000495s ]
NOTIC: [8] Undefined index: id /data/wwwroot/ceyuan1/Crm/Home/Controller/CommonController.class.php 第 34 行.
SQL: SHOW COLUMNS FROM `think_office` [ RunTime:0.0020s ]
SQL: SELECT `id`,`name` FROM `think_office`  [ RunTime:0.0002s ]
SQL: SHOW COLUMNS FROM `think_trouble` [ RunTime:0.0011s ]
SQL: SELECT DATE_FORMAT(FROM_UNIXTIME(addtime),"%Y-%m-%d")as addtime,`id`,`order`,`office`,`cishu`,`firstimg`,`lastimg` FROM `think_trouble` WHERE `office` = '葵涌' AND `state` = 2 ORDER BY id desc LIMIT 10,5   [ RunTime:0.0006s ]

[ 2017-06-29T23:43:20+08:00 ] 113.108.0.15 /Home/Control/index/
INFO: [ app_init ] --START--
INFO: Run Behavior\BuildLiteBehavior [ RunTime:0.000015s ]
INFO: [ app_init ] --END-- [ RunTime:0.000292s ]
INFO: [ app_begin ] --START--
INFO: Run Behavior\ReadHtmlCacheBehavior [ RunTime:0.000348s ]
INFO: [ app_begin ] --END-- [ RunTime:0.000389s ]
NOTIC: [8] Undefined index: id /data/wwwroot/ceyuan1/Crm/Home/Controller/CommonController.class.php 第 34 行.
SQL: SHOW COLUMNS FROM `think_office` [ RunTime:0.0017s ]
SQL: SELECT `id`,`name` FROM `think_office`  [ RunTime:0.0002s ]
SQL: SHOW COLUMNS FROM `think_trouble` [ RunTime:0.0011s ]
SQL: SELECT DATE_FORMAT(FROM_UNIXTIME(addtime),"%Y-%m-%d")as addtime,`id`,`order`,`office`,`cishu`,`firstimg`,`lastimg` FROM `think_trouble` WHERE `office` = '葵涌' AND `state` = 2 ORDER BY id desc LIMIT 15,5   [ RunTime:0.0007s ]

[ 2017-06-29T23:43:30+08:00 ] 113.108.0.15 /Home/Control/index/
INFO: [ app_init ] --START--
INFO: Run Behavior\BuildLiteBehavior [ RunTime:0.000016s ]
INFO: [ app_init ] --END-- [ RunTime:0.000290s ]
INFO: [ app_begin ] --START--
INFO: Run Behavior\ReadHtmlCacheBehavior [ RunTime:0.000352s ]
INFO: [ app_begin ] --END-- [ RunTime:0.000393s ]
NOTIC: [8] Undefined index: id /data/wwwroot/ceyuan1/Crm/Home/Controller/CommonController.class.php 第 34 行.
SQL: SHOW COLUMNS FROM `think_office` [ RunTime:0.0016s ]
SQL: SELECT `id`,`name` FROM `think_office`  [ RunTime:0.0002s ]
SQL: SHOW COLUMNS FROM `think_trouble` [ RunTime:0.0011s ]
SQL: SELECT DATE_FORMAT(FROM_UNIXTIME(addtime),"%Y-%m-%d")as addtime,`id`,`order`,`office`,`cishu`,`firstimg`,`lastimg` FROM `think_trouble` WHERE `office` = '葵涌' AND `state` = 1 ORDER BY id desc LIMIT 0,5   [ RunTime:0.0004s ]

[ 2017-06-29T23:43:32+08:00 ] 14.17.37.72 /Home/Control/index/
INFO: [ app_init ] --START--
INFO: Run Behavior\BuildLiteBehavior [ RunTime:0.000012s ]
INFO: [ app_init ] --END-- [ RunTime:0.000294s ]
INFO: [ app_begin ] --START--
INFO: Run Behavior\ReadHtmlCacheBehavior [ RunTime:0.000356s ]
INFO: [ app_begin ] --END-- [ RunTime:0.000400s ]
NOTIC: [8] Undefined index: id /data/wwwroot/ceyuan1/Crm/Home/Controller/CommonController.class.php 第 34 行.
SQL: SHOW COLUMNS FROM `think_office` [ RunTime:0.0018s ]
SQL: SELECT `id`,`name` FROM `think_office`  [ RunTime:0.0002s ]
SQL: SHOW COLUMNS FROM `think_trouble` [ RunTime:0.0013s ]
SQL: SELECT DATE_FORMAT(FROM_UNIXTIME(addtime),"%Y-%m-%d")as addtime,`id`,`order`,`office`,`cishu`,`firstimg`,`lastimg` FROM `think_trouble` WHERE `office` = '葵涌' AND `state` = 0 ORDER BY id desc LIMIT 0,5   [ RunTime:0.0004s ]

[ 2017-06-29T23:43:34+08:00 ] 113.108.0.15 /Home/Control/index/
INFO: [ app_init ] --START--
INFO: Run Behavior\BuildLiteBehavior [ RunTime:0.000013s ]
INFO: [ app_init ] --END-- [ RunTime:0.000303s ]
INFO: [ app_begin ] --START--
INFO: Run Behavior\ReadHtmlCacheBehavior [ RunTime:0.000362s ]
INFO: [ app_begin ] --END-- [ RunTime:0.000404s ]
NOTIC: [8] Undefined index: id /data/wwwroot/ceyuan1/Crm/Home/Controller/CommonController.class.php 第 34 行.
SQL: SHOW COLUMNS FROM `think_office` [ RunTime:0.0016s ]
SQL: SELECT `id`,`name` FROM `think_office`  [ RunTime:0.0002s ]
SQL: SHOW COLUMNS FROM `think_trouble` [ RunTime:0.0011s ]
SQL: SELECT DATE_FORMAT(FROM_UNIXTIME(addtime),"%Y-%m-%d")as addtime,`id`,`order`,`office`,`cishu`,`firstimg`,`lastimg` FROM `think_trouble` WHERE `office` = '葵涌' AND `state` = 0 ORDER BY id asc LIMIT 0,5   [ RunTime:0.0013s ]

[ 2017-06-29T23:43:36+08:00 ] 14.17.37.72 /Home/Control/index/
INFO: [ app_init ] --START--
INFO: Run Behavior\BuildLiteBehavior [ RunTime:0.000013s ]
INFO: [ app_init ] --END-- [ RunTime:0.000296s ]
INFO: [ app_begin ] --START--
INFO: Run Behavior\ReadHtmlCacheBehavior [ RunTime:0.000338s ]
INFO: [ app_begin ] --END-- [ RunTime:0.000378s ]
NOTIC: [8] Undefined index: id /data/wwwroot/ceyuan1/Crm/Home/Controller/CommonController.class.php 第 34 行.
SQL: SHOW COLUMNS FROM `think_office` [ RunTime:0.0104s ]
SQL: SELECT `id`,`name` FROM `think_office`  [ RunTime:0.0003s ]
SQL: SHOW COLUMNS FROM `think_trouble` [ RunTime:0.0013s ]
SQL: SELECT DATE_FORMAT(FROM_UNIXTIME(addtime),"%Y-%m-%d")as addtime,`id`,`order`,`office`,`cishu`,`firstimg`,`lastimg` FROM `think_trouble` WHERE `office` = '葵涌' AND `state` = 0 ORDER BY id asc LIMIT 5,5   [ RunTime:0.0021s ]

[ 2017-06-29T23:43:42+08:00 ] 14.17.37.72 /Home/Control/daifankuixq/id/1008
INFO: [ app_init ] --START--
INFO: Run Behavior\BuildLiteBehavior [ RunTime:0.000018s ]
INFO: [ app_init ] --END-- [ RunTime:0.000411s ]
INFO: [ app_begin ] --START--
INFO: Run Behavior\ReadHtmlCacheBehavior [ RunTime:0.000514s ]
INFO: [ app_begin ] --END-- [ RunTime:0.000572s ]
NOTIC: [8] Undefined index: id /data/wwwroot/ceyuan1/Crm/Home/Controller/CommonController.class.php 第 34 行.
SQL: SHOW COLUMNS FROM `think_trouble` [ RunTime:0.0017s ]
SQL: SELECT DATE_FORMAT(FROM_UNIXTIME(addtime),"%Y-%m-%d")as addtime,`id`,`order`,`place`,`question`,`office`,`cishu`,`firstimg` FROM `think_trouble` WHERE `id` = 1008 LIMIT 1   [ RunTime:0.0005s ]
SQL: SHOW COLUMNS FROM `think_troublelist` [ RunTime:0.0015s ]
SQL: SELECT * FROM `think_troublelist` WHERE `uid` = 1008 ORDER BY id desc  [ RunTime:0.0004s ]
INFO: [ view_parse ] --START--
INFO: [ template_filter ] --START--
INFO: Run Behavior\ContentReplaceBehavior [ RunTime:0.000056s ]
INFO: [ template_filter ] --END-- [ RunTime:0.000095s ]
NOTIC: [8] Undefined variable: troublelistres /data/wwwroot/ceyuan1/Crm/Runtime/Cache/Home/784e01ed2d0335cbc5ceea539478fde8.php 第 111 行.
NOTIC: [8] Undefined variable: troublelistres /data/wwwroot/ceyuan1/Crm/Runtime/Cache/Home/784e01ed2d0335cbc5ceea539478fde8.php 第 111 行.
INFO: Run Behavior\ParseTemplateBehavior [ RunTime:0.006334s ]
INFO: [ view_parse ] --END-- [ RunTime:0.006377s ]
INFO: [ view_filter ] --START--
INFO: Run Behavior\WriteHtmlCacheBehavior [ RunTime:0.000125s ]
INFO: [ view_filter ] --END-- [ RunTime:0.000158s ]
INFO: [ app_end ] --START--
INFO: Run Behavior\ShowPageTraceBehavior [ RunTime:0.000373s ]
INFO: [ app_end ] --END-- [ RunTime:0.000410s ]

[ 2017-06-29T23:43:45+08:00 ] 113.108.0.15 /Home/Control/zhenggaitijiao/id/1008
INFO: [ app_init ] --START--
INFO: Run Behavior\BuildLiteBehavior [ RunTime:0.000016s ]
INFO: [ app_init ] --END-- [ RunTime:0.000320s ]
INFO: [ app_begin ] --START--
INFO: Run Behavior\ReadHtmlCacheBehavior [ RunTime:0.000365s ]
INFO: [ app_begin ] --END-- [ RunTime:0.000405s ]
NOTIC: [8] Undefined index: id /data/wwwroot/ceyuan1/Crm/Home/Controller/CommonController.class.php 第 34 行.
SQL: SHOW COLUMNS FROM `think_trouble` [ RunTime:0.0017s ]
SQL: SELECT DATE_FORMAT(FROM_UNIXTIME(addtime),"%Y-%m-%d")as addtime,`place`,`question`,`id`,`order`,`office`,`cishu`,`firstimg` FROM `think_trouble` WHERE `id` = 1008 LIMIT 1   [ RunTime:0.0003s ]
INFO: [ view_parse ] --START--
INFO: [ template_filter ] --START--
INFO: Run Behavior\ContentReplaceBehavior [ RunTime:0.000068s ]
INFO: [ template_filter ] --END-- [ RunTime:0.000114s ]
INFO: Run Behavior\ParseTemplateBehavior [ RunTime:0.007862s ]
INFO: [ view_parse ] --END-- [ RunTime:0.007903s ]
INFO: [ view_filter ] --START--
INFO: Run Behavior\WriteHtmlCacheBehavior [ RunTime:0.000126s ]
INFO: [ view_filter ] --END-- [ RunTime:0.000161s ]
INFO: [ app_end ] --START--
INFO: Run Behavior\ShowPageTraceBehavior [ RunTime:0.000555s ]
INFO: [ app_end ] --END-- [ RunTime:0.000609s ]

[ 2017-06-29T23:43:54+08:00 ] 101.226.33.225 /Home/Control/zhenggaitijiao/id/1008
INFO: [ app_init ] --START--
INFO: Run Behavior\BuildLiteBehavior [ RunTime:0.000013s ]
INFO: [ app_init ] --END-- [ RunTime:0.000379s ]
INFO: [ app_begin ] --START--
INFO: Run Behavior\ReadHtmlCacheBehavior [ RunTime:0.000346s ]
INFO: [ app_begin ] --END-- [ RunTime:0.000385s ]
NOTIC: [8] Undefined index: id /data/wwwroot/ceyuan1/Crm/Home/Controller/CommonController.class.php 第 34 行.
NOTIC: [8] Undefined index: username /data/wwwroot/ceyuan1/Crm/Home/Controller/CommonController.class.php 第 35 行.
NOTIC: [8] Undefined index: password /data/wwwroot/ceyuan1/Crm/Home/Controller/CommonController.class.php 第 36 行.
SQL: SHOW COLUMNS FROM `think_user` [ RunTime:0.0016s ]
SQL: SELECT * FROM `think_user` LIMIT 1   [ RunTime:0.0002s ]
INFO: [ view_parse ] --START--
INFO: [ template_filter ] --START--
INFO: Run Behavior\ContentReplaceBehavior [ RunTime:0.000042s ]
INFO: [ template_filter ] --END-- [ RunTime:0.000081s ]
INFO: Run Behavior\ParseTemplateBehavior [ RunTime:0.004382s ]
INFO: [ view_parse ] --END-- [ RunTime:0.004424s ]
INFO: [ view_filter ] --START--
INFO: Run Behavior\WriteHtmlCacheBehavior [ RunTime:0.000126s ]
INFO: [ view_filter ] --END-- [ RunTime:0.000159s ]

[ 2017-06-29T23:44:13+08:00 ] 117.136.79.141 /Home/Control/zhenggaitijiao
INFO: [ app_init ] --START--
INFO: Run Behavior\BuildLiteBehavior [ RunTime:0.000014s ]
INFO: [ app_init ] --END-- [ RunTime:0.000276s ]
INFO: [ app_begin ] --START--
INFO: Run Behavior\ReadHtmlCacheBehavior [ RunTime:0.000369s ]
INFO: [ app_begin ] --END-- [ RunTime:0.000416s ]
NOTIC: [8] Undefined index: id /data/wwwroot/ceyuan1/Crm/Home/Controller/CommonController.class.php 第 34 行.
SQL: SHOW COLUMNS FROM `think_trouble` [ RunTime:0.0017s ]
SQL: SELECT DATE_FORMAT(FROM_UNIXTIME(addtime),"%Y-%m-%d")as addtime,`place`,`question`,`id`,`order`,`office`,`cishu`,`firstimg` FROM `think_trouble` WHERE `id` = 0 LIMIT 1   [ RunTime:0.0003s ]
SQL: SHOW COLUMNS FROM `think_troublelist` [ RunTime:0.0019s ]
SQL: SELECT * FROM `think_troublelist` WHERE `uid` = 1008  [ RunTime:0.0004s ]
SQL: INSERT INTO `think_troublelist` (`uid`,`addtime`,`upimg`,`remark`,`cishu`) VALUES ('1008','2017-06-29','/upload/20170629234413_.jpeg','','1') [ RunTime:0.0003s ]
SQL: UPDATE `think_trouble` SET `id`='1008',`cishu`=cishu+1,`lastimg`='/upload/20170629234413_.jpeg',`state`='1',`lasttime`='1498751053' WHERE ( id=1008 ) [ RunTime:0.0003s ]

[ 2017-06-29T23:44:14+08:00 ] 14.17.37.72 /Home/Control/zhenggaitijiaoaccess/
INFO: [ app_init ] --START--
INFO: Run Behavior\BuildLiteBehavior [ RunTime:0.000014s ]
INFO: [ app_init ] --END-- [ RunTime:0.000304s ]
INFO: [ app_begin ] --START--
INFO: Run Behavior\ReadHtmlCacheBehavior [ RunTime:0.000367s ]
INFO: [ app_begin ] --END-- [ RunTime:0.000407s ]
NOTIC: [8] Undefined index: id /data/wwwroot/ceyuan1/Crm/Home/Controller/CommonController.class.php 第 34 行.
INFO: [ view_parse ] --START--
INFO: [ template_filter ] --START--
INFO: Run Behavior\ContentReplaceBehavior [ RunTime:0.000047s ]
INFO: [ template_filter ] --END-- [ RunTime:0.000095s ]
INFO: Run Behavior\ParseTemplateBehavior [ RunTime:0.004889s ]
INFO: [ view_parse ] --END-- [ RunTime:0.004955s ]
INFO: [ view_filter ] --START--
INFO: Run Behavior\WriteHtmlCacheBehavior [ RunTime:0.000125s ]
INFO: [ view_filter ] --END-- [ RunTime:0.000158s ]
INFO: [ app_end ] --START--
INFO: Run Behavior\ShowPageTraceBehavior [ RunTime:0.000382s ]
INFO: [ app_end ] --END-- [ RunTime:0.000418s ]

[ 2017-06-29T23:44:17+08:00 ] 14.17.37.72 /Home/Control/index
INFO: [ app_init ] --START--
INFO: Run Behavior\BuildLiteBehavior [ RunTime:0.000015s ]
INFO: [ app_init ] --END-- [ RunTime:0.000312s ]
INFO: [ app_begin ] --START--
INFO: Run Behavior\ReadHtmlCacheBehavior [ RunTime:0.000350s ]
INFO: [ app_begin ] --END-- [ RunTime:0.000389s ]
NOTIC: [8] Undefined index: id /data/wwwroot/ceyuan1/Crm/Home/Controller/CommonController.class.php 第 34 行.
SQL: SHOW COLUMNS FROM `think_office` [ RunTime:0.0064s ]
SQL: SELECT `id`,`name` FROM `think_office`  [ RunTime:0.0003s ]
INFO: [ view_parse ] --START--
INFO: [ template_filter ] --START--
INFO: Run Behavior\ContentReplaceBehavior [ RunTime:0.000082s ]
INFO: [ template_filter ] --END-- [ RunTime:0.000141s ]
INFO: Run Behavior\ParseTemplateBehavior [ RunTime:0.009900s ]
INFO: [ view_parse ] --END-- [ RunTime:0.009952s ]
INFO: [ view_filter ] --START--
INFO: Run Behavior\WriteHtmlCacheBehavior [ RunTime:0.000134s ]
INFO: [ view_filter ] --END-- [ RunTime:0.000170s ]
INFO: [ app_end ] --START--
INFO: Run Behavior\ShowPageTraceBehavior [ RunTime:0.000393s ]
INFO: [ app_end ] --END-- [ RunTime:0.000434s ]

[ 2017-06-29T23:44:18+08:00 ] 14.17.37.72 /Home/Control/index/
INFO: [ app_init ] --START--
INFO: Run Behavior\BuildLiteBehavior [ RunTime:0.000016s ]
INFO: [ app_init ] --END-- [ RunTime:0.000338s ]
INFO: [ app_begin ] --START--
INFO: Run Behavior\ReadHtmlCacheBehavior [ RunTime:0.000561s ]
INFO: [ app_begin ] --END-- [ RunTime:0.000635s ]
NOTIC: [8] Undefined index: id /data/wwwroot/ceyuan1/Crm/Home/Controller/CommonController.class.php 第 34 行.
SQL: SHOW COLUMNS FROM `think_office` [ RunTime:0.0020s ]
SQL: SELECT `id`,`name` FROM `think_office`  [ RunTime:0.0002s ]
SQL: SHOW COLUMNS FROM `think_trouble` [ RunTime:0.0011s ]
SQL: SELECT DATE_FORMAT(FROM_UNIXTIME(addtime),"%Y-%m-%d")as addtime,`id`,`order`,`office`,`cishu`,`firstimg`,`lastimg` FROM `think_trouble` WHERE `state` = 0 ORDER BY id desc LIMIT 0,5   [ RunTime:0.0003s ]

[ 2017-06-29T23:44:20+08:00 ] 113.108.0.15 /Home/Control/index/
INFO: [ app_init ] --START--
INFO: Run Behavior\BuildLiteBehavior [ RunTime:0.000013s ]
INFO: [ app_init ] --END-- [ RunTime:0.000299s ]
INFO: [ app_begin ] --START--
INFO: Run Behavior\ReadHtmlCacheBehavior [ RunTime:0.000338s ]
INFO: [ app_begin ] --END-- [ RunTime:0.000379s ]
NOTIC: [8] Undefined index: id /data/wwwroot/ceyuan1/Crm/Home/Controller/CommonController.class.php 第 34 行.
SQL: SHOW COLUMNS FROM `think_office` [ RunTime:0.0017s ]
SQL: SELECT `id`,`name` FROM `think_office`  [ RunTime:0.0002s ]
SQL: SHOW COLUMNS FROM `think_trouble` [ RunTime:0.0011s ]
SQL: SELECT DATE_FORMAT(FROM_UNIXTIME(addtime),"%Y-%m-%d")as addtime,`id`,`order`,`office`,`cishu`,`firstimg`,`lastimg` FROM `think_trouble` WHERE `state` = 1 ORDER BY id desc LIMIT 0,5   [ RunTime:0.0004s ]

[ 2017-06-29T23:44:21+08:00 ] 113.108.0.15 /Home/Control/index/
INFO: [ app_init ] --START--
INFO: Run Behavior\BuildLiteBehavior [ RunTime:0.000013s ]
INFO: [ app_init ] --END-- [ RunTime:0.000282s ]
INFO: [ app_begin ] --START--
INFO: Run Behavior\ReadHtmlCacheBehavior [ RunTime:0.000344s ]
INFO: [ app_begin ] --END-- [ RunTime:0.000384s ]
NOTIC: [8] Undefined index: id /data/wwwroot/ceyuan1/Crm/Home/Controller/CommonController.class.php 第 34 行.
SQL: SHOW COLUMNS FROM `think_office` [ RunTime:0.0016s ]
SQL: SELECT `id`,`name` FROM `think_office`  [ RunTime:0.0002s ]
SQL: SHOW COLUMNS FROM `think_trouble` [ RunTime:0.0011s ]
SQL: SELECT DATE_FORMAT(FROM_UNIXTIME(addtime),"%Y-%m-%d")as addtime,`id`,`order`,`office`,`cishu`,`firstimg`,`lastimg` FROM `think_trouble` WHERE `state` = 0 ORDER BY id desc LIMIT 0,5   [ RunTime:0.0003s ]

[ 2017-06-29T23:44:23+08:00 ] 14.17.37.72 /Home/Control/index/
INFO: [ app_init ] --START--
INFO: Run Behavior\BuildLiteBehavior [ RunTime:0.000034s ]
INFO: [ app_init ] --END-- [ RunTime:0.000306s ]
INFO: [ app_begin ] --START--
INFO: Run Behavior\ReadHtmlCacheBehavior [ RunTime:0.000345s ]
INFO: [ app_begin ] --END-- [ RunTime:0.000388s ]
NOTIC: [8] Undefined index: id /data/wwwroot/ceyuan1/Crm/Home/Controller/CommonController.class.php 第 34 行.
SQL: SHOW COLUMNS FROM `think_office` [ RunTime:0.0016s ]
SQL: SELECT `id`,`name` FROM `think_office`  [ RunTime:0.0002s ]
SQL: SHOW COLUMNS FROM `think_trouble` [ RunTime:0.0011s ]
SQL: SELECT DATE_FORMAT(FROM_UNIXTIME(addtime),"%Y-%m-%d")as addtime,`id`,`order`,`office`,`cishu`,`firstimg`,`lastimg` FROM `think_trouble` WHERE `office` = '葵涌' AND `state` = 0 ORDER BY id desc LIMIT 0,5   [ RunTime:0.0004s ]

[ 2017-06-29T23:44:25+08:00 ] 14.17.37.72 /Home/Control/index/
INFO: [ app_init ] --START--
INFO: Run Behavior\BuildLiteBehavior [ RunTime:0.000013s ]
INFO: [ app_init ] --END-- [ RunTime:0.000301s ]
INFO: [ app_begin ] --START--
INFO: Run Behavior\ReadHtmlCacheBehavior [ RunTime:0.000337s ]
INFO: [ app_begin ] --END-- [ RunTime:0.000377s ]
NOTIC: [8] Undefined index: id /data/wwwroot/ceyuan1/Crm/Home/Controller/CommonController.class.php 第 34 行.
SQL: SHOW COLUMNS FROM `think_office` [ RunTime:0.0020s ]
SQL: SELECT `id`,`name` FROM `think_office`  [ RunTime:0.0003s ]
SQL: SHOW COLUMNS FROM `think_trouble` [ RunTime:0.0014s ]
SQL: SELECT DATE_FORMAT(FROM_UNIXTIME(addtime),"%Y-%m-%d")as addtime,`id`,`order`,`office`,`cishu`,`firstimg`,`lastimg` FROM `think_trouble` WHERE `office` = '葵涌' AND `state` = 0 ORDER BY id asc LIMIT 0,5   [ RunTime:0.0015s ]

[ 2017-06-29T23:44:27+08:00 ] 113.108.0.15 /Home/Control/index/
INFO: [ app_init ] --START--
INFO: Run Behavior\BuildLiteBehavior [ RunTime:0.000012s ]
INFO: [ app_init ] --END-- [ RunTime:0.000280s ]
INFO: [ app_begin ] --START--
INFO: Run Behavior\ReadHtmlCacheBehavior [ RunTime:0.000362s ]
INFO: [ app_begin ] --END-- [ RunTime:0.000403s ]
NOTIC: [8] Undefined index: id /data/wwwroot/ceyuan1/Crm/Home/Controller/CommonController.class.php 第 34 行.
SQL: SHOW COLUMNS FROM `think_office` [ RunTime:0.0017s ]
SQL: SELECT `id`,`name` FROM `think_office`  [ RunTime:0.0002s ]
SQL: SHOW COLUMNS FROM `think_trouble` [ RunTime:0.0012s ]
SQL: SELECT DATE_FORMAT(FROM_UNIXTIME(addtime),"%Y-%m-%d")as addtime,`id`,`order`,`office`,`cishu`,`firstimg`,`lastimg` FROM `think_trouble` WHERE `office` = '葵涌' AND `state` = 0 ORDER BY id asc LIMIT 5,5   [ RunTime:0.0027s ]

[ 2017-06-29T23:44:37+08:00 ] 14.17.37.72 /Home/Control/daifankuixq/id/1029
INFO: [ app_init ] --START--
INFO: Run Behavior\BuildLiteBehavior [ RunTime:0.000013s ]
INFO: [ app_init ] --END-- [ RunTime:0.000281s ]
INFO: [ app_begin ] --START--
INFO: Run Behavior\ReadHtmlCacheBehavior [ RunTime:0.000344s ]
INFO: [ app_begin ] --END-- [ RunTime:0.000383s ]
NOTIC: [8] Undefined index: id /data/wwwroot/ceyuan1/Crm/Home/Controller/CommonController.class.php 第 34 行.
SQL: SHOW COLUMNS FROM `think_trouble` [ RunTime:0.0017s ]
SQL: SELECT DATE_FORMAT(FROM_UNIXTIME(addtime),"%Y-%m-%d")as addtime,`id`,`order`,`place`,`question`,`office`,`cishu`,`firstimg` FROM `think_trouble` WHERE `id` = 1029 LIMIT 1   [ RunTime:0.0003s ]
SQL: SHOW COLUMNS FROM `think_troublelist` [ RunTime:0.0011s ]
SQL: SELECT * FROM `think_troublelist` WHERE `uid` = 1029 ORDER BY id desc  [ RunTime:0.0004s ]
INFO: [ view_parse ] --START--
INFO: [ template_filter ] --START--
INFO: Run Behavior\ContentReplaceBehavior [ RunTime:0.000053s ]
INFO: [ template_filter ] --END-- [ RunTime:0.000094s ]
NOTIC: [8] Undefined variable: troublelistres /data/wwwroot/ceyuan1/Crm/Runtime/Cache/Home/784e01ed2d0335cbc5ceea539478fde8.php 第 111 行.
NOTIC: [8] Undefined variable: troublelistres /data/wwwroot/ceyuan1/Crm/Runtime/Cache/Home/784e01ed2d0335cbc5ceea539478fde8.php 第 111 行.
INFO: Run Behavior\ParseTemplateBehavior [ RunTime:0.006152s ]
INFO: [ view_parse ] --END-- [ RunTime:0.006187s ]
INFO: [ view_filter ] --START--
INFO: Run Behavior\WriteHtmlCacheBehavior [ RunTime:0.000125s ]
INFO: [ view_filter ] --END-- [ RunTime:0.000159s ]
INFO: [ app_end ] --START--
INFO: Run Behavior\ShowPageTraceBehavior [ RunTime:0.000376s ]
INFO: [ app_end ] --END-- [ RunTime:0.000413s ]

[ 2017-06-29T23:44:39+08:00 ] 113.108.0.15 /Home/Control/zhenggaitijiao/id/1029
INFO: [ app_init ] --START--
INFO: Run Behavior\BuildLiteBehavior [ RunTime:0.000021s ]
INFO: [ app_init ] --END-- [ RunTime:0.000426s ]
INFO: [ app_begin ] --START--
INFO: Run Behavior\ReadHtmlCacheBehavior [ RunTime:0.000578s ]
INFO: [ app_begin ] --END-- [ RunTime:0.000669s ]
NOTIC: [8] Undefined index: id /data/wwwroot/ceyuan1/Crm/Home/Controller/CommonController.class.php 第 34 行.
SQL: SHOW COLUMNS FROM `think_trouble` [ RunTime:0.0018s ]
SQL: SELECT DATE_FORMAT(FROM_UNIXTIME(addtime),"%Y-%m-%d")as addtime,`place`,`question`,`id`,`order`,`office`,`cishu`,`firstimg` FROM `think_trouble` WHERE `id` = 1029 LIMIT 1   [ RunTime:0.0003s ]
INFO: [ view_parse ] --START--
INFO: [ template_filter ] --START--
INFO: Run Behavior\ContentReplaceBehavior [ RunTime:0.000068s ]
INFO: [ template_filter ] --END-- [ RunTime:0.000122s ]
INFO: Run Behavior\ParseTemplateBehavior [ RunTime:0.006813s ]
INFO: [ view_parse ] --END-- [ RunTime:0.006858s ]
INFO: [ view_filter ] --START--
INFO: Run Behavior\WriteHtmlCacheBehavior [ RunTime:0.000128s ]
INFO: [ view_filter ] --END-- [ RunTime:0.000164s ]
INFO: [ app_end ] --START--
INFO: Run Behavior\ShowPageTraceBehavior [ RunTime:0.000372s ]
INFO: [ app_end ] --END-- [ RunTime:0.000410s ]

[ 2017-06-29T23:44:46+08:00 ] 180.153.81.203 /Home/Control/daifankuixq/id/1029
INFO: [ app_init ] --START--
INFO: Run Behavior\BuildLiteBehavior [ RunTime:0.000014s ]
INFO: [ app_init ] --END-- [ RunTime:0.000302s ]
INFO: [ app_begin ] --START--
INFO: Run Behavior\ReadHtmlCacheBehavior [ RunTime:0.000375s ]
INFO: [ app_begin ] --END-- [ RunTime:0.000414s ]
NOTIC: [8] Undefined index: id /data/wwwroot/ceyuan1/Crm/Home/Controller/CommonController.class.php 第 34 行.
NOTIC: [8] Undefined index: username /data/wwwroot/ceyuan1/Crm/Home/Controller/CommonController.class.php 第 35 行.
NOTIC: [8] Undefined index: password /data/wwwroot/ceyuan1/Crm/Home/Controller/CommonController.class.php 第 36 行.
SQL: SHOW COLUMNS FROM `think_user` [ RunTime:0.0016s ]
SQL: SELECT * FROM `think_user` LIMIT 1   [ RunTime:0.0002s ]
INFO: [ view_parse ] --START--
INFO: [ template_filter ] --START--
INFO: Run Behavior\ContentReplaceBehavior [ RunTime:0.000043s ]
INFO: [ template_filter ] --END-- [ RunTime:0.000086s ]
INFO: Run Behavior\ParseTemplateBehavior [ RunTime:0.004362s ]
INFO: [ view_parse ] --END-- [ RunTime:0.004403s ]
INFO: [ view_filter ] --START--
INFO: Run Behavior\WriteHtmlCacheBehavior [ RunTime:0.000127s ]
INFO: [ view_filter ] --END-- [ RunTime:0.000163s ]

[ 2017-06-29T23:44:49+08:00 ] 101.226.99.196 /Home/Control/zhenggaitijiao/id/1029
INFO: [ app_init ] --START--
INFO: Run Behavior\BuildLiteBehavior [ RunTime:0.000014s ]
INFO: [ app_init ] --END-- [ RunTime:0.000277s ]
INFO: [ app_begin ] --START--
INFO: Run Behavior\ReadHtmlCacheBehavior [ RunTime:0.000341s ]
INFO: [ app_begin ] --END-- [ RunTime:0.000380s ]
NOTIC: [8] Undefined index: id /data/wwwroot/ceyuan1/Crm/Home/Controller/CommonController.class.php 第 34 行.
NOTIC: [8] Undefined index: username /data/wwwroot/ceyuan1/Crm/Home/Controller/CommonController.class.php 第 35 行.
NOTIC: [8] Undefined index: password /data/wwwroot/ceyuan1/Crm/Home/Controller/CommonController.class.php 第 36 行.
SQL: SHOW COLUMNS FROM `think_user` [ RunTime:0.0016s ]
SQL: SELECT * FROM `think_user` LIMIT 1   [ RunTime:0.0002s ]
INFO: [ view_parse ] --START--
INFO: [ template_filter ] --START--
INFO: Run Behavior\ContentReplaceBehavior [ RunTime:0.000042s ]
INFO: [ template_filter ] --END-- [ RunTime:0.000083s ]
INFO: Run Behavior\ParseTemplateBehavior [ RunTime:0.004331s ]
INFO: [ view_parse ] --END-- [ RunTime:0.004371s ]
INFO: [ view_filter ] --START--
INFO: Run Behavior\WriteHtmlCacheBehavior [ RunTime:0.000126s ]
INFO: [ view_filter ] --END-- [ RunTime:0.000158s ]

[ 2017-06-29T23:45:20+08:00 ] 117.136.79.141 /Home/Control/zhenggaitijiao
INFO: [ app_init ] --START--
INFO: Run Behavior\BuildLiteBehavior [ RunTime:0.000024s ]
INFO: [ app_init ] --END-- [ RunTime:0.000455s ]
INFO: [ app_begin ] --START--
INFO: Run Behavior\ReadHtmlCacheBehavior [ RunTime:0.000538s ]
INFO: [ app_begin ] --END-- [ RunTime:0.000601s ]
NOTIC: [8] Undefined index: id /data/wwwroot/ceyuan1/Crm/Home/Controller/CommonController.class.php 第 34 行.
SQL: SHOW COLUMNS FROM `think_trouble` [ RunTime:0.0017s ]
SQL: SELECT DATE_FORMAT(FROM_UNIXTIME(addtime),"%Y-%m-%d")as addtime,`place`,`question`,`id`,`order`,`office`,`cishu`,`firstimg` FROM `think_trouble` WHERE `id` = 0 LIMIT 1   [ RunTime:0.0003s ]
SQL: SHOW COLUMNS FROM `think_troublelist` [ RunTime:0.0018s ]
SQL: SELECT * FROM `think_troublelist` WHERE `uid` = 1029  [ RunTime:0.0004s ]
SQL: INSERT INTO `think_troublelist` (`uid`,`addtime`,`upimg`,`remark`,`cishu`) VALUES ('1029','2017-06-29','/upload/20170629234520_.jpeg','','1') [ RunTime:0.0003s ]
SQL: UPDATE `think_trouble` SET `id`='1029',`cishu`=cishu+1,`lastimg`='/upload/20170629234520_.jpeg',`state`='1',`lasttime`='1498751120' WHERE ( id=1029 ) [ RunTime:0.0003s ]

[ 2017-06-29T23:45:21+08:00 ] 113.108.0.15 /Home/Control/zhenggaitijiaoaccess/
INFO: [ app_init ] --START--
INFO: Run Behavior\BuildLiteBehavior [ RunTime:0.000013s ]
INFO: [ app_init ] --END-- [ RunTime:0.000298s ]
INFO: [ app_begin ] --START--
INFO: Run Behavior\ReadHtmlCacheBehavior [ RunTime:0.000458s ]
INFO: [ app_begin ] --END-- [ RunTime:0.000498s ]
NOTIC: [8] Undefined index: id /data/wwwroot/ceyuan1/Crm/Home/Controller/CommonController.class.php 第 34 行.
INFO: [ view_parse ] --START--
INFO: [ template_filter ] --START--
INFO: Run Behavior\ContentReplaceBehavior [ RunTime:0.000045s ]
INFO: [ template_filter ] --END-- [ RunTime:0.000094s ]
INFO: Run Behavior\ParseTemplateBehavior [ RunTime:0.004781s ]
INFO: [ view_parse ] --END-- [ RunTime:0.004839s ]
INFO: [ view_filter ] --START--
INFO: Run Behavior\WriteHtmlCacheBehavior [ RunTime:0.000122s ]
INFO: [ view_filter ] --END-- [ RunTime:0.000155s ]
INFO: [ app_end ] --START--
INFO: Run Behavior\ShowPageTraceBehavior [ RunTime:0.000376s ]
INFO: [ app_end ] --END-- [ RunTime:0.000413s ]

[ 2017-06-29T23:45:24+08:00 ] 14.17.37.72 /Home/Control/index
INFO: [ app_init ] --START--
INFO: Run Behavior\BuildLiteBehavior [ RunTime:0.000015s ]
INFO: [ app_init ] --END-- [ RunTime:0.000297s ]
INFO: [ app_begin ] --START--
INFO: Run Behavior\ReadHtmlCacheBehavior [ RunTime:0.000372s ]
INFO: [ app_begin ] --END-- [ RunTime:0.000412s ]
NOTIC: [8] Undefined index: id /data/wwwroot/ceyuan1/Crm/Home/Controller/CommonController.class.php 第 34 行.
SQL: SHOW COLUMNS FROM `think_office` [ RunTime:0.0016s ]
SQL: SELECT `id`,`name` FROM `think_office`  [ RunTime:0.0002s ]
INFO: [ view_parse ] --START--
INFO: [ template_filter ] --START--
INFO: Run Behavior\ContentReplaceBehavior [ RunTime:0.000081s ]
INFO: [ template_filter ] --END-- [ RunTime:0.000150s ]
INFO: Run Behavior\ParseTemplateBehavior [ RunTime:0.008106s ]
INFO: [ view_parse ] --END-- [ RunTime:0.008147s ]
INFO: [ view_filter ] --START--
INFO: Run Behavior\WriteHtmlCacheBehavior [ RunTime:0.000129s ]
INFO: [ view_filter ] --END-- [ RunTime:0.000164s ]
INFO: [ app_end ] --START--
INFO: Run Behavior\ShowPageTraceBehavior [ RunTime:0.000391s ]
INFO: [ app_end ] --END-- [ RunTime:0.000433s ]

[ 2017-06-29T23:45:25+08:00 ] 113.108.0.15 /Home/Control/index/
INFO: [ app_init ] --START--
INFO: Run Behavior\BuildLiteBehavior [ RunTime:0.000013s ]
INFO: [ app_init ] --END-- [ RunTime:0.000281s ]
INFO: [ app_begin ] --START--
INFO: Run Behavior\ReadHtmlCacheBehavior [ RunTime:0.000364s ]
INFO: [ app_begin ] --END-- [ RunTime:0.000404s ]
NOTIC: [8] Undefined index: id /data/wwwroot/ceyuan1/Crm/Home/Controller/CommonController.class.php 第 34 行.
SQL: SHOW COLUMNS FROM `think_office` [ RunTime:0.0016s ]
SQL: SELECT `id`,`name` FROM `think_office`  [ RunTime:0.0002s ]
SQL: SHOW COLUMNS FROM `think_trouble` [ RunTime:0.0011s ]
SQL: SELECT DATE_FORMAT(FROM_UNIXTIME(addtime),"%Y-%m-%d")as addtime,`id`,`order`,`office`,`cishu`,`firstimg`,`lastimg` FROM `think_trouble` WHERE `state` = 0 ORDER BY id desc LIMIT 0,5   [ RunTime:0.0004s ]

[ 2017-06-29T23:45:28+08:00 ] 14.17.37.72 /Home/Control/index/
INFO: [ app_init ] --START--
INFO: Run Behavior\BuildLiteBehavior [ RunTime:0.000013s ]
INFO: [ app_init ] --END-- [ RunTime:0.000286s ]
INFO: [ app_begin ] --START--
INFO: Run Behavior\ReadHtmlCacheBehavior [ RunTime:0.000341s ]
INFO: [ app_begin ] --END-- [ RunTime:0.000383s ]
NOTIC: [8] Undefined index: id /data/wwwroot/ceyuan1/Crm/Home/Controller/CommonController.class.php 第 34 行.
SQL: SHOW COLUMNS FROM `think_office` [ RunTime:0.0017s ]
SQL: SELECT `id`,`name` FROM `think_office`  [ RunTime:0.0002s ]
SQL: SHOW COLUMNS FROM `think_trouble` [ RunTime:0.0010s ]
SQL: SELECT DATE_FORMAT(FROM_UNIXTIME(addtime),"%Y-%m-%d")as addtime,`id`,`order`,`office`,`cishu`,`firstimg`,`lastimg` FROM `think_trouble` WHERE `office` = '葵涌' AND `state` = 0 ORDER BY id desc LIMIT 0,5   [ RunTime:0.0003s ]

[ 2017-06-29T23:45:31+08:00 ] 113.108.0.15 /Home/Control/index/
INFO: [ app_init ] --START--
INFO: Run Behavior\BuildLiteBehavior [ RunTime:0.000014s ]
INFO: [ app_init ] --END-- [ RunTime:0.000307s ]
INFO: [ app_begin ] --START--
INFO: Run Behavior\ReadHtmlCacheBehavior [ RunTime:0.000365s ]
INFO: [ app_begin ] --END-- [ RunTime:0.000407s ]
NOTIC: [8] Undefined index: id /data/wwwroot/ceyuan1/Crm/Home/Controller/CommonController.class.php 第 34 行.
SQL: SHOW COLUMNS FROM `think_office` [ RunTime:0.0018s ]
SQL: SELECT `id`,`name` FROM `think_office`  [ RunTime:0.0002s ]
SQL: SHOW COLUMNS FROM `think_trouble` [ RunTime:0.0011s ]
SQL: SELECT DATE_FORMAT(FROM_UNIXTIME(addtime),"%Y-%m-%d")as addtime,`id`,`order`,`office`,`cishu`,`firstimg`,`lastimg` FROM `think_trouble` WHERE `office` = '葵涌' AND `state` = 0 ORDER BY id asc LIMIT 0,5   [ RunTime:0.0013s ]

[ 2017-06-29T23:45:33+08:00 ] 14.17.37.72 /Home/Control/index/
INFO: [ app_init ] --START--
INFO: Run Behavior\BuildLiteBehavior [ RunTime:0.000015s ]
INFO: [ app_init ] --END-- [ RunTime:0.000288s ]
INFO: [ app_begin ] --START--
INFO: Run Behavior\ReadHtmlCacheBehavior [ RunTime:0.000390s ]
INFO: [ app_begin ] --END-- [ RunTime:0.000431s ]
NOTIC: [8] Undefined index: id /data/wwwroot/ceyuan1/Crm/Home/Controller/CommonController.class.php 第 34 行.
SQL: SHOW COLUMNS FROM `think_office` [ RunTime:0.0016s ]
SQL: SELECT `id`,`name` FROM `think_office`  [ RunTime:0.0002s ]
SQL: SHOW COLUMNS FROM `think_trouble` [ RunTime:0.0011s ]
SQL: SELECT DATE_FORMAT(FROM_UNIXTIME(addtime),"%Y-%m-%d")as addtime,`id`,`order`,`office`,`cishu`,`firstimg`,`lastimg` FROM `think_trouble` WHERE `office` = '葵涌' AND `state` = 0 ORDER BY id asc LIMIT 5,5   [ RunTime:0.0014s ]

[ 2017-06-29T23:45:41+08:00 ] 14.17.37.72 /Home/Control/daifankuixq/id/979
INFO: [ app_init ] --START--
INFO: Run Behavior\BuildLiteBehavior [ RunTime:0.000018s ]
INFO: [ app_init ] --END-- [ RunTime:0.000346s ]
INFO: [ app_begin ] --START--
INFO: Run Behavior\ReadHtmlCacheBehavior [ RunTime:0.000382s ]
INFO: [ app_begin ] --END-- [ RunTime:0.000423s ]
NOTIC: [8] Undefined index: id /data/wwwroot/ceyuan1/Crm/Home/Controller/CommonController.class.php 第 34 行.
SQL: SHOW COLUMNS FROM `think_trouble` [ RunTime:0.0017s ]
SQL: SELECT DATE_FORMAT(FROM_UNIXTIME(addtime),"%Y-%m-%d")as addtime,`id`,`order`,`place`,`question`,`office`,`cishu`,`firstimg` FROM `think_trouble` WHERE `id` = 979 LIMIT 1   [ RunTime:0.0005s ]
SQL: SHOW COLUMNS FROM `think_troublelist` [ RunTime:0.0016s ]
SQL: SELECT * FROM `think_troublelist` WHERE `uid` = 979 ORDER BY id desc  [ RunTime:0.0004s ]
INFO: [ view_parse ] --START--
INFO: [ template_filter ] --START--
INFO: Run Behavior\ContentReplaceBehavior [ RunTime:0.000056s ]
INFO: [ template_filter ] --END-- [ RunTime:0.000102s ]
NOTIC: [8] Undefined variable: troublelistres /data/wwwroot/ceyuan1/Crm/Runtime/Cache/Home/784e01ed2d0335cbc5ceea539478fde8.php 第 111 行.
NOTIC: [8] Undefined variable: troublelistres /data/wwwroot/ceyuan1/Crm/Runtime/Cache/Home/784e01ed2d0335cbc5ceea539478fde8.php 第 111 行.
INFO: Run Behavior\ParseTemplateBehavior [ RunTime:0.006382s ]
INFO: [ view_parse ] --END-- [ RunTime:0.006421s ]
INFO: [ view_filter ] --START--
INFO: Run Behavior\WriteHtmlCacheBehavior [ RunTime:0.000126s ]
INFO: [ view_filter ] --END-- [ RunTime:0.000161s ]
INFO: [ app_end ] --START--
INFO: Run Behavior\ShowPageTraceBehavior [ RunTime:0.000376s ]
INFO: [ app_end ] --END-- [ RunTime:0.000414s ]

[ 2017-06-29T23:45:49+08:00 ] 113.108.0.15 /Home/Control/zhenggaitijiao/id/979
INFO: [ app_init ] --START--
INFO: Run Behavior\BuildLiteBehavior [ RunTime:0.000014s ]
INFO: [ app_init ] --END-- [ RunTime:0.000286s ]
INFO: [ app_begin ] --START--
INFO: Run Behavior\ReadHtmlCacheBehavior [ RunTime:0.000374s ]
INFO: [ app_begin ] --END-- [ RunTime:0.000413s ]
NOTIC: [8] Undefined index: id /data/wwwroot/ceyuan1/Crm/Home/Controller/CommonController.class.php 第 34 行.
SQL: SHOW COLUMNS FROM `think_trouble` [ RunTime:0.0017s ]
SQL: SELECT DATE_FORMAT(FROM_UNIXTIME(addtime),"%Y-%m-%d")as addtime,`place`,`question`,`id`,`order`,`office`,`cishu`,`firstimg` FROM `think_trouble` WHERE `id` = 979 LIMIT 1   [ RunTime:0.0003s ]
INFO: [ view_parse ] --START--
INFO: [ template_filter ] --START--
INFO: Run Behavior\ContentReplaceBehavior [ RunTime:0.000070s ]
INFO: [ template_filter ] --END-- [ RunTime:0.000128s ]
INFO: Run Behavior\ParseTemplateBehavior [ RunTime:0.007828s ]
INFO: [ view_parse ] --END-- [ RunTime:0.007869s ]
INFO: [ view_filter ] --START--
INFO: Run Behavior\WriteHtmlCacheBehavior [ RunTime:0.000141s ]
INFO: [ view_filter ] --END-- [ RunTime:0.000176s ]
INFO: [ app_end ] --START--
INFO: Run Behavior\ShowPageTraceBehavior [ RunTime:0.000417s ]
INFO: [ app_end ] --END-- [ RunTime:0.000454s ]

[ 2017-06-29T23:45:59+08:00 ] 101.226.33.202 /Home/Control/zhenggaitijiao/id/979
INFO: [ app_init ] --START--
INFO: Run Behavior\BuildLiteBehavior [ RunTime:0.000014s ]
INFO: [ app_init ] --END-- [ RunTime:0.000280s ]
INFO: [ app_begin ] --START--
INFO: Run Behavior\ReadHtmlCacheBehavior [ RunTime:0.000344s ]
INFO: [ app_begin ] --END-- [ RunTime:0.000383s ]
NOTIC: [8] Undefined index: id /data/wwwroot/ceyuan1/Crm/Home/Controller/CommonController.class.php 第 34 行.
NOTIC: [8] Undefined index: username /data/wwwroot/ceyuan1/Crm/Home/Controller/CommonController.class.php 第 35 行.
NOTIC: [8] Undefined index: password /data/wwwroot/ceyuan1/Crm/Home/Controller/CommonController.class.php 第 36 行.
SQL: SHOW COLUMNS FROM `think_user` [ RunTime:0.0018s ]
SQL: SELECT * FROM `think_user` LIMIT 1   [ RunTime:0.0002s ]
INFO: [ view_parse ] --START--
INFO: [ template_filter ] --START--
INFO: Run Behavior\ContentReplaceBehavior [ RunTime:0.000073s ]
INFO: [ template_filter ] --END-- [ RunTime:0.000124s ]
INFO: Run Behavior\ParseTemplateBehavior [ RunTime:0.004783s ]
INFO: [ view_parse ] --END-- [ RunTime:0.004825s ]
INFO: [ view_filter ] --START--
INFO: Run Behavior\WriteHtmlCacheBehavior [ RunTime:0.000128s ]
INFO: [ view_filter ] --END-- [ RunTime:0.000161s ]

[ 2017-06-29T23:47:34+08:00 ] 113.108.0.15 /Home/Xuanze?from=groupmessage
INFO: [ app_init ] --START--
INFO: Run Behavior\BuildLiteBehavior [ RunTime:0.000017s ]
INFO: [ app_init ] --END-- [ RunTime:0.000293s ]
INFO: [ app_begin ] --START--
INFO: Run Behavior\ReadHtmlCacheBehavior [ RunTime:0.000351s ]
INFO: [ app_begin ] --END-- [ RunTime:0.000391s ]
INFO: [ view_parse ] --START--
INFO: [ template_filter ] --START--
INFO: Run Behavior\ContentReplaceBehavior [ RunTime:0.000052s ]
INFO: [ template_filter ] --END-- [ RunTime:0.000101s ]
INFO: Run Behavior\ParseTemplateBehavior [ RunTime:0.007070s ]
INFO: [ view_parse ] --END-- [ RunTime:0.007698s ]
INFO: [ view_filter ] --START--
INFO: Run Behavior\WriteHtmlCacheBehavior [ RunTime:0.000124s ]
INFO: [ view_filter ] --END-- [ RunTime:0.000157s ]
INFO: [ app_end ] --START--
INFO: Run Behavior\ShowPageTraceBehavior [ RunTime:0.000403s ]
INFO: [ app_end ] --END-- [ RunTime:0.000441s ]

[ 2017-06-29T23:47:38+08:00 ] 113.108.0.15 /Home/Qingjie/index
INFO: [ app_init ] --START--
INFO: Run Behavior\BuildLiteBehavior [ RunTime:0.000012s ]
INFO: [ app_init ] --END-- [ RunTime:0.000276s ]
INFO: [ app_begin ] --START--
INFO: Run Behavior\ReadHtmlCacheBehavior [ RunTime:0.000345s ]
INFO: [ app_begin ] --END-- [ RunTime:0.000386s ]

[ 2017-06-29T23:47:39+08:00 ] 113.108.0.15 /Home/Control/index.html
INFO: [ app_init ] --START--
INFO: Run Behavior\BuildLiteBehavior [ RunTime:0.000013s ]
INFO: [ app_init ] --END-- [ RunTime:0.000297s ]
INFO: [ app_begin ] --START--
INFO: Run Behavior\ReadHtmlCacheBehavior [ RunTime:0.000343s ]
INFO: [ app_begin ] --END-- [ RunTime:0.000382s ]
NOTIC: [8] Undefined index: id /data/wwwroot/ceyuan1/Crm/Home/Controller/CommonController.class.php 第 34 行.
SQL: SHOW COLUMNS FROM `think_office` [ RunTime:0.0016s ]
SQL: SELECT `id`,`name` FROM `think_office`  [ RunTime:0.0002s ]
INFO: [ view_parse ] --START--
INFO: [ template_filter ] --START--
INFO: Run Behavior\ContentReplaceBehavior [ RunTime:0.000081s ]
INFO: [ template_filter ] --END-- [ RunTime:0.000127s ]
INFO: Run Behavior\ParseTemplateBehavior [ RunTime:0.008841s ]
INFO: [ view_parse ] --END-- [ RunTime:0.008881s ]
INFO: [ view_filter ] --START--
INFO: Run Behavior\WriteHtmlCacheBehavior [ RunTime:0.000128s ]
INFO: [ view_filter ] --END-- [ RunTime:0.000163s ]
INFO: [ app_end ] --START--
INFO: Run Behavior\ShowPageTraceBehavior [ RunTime:0.000406s ]
INFO: [ app_end ] --END-- [ RunTime:0.000447s ]

[ 2017-06-29T23:47:40+08:00 ] 113.108.0.15 /Home/Control/index/
INFO: [ app_init ] --START--
INFO: Run Behavior\BuildLiteBehavior [ RunTime:0.000013s ]
INFO: [ app_init ] --END-- [ RunTime:0.000275s ]
INFO: [ app_begin ] --START--
INFO: Run Behavior\ReadHtmlCacheBehavior [ RunTime:0.000363s ]
INFO: [ app_begin ] --END-- [ RunTime:0.000404s ]
NOTIC: [8] Undefined index: id /data/wwwroot/ceyuan1/Crm/Home/Controller/CommonController.class.php 第 34 行.
SQL: SHOW COLUMNS FROM `think_office` [ RunTime:0.0016s ]
SQL: SELECT `id`,`name` FROM `think_office`  [ RunTime:0.0002s ]
SQL: SHOW COLUMNS FROM `think_trouble` [ RunTime:0.0011s ]
SQL: SELECT DATE_FORMAT(FROM_UNIXTIME(addtime),"%Y-%m-%d")as addtime,`id`,`order`,`office`,`cishu`,`firstimg`,`lastimg` FROM `think_trouble` WHERE `state` = 0 ORDER BY id desc LIMIT 0,5   [ RunTime:0.0003s ]

[ 2017-06-29T23:47:43+08:00 ] 113.108.0.15 /Home/Control/index/
INFO: [ app_init ] --START--
INFO: Run Behavior\BuildLiteBehavior [ RunTime:0.000013s ]
INFO: [ app_init ] --END-- [ RunTime:0.000279s ]
INFO: [ app_begin ] --START--
INFO: Run Behavior\ReadHtmlCacheBehavior [ RunTime:0.000340s ]
INFO: [ app_begin ] --END-- [ RunTime:0.000380s ]
NOTIC: [8] Undefined index: id /data/wwwroot/ceyuan1/Crm/Home/Controller/CommonController.class.php 第 34 行.
SQL: SHOW COLUMNS FROM `think_office` [ RunTime:0.0021s ]
SQL: SELECT `id`,`name` FROM `think_office`  [ RunTime:0.0002s ]
SQL: SHOW COLUMNS FROM `think_trouble` [ RunTime:0.0010s ]
SQL: SELECT DATE_FORMAT(FROM_UNIXTIME(addtime),"%Y-%m-%d")as addtime,`id`,`order`,`office`,`cishu`,`firstimg`,`lastimg` FROM `think_trouble` WHERE `office` = '葵涌' AND `state` = 0 ORDER BY id desc LIMIT 0,5   [ RunTime:0.0003s ]

[ 2017-06-29T23:47:45+08:00 ] 113.108.0.15 /Home/Control/index/
INFO: [ app_init ] --START--
INFO: Run Behavior\BuildLiteBehavior [ RunTime:0.000014s ]
INFO: [ app_init ] --END-- [ RunTime:0.000292s ]
INFO: [ app_begin ] --START--
INFO: Run Behavior\ReadHtmlCacheBehavior [ RunTime:0.000350s ]
INFO: [ app_begin ] --END-- [ RunTime:0.000392s ]
NOTIC: [8] Undefined index: id /data/wwwroot/ceyuan1/Crm/Home/Controller/CommonController.class.php 第 34 行.
SQL: SHOW COLUMNS FROM `think_office` [ RunTime:0.0018s ]
SQL: SELECT `id`,`name` FROM `think_office`  [ RunTime:0.0002s ]
SQL: SHOW COLUMNS FROM `think_trouble` [ RunTime:0.0011s ]
SQL: SELECT DATE_FORMAT(FROM_UNIXTIME(addtime),"%Y-%m-%d")as addtime,`id`,`order`,`office`,`cishu`,`firstimg`,`lastimg` FROM `think_trouble` WHERE `office` = '葵涌' AND `state` = 0 ORDER BY id asc LIMIT 0,5   [ RunTime:0.0013s ]

[ 2017-06-29T23:47:47+08:00 ] 14.17.37.72 /Home/Control/index/
INFO: [ app_init ] --START--
INFO: Run Behavior\BuildLiteBehavior [ RunTime:0.000016s ]
INFO: [ app_init ] --END-- [ RunTime:0.000313s ]
INFO: [ app_begin ] --START--
INFO: Run Behavior\ReadHtmlCacheBehavior [ RunTime:0.000364s ]
INFO: [ app_begin ] --END-- [ RunTime:0.000405s ]
NOTIC: [8] Undefined index: id /data/wwwroot/ceyuan1/Crm/Home/Controller/CommonController.class.php 第 34 行.
SQL: SHOW COLUMNS FROM `think_office` [ RunTime:0.0019s ]
SQL: SELECT `id`,`name` FROM `think_office`  [ RunTime:0.0002s ]
SQL: SHOW COLUMNS FROM `think_trouble` [ RunTime:0.0011s ]
SQL: SELECT DATE_FORMAT(FROM_UNIXTIME(addtime),"%Y-%m-%d")as addtime,`id`,`order`,`office`,`cishu`,`firstimg`,`lastimg` FROM `think_trouble` WHERE `office` = '葵涌' AND `state` = 0 ORDER BY id asc LIMIT 5,5   [ RunTime:0.0014s ]

[ 2017-06-29T23:47:54+08:00 ] 14.17.37.72 /Home/Control/index/
INFO: [ app_init ] --START--
INFO: Run Behavior\BuildLiteBehavior [ RunTime:0.000013s ]
INFO: [ app_init ] --END-- [ RunTime:0.000281s ]
INFO: [ app_begin ] --START--
INFO: Run Behavior\ReadHtmlCacheBehavior [ RunTime:0.000366s ]
INFO: [ app_begin ] --END-- [ RunTime:0.000407s ]
NOTIC: [8] Undefined index: id /data/wwwroot/ceyuan1/Crm/Home/Controller/CommonController.class.php 第 34 行.
SQL: SHOW COLUMNS FROM `think_office` [ RunTime:0.0017s ]
SQL: SELECT `id`,`name` FROM `think_office`  [ RunTime:0.0002s ]
SQL: SHOW COLUMNS FROM `think_trouble` [ RunTime:0.0010s ]
SQL: SELECT DATE_FORMAT(FROM_UNIXTIME(addtime),"%Y-%m-%d")as addtime,`id`,`order`,`office`,`cishu`,`firstimg`,`lastimg` FROM `think_trouble` WHERE `office` = '葵涌' AND `state` = 0 ORDER BY id asc LIMIT 10,5   [ RunTime:0.0014s ]

[ 2017-06-29T23:48:00+08:00 ] 14.17.37.72 /Home/Control/daifankuixq/id/1036
INFO: [ app_init ] --START--
INFO: Run Behavior\BuildLiteBehavior [ RunTime:0.000015s ]
INFO: [ app_init ] --END-- [ RunTime:0.000285s ]
INFO: [ app_begin ] --START--
INFO: Run Behavior\ReadHtmlCacheBehavior [ RunTime:0.000346s ]
INFO: [ app_begin ] --END-- [ RunTime:0.000386s ]
NOTIC: [8] Undefined index: id /data/wwwroot/ceyuan1/Crm/Home/Controller/CommonController.class.php 第 34 行.
SQL: SHOW COLUMNS FROM `think_trouble` [ RunTime:0.0017s ]
SQL: SELECT DATE_FORMAT(FROM_UNIXTIME(addtime),"%Y-%m-%d")as addtime,`id`,`order`,`place`,`question`,`office`,`cishu`,`firstimg` FROM `think_trouble` WHERE `id` = 1036 LIMIT 1   [ RunTime:0.0003s ]
SQL: SHOW COLUMNS FROM `think_troublelist` [ RunTime:0.0011s ]
SQL: SELECT * FROM `think_troublelist` WHERE `uid` = 1036 ORDER BY id desc  [ RunTime:0.0004s ]
INFO: [ view_parse ] --START--
INFO: [ template_filter ] --START--
INFO: Run Behavior\ContentReplaceBehavior [ RunTime:0.000054s ]
INFO: [ template_filter ] --END-- [ RunTime:0.000098s ]
NOTIC: [8] Undefined variable: troublelistres /data/wwwroot/ceyuan1/Crm/Runtime/Cache/Home/784e01ed2d0335cbc5ceea539478fde8.php 第 111 行.
NOTIC: [8] Undefined variable: troublelistres /data/wwwroot/ceyuan1/Crm/Runtime/Cache/Home/784e01ed2d0335cbc5ceea539478fde8.php 第 111 行.
INFO: Run Behavior\ParseTemplateBehavior [ RunTime:0.006569s ]
INFO: [ view_parse ] --END-- [ RunTime:0.006608s ]
INFO: [ view_filter ] --START--
INFO: Run Behavior\WriteHtmlCacheBehavior [ RunTime:0.000126s ]
INFO: [ view_filter ] --END-- [ RunTime:0.000160s ]
INFO: [ app_end ] --START--
INFO: Run Behavior\ShowPageTraceBehavior [ RunTime:0.000403s ]
INFO: [ app_end ] --END-- [ RunTime:0.000438s ]

[ 2017-06-29T23:48:02+08:00 ] 14.17.37.72 /Home/Control/zhenggaitijiao/id/1036
INFO: [ app_init ] --START--
INFO: Run Behavior\BuildLiteBehavior [ RunTime:0.000015s ]
INFO: [ app_init ] --END-- [ RunTime:0.000286s ]
INFO: [ app_begin ] --START--
INFO: Run Behavior\ReadHtmlCacheBehavior [ RunTime:0.000350s ]
INFO: [ app_begin ] --END-- [ RunTime:0.000389s ]
NOTIC: [8] Undefined index: id /data/wwwroot/ceyuan1/Crm/Home/Controller/CommonController.class.php 第 34 行.
SQL: SHOW COLUMNS FROM `think_trouble` [ RunTime:0.0017s ]
SQL: SELECT DATE_FORMAT(FROM_UNIXTIME(addtime),"%Y-%m-%d")as addtime,`place`,`question`,`id`,`order`,`office`,`cishu`,`firstimg` FROM `think_trouble` WHERE `id` = 1036 LIMIT 1   [ RunTime:0.0003s ]
INFO: [ view_parse ] --START--
INFO: [ template_filter ] --START--
INFO: Run Behavior\ContentReplaceBehavior [ RunTime:0.000066s ]
INFO: [ template_filter ] --END-- [ RunTime:0.000110s ]
INFO: Run Behavior\ParseTemplateBehavior [ RunTime:0.006466s ]
INFO: [ view_parse ] --END-- [ RunTime:0.006509s ]
INFO: [ view_filter ] --START--
INFO: Run Behavior\WriteHtmlCacheBehavior [ RunTime:0.000125s ]
INFO: [ view_filter ] --END-- [ RunTime:0.000160s ]
INFO: [ app_end ] --START--
INFO: Run Behavior\ShowPageTraceBehavior [ RunTime:0.000375s ]
INFO: [ app_end ] --END-- [ RunTime:0.000415s ]

[ 2017-06-29T23:48:59+08:00 ] 117.136.79.141 /Home/Control/zhenggaitijiao
INFO: [ app_init ] --START--
INFO: Run Behavior\BuildLiteBehavior [ RunTime:0.000019s ]
INFO: [ app_init ] --END-- [ RunTime:0.000463s ]
INFO: [ app_begin ] --START--
INFO: Run Behavior\ReadHtmlCacheBehavior [ RunTime:0.000563s ]
INFO: [ app_begin ] --END-- [ RunTime:0.000659s ]
NOTIC: [8] Undefined index: id /data/wwwroot/ceyuan1/Crm/Home/Controller/CommonController.class.php 第 34 行.
SQL: SHOW COLUMNS FROM `think_trouble` [ RunTime:0.0017s ]
SQL: SELECT DATE_FORMAT(FROM_UNIXTIME(addtime),"%Y-%m-%d")as addtime,`place`,`question`,`id`,`order`,`office`,`cishu`,`firstimg` FROM `think_trouble` WHERE `id` = 0 LIMIT 1   [ RunTime:0.0003s ]
SQL: SHOW COLUMNS FROM `think_troublelist` [ RunTime:0.0019s ]
SQL: SELECT * FROM `think_troublelist` WHERE `uid` = 1036  [ RunTime:0.0004s ]
SQL: INSERT INTO `think_troublelist` (`uid`,`addtime`,`upimg`,`remark`,`cishu`) VALUES ('1036','2017-06-29','/upload/20170629234859_.jpeg','','1') [ RunTime:0.0003s ]
SQL: UPDATE `think_trouble` SET `id`='1036',`cishu`=cishu+1,`lastimg`='/upload/20170629234859_.jpeg',`state`='1',`lasttime`='1498751339' WHERE ( id=1036 ) [ RunTime:0.0003s ]

[ 2017-06-29T23:49:01+08:00 ] 113.108.0.15 /Home/Control/zhenggaitijiaoaccess/
INFO: [ app_init ] --START--
INFO: Run Behavior\BuildLiteBehavior [ RunTime:0.000016s ]
INFO: [ app_init ] --END-- [ RunTime:0.000297s ]
INFO: [ app_begin ] --START--
INFO: Run Behavior\ReadHtmlCacheBehavior [ RunTime:0.000417s ]
INFO: [ app_begin ] --END-- [ RunTime:0.000458s ]
NOTIC: [8] Undefined index: id /data/wwwroot/ceyuan1/Crm/Home/Controller/CommonController.class.php 第 34 行.
INFO: [ view_parse ] --START--
INFO: [ template_filter ] --START--
INFO: Run Behavior\ContentReplaceBehavior [ RunTime:0.000045s ]
INFO: [ template_filter ] --END-- [ RunTime:0.000093s ]
INFO: Run Behavior\ParseTemplateBehavior [ RunTime:0.004698s ]
INFO: [ view_parse ] --END-- [ RunTime:0.004741s ]
INFO: [ view_filter ] --START--
INFO: Run Behavior\WriteHtmlCacheBehavior [ RunTime:0.000133s ]
INFO: [ view_filter ] --END-- [ RunTime:0.000187s ]
INFO: [ app_end ] --START--
INFO: Run Behavior\ShowPageTraceBehavior [ RunTime:0.000385s ]
INFO: [ app_end ] --END-- [ RunTime:0.000421s ]

[ 2017-06-29T23:49:04+08:00 ] 14.17.37.72 /Home/Control/index
INFO: [ app_init ] --START--
INFO: Run Behavior\BuildLiteBehavior [ RunTime:0.000013s ]
INFO: [ app_init ] --END-- [ RunTime:0.000289s ]
INFO: [ app_begin ] --START--
INFO: Run Behavior\ReadHtmlCacheBehavior [ RunTime:0.000368s ]
INFO: [ app_begin ] --END-- [ RunTime:0.000408s ]
NOTIC: [8] Undefined index: id /data/wwwroot/ceyuan1/Crm/Home/Controller/CommonController.class.php 第 34 行.
SQL: SHOW COLUMNS FROM `think_office` [ RunTime:0.0017s ]
SQL: SELECT `id`,`name` FROM `think_office`  [ RunTime:0.0002s ]
INFO: [ view_parse ] --START--
INFO: [ template_filter ] --START--
INFO: Run Behavior\ContentReplaceBehavior [ RunTime:0.000080s ]
INFO: [ template_filter ] --END-- [ RunTime:0.000128s ]
INFO: Run Behavior\ParseTemplateBehavior [ RunTime:0.008300s ]
INFO: [ view_parse ] --END-- [ RunTime:0.008342s ]
INFO: [ view_filter ] --START--
INFO: Run Behavior\WriteHtmlCacheBehavior [ RunTime:0.000132s ]
INFO: [ view_filter ] --END-- [ RunTime:0.000168s ]
INFO: [ app_end ] --START--
INFO: Run Behavior\ShowPageTraceBehavior [ RunTime:0.000597s ]
INFO: [ app_end ] --END-- [ RunTime:0.000677s ]

[ 2017-06-29T23:49:05+08:00 ] 14.17.37.72 /Home/Control/index/
INFO: [ app_init ] --START--
INFO: Run Behavior\BuildLiteBehavior [ RunTime:0.000016s ]
INFO: [ app_init ] --END-- [ RunTime:0.000293s ]
INFO: [ app_begin ] --START--
INFO: Run Behavior\ReadHtmlCacheBehavior [ RunTime:0.000371s ]
INFO: [ app_begin ] --END-- [ RunTime:0.000412s ]
NOTIC: [8] Undefined index: id /data/wwwroot/ceyuan1/Crm/Home/Controller/CommonController.class.php 第 34 行.
SQL: SHOW COLUMNS FROM `think_office` [ RunTime:0.0016s ]
SQL: SELECT `id`,`name` FROM `think_office`  [ RunTime:0.0002s ]
SQL: SHOW COLUMNS FROM `think_trouble` [ RunTime:0.0010s ]
SQL: SELECT DATE_FORMAT(FROM_UNIXTIME(addtime),"%Y-%m-%d")as addtime,`id`,`order`,`office`,`cishu`,`firstimg`,`lastimg` FROM `think_trouble` WHERE `state` = 0 ORDER BY id desc LIMIT 0,5   [ RunTime:0.0003s ]

[ 2017-06-29T23:49:07+08:00 ] 113.108.0.15 /Home/Control/index/
INFO: [ app_init ] --START--
INFO: Run Behavior\BuildLiteBehavior [ RunTime:0.000013s ]
INFO: [ app_init ] --END-- [ RunTime:0.000280s ]
INFO: [ app_begin ] --START--
INFO: Run Behavior\ReadHtmlCacheBehavior [ RunTime:0.000340s ]
INFO: [ app_begin ] --END-- [ RunTime:0.000380s ]
NOTIC: [8] Undefined index: id /data/wwwroot/ceyuan1/Crm/Home/Controller/CommonController.class.php 第 34 行.
SQL: SHOW COLUMNS FROM `think_office` [ RunTime:0.0088s ]
SQL: SELECT `id`,`name` FROM `think_office`  [ RunTime:0.0003s ]
SQL: SHOW COLUMNS FROM `think_trouble` [ RunTime:0.0014s ]
SQL: SELECT DATE_FORMAT(FROM_UNIXTIME(addtime),"%Y-%m-%d")as addtime,`id`,`order`,`office`,`cishu`,`firstimg`,`lastimg` FROM `think_trouble` WHERE `office` = '葵涌' AND `state` = 0 ORDER BY id desc LIMIT 0,5   [ RunTime:0.0004s ]

[ 2017-06-29T23:49:09+08:00 ] 14.17.37.72 /Home/Control/index/
INFO: [ app_init ] --START--
INFO: Run Behavior\BuildLiteBehavior [ RunTime:0.000014s ]
INFO: [ app_init ] --END-- [ RunTime:0.000284s ]
INFO: [ app_begin ] --START--
INFO: Run Behavior\ReadHtmlCacheBehavior [ RunTime:0.000348s ]
INFO: [ app_begin ] --END-- [ RunTime:0.000389s ]
NOTIC: [8] Undefined index: id /data/wwwroot/ceyuan1/Crm/Home/Controller/CommonController.class.php 第 34 行.
SQL: SHOW COLUMNS FROM `think_office` [ RunTime:0.0016s ]
SQL: SELECT `id`,`name` FROM `think_office`  [ RunTime:0.0002s ]
SQL: SHOW COLUMNS FROM `think_trouble` [ RunTime:0.0010s ]
SQL: SELECT DATE_FORMAT(FROM_UNIXTIME(addtime),"%Y-%m-%d")as addtime,`id`,`order`,`office`,`cishu`,`firstimg`,`lastimg` FROM `think_trouble` WHERE `office` = '葵涌' AND `state` = 0 ORDER BY id asc LIMIT 0,5   [ RunTime:0.0013s ]

[ 2017-06-29T23:49:11+08:00 ] 14.17.37.72 /Home/Control/index/
INFO: [ app_init ] --START--
INFO: Run Behavior\BuildLiteBehavior [ RunTime:0.000014s ]
INFO: [ app_init ] --END-- [ RunTime:0.000292s ]
INFO: [ app_begin ] --START--
INFO: Run Behavior\ReadHtmlCacheBehavior [ RunTime:0.000344s ]
INFO: [ app_begin ] --END-- [ RunTime:0.000387s ]
NOTIC: [8] Undefined index: id /data/wwwroot/ceyuan1/Crm/Home/Controller/CommonController.class.php 第 34 行.
SQL: SHOW COLUMNS FROM `think_office` [ RunTime:0.0017s ]
SQL: SELECT `id`,`name` FROM `think_office`  [ RunTime:0.0002s ]
SQL: SHOW COLUMNS FROM `think_trouble` [ RunTime:0.0017s ]
SQL: SELECT DATE_FORMAT(FROM_UNIXTIME(addtime),"%Y-%m-%d")as addtime,`id`,`order`,`office`,`cishu`,`firstimg`,`lastimg` FROM `think_trouble` WHERE `office` = '葵涌' AND `state` = 0 ORDER BY id asc LIMIT 5,5   [ RunTime:0.0015s ]

[ 2017-06-29T23:49:21+08:00 ] 113.108.0.15 /Home/Control/daifankuixq/id/979
INFO: [ app_init ] --START--
INFO: Run Behavior\BuildLiteBehavior [ RunTime:0.000012s ]
INFO: [ app_init ] --END-- [ RunTime:0.000281s ]
INFO: [ app_begin ] --START--
INFO: Run Behavior\ReadHtmlCacheBehavior [ RunTime:0.000348s ]
INFO: [ app_begin ] --END-- [ RunTime:0.000388s ]
NOTIC: [8] Undefined index: id /data/wwwroot/ceyuan1/Crm/Home/Controller/CommonController.class.php 第 34 行.
SQL: SHOW COLUMNS FROM `think_trouble` [ RunTime:0.0020s ]
SQL: SELECT DATE_FORMAT(FROM_UNIXTIME(addtime),"%Y-%m-%d")as addtime,`id`,`order`,`place`,`question`,`office`,`cishu`,`firstimg` FROM `think_trouble` WHERE `id` = 979 LIMIT 1   [ RunTime:0.0003s ]
SQL: SHOW COLUMNS FROM `think_troublelist` [ RunTime:0.0011s ]
SQL: SELECT * FROM `think_troublelist` WHERE `uid` = 979 ORDER BY id desc  [ RunTime:0.0004s ]
INFO: [ view_parse ] --START--
INFO: [ template_filter ] --START--
INFO: Run Behavior\ContentReplaceBehavior [ RunTime:0.000057s ]
INFO: [ template_filter ] --END-- [ RunTime:0.000099s ]
NOTIC: [8] Undefined variable: troublelistres /data/wwwroot/ceyuan1/Crm/Runtime/Cache/Home/784e01ed2d0335cbc5ceea539478fde8.php 第 111 行.
NOTIC: [8] Undefined variable: troublelistres /data/wwwroot/ceyuan1/Crm/Runtime/Cache/Home/784e01ed2d0335cbc5ceea539478fde8.php 第 111 行.
INFO: Run Behavior\ParseTemplateBehavior [ RunTime:0.006259s ]
INFO: [ view_parse ] --END-- [ RunTime:0.006296s ]
INFO: [ view_filter ] --START--
INFO: Run Behavior\WriteHtmlCacheBehavior [ RunTime:0.000145s ]
INFO: [ view_filter ] --END-- [ RunTime:0.000179s ]
INFO: [ app_end ] --START--
INFO: Run Behavior\ShowPageTraceBehavior [ RunTime:0.000380s ]
INFO: [ app_end ] --END-- [ RunTime:0.000417s ]

[ 2017-06-29T23:49:24+08:00 ] 14.17.37.72 /Home/Control/zhenggaitijiao/id/979
INFO: [ app_init ] --START--
INFO: Run Behavior\BuildLiteBehavior [ RunTime:0.000013s ]
INFO: [ app_init ] --END-- [ RunTime:0.000299s ]
INFO: [ app_begin ] --START--
INFO: Run Behavior\ReadHtmlCacheBehavior [ RunTime:0.000347s ]
INFO: [ app_begin ] --END-- [ RunTime:0.000408s ]
NOTIC: [8] Undefined index: id /data/wwwroot/ceyuan1/Crm/Home/Controller/CommonController.class.php 第 34 行.
SQL: SHOW COLUMNS FROM `think_trouble` [ RunTime:0.0017s ]
SQL: SELECT DATE_FORMAT(FROM_UNIXTIME(addtime),"%Y-%m-%d")as addtime,`place`,`question`,`id`,`order`,`office`,`cishu`,`firstimg` FROM `think_trouble` WHERE `id` = 979 LIMIT 1   [ RunTime:0.0003s ]
INFO: [ view_parse ] --START--
INFO: [ template_filter ] --START--
INFO: Run Behavior\ContentReplaceBehavior [ RunTime:0.000063s ]
INFO: [ template_filter ] --END-- [ RunTime:0.000112s ]
INFO: Run Behavior\ParseTemplateBehavior [ RunTime:0.006777s ]
INFO: [ view_parse ] --END-- [ RunTime:0.006817s ]
INFO: [ view_filter ] --START--
INFO: Run Behavior\WriteHtmlCacheBehavior [ RunTime:0.000126s ]
INFO: [ view_filter ] --END-- [ RunTime:0.000162s ]
INFO: [ app_end ] --START--
INFO: Run Behavior\ShowPageTraceBehavior [ RunTime:0.000405s ]
INFO: [ app_end ] --END-- [ RunTime:0.000446s ]

[ 2017-06-29T23:49:31+08:00 ] 112.65.193.15 /Home/Control/daifankuixq/id/979
INFO: [ app_init ] --START--
INFO: Run Behavior\BuildLiteBehavior [ RunTime:0.000012s ]
INFO: [ app_init ] --END-- [ RunTime:0.000272s ]
INFO: [ app_begin ] --START--
INFO: Run Behavior\ReadHtmlCacheBehavior [ RunTime:0.000339s ]
INFO: [ app_begin ] --END-- [ RunTime:0.000377s ]
NOTIC: [8] Undefined index: id /data/wwwroot/ceyuan1/Crm/Home/Controller/CommonController.class.php 第 34 行.
NOTIC: [8] Undefined index: username /data/wwwroot/ceyuan1/Crm/Home/Controller/CommonController.class.php 第 35 行.
NOTIC: [8] Undefined index: password /data/wwwroot/ceyuan1/Crm/Home/Controller/CommonController.class.php 第 36 行.
SQL: SHOW COLUMNS FROM `think_user` [ RunTime:0.0017s ]
SQL: SELECT * FROM `think_user` LIMIT 1   [ RunTime:0.0002s ]
INFO: [ view_parse ] --START--
INFO: [ template_filter ] --START--
INFO: Run Behavior\ContentReplaceBehavior [ RunTime:0.000042s ]
INFO: [ template_filter ] --END-- [ RunTime:0.000082s ]
INFO: Run Behavior\ParseTemplateBehavior [ RunTime:0.004470s ]
INFO: [ view_parse ] --END-- [ RunTime:0.004511s ]
INFO: [ view_filter ] --START--
INFO: Run Behavior\WriteHtmlCacheBehavior [ RunTime:0.000129s ]
INFO: [ view_filter ] --END-- [ RunTime:0.000162s ]

[ 2017-06-29T23:50:12+08:00 ] 117.136.79.141 /Home/Control/zhenggaitijiao
INFO: [ app_init ] --START--
INFO: Run Behavior\BuildLiteBehavior [ RunTime:0.000014s ]
INFO: [ app_init ] --END-- [ RunTime:0.000289s ]
INFO: [ app_begin ] --START--
INFO: Run Behavior\ReadHtmlCacheBehavior [ RunTime:0.000374s ]
INFO: [ app_begin ] --END-- [ RunTime:0.000415s ]
NOTIC: [8] Undefined index: id /data/wwwroot/ceyuan1/Crm/Home/Controller/CommonController.class.php 第 34 行.
SQL: SHOW COLUMNS FROM `think_trouble` [ RunTime:0.0052s ]
SQL: SELECT DATE_FORMAT(FROM_UNIXTIME(addtime),"%Y-%m-%d")as addtime,`place`,`question`,`id`,`order`,`office`,`cishu`,`firstimg` FROM `think_trouble` WHERE `id` = 0 LIMIT 1   [ RunTime:0.0003s ]
SQL: SHOW COLUMNS FROM `think_troublelist` [ RunTime:0.0018s ]
SQL: SELECT * FROM `think_troublelist` WHERE `uid` = 979  [ RunTime:0.0004s ]
SQL: INSERT INTO `think_troublelist` (`uid`,`addtime`,`upimg`,`remark`,`cishu`) VALUES ('979','2017-06-29','/upload/20170629235012_.jpeg','','1') [ RunTime:0.0003s ]
SQL: UPDATE `think_trouble` SET `id`='979',`cishu`=cishu+1,`lastimg`='/upload/20170629235012_.jpeg',`state`='1',`lasttime`='1498751412' WHERE ( id=979 ) [ RunTime:0.0003s ]

[ 2017-06-29T23:50:14+08:00 ] 113.108.0.15 /Home/Control/zhenggaitijiaoaccess/
INFO: [ app_init ] --START--
INFO: Run Behavior\BuildLiteBehavior [ RunTime:0.000016s ]
INFO: [ app_init ] --END-- [ RunTime:0.000293s ]
INFO: [ app_begin ] --START--
INFO: Run Behavior\ReadHtmlCacheBehavior [ RunTime:0.000346s ]
INFO: [ app_begin ] --END-- [ RunTime:0.000386s ]
NOTIC: [8] Undefined index: id /data/wwwroot/ceyuan1/Crm/Home/Controller/CommonController.class.php 第 34 行.
INFO: [ view_parse ] --START--
INFO: [ template_filter ] --START--
INFO: Run Behavior\ContentReplaceBehavior [ RunTime:0.000047s ]
INFO: [ template_filter ] --END-- [ RunTime:0.000097s ]
INFO: Run Behavior\ParseTemplateBehavior [ RunTime:0.005474s ]
INFO: [ view_parse ] --END-- [ RunTime:0.005518s ]
INFO: [ view_filter ] --START--
INFO: Run Behavior\WriteHtmlCacheBehavior [ RunTime:0.000124s ]
INFO: [ view_filter ] --END-- [ RunTime:0.000157s ]
INFO: [ app_end ] --START--
INFO: Run Behavior\ShowPageTraceBehavior [ RunTime:0.000384s ]
INFO: [ app_end ] --END-- [ RunTime:0.000419s ]

[ 2017-06-29T23:50:17+08:00 ] 113.108.0.15 /Home/Control/index
INFO: [ app_init ] --START--
INFO: Run Behavior\BuildLiteBehavior [ RunTime:0.000013s ]
INFO: [ app_init ] --END-- [ RunTime:0.000282s ]
INFO: [ app_begin ] --START--
INFO: Run Behavior\ReadHtmlCacheBehavior [ RunTime:0.000366s ]
INFO: [ app_begin ] --END-- [ RunTime:0.000406s ]
NOTIC: [8] Undefined index: id /data/wwwroot/ceyuan1/Crm/Home/Controller/CommonController.class.php 第 34 行.
SQL: SHOW COLUMNS FROM `think_office` [ RunTime:0.0086s ]
SQL: SELECT `id`,`name` FROM `think_office`  [ RunTime:0.0003s ]
INFO: [ view_parse ] --START--
INFO: [ template_filter ] --START--
INFO: Run Behavior\ContentReplaceBehavior [ RunTime:0.000114s ]
INFO: [ template_filter ] --END-- [ RunTime:0.000180s ]
INFO: Run Behavior\ParseTemplateBehavior [ RunTime:0.008913s ]
INFO: [ view_parse ] --END-- [ RunTime:0.008957s ]
INFO: [ view_filter ] --START--
INFO: Run Behavior\WriteHtmlCacheBehavior [ RunTime:0.000134s ]
INFO: [ view_filter ] --END-- [ RunTime:0.000174s ]
INFO: [ app_end ] --START--
INFO: Run Behavior\ShowPageTraceBehavior [ RunTime:0.000409s ]
INFO: [ app_end ] --END-- [ RunTime:0.000451s ]

[ 2017-06-29T23:50:18+08:00 ] 113.108.0.15 /Home/Control/index/
INFO: [ app_init ] --START--
INFO: Run Behavior\BuildLiteBehavior [ RunTime:0.000013s ]
INFO: [ app_init ] --END-- [ RunTime:0.000282s ]
INFO: [ app_begin ] --START--
INFO: Run Behavior\ReadHtmlCacheBehavior [ RunTime:0.000580s ]
INFO: [ app_begin ] --END-- [ RunTime:0.000622s ]
NOTIC: [8] Undefined index: id /data/wwwroot/ceyuan1/Crm/Home/Controller/CommonController.class.php 第 34 行.
SQL: SHOW COLUMNS FROM `think_office` [ RunTime:0.0016s ]
SQL: SELECT `id`,`name` FROM `think_office`  [ RunTime:0.0002s ]
SQL: SHOW COLUMNS FROM `think_trouble` [ RunTime:0.0018s ]
SQL: SELECT DATE_FORMAT(FROM_UNIXTIME(addtime),"%Y-%m-%d")as addtime,`id`,`order`,`office`,`cishu`,`firstimg`,`lastimg` FROM `think_trouble` WHERE `state` = 0 ORDER BY id desc LIMIT 0,5   [ RunTime:0.0003s ]

[ 2017-06-29T23:50:22+08:00 ] 14.17.37.72 /Home/Control/index/
INFO: [ app_init ] --START--
INFO: Run Behavior\BuildLiteBehavior [ RunTime:0.000013s ]
INFO: [ app_init ] --END-- [ RunTime:0.000282s ]
INFO: [ app_begin ] --START--
INFO: Run Behavior\ReadHtmlCacheBehavior [ RunTime:0.000342s ]
INFO: [ app_begin ] --END-- [ RunTime:0.000383s ]
NOTIC: [8] Undefined index: id /data/wwwroot/ceyuan1/Crm/Home/Controller/CommonController.class.php 第 34 行.
SQL: SHOW COLUMNS FROM `think_office` [ RunTime:0.0016s ]
SQL: SELECT `id`,`name` FROM `think_office`  [ RunTime:0.0002s ]
SQL: SHOW COLUMNS FROM `think_trouble` [ RunTime:0.0010s ]
SQL: SELECT DATE_FORMAT(FROM_UNIXTIME(addtime),"%Y-%m-%d")as addtime,`id`,`order`,`office`,`cishu`,`firstimg`,`lastimg` FROM `think_trouble` WHERE `office` = '葵涌' AND `state` = 0 ORDER BY id desc LIMIT 0,5   [ RunTime:0.0003s ]

[ 2017-06-29T23:50:24+08:00 ] 14.17.37.72 /Home/Control/index/
INFO: [ app_init ] --START--
INFO: Run Behavior\BuildLiteBehavior [ RunTime:0.000013s ]
INFO: [ app_init ] --END-- [ RunTime:0.000279s ]
INFO: [ app_begin ] --START--
INFO: Run Behavior\ReadHtmlCacheBehavior [ RunTime:0.000358s ]
INFO: [ app_begin ] --END-- [ RunTime:0.000400s ]
NOTIC: [8] Undefined index: id /data/wwwroot/ceyuan1/Crm/Home/Controller/CommonController.class.php 第 34 行.
SQL: SHOW COLUMNS FROM `think_office` [ RunTime:0.0017s ]
SQL: SELECT `id`,`name` FROM `think_office`  [ RunTime:0.0002s ]
SQL: SHOW COLUMNS FROM `think_trouble` [ RunTime:0.0010s ]
SQL: SELECT DATE_FORMAT(FROM_UNIXTIME(addtime),"%Y-%m-%d")as addtime,`id`,`order`,`office`,`cishu`,`firstimg`,`lastimg` FROM `think_trouble` WHERE `office` = '葵涌' AND `state` = 0 ORDER BY id asc LIMIT 0,5   [ RunTime:0.0013s ]

[ 2017-06-29T23:50:26+08:00 ] 113.108.0.15 /Home/Control/index/
INFO: [ app_init ] --START--
INFO: Run Behavior\BuildLiteBehavior [ RunTime:0.000012s ]
INFO: [ app_init ] --END-- [ RunTime:0.000276s ]
INFO: [ app_begin ] --START--
INFO: Run Behavior\ReadHtmlCacheBehavior [ RunTime:0.000340s ]
INFO: [ app_begin ] --END-- [ RunTime:0.000381s ]
NOTIC: [8] Undefined index: id /data/wwwroot/ceyuan1/Crm/Home/Controller/CommonController.class.php 第 34 行.
SQL: SHOW COLUMNS FROM `think_office` [ RunTime:0.0017s ]
SQL: SELECT `id`,`name` FROM `think_office`  [ RunTime:0.0002s ]
SQL: SHOW COLUMNS FROM `think_trouble` [ RunTime:0.0011s ]
SQL: SELECT DATE_FORMAT(FROM_UNIXTIME(addtime),"%Y-%m-%d")as addtime,`id`,`order`,`office`,`cishu`,`firstimg`,`lastimg` FROM `think_trouble` WHERE `office` = '葵涌' AND `state` = 0 ORDER BY id asc LIMIT 5,5   [ RunTime:0.0014s ]

[ 2017-06-29T23:50:34+08:00 ] 113.108.0.15 /Home/Control/index/
INFO: [ app_init ] --START--
INFO: Run Behavior\BuildLiteBehavior [ RunTime:0.000013s ]
INFO: [ app_init ] --END-- [ RunTime:0.000277s ]
INFO: [ app_begin ] --START--
INFO: Run Behavior\ReadHtmlCacheBehavior [ RunTime:0.000342s ]
INFO: [ app_begin ] --END-- [ RunTime:0.000384s ]
NOTIC: [8] Undefined index: id /data/wwwroot/ceyuan1/Crm/Home/Controller/CommonController.class.php 第 34 行.
SQL: SHOW COLUMNS FROM `think_office` [ RunTime:0.0016s ]
SQL: SELECT `id`,`name` FROM `think_office`  [ RunTime:0.0002s ]
SQL: SHOW COLUMNS FROM `think_trouble` [ RunTime:0.0011s ]
SQL: SELECT DATE_FORMAT(FROM_UNIXTIME(addtime),"%Y-%m-%d")as addtime,`id`,`order`,`office`,`cishu`,`firstimg`,`lastimg` FROM `think_trouble` WHERE `office` = '葵涌' AND `state` = 0 ORDER BY id asc LIMIT 10,5   [ RunTime:0.0015s ]

[ 2017-06-29T23:50:45+08:00 ] 113.108.0.15 /Home/Control/daifankuixq/id/1032
INFO: [ app_init ] --START--
INFO: Run Behavior\BuildLiteBehavior [ RunTime:0.000013s ]
INFO: [ app_init ] --END-- [ RunTime:0.000284s ]
INFO: [ app_begin ] --START--
INFO: Run Behavior\ReadHtmlCacheBehavior [ RunTime:0.000372s ]
INFO: [ app_begin ] --END-- [ RunTime:0.000412s ]
NOTIC: [8] Undefined index: id /data/wwwroot/ceyuan1/Crm/Home/Controller/CommonController.class.php 第 34 行.
SQL: SHOW COLUMNS FROM `think_trouble` [ RunTime:0.0017s ]
SQL: SELECT DATE_FORMAT(FROM_UNIXTIME(addtime),"%Y-%m-%d")as addtime,`id`,`order`,`place`,`question`,`office`,`cishu`,`firstimg` FROM `think_trouble` WHERE `id` = 1032 LIMIT 1   [ RunTime:0.0003s ]
SQL: SHOW COLUMNS FROM `think_troublelist` [ RunTime:0.0011s ]
SQL: SELECT * FROM `think_troublelist` WHERE `uid` = 1032 ORDER BY id desc  [ RunTime:0.0004s ]
INFO: [ view_parse ] --START--
INFO: [ template_filter ] --START--
INFO: Run Behavior\ContentReplaceBehavior [ RunTime:0.000055s ]
INFO: [ template_filter ] --END-- [ RunTime:0.000098s ]
NOTIC: [8] Undefined variable: troublelistres /data/wwwroot/ceyuan1/Crm/Runtime/Cache/Home/784e01ed2d0335cbc5ceea539478fde8.php 第 111 行.
NOTIC: [8] Undefined variable: troublelistres /data/wwwroot/ceyuan1/Crm/Runtime/Cache/Home/784e01ed2d0335cbc5ceea539478fde8.php 第 111 行.
INFO: Run Behavior\ParseTemplateBehavior [ RunTime:0.006466s ]
INFO: [ view_parse ] --END-- [ RunTime:0.006515s ]
INFO: [ view_filter ] --START--
INFO: Run Behavior\WriteHtmlCacheBehavior [ RunTime:0.000177s ]
INFO: [ view_filter ] --END-- [ RunTime:0.000263s ]
INFO: [ app_end ] --START--
INFO: Run Behavior\ShowPageTraceBehavior [ RunTime:0.000399s ]
INFO: [ app_end ] --END-- [ RunTime:0.000437s ]

[ 2017-06-29T23:50:48+08:00 ] 113.108.0.15 /Home/Control/zhenggaitijiao/id/1032
INFO: [ app_init ] --START--
INFO: Run Behavior\BuildLiteBehavior [ RunTime:0.000013s ]
INFO: [ app_init ] --END-- [ RunTime:0.000279s ]
INFO: [ app_begin ] --START--
INFO: Run Behavior\ReadHtmlCacheBehavior [ RunTime:0.000350s ]
INFO: [ app_begin ] --END-- [ RunTime:0.000390s ]
NOTIC: [8] Undefined index: id /data/wwwroot/ceyuan1/Crm/Home/Controller/CommonController.class.php 第 34 行.
SQL: SHOW COLUMNS FROM `think_trouble` [ RunTime:0.0017s ]
SQL: SELECT DATE_FORMAT(FROM_UNIXTIME(addtime),"%Y-%m-%d")as addtime,`place`,`question`,`id`,`order`,`office`,`cishu`,`firstimg` FROM `think_trouble` WHERE `id` = 1032 LIMIT 1   [ RunTime:0.0003s ]
INFO: [ view_parse ] --START--
INFO: [ template_filter ] --START--
INFO: Run Behavior\ContentReplaceBehavior [ RunTime:0.000080s ]
INFO: [ template_filter ] --END-- [ RunTime:0.000124s ]
INFO: Run Behavior\ParseTemplateBehavior [ RunTime:0.006441s ]
INFO: [ view_parse ] --END-- [ RunTime:0.006482s ]
INFO: [ view_filter ] --START--
INFO: Run Behavior\WriteHtmlCacheBehavior [ RunTime:0.000123s ]
INFO: [ view_filter ] --END-- [ RunTime:0.000157s ]
INFO: [ app_end ] --START--
INFO: Run Behavior\ShowPageTraceBehavior [ RunTime:0.000377s ]
INFO: [ app_end ] --END-- [ RunTime:0.000418s ]

[ 2017-06-29T23:59:30+08:00 ] 113.108.0.15 /Home/Xuanze?from=groupmessage
INFO: [ app_init ] --START--
INFO: Run Behavior\BuildLiteBehavior [ RunTime:0.000013s ]
INFO: [ app_init ] --END-- [ RunTime:0.000282s ]
INFO: [ app_begin ] --START--
INFO: Run Behavior\ReadHtmlCacheBehavior [ RunTime:0.000345s ]
INFO: [ app_begin ] --END-- [ RunTime:0.000386s ]
INFO: [ view_parse ] --START--
INFO: [ template_filter ] --START--
INFO: Run Behavior\ContentReplaceBehavior [ RunTime:0.000051s ]
INFO: [ template_filter ] --END-- [ RunTime:0.000118s ]
INFO: Run Behavior\ParseTemplateBehavior [ RunTime:0.005121s ]
INFO: [ view_parse ] --END-- [ RunTime:0.005217s ]
INFO: [ view_filter ] --START--
INFO: Run Behavior\WriteHtmlCacheBehavior [ RunTime:0.000124s ]
INFO: [ view_filter ] --END-- [ RunTime:0.000157s ]
INFO: [ app_end ] --START--
INFO: Run Behavior\ShowPageTraceBehavior [ RunTime:0.000396s ]
INFO: [ app_end ] --END-- [ RunTime:0.000432s ]

[ 2017-06-29T23:59:32+08:00 ] 113.108.0.15 /Home/Qingjie/index
INFO: [ app_init ] --START--
INFO: Run Behavior\BuildLiteBehavior [ RunTime:0.000013s ]
INFO: [ app_init ] --END-- [ RunTime:0.000286s ]
INFO: [ app_begin ] --START--
INFO: Run Behavior\ReadHtmlCacheBehavior [ RunTime:0.000351s ]
INFO: [ app_begin ] --END-- [ RunTime:0.000394s ]

[ 2017-06-29T23:59:33+08:00 ] 183.232.90.38 /
INFO: [ app_init ] --START--
INFO: Run Behavior\BuildLiteBehavior [ RunTime:0.000013s ]
INFO: [ app_init ] --END-- [ RunTime:0.000278s ]
INFO: [ app_begin ] --START--
INFO: Run Behavior\ReadHtmlCacheBehavior [ RunTime:0.000341s ]
INFO: [ app_begin ] --END-- [ RunTime:0.000543s ]
INFO: [ view_parse ] --START--
INFO: [ template_filter ] --START--
INFO: Run Behavior\ContentReplaceBehavior [ RunTime:0.000049s ]
INFO: [ template_filter ] --END-- [ RunTime:0.000097s ]
INFO: Run Behavior\ParseTemplateBehavior [ RunTime:0.004945s ]
INFO: [ view_parse ] --END-- [ RunTime:0.004997s ]
INFO: [ view_filter ] --START--
INFO: Run Behavior\WriteHtmlCacheBehavior [ RunTime:0.000124s ]
INFO: [ view_filter ] --END-- [ RunTime:0.000157s ]
INFO: [ app_end ] --START--
INFO: Run Behavior\ShowPageTraceBehavior [ RunTime:0.000402s ]
INFO: [ app_end ] --END-- [ RunTime:0.000437s ]

[ 2017-06-29T23:59:33+08:00 ] 14.17.37.72 /Home/Control/index.html
INFO: [ app_init ] --START--
INFO: Run Behavior\BuildLiteBehavior [ RunTime:0.000014s ]
INFO: [ app_init ] --END-- [ RunTime:0.000279s ]
INFO: [ app_begin ] --START--
INFO: Run Behavior\ReadHtmlCacheBehavior [ RunTime:0.000370s ]
INFO: [ app_begin ] --END-- [ RunTime:0.000411s ]
NOTIC: [8] Undefined index: id /data/wwwroot/ceyuan1/Crm/Home/Controller/CommonController.class.php 第 34 行.
SQL: SHOW COLUMNS FROM `think_office` [ RunTime:0.0017s ]
SQL: SELECT `id`,`name` FROM `think_office`  [ RunTime:0.0002s ]
INFO: [ view_parse ] --START--
INFO: [ template_filter ] --START--
INFO: Run Behavior\ContentReplaceBehavior [ RunTime:0.000081s ]
INFO: [ template_filter ] --END-- [ RunTime:0.000127s ]
INFO: Run Behavior\ParseTemplateBehavior [ RunTime:0.008379s ]
INFO: [ view_parse ] --END-- [ RunTime:0.008420s ]
INFO: [ view_filter ] --START--
INFO: Run Behavior\WriteHtmlCacheBehavior [ RunTime:0.000126s ]
INFO: [ view_filter ] --END-- [ RunTime:0.000161s ]
INFO: [ app_end ] --START--
INFO: Run Behavior\ShowPageTraceBehavior [ RunTime:0.000417s ]
INFO: [ app_end ] --END-- [ RunTime:0.000459s ]

[ 2017-06-29T23:59:33+08:00 ] 163.177.93.224 /
INFO: [ app_init ] --START--
INFO: Run Behavior\BuildLiteBehavior [ RunTime:0.000016s ]
INFO: [ app_init ] --END-- [ RunTime:0.000320s ]
INFO: [ app_begin ] --START--
INFO: Run Behavior\ReadHtmlCacheBehavior [ RunTime:0.000442s ]
INFO: [ app_begin ] --END-- [ RunTime:0.000502s ]
INFO: [ view_parse ] --START--
INFO: [ template_filter ] --START--
INFO: Run Behavior\ContentReplaceBehavior [ RunTime:0.000049s ]
INFO: [ template_filter ] --END-- [ RunTime:0.000099s ]
INFO: Run Behavior\ParseTemplateBehavior [ RunTime:0.005029s ]
INFO: [ view_parse ] --END-- [ RunTime:0.005087s ]
INFO: [ view_filter ] --START--
INFO: Run Behavior\WriteHtmlCacheBehavior [ RunTime:0.000147s ]
INFO: [ view_filter ] --END-- [ RunTime:0.000181s ]
INFO: [ app_end ] --START--
INFO: Run Behavior\ShowPageTraceBehavior [ RunTime:0.000385s ]
INFO: [ app_end ] --END-- [ RunTime:0.000423s ]

[ 2017-06-29T23:59:34+08:00 ] 113.108.0.15 /Home/Control/index/
INFO: [ app_init ] --START--
INFO: Run Behavior\BuildLiteBehavior [ RunTime:0.000015s ]
INFO: [ app_init ] --END-- [ RunTime:0.000289s ]
INFO: [ app_begin ] --START--
INFO: Run Behavior\ReadHtmlCacheBehavior [ RunTime:0.000342s ]
INFO: [ app_begin ] --END-- [ RunTime:0.000384s ]
NOTIC: [8] Undefined index: id /data/wwwroot/ceyuan1/Crm/Home/Controller/CommonController.class.php 第 34 行.
SQL: SHOW COLUMNS FROM `think_office` [ RunTime:0.0016s ]
SQL: SELECT `id`,`name` FROM `think_office`  [ RunTime:0.0002s ]
SQL: SHOW COLUMNS FROM `think_trouble` [ RunTime:0.0011s ]
SQL: SELECT DATE_FORMAT(FROM_UNIXTIME(addtime),"%Y-%m-%d")as addtime,`id`,`order`,`office`,`cishu`,`firstimg`,`lastimg` FROM `think_trouble` WHERE `state` = 0 ORDER BY id desc LIMIT 0,5   [ RunTime:0.0003s ]

[ 2017-06-29T23:59:36+08:00 ] 14.17.37.72 /Home/Control/index/
INFO: [ app_init ] --START--
INFO: Run Behavior\BuildLiteBehavior [ RunTime:0.000015s ]
INFO: [ app_init ] --END-- [ RunTime:0.000325s ]
INFO: [ app_begin ] --START--
INFO: Run Behavior\ReadHtmlCacheBehavior [ RunTime:0.000356s ]
INFO: [ app_begin ] --END-- [ RunTime:0.000398s ]
NOTIC: [8] Undefined index: id /data/wwwroot/ceyuan1/Crm/Home/Controller/CommonController.class.php 第 34 行.
SQL: SHOW COLUMNS FROM `think_office` [ RunTime:0.0021s ]
SQL: SELECT `id`,`name` FROM `think_office`  [ RunTime:0.0003s ]
SQL: SHOW COLUMNS FROM `think_trouble` [ RunTime:0.0012s ]
SQL: SELECT DATE_FORMAT(FROM_UNIXTIME(addtime),"%Y-%m-%d")as addtime,`id`,`order`,`office`,`cishu`,`firstimg`,`lastimg` FROM `think_trouble` WHERE `office` = '南澳' AND `state` = 0 ORDER BY id desc LIMIT 0,5   [ RunTime:0.0007s ]

[ 2017-06-29T23:59:39+08:00 ] 14.17.37.72 /Home/Control/index/
INFO: [ app_init ] --START--
INFO: Run Behavior\BuildLiteBehavior [ RunTime:0.000013s ]
INFO: [ app_init ] --END-- [ RunTime:0.000275s ]
INFO: [ app_begin ] --START--
INFO: Run Behavior\ReadHtmlCacheBehavior [ RunTime:0.000364s ]
INFO: [ app_begin ] --END-- [ RunTime:0.000405s ]
NOTIC: [8] Undefined index: id /data/wwwroot/ceyuan1/Crm/Home/Controller/CommonController.class.php 第 34 行.
SQL: SHOW COLUMNS FROM `think_office` [ RunTime:0.0017s ]
SQL: SELECT `id`,`name` FROM `think_office`  [ RunTime:0.0002s ]
SQL: SHOW COLUMNS FROM `think_trouble` [ RunTime:0.0011s ]
SQL: SELECT DATE_FORMAT(FROM_UNIXTIME(addtime),"%Y-%m-%d")as addtime,`id`,`order`,`office`,`cishu`,`firstimg`,`lastimg` FROM `think_trouble` WHERE `office` = '葵涌' AND `state` = 0 ORDER BY id desc LIMIT 0,5   [ RunTime:0.0003s ]

[ 2017-06-29T23:59:40+08:00 ] 113.108.0.15 /Home/Control/index/
INFO: [ app_init ] --START--
INFO: Run Behavior\BuildLiteBehavior [ RunTime:0.000013s ]
INFO: [ app_init ] --END-- [ RunTime:0.000292s ]
INFO: [ app_begin ] --START--
INFO: Run Behavior\ReadHtmlCacheBehavior [ RunTime:0.000351s ]
INFO: [ app_begin ] --END-- [ RunTime:0.000396s ]
NOTIC: [8] Undefined index: id /data/wwwroot/ceyuan1/Crm/Home/Controller/CommonController.class.php 第 34 行.
SQL: SHOW COLUMNS FROM `think_office` [ RunTime:0.0016s ]
SQL: SELECT `id`,`name` FROM `think_office`  [ RunTime:0.0002s ]
SQL: SHOW COLUMNS FROM `think_trouble` [ RunTime:0.0010s ]
SQL: SELECT DATE_FORMAT(FROM_UNIXTIME(addtime),"%Y-%m-%d")as addtime,`id`,`order`,`office`,`cishu`,`firstimg`,`lastimg` FROM `think_trouble` WHERE `office` = '葵涌' AND `state` = 0 ORDER BY id asc LIMIT 0,5   [ RunTime:0.0013s ]

[ 2017-06-29T23:59:42+08:00 ] 113.108.0.15 /Home/Control/index/
INFO: [ app_init ] --START--
INFO: Run Behavior\BuildLiteBehavior [ RunTime:0.000014s ]
INFO: [ app_init ] --END-- [ RunTime:0.000289s ]
INFO: [ app_begin ] --START--
INFO: Run Behavior\ReadHtmlCacheBehavior [ RunTime:0.000373s ]
INFO: [ app_begin ] --END-- [ RunTime:0.000414s ]
NOTIC: [8] Undefined index: id /data/wwwroot/ceyuan1/Crm/Home/Controller/CommonController.class.php 第 34 行.
SQL: SHOW COLUMNS FROM `think_office` [ RunTime:0.0048s ]
SQL: SELECT `id`,`name` FROM `think_office`  [ RunTime:0.0002s ]
SQL: SHOW COLUMNS FROM `think_trouble` [ RunTime:0.0011s ]
SQL: SELECT DATE_FORMAT(FROM_UNIXTIME(addtime),"%Y-%m-%d")as addtime,`id`,`order`,`office`,`cishu`,`firstimg`,`lastimg` FROM `think_trouble` WHERE `office` = '葵涌' AND `state` = 0 ORDER BY id asc LIMIT 5,5   [ RunTime:0.0014s ]

[ 2017-06-29T23:59:53+08:00 ] 14.17.37.72 /Home/Control/index/
INFO: [ app_init ] --START--
INFO: Run Behavior\BuildLiteBehavior [ RunTime:0.000035s ]
INFO: [ app_init ] --END-- [ RunTime:0.000308s ]
INFO: [ app_begin ] --START--
INFO: Run Behavior\ReadHtmlCacheBehavior [ RunTime:0.000343s ]
INFO: [ app_begin ] --END-- [ RunTime:0.000385s ]
NOTIC: [8] Undefined index: id /data/wwwroot/ceyuan1/Crm/Home/Controller/CommonController.class.php 第 34 行.
SQL: SHOW COLUMNS FROM `think_office` [ RunTime:0.0016s ]
SQL: SELECT `id`,`name` FROM `think_office`  [ RunTime:0.0002s ]
SQL: SHOW COLUMNS FROM `think_trouble` [ RunTime:0.0011s ]
SQL: SELECT DATE_FORMAT(FROM_UNIXTIME(addtime),"%Y-%m-%d")as addtime,`id`,`order`,`office`,`cishu`,`firstimg`,`lastimg` FROM `think_trouble` WHERE `office` = '葵涌' AND `state` = 0 ORDER BY id asc LIMIT 10,5   [ RunTime:0.0014s ]

