[ 2017-08-23T13:51:45+08:00 ] 117.136.40.226 /Home/Xuanze?from=message&isappinstalled=0
INFO: [ app_init ] --START--
INFO: Run Behavior\BuildLiteBehavior [ RunTime:0.000013s ]
INFO: [ app_init ] --END-- [ RunTime:0.000289s ]
INFO: [ app_begin ] --START--
INFO: Run Behavior\ReadHtmlCacheBehavior [ RunTime:0.000355s ]
INFO: [ app_begin ] --END-- [ RunTime:0.000396s ]
INFO: [ view_parse ] --START--
INFO: [ template_filter ] --START--
INFO: Run Behavior\ContentReplaceBehavior [ RunTime:0.000050s ]
INFO: [ template_filter ] --END-- [ RunTime:0.000100s ]
INFO: Run Behavior\ParseTemplateBehavior [ RunTime:0.005787s ]
INFO: [ view_parse ] --END-- [ RunTime:0.005841s ]
INFO: [ view_filter ] --START--
INFO: Run Behavior\WriteHtmlCacheBehavior [ RunTime:0.000134s ]
INFO: [ view_filter ] --END-- [ RunTime:0.000168s ]
INFO: [ app_end ] --START--
INFO: Run Behavior\ShowPageTraceBehavior [ RunTime:0.000404s ]
INFO: [ app_end ] --END-- [ RunTime:0.000440s ]

[ 2017-08-23T13:51:49+08:00 ] 117.136.40.226 /Home/Index/index
INFO: [ app_init ] --START--
INFO: Run Behavior\BuildLiteBehavior [ RunTime:0.000014s ]
INFO: [ app_init ] --END-- [ RunTime:0.000322s ]
INFO: [ app_begin ] --START--
INFO: Run Behavior\ReadHtmlCacheBehavior [ RunTime:0.000349s ]
INFO: [ app_begin ] --END-- [ RunTime:0.000388s ]
INFO: [ view_parse ] --START--
INFO: [ template_filter ] --START--
INFO: Run Behavior\ContentReplaceBehavior [ RunTime:0.000055s ]
INFO: [ template_filter ] --END-- [ RunTime:0.000112s ]
INFO: Run Behavior\ParseTemplateBehavior [ RunTime:0.006047s ]
INFO: [ view_parse ] --END-- [ RunTime:0.006115s ]
INFO: [ view_filter ] --START--
INFO: Run Behavior\WriteHtmlCacheBehavior [ RunTime:0.000129s ]
INFO: [ view_filter ] --END-- [ RunTime:0.000163s ]
INFO: [ app_end ] --START--
INFO: Run Behavior\ShowPageTraceBehavior [ RunTime:0.000389s ]
INFO: [ app_end ] --END-- [ RunTime:0.000426s ]

[ 2017-08-23T13:52:00+08:00 ] 117.136.40.226 /Home/Index/Login/
INFO: [ app_init ] --START--
INFO: Run Behavior\BuildLiteBehavior [ RunTime:0.000015s ]
INFO: [ app_init ] --END-- [ RunTime:0.000309s ]
INFO: [ app_begin ] --START--
INFO: Run Behavior\ReadHtmlCacheBehavior [ RunTime:0.000376s ]
INFO: [ app_begin ] --END-- [ RunTime:0.000418s ]
SQL: SHOW COLUMNS FROM `think_user` [ RunTime:0.0016s ]
SQL: SELECT * FROM `think_user` WHERE `username` = '骆周怡' AND `password` = '7c222fb2927d828af22f592134e8932480637c0d' LIMIT 1   [ RunTime:0.0002s ]

[ 2017-08-23T13:52:05+08:00 ] 117.136.40.226 /Home/Index/Login/
INFO: [ app_init ] --START--
INFO: Run Behavior\BuildLiteBehavior [ RunTime:0.000013s ]
INFO: [ app_init ] --END-- [ RunTime:0.000300s ]
INFO: [ app_begin ] --START--
INFO: Run Behavior\ReadHtmlCacheBehavior [ RunTime:0.000374s ]
INFO: [ app_begin ] --END-- [ RunTime:0.000415s ]
SQL: SHOW COLUMNS FROM `think_user` [ RunTime:0.0009s ]
SQL: SELECT * FROM `think_user` WHERE `username` = '骆周怡' AND `password` = '20eabe5d64b0e216796e834f52d61fd0b70332fc' LIMIT 1   [ RunTime:0.0002s ]

[ 2017-08-23T13:52:09+08:00 ] 117.136.40.226 /Home/Index/Login/
INFO: [ app_init ] --START--
INFO: Run Behavior\BuildLiteBehavior [ RunTime:0.000013s ]
INFO: [ app_init ] --END-- [ RunTime:0.000295s ]
INFO: [ app_begin ] --START--
INFO: Run Behavior\ReadHtmlCacheBehavior [ RunTime:0.000340s ]
INFO: [ app_begin ] --END-- [ RunTime:0.000383s ]
SQL: SHOW COLUMNS FROM `think_user` [ RunTime:0.0010s ]
SQL: SELECT * FROM `think_user` WHERE `username` = '骆周怡' AND `password` = '7c4a8d09ca3762af61e59520943dc26494f8941b' LIMIT 1   [ RunTime:0.0002s ]

[ 2017-08-23T13:52:10+08:00 ] 117.136.40.226 /Home/Control/index
INFO: [ app_init ] --START--
INFO: Run Behavior\BuildLiteBehavior [ RunTime:0.000012s ]
INFO: [ app_init ] --END-- [ RunTime:0.000298s ]
INFO: [ app_begin ] --START--
INFO: Run Behavior\ReadHtmlCacheBehavior [ RunTime:0.000344s ]
INFO: [ app_begin ] --END-- [ RunTime:0.000384s ]
SQL: SHOW COLUMNS FROM `think_user` [ RunTime:0.0010s ]
SQL: SELECT * FROM `think_user` WHERE `id` = 21 LIMIT 1   [ RunTime:0.0003s ]
SQL: SHOW COLUMNS FROM `think_office` [ RunTime:0.0010s ]
SQL: SELECT `id`,`name` FROM `think_office`  [ RunTime:0.0002s ]
INFO: [ view_parse ] --START--
INFO: [ template_filter ] --START--
INFO: Run Behavior\ContentReplaceBehavior [ RunTime:0.000079s ]
INFO: [ template_filter ] --END-- [ RunTime:0.000136s ]
INFO: Run Behavior\ParseTemplateBehavior [ RunTime:0.008950s ]
INFO: [ view_parse ] --END-- [ RunTime:0.008991s ]
INFO: [ view_filter ] --START--
INFO: Run Behavior\WriteHtmlCacheBehavior [ RunTime:0.000127s ]
INFO: [ view_filter ] --END-- [ RunTime:0.000163s ]
INFO: [ app_end ] --START--
INFO: Run Behavior\ShowPageTraceBehavior [ RunTime:0.000381s ]
INFO: [ app_end ] --END-- [ RunTime:0.000421s ]

[ 2017-08-23T13:52:11+08:00 ] 117.136.40.226 /Home/Control/index/
INFO: [ app_init ] --START--
INFO: Run Behavior\BuildLiteBehavior [ RunTime:0.000016s ]
INFO: [ app_init ] --END-- [ RunTime:0.000398s ]
INFO: [ app_begin ] --START--
INFO: Run Behavior\ReadHtmlCacheBehavior [ RunTime:0.000377s ]
INFO: [ app_begin ] --END-- [ RunTime:0.000419s ]
SQL: SHOW COLUMNS FROM `think_user` [ RunTime:0.0011s ]
SQL: SELECT * FROM `think_user` WHERE `id` = 21 LIMIT 1   [ RunTime:0.0003s ]
SQL: SHOW COLUMNS FROM `think_office` [ RunTime:0.0005s ]
SQL: SELECT `id`,`name` FROM `think_office`  [ RunTime:0.0002s ]
SQL: SHOW COLUMNS FROM `think_trouble` [ RunTime:0.0010s ]
SQL: SELECT DATE_FORMAT(FROM_UNIXTIME(addtime),"%Y-%m-%d")as addtime,`id`,`order`,`office`,`cishu`,`firstimg`,`lastimg` FROM `think_trouble` WHERE `state` = 0 ORDER BY id desc LIMIT 0,5   [ RunTime:0.0003s ]

[ 2017-08-23T13:52:13+08:00 ] 117.136.40.226 /Home/Control/index/
INFO: [ app_init ] --START--
INFO: Run Behavior\BuildLiteBehavior [ RunTime:0.000014s ]
INFO: [ app_init ] --END-- [ RunTime:0.000310s ]
INFO: [ app_begin ] --START--
INFO: Run Behavior\ReadHtmlCacheBehavior [ RunTime:0.000371s ]
INFO: [ app_begin ] --END-- [ RunTime:0.000414s ]
SQL: SHOW COLUMNS FROM `think_user` [ RunTime:0.0010s ]
SQL: SELECT * FROM `think_user` WHERE `id` = 21 LIMIT 1   [ RunTime:0.0003s ]
SQL: SHOW COLUMNS FROM `think_office` [ RunTime:0.0005s ]
SQL: SELECT `id`,`name` FROM `think_office`  [ RunTime:0.0002s ]
SQL: SHOW COLUMNS FROM `think_trouble` [ RunTime:0.0006s ]
SQL: SELECT DATE_FORMAT(FROM_UNIXTIME(addtime),"%Y-%m-%d")as addtime,`id`,`order`,`office`,`cishu`,`firstimg`,`lastimg` FROM `think_trouble` WHERE `state` = 1 ORDER BY id desc LIMIT 0,5   [ RunTime:0.0025s ]

[ 2017-08-23T13:52:15+08:00 ] 117.136.40.226 /Home/Control/index/
INFO: [ app_init ] --START--
INFO: Run Behavior\BuildLiteBehavior [ RunTime:0.000014s ]
INFO: [ app_init ] --END-- [ RunTime:0.000309s ]
INFO: [ app_begin ] --START--
INFO: Run Behavior\ReadHtmlCacheBehavior [ RunTime:0.000344s ]
INFO: [ app_begin ] --END-- [ RunTime:0.000385s ]
SQL: SHOW COLUMNS FROM `think_user` [ RunTime:0.0009s ]
SQL: SELECT * FROM `think_user` WHERE `id` = 21 LIMIT 1   [ RunTime:0.0002s ]
SQL: SHOW COLUMNS FROM `think_office` [ RunTime:0.0005s ]
SQL: SELECT `id`,`name` FROM `think_office`  [ RunTime:0.0002s ]
SQL: SHOW COLUMNS FROM `think_trouble` [ RunTime:0.0006s ]
SQL: SELECT DATE_FORMAT(FROM_UNIXTIME(addtime),"%Y-%m-%d")as addtime,`id`,`order`,`office`,`cishu`,`firstimg`,`lastimg` FROM `think_trouble` WHERE `state` = 1 ORDER BY id desc LIMIT 5,5   [ RunTime:0.0024s ]

[ 2017-08-23T13:52:16+08:00 ] 117.136.40.226 /Home/Control/index/
INFO: [ app_init ] --START--
INFO: Run Behavior\BuildLiteBehavior [ RunTime:0.000014s ]
INFO: [ app_init ] --END-- [ RunTime:0.000307s ]
INFO: [ app_begin ] --START--
INFO: Run Behavior\ReadHtmlCacheBehavior [ RunTime:0.000348s ]
INFO: [ app_begin ] --END-- [ RunTime:0.000389s ]
SQL: SHOW COLUMNS FROM `think_user` [ RunTime:0.0009s ]
SQL: SELECT * FROM `think_user` WHERE `id` = 21 LIMIT 1   [ RunTime:0.0002s ]
SQL: SHOW COLUMNS FROM `think_office` [ RunTime:0.0005s ]
SQL: SELECT `id`,`name` FROM `think_office`  [ RunTime:0.0002s ]
SQL: SHOW COLUMNS FROM `think_trouble` [ RunTime:0.0006s ]
SQL: SELECT DATE_FORMAT(FROM_UNIXTIME(addtime),"%Y-%m-%d")as addtime,`id`,`order`,`office`,`cishu`,`firstimg`,`lastimg` FROM `think_trouble` WHERE `state` = 2 ORDER BY id desc LIMIT 0,5   [ RunTime:0.0003s ]

[ 2017-08-23T13:52:17+08:00 ] 117.185.27.114 /Home/Index/index
INFO: [ app_init ] --START--
INFO: Run Behavior\BuildLiteBehavior [ RunTime:0.000015s ]
INFO: [ app_init ] --END-- [ RunTime:0.000300s ]
INFO: [ app_begin ] --START--
INFO: Run Behavior\ReadHtmlCacheBehavior [ RunTime:0.000390s ]
INFO: [ app_begin ] --END-- [ RunTime:0.000430s ]
INFO: [ view_parse ] --START--
INFO: [ template_filter ] --START--
INFO: Run Behavior\ContentReplaceBehavior [ RunTime:0.000053s ]
INFO: [ template_filter ] --END-- [ RunTime:0.000104s ]
INFO: Run Behavior\ParseTemplateBehavior [ RunTime:0.007465s ]
INFO: [ view_parse ] --END-- [ RunTime:0.007530s ]
INFO: [ view_filter ] --START--
INFO: Run Behavior\WriteHtmlCacheBehavior [ RunTime:0.000128s ]
INFO: [ view_filter ] --END-- [ RunTime:0.000161s ]
INFO: [ app_end ] --START--
INFO: Run Behavior\ShowPageTraceBehavior [ RunTime:0.000419s ]
INFO: [ app_end ] --END-- [ RunTime:0.000455s ]

[ 2017-08-23T13:56:06+08:00 ] 117.136.40.226 /Home/Control/index/
INFO: [ app_init ] --START--
INFO: Run Behavior\BuildLiteBehavior [ RunTime:0.000013s ]
INFO: [ app_init ] --END-- [ RunTime:0.000283s ]
INFO: [ app_begin ] --START--
INFO: Run Behavior\ReadHtmlCacheBehavior [ RunTime:0.000370s ]
INFO: [ app_begin ] --END-- [ RunTime:0.000411s ]
SQL: SHOW COLUMNS FROM `think_user` [ RunTime:0.0009s ]
SQL: SELECT * FROM `think_user` WHERE `id` = 21 LIMIT 1   [ RunTime:0.0002s ]
SQL: SHOW COLUMNS FROM `think_office` [ RunTime:0.0005s ]
SQL: SELECT `id`,`name` FROM `think_office`  [ RunTime:0.0002s ]
SQL: SHOW COLUMNS FROM `think_trouble` [ RunTime:0.0006s ]
SQL: SELECT DATE_FORMAT(FROM_UNIXTIME(addtime),"%Y-%m-%d")as addtime,`id`,`order`,`office`,`cishu`,`firstimg`,`lastimg` FROM `think_trouble` WHERE `state` = 2 ORDER BY id desc LIMIT 5,5   [ RunTime:0.0003s ]

[ 2017-08-23T13:56:09+08:00 ] 117.136.40.226 /Home/Control/index/
INFO: [ app_init ] --START--
INFO: Run Behavior\BuildLiteBehavior [ RunTime:0.000016s ]
INFO: [ app_init ] --END-- [ RunTime:0.000297s ]
INFO: [ app_begin ] --START--
INFO: Run Behavior\ReadHtmlCacheBehavior [ RunTime:0.000356s ]
INFO: [ app_begin ] --END-- [ RunTime:0.000396s ]
SQL: SHOW COLUMNS FROM `think_user` [ RunTime:0.0012s ]
SQL: SELECT * FROM `think_user` WHERE `id` = 21 LIMIT 1   [ RunTime:0.0003s ]
SQL: SHOW COLUMNS FROM `think_office` [ RunTime:0.0007s ]
SQL: SELECT `id`,`name` FROM `think_office`  [ RunTime:0.0002s ]
SQL: SHOW COLUMNS FROM `think_trouble` [ RunTime:0.0006s ]
SQL: SELECT DATE_FORMAT(FROM_UNIXTIME(addtime),"%Y-%m-%d")as addtime,`id`,`order`,`office`,`cishu`,`firstimg`,`lastimg` FROM `think_trouble` WHERE `state` = 2 ORDER BY id desc LIMIT 10,5   [ RunTime:0.0004s ]

[ 2017-08-23T13:56:12+08:00 ] 117.136.40.226 /Home/Control/index/
INFO: [ app_init ] --START--
INFO: Run Behavior\BuildLiteBehavior [ RunTime:0.000018s ]
INFO: [ app_init ] --END-- [ RunTime:0.000371s ]
INFO: [ app_begin ] --START--
INFO: Run Behavior\ReadHtmlCacheBehavior [ RunTime:0.000385s ]
INFO: [ app_begin ] --END-- [ RunTime:0.000426s ]
SQL: SHOW COLUMNS FROM `think_user` [ RunTime:0.0010s ]
SQL: SELECT * FROM `think_user` WHERE `id` = 21 LIMIT 1   [ RunTime:0.0002s ]
SQL: SHOW COLUMNS FROM `think_office` [ RunTime:0.0042s ]
SQL: SELECT `id`,`name` FROM `think_office`  [ RunTime:0.0002s ]
SQL: SHOW COLUMNS FROM `think_trouble` [ RunTime:0.0006s ]
SQL: SELECT DATE_FORMAT(FROM_UNIXTIME(addtime),"%Y-%m-%d")as addtime,`id`,`order`,`office`,`cishu`,`firstimg`,`lastimg` FROM `think_trouble` WHERE `state` = 2 ORDER BY id desc LIMIT 15,5   [ RunTime:0.0005s ]

[ 2017-08-23T13:56:15+08:00 ] 117.136.40.226 /Home/Control/index/
INFO: [ app_init ] --START--
INFO: Run Behavior\BuildLiteBehavior [ RunTime:0.000014s ]
INFO: [ app_init ] --END-- [ RunTime:0.000305s ]
INFO: [ app_begin ] --START--
INFO: Run Behavior\ReadHtmlCacheBehavior [ RunTime:0.000374s ]
INFO: [ app_begin ] --END-- [ RunTime:0.000415s ]
SQL: SHOW COLUMNS FROM `think_user` [ RunTime:0.0009s ]
SQL: SELECT * FROM `think_user` WHERE `id` = 21 LIMIT 1   [ RunTime:0.0002s ]
SQL: SHOW COLUMNS FROM `think_office` [ RunTime:0.0005s ]
SQL: SELECT `id`,`name` FROM `think_office`  [ RunTime:0.0002s ]
SQL: SHOW COLUMNS FROM `think_trouble` [ RunTime:0.0006s ]
SQL: SELECT DATE_FORMAT(FROM_UNIXTIME(addtime),"%Y-%m-%d")as addtime,`id`,`order`,`office`,`cishu`,`firstimg`,`lastimg` FROM `think_trouble` WHERE `state` = 2 ORDER BY id desc LIMIT 20,5   [ RunTime:0.0004s ]

[ 2017-08-23T13:56:17+08:00 ] 117.136.40.226 /Home/Control/index/
INFO: [ app_init ] --START--
INFO: Run Behavior\BuildLiteBehavior [ RunTime:0.000013s ]
INFO: [ app_init ] --END-- [ RunTime:0.000279s ]
INFO: [ app_begin ] --START--
INFO: Run Behavior\ReadHtmlCacheBehavior [ RunTime:0.000348s ]
INFO: [ app_begin ] --END-- [ RunTime:0.000388s ]
SQL: SHOW COLUMNS FROM `think_user` [ RunTime:0.0010s ]
SQL: SELECT * FROM `think_user` WHERE `id` = 21 LIMIT 1   [ RunTime:0.0002s ]
SQL: SHOW COLUMNS FROM `think_office` [ RunTime:0.0006s ]
SQL: SELECT `id`,`name` FROM `think_office`  [ RunTime:0.0002s ]
SQL: SHOW COLUMNS FROM `think_trouble` [ RunTime:0.0007s ]
SQL: SELECT DATE_FORMAT(FROM_UNIXTIME(addtime),"%Y-%m-%d")as addtime,`id`,`order`,`office`,`cishu`,`firstimg`,`lastimg` FROM `think_trouble` WHERE `state` = 2 ORDER BY id desc LIMIT 25,5   [ RunTime:0.0005s ]

[ 2017-08-23T13:56:21+08:00 ] 117.136.40.226 /Home/Control/index/
INFO: [ app_init ] --START--
INFO: Run Behavior\BuildLiteBehavior [ RunTime:0.000013s ]
INFO: [ app_init ] --END-- [ RunTime:0.000299s ]
INFO: [ app_begin ] --START--
INFO: Run Behavior\ReadHtmlCacheBehavior [ RunTime:0.000347s ]
INFO: [ app_begin ] --END-- [ RunTime:0.000387s ]
SQL: SHOW COLUMNS FROM `think_user` [ RunTime:0.0009s ]
SQL: SELECT * FROM `think_user` WHERE `id` = 21 LIMIT 1   [ RunTime:0.0002s ]
SQL: SHOW COLUMNS FROM `think_office` [ RunTime:0.0005s ]
SQL: SELECT `id`,`name` FROM `think_office`  [ RunTime:0.0002s ]
SQL: SHOW COLUMNS FROM `think_trouble` [ RunTime:0.0006s ]
SQL: SELECT DATE_FORMAT(FROM_UNIXTIME(addtime),"%Y-%m-%d")as addtime,`id`,`order`,`office`,`cishu`,`firstimg`,`lastimg` FROM `think_trouble` WHERE `state` = 2 ORDER BY id desc LIMIT 30,5   [ RunTime:0.0004s ]

[ 2017-08-23T13:57:12+08:00 ] 117.136.40.226 /Home/Control/index/
INFO: [ app_init ] --START--
INFO: Run Behavior\BuildLiteBehavior [ RunTime:0.000015s ]
INFO: [ app_init ] --END-- [ RunTime:0.000291s ]
INFO: [ app_begin ] --START--
INFO: Run Behavior\ReadHtmlCacheBehavior [ RunTime:0.000355s ]
INFO: [ app_begin ] --END-- [ RunTime:0.000397s ]
SQL: SHOW COLUMNS FROM `think_user` [ RunTime:0.0015s ]
SQL: SELECT * FROM `think_user` WHERE `id` = 21 LIMIT 1   [ RunTime:0.0002s ]
SQL: SHOW COLUMNS FROM `think_office` [ RunTime:0.0060s ]
SQL: SELECT `id`,`name` FROM `think_office`  [ RunTime:0.0002s ]
SQL: SHOW COLUMNS FROM `think_trouble` [ RunTime:0.0006s ]
SQL: SELECT DATE_FORMAT(FROM_UNIXTIME(addtime),"%Y-%m-%d")as addtime,`id`,`order`,`office`,`cishu`,`firstimg`,`lastimg` FROM `think_trouble` WHERE `state` = 2 ORDER BY id desc LIMIT 35,5   [ RunTime:0.0005s ]

[ 2017-08-23T13:57:14+08:00 ] 117.136.40.226 /Home/Control/index/
INFO: [ app_init ] --START--
INFO: Run Behavior\BuildLiteBehavior [ RunTime:0.000017s ]
INFO: [ app_init ] --END-- [ RunTime:0.000392s ]
INFO: [ app_begin ] --START--
INFO: Run Behavior\ReadHtmlCacheBehavior [ RunTime:0.000488s ]
INFO: [ app_begin ] --END-- [ RunTime:0.000548s ]
SQL: SHOW COLUMNS FROM `think_user` [ RunTime:0.0009s ]
SQL: SELECT * FROM `think_user` WHERE `id` = 21 LIMIT 1   [ RunTime:0.0002s ]
SQL: SHOW COLUMNS FROM `think_office` [ RunTime:0.0005s ]
SQL: SELECT `id`,`name` FROM `think_office`  [ RunTime:0.0002s ]
SQL: SHOW COLUMNS FROM `think_trouble` [ RunTime:0.0005s ]
SQL: SELECT DATE_FORMAT(FROM_UNIXTIME(addtime),"%Y-%m-%d")as addtime,`id`,`order`,`office`,`cishu`,`firstimg`,`lastimg` FROM `think_trouble` WHERE `state` = 2 ORDER BY id desc LIMIT 40,5   [ RunTime:0.0004s ]

[ 2017-08-23T14:02:18+08:00 ] 117.185.27.113 /Home/Xuanze?from=message&isappinstalled=0
INFO: [ app_init ] --START--
INFO: Run Behavior\BuildLiteBehavior [ RunTime:0.000078s ]
INFO: [ app_init ] --END-- [ RunTime:0.000371s ]
INFO: [ app_begin ] --START--
INFO: Run Behavior\ReadHtmlCacheBehavior [ RunTime:0.000375s ]
INFO: [ app_begin ] --END-- [ RunTime:0.000416s ]
INFO: [ view_parse ] --START--
INFO: [ template_filter ] --START--
INFO: Run Behavior\ContentReplaceBehavior [ RunTime:0.000074s ]
INFO: [ template_filter ] --END-- [ RunTime:0.000170s ]
INFO: Run Behavior\ParseTemplateBehavior [ RunTime:0.005561s ]
INFO: [ view_parse ] --END-- [ RunTime:0.005613s ]
INFO: [ view_filter ] --START--
INFO: Run Behavior\WriteHtmlCacheBehavior [ RunTime:0.000128s ]
INFO: [ view_filter ] --END-- [ RunTime:0.000161s ]
INFO: [ app_end ] --START--
INFO: Run Behavior\ShowPageTraceBehavior [ RunTime:0.000403s ]
INFO: [ app_end ] --END-- [ RunTime:0.000439s ]

[ 2017-08-23T14:19:21+08:00 ] 106.11.227.238 /
INFO: [ app_init ] --START--
INFO: Run Behavior\BuildLiteBehavior [ RunTime:0.000012s ]
INFO: [ app_init ] --END-- [ RunTime:0.000281s ]
INFO: [ app_begin ] --START--
INFO: Run Behavior\ReadHtmlCacheBehavior [ RunTime:0.000346s ]
INFO: [ app_begin ] --END-- [ RunTime:0.000385s ]
INFO: [ view_parse ] --START--
INFO: [ template_filter ] --START--
INFO: Run Behavior\ContentReplaceBehavior [ RunTime:0.000063s ]
INFO: [ template_filter ] --END-- [ RunTime:0.000137s ]
INFO: Run Behavior\ParseTemplateBehavior [ RunTime:0.005821s ]
INFO: [ view_parse ] --END-- [ RunTime:0.005882s ]
INFO: [ view_filter ] --START--
INFO: Run Behavior\WriteHtmlCacheBehavior [ RunTime:0.000130s ]
INFO: [ view_filter ] --END-- [ RunTime:0.000163s ]
INFO: [ app_end ] --START--
INFO: Run Behavior\ShowPageTraceBehavior [ RunTime:0.000409s ]
INFO: [ app_end ] --END-- [ RunTime:0.000445s ]

[ 2017-08-23T22:44:44+08:00 ] 14.17.44.216 /Home/Xuanze?from=singlemessage
INFO: [ app_init ] --START--
INFO: Run Behavior\BuildLiteBehavior [ RunTime:0.000013s ]
INFO: [ app_init ] --END-- [ RunTime:0.000279s ]
INFO: [ app_begin ] --START--
INFO: Run Behavior\ReadHtmlCacheBehavior [ RunTime:0.000357s ]
INFO: [ app_begin ] --END-- [ RunTime:0.000396s ]
INFO: [ view_parse ] --START--
INFO: [ template_filter ] --START--
INFO: Run Behavior\ContentReplaceBehavior [ RunTime:0.000049s ]
INFO: [ template_filter ] --END-- [ RunTime:0.000097s ]
INFO: Run Behavior\ParseTemplateBehavior [ RunTime:0.005763s ]
INFO: [ view_parse ] --END-- [ RunTime:0.005815s ]
INFO: [ view_filter ] --START--
INFO: Run Behavior\WriteHtmlCacheBehavior [ RunTime:0.000136s ]
INFO: [ view_filter ] --END-- [ RunTime:0.000169s ]
INFO: [ app_end ] --START--
INFO: Run Behavior\ShowPageTraceBehavior [ RunTime:0.000405s ]
INFO: [ app_end ] --END-- [ RunTime:0.000443s ]

[ 2017-08-23T22:44:47+08:00 ] 117.136.79.143 /Home/Xuanze?from=groupmessage&isappinstalled=0
INFO: [ app_init ] --START--
INFO: Run Behavior\BuildLiteBehavior [ RunTime:0.000012s ]
INFO: [ app_init ] --END-- [ RunTime:0.000282s ]
INFO: [ app_begin ] --START--
INFO: Run Behavior\ReadHtmlCacheBehavior [ RunTime:0.000375s ]
INFO: [ app_begin ] --END-- [ RunTime:0.000414s ]
INFO: [ view_parse ] --START--
INFO: [ template_filter ] --START--
INFO: Run Behavior\ContentReplaceBehavior [ RunTime:0.000049s ]
INFO: [ template_filter ] --END-- [ RunTime:0.000099s ]
INFO: Run Behavior\ParseTemplateBehavior [ RunTime:0.005637s ]
INFO: [ view_parse ] --END-- [ RunTime:0.005700s ]
INFO: [ view_filter ] --START--
INFO: Run Behavior\WriteHtmlCacheBehavior [ RunTime:0.000128s ]
INFO: [ view_filter ] --END-- [ RunTime:0.000164s ]
INFO: [ app_end ] --START--
INFO: Run Behavior\ShowPageTraceBehavior [ RunTime:0.000407s ]
INFO: [ app_end ] --END-- [ RunTime:0.000446s ]

[ 2017-08-23T22:44:49+08:00 ] 14.17.44.216 /Home/Qingjie/index
INFO: [ app_init ] --START--
INFO: Run Behavior\BuildLiteBehavior [ RunTime:0.000013s ]
INFO: [ app_init ] --END-- [ RunTime:0.000300s ]
INFO: [ app_begin ] --START--
INFO: Run Behavior\ReadHtmlCacheBehavior [ RunTime:0.000512s ]
INFO: [ app_begin ] --END-- [ RunTime:0.000564s ]

[ 2017-08-23T22:44:50+08:00 ] 117.136.79.143 /Home/Qingjie/index
INFO: [ app_init ] --START--
INFO: Run Behavior\BuildLiteBehavior [ RunTime:0.000024s ]
INFO: [ app_init ] --END-- [ RunTime:0.000458s ]
INFO: [ app_begin ] --START--
INFO: Run Behavior\ReadHtmlCacheBehavior [ RunTime:0.000381s ]
INFO: [ app_begin ] --END-- [ RunTime:0.000420s ]

[ 2017-08-23T22:44:50+08:00 ] 163.177.69.106 /
INFO: [ app_init ] --START--
INFO: Run Behavior\BuildLiteBehavior [ RunTime:0.000011s ]
INFO: [ app_init ] --END-- [ RunTime:0.000267s ]
INFO: [ app_begin ] --START--
INFO: Run Behavior\ReadHtmlCacheBehavior [ RunTime:0.000346s ]
INFO: [ app_begin ] --END-- [ RunTime:0.000386s ]
INFO: [ view_parse ] --START--
INFO: [ template_filter ] --START--
INFO: Run Behavior\ContentReplaceBehavior [ RunTime:0.000050s ]
INFO: [ template_filter ] --END-- [ RunTime:0.000102s ]
INFO: Run Behavior\ParseTemplateBehavior [ RunTime:0.008272s ]
INFO: [ view_parse ] --END-- [ RunTime:0.008344s ]
INFO: [ view_filter ] --START--
INFO: Run Behavior\WriteHtmlCacheBehavior [ RunTime:0.000128s ]
INFO: [ view_filter ] --END-- [ RunTime:0.000161s ]
INFO: [ app_end ] --START--
INFO: Run Behavior\ShowPageTraceBehavior [ RunTime:0.000381s ]
INFO: [ app_end ] --END-- [ RunTime:0.000418s ]

[ 2017-08-23T22:44:50+08:00 ] 183.232.118.16 /
INFO: [ app_init ] --START--
INFO: Run Behavior\BuildLiteBehavior [ RunTime:0.000015s ]
INFO: [ app_init ] --END-- [ RunTime:0.000290s ]
INFO: [ app_begin ] --START--
INFO: Run Behavior\ReadHtmlCacheBehavior [ RunTime:0.000349s ]
INFO: [ app_begin ] --END-- [ RunTime:0.000388s ]
INFO: [ view_parse ] --START--
INFO: [ template_filter ] --START--
INFO: Run Behavior\ContentReplaceBehavior [ RunTime:0.000066s ]
INFO: [ template_filter ] --END-- [ RunTime:0.000128s ]
INFO: Run Behavior\ParseTemplateBehavior [ RunTime:0.005205s ]
INFO: [ view_parse ] --END-- [ RunTime:0.005257s ]
INFO: [ view_filter ] --START--
INFO: Run Behavior\WriteHtmlCacheBehavior [ RunTime:0.000132s ]
INFO: [ view_filter ] --END-- [ RunTime:0.000165s ]
INFO: [ app_end ] --START--
INFO: Run Behavior\ShowPageTraceBehavior [ RunTime:0.000415s ]
INFO: [ app_end ] --END-- [ RunTime:0.000451s ]

[ 2017-08-23T22:44:50+08:00 ] 183.232.90.37 /
INFO: [ app_init ] --START--
INFO: Run Behavior\BuildLiteBehavior [ RunTime:0.000018s ]
INFO: [ app_init ] --END-- [ RunTime:0.000323s ]
INFO: [ app_begin ] --START--
INFO: Run Behavior\ReadHtmlCacheBehavior [ RunTime:0.000354s ]
INFO: [ app_begin ] --END-- [ RunTime:0.000417s ]
INFO: [ view_parse ] --START--
INFO: [ template_filter ] --START--
INFO: Run Behavior\ContentReplaceBehavior [ RunTime:0.000045s ]
INFO: [ template_filter ] --END-- [ RunTime:0.000091s ]
INFO: Run Behavior\ParseTemplateBehavior [ RunTime:0.016828s ]
INFO: [ view_parse ] --END-- [ RunTime:0.016876s ]
INFO: [ view_filter ] --START--
INFO: Run Behavior\WriteHtmlCacheBehavior [ RunTime:0.000129s ]
INFO: [ view_filter ] --END-- [ RunTime:0.000162s ]
INFO: [ app_end ] --START--
INFO: Run Behavior\ShowPageTraceBehavior [ RunTime:0.000385s ]
INFO: [ app_end ] --END-- [ RunTime:0.000420s ]

[ 2017-08-23T22:44:50+08:00 ] 163.177.69.59 /
INFO: [ app_init ] --START--
INFO: Run Behavior\BuildLiteBehavior [ RunTime:0.000013s ]
INFO: [ app_init ] --END-- [ RunTime:0.000285s ]
INFO: [ app_begin ] --START--
INFO: Run Behavior\ReadHtmlCacheBehavior [ RunTime:0.000393s ]
INFO: [ app_begin ] --END-- [ RunTime:0.000432s ]
INFO: [ view_parse ] --START--
INFO: [ template_filter ] --START--
INFO: Run Behavior\ContentReplaceBehavior [ RunTime:0.000054s ]
INFO: [ template_filter ] --END-- [ RunTime:0.000101s ]
INFO: Run Behavior\ParseTemplateBehavior [ RunTime:0.005363s ]
INFO: [ view_parse ] --END-- [ RunTime:0.005412s ]
INFO: [ view_filter ] --START--
INFO: Run Behavior\WriteHtmlCacheBehavior [ RunTime:0.000133s ]
INFO: [ view_filter ] --END-- [ RunTime:0.000171s ]
INFO: [ app_end ] --START--
INFO: Run Behavior\ShowPageTraceBehavior [ RunTime:0.000389s ]
INFO: [ app_end ] --END-- [ RunTime:0.000425s ]

[ 2017-08-23T22:44:50+08:00 ] 14.17.44.216 /Home/Control/index.html
INFO: [ app_init ] --START--
INFO: Run Behavior\BuildLiteBehavior [ RunTime:0.000016s ]
INFO: [ app_init ] --END-- [ RunTime:0.000325s ]
INFO: [ app_begin ] --START--
INFO: Run Behavior\ReadHtmlCacheBehavior [ RunTime:0.000401s ]
INFO: [ app_begin ] --END-- [ RunTime:0.000441s ]
NOTIC: [8] Undefined index: id /data/wwwroot/ceyuan1/Crm/Home/Controller/CommonController.class.php 第 34 行.
SQL: SHOW COLUMNS FROM `think_office` [ RunTime:0.0017s ]
SQL: SELECT `id`,`name` FROM `think_office`  [ RunTime:0.0002s ]
INFO: [ view_parse ] --START--
INFO: [ template_filter ] --START--
INFO: Run Behavior\ContentReplaceBehavior [ RunTime:0.000100s ]
INFO: [ template_filter ] --END-- [ RunTime:0.000153s ]
INFO: Run Behavior\ParseTemplateBehavior [ RunTime:0.029128s ]
INFO: [ view_parse ] --END-- [ RunTime:0.029170s ]
INFO: [ view_filter ] --START--
INFO: Run Behavior\WriteHtmlCacheBehavior [ RunTime:0.000131s ]
INFO: [ view_filter ] --END-- [ RunTime:0.000167s ]
INFO: [ app_end ] --START--
INFO: Run Behavior\ShowPageTraceBehavior [ RunTime:0.000390s ]
INFO: [ app_end ] --END-- [ RunTime:0.000431s ]

[ 2017-08-23T22:44:50+08:00 ] 117.136.79.143 /Home/Control/index.html
INFO: [ app_init ] --START--
INFO: Run Behavior\BuildLiteBehavior [ RunTime:0.000012s ]
INFO: [ app_init ] --END-- [ RunTime:0.000306s ]
INFO: [ app_begin ] --START--
INFO: Run Behavior\ReadHtmlCacheBehavior [ RunTime:0.000349s ]
INFO: [ app_begin ] --END-- [ RunTime:0.000388s ]
NOTIC: [8] Undefined index: id /data/wwwroot/ceyuan1/Crm/Home/Controller/CommonController.class.php 第 34 行.
SQL: SHOW COLUMNS FROM `think_office` [ RunTime:0.0010s ]
SQL: SELECT `id`,`name` FROM `think_office`  [ RunTime:0.0002s ]
INFO: [ view_parse ] --START--
INFO: [ template_filter ] --START--
INFO: Run Behavior\ContentReplaceBehavior [ RunTime:0.000078s ]
INFO: [ template_filter ] --END-- [ RunTime:0.000119s ]
INFO: Run Behavior\ParseTemplateBehavior [ RunTime:0.008507s ]
INFO: [ view_parse ] --END-- [ RunTime:0.008549s ]
INFO: [ view_filter ] --START--
INFO: Run Behavior\WriteHtmlCacheBehavior [ RunTime:0.000128s ]
INFO: [ view_filter ] --END-- [ RunTime:0.000162s ]
INFO: [ app_end ] --START--
INFO: Run Behavior\ShowPageTraceBehavior [ RunTime:0.000405s ]
INFO: [ app_end ] --END-- [ RunTime:0.000482s ]

[ 2017-08-23T22:44:51+08:00 ] 183.232.120.39 /
INFO: [ app_init ] --START--
INFO: Run Behavior\BuildLiteBehavior [ RunTime:0.000013s ]
INFO: [ app_init ] --END-- [ RunTime:0.000279s ]
INFO: [ app_begin ] --START--
INFO: Run Behavior\ReadHtmlCacheBehavior [ RunTime:0.000378s ]
INFO: [ app_begin ] --END-- [ RunTime:0.000419s ]
INFO: [ view_parse ] --START--
INFO: [ template_filter ] --START--
INFO: Run Behavior\ContentReplaceBehavior [ RunTime:0.000049s ]
INFO: [ template_filter ] --END-- [ RunTime:0.000098s ]
INFO: Run Behavior\ParseTemplateBehavior [ RunTime:0.010933s ]
INFO: [ view_parse ] --END-- [ RunTime:0.010989s ]
INFO: [ view_filter ] --START--
INFO: Run Behavior\WriteHtmlCacheBehavior [ RunTime:0.000123s ]
INFO: [ view_filter ] --END-- [ RunTime:0.000157s ]
INFO: [ app_end ] --START--
INFO: Run Behavior\ShowPageTraceBehavior [ RunTime:0.000377s ]
INFO: [ app_end ] --END-- [ RunTime:0.000413s ]

[ 2017-08-23T22:44:51+08:00 ] 183.232.120.38 /
INFO: [ app_init ] --START--
INFO: Run Behavior\BuildLiteBehavior [ RunTime:0.000015s ]
INFO: [ app_init ] --END-- [ RunTime:0.000327s ]
INFO: [ app_begin ] --START--
INFO: Run Behavior\ReadHtmlCacheBehavior [ RunTime:0.000390s ]
INFO: [ app_begin ] --END-- [ RunTime:0.000444s ]
INFO: [ view_parse ] --START--
INFO: [ template_filter ] --START--
INFO: Run Behavior\ContentReplaceBehavior [ RunTime:0.000045s ]
INFO: [ template_filter ] --END-- [ RunTime:0.000085s ]
INFO: Run Behavior\ParseTemplateBehavior [ RunTime:0.006413s ]
INFO: [ view_parse ] --END-- [ RunTime:0.006465s ]
INFO: [ view_filter ] --START--
INFO: Run Behavior\WriteHtmlCacheBehavior [ RunTime:0.000122s ]
INFO: [ view_filter ] --END-- [ RunTime:0.000154s ]
INFO: [ app_end ] --START--
INFO: Run Behavior\ShowPageTraceBehavior [ RunTime:0.000379s ]
INFO: [ app_end ] --END-- [ RunTime:0.000414s ]

[ 2017-08-23T22:44:51+08:00 ] 117.136.79.143 /Home/Control/index/
INFO: [ app_init ] --START--
INFO: Run Behavior\BuildLiteBehavior [ RunTime:0.000021s ]
INFO: [ app_init ] --END-- [ RunTime:0.000451s ]
INFO: [ app_begin ] --START--
INFO: Run Behavior\ReadHtmlCacheBehavior [ RunTime:0.000639s ]
INFO: [ app_begin ] --END-- [ RunTime:0.000707s ]
NOTIC: [8] Undefined index: id /data/wwwroot/ceyuan1/Crm/Home/Controller/CommonController.class.php 第 34 行.
SQL: SHOW COLUMNS FROM `think_office` [ RunTime:0.0011s ]
SQL: SELECT `id`,`name` FROM `think_office`  [ RunTime:0.0002s ]
SQL: SHOW COLUMNS FROM `think_trouble` [ RunTime:0.0012s ]
SQL: SELECT DATE_FORMAT(FROM_UNIXTIME(addtime),"%Y-%m-%d")as addtime,`id`,`order`,`office`,`cishu`,`firstimg`,`lastimg` FROM `think_trouble` WHERE `state` = 0 ORDER BY id desc LIMIT 0,5   [ RunTime:0.0003s ]

[ 2017-08-23T22:44:51+08:00 ] 14.17.44.216 /Home/Control/index/
INFO: [ app_init ] --START--
INFO: Run Behavior\BuildLiteBehavior [ RunTime:0.000013s ]
INFO: [ app_init ] --END-- [ RunTime:0.000325s ]
INFO: [ app_begin ] --START--
INFO: Run Behavior\ReadHtmlCacheBehavior [ RunTime:0.000413s ]
INFO: [ app_begin ] --END-- [ RunTime:0.000465s ]
NOTIC: [8] Undefined index: id /data/wwwroot/ceyuan1/Crm/Home/Controller/CommonController.class.php 第 34 行.
SQL: SHOW COLUMNS FROM `think_office` [ RunTime:0.0009s ]
SQL: SELECT `id`,`name` FROM `think_office`  [ RunTime:0.0002s ]
SQL: SHOW COLUMNS FROM `think_trouble` [ RunTime:0.0006s ]
SQL: SELECT DATE_FORMAT(FROM_UNIXTIME(addtime),"%Y-%m-%d")as addtime,`id`,`order`,`office`,`cishu`,`firstimg`,`lastimg` FROM `think_trouble` WHERE `state` = 0 ORDER BY id desc LIMIT 0,5   [ RunTime:0.0003s ]

[ 2017-08-23T22:44:54+08:00 ] 117.185.27.113 /Home/Xuanze?from=singlemessage
INFO: [ app_init ] --START--
INFO: Run Behavior\BuildLiteBehavior [ RunTime:0.000014s ]
INFO: [ app_init ] --END-- [ RunTime:0.000289s ]
INFO: [ app_begin ] --START--
INFO: Run Behavior\ReadHtmlCacheBehavior [ RunTime:0.000346s ]
INFO: [ app_begin ] --END-- [ RunTime:0.000386s ]
INFO: [ view_parse ] --START--
INFO: [ template_filter ] --START--
INFO: Run Behavior\ContentReplaceBehavior [ RunTime:0.000050s ]
INFO: [ template_filter ] --END-- [ RunTime:0.000101s ]
INFO: Run Behavior\ParseTemplateBehavior [ RunTime:0.005668s ]
INFO: [ view_parse ] --END-- [ RunTime:0.005744s ]
INFO: [ view_filter ] --START--
INFO: Run Behavior\WriteHtmlCacheBehavior [ RunTime:0.000167s ]
INFO: [ view_filter ] --END-- [ RunTime:0.000214s ]
INFO: [ app_end ] --START--
INFO: Run Behavior\ShowPageTraceBehavior [ RunTime:0.000455s ]
INFO: [ app_end ] --END-- [ RunTime:0.000494s ]

[ 2017-08-23T22:44:55+08:00 ] 117.136.79.143 /Home/Control/index/
INFO: [ app_init ] --START--
INFO: Run Behavior\BuildLiteBehavior [ RunTime:0.000013s ]
INFO: [ app_init ] --END-- [ RunTime:0.000279s ]
INFO: [ app_begin ] --START--
INFO: Run Behavior\ReadHtmlCacheBehavior [ RunTime:0.000353s ]
INFO: [ app_begin ] --END-- [ RunTime:0.000393s ]
NOTIC: [8] Undefined index: id /data/wwwroot/ceyuan1/Crm/Home/Controller/CommonController.class.php 第 34 行.
SQL: SHOW COLUMNS FROM `think_office` [ RunTime:0.0090s ]
SQL: SELECT `id`,`name` FROM `think_office`  [ RunTime:0.0002s ]
SQL: SHOW COLUMNS FROM `think_trouble` [ RunTime:0.0006s ]
SQL: SELECT DATE_FORMAT(FROM_UNIXTIME(addtime),"%Y-%m-%d")as addtime,`id`,`order`,`office`,`cishu`,`firstimg`,`lastimg` FROM `think_trouble` WHERE `office` = '大鹏' AND `state` = 0 ORDER BY id desc LIMIT 0,5   [ RunTime:0.0003s ]

[ 2017-08-23T22:44:56+08:00 ] 183.61.51.208 /Home/Control/index/
INFO: [ app_init ] --START--
INFO: Run Behavior\BuildLiteBehavior [ RunTime:0.000012s ]
INFO: [ app_init ] --END-- [ RunTime:0.000280s ]
INFO: [ app_begin ] --START--
INFO: Run Behavior\ReadHtmlCacheBehavior [ RunTime:0.000343s ]
INFO: [ app_begin ] --END-- [ RunTime:0.000384s ]
NOTIC: [8] Undefined index: id /data/wwwroot/ceyuan1/Crm/Home/Controller/CommonController.class.php 第 34 行.
SQL: SHOW COLUMNS FROM `think_office` [ RunTime:0.0009s ]
SQL: SELECT `id`,`name` FROM `think_office`  [ RunTime:0.0002s ]
SQL: SHOW COLUMNS FROM `think_trouble` [ RunTime:0.0006s ]
SQL: SELECT DATE_FORMAT(FROM_UNIXTIME(addtime),"%Y-%m-%d")as addtime,`id`,`order`,`office`,`cishu`,`firstimg`,`lastimg` FROM `think_trouble` WHERE `office` = '大鹏' AND `state` = 0 ORDER BY id desc LIMIT 0,5   [ RunTime:0.0003s ]

[ 2017-08-23T22:45:01+08:00 ] 14.17.44.216 /Home/Control/daifankuixq/id/1615
INFO: [ app_init ] --START--
INFO: Run Behavior\BuildLiteBehavior [ RunTime:0.000014s ]
INFO: [ app_init ] --END-- [ RunTime:0.000284s ]
INFO: [ app_begin ] --START--
INFO: Run Behavior\ReadHtmlCacheBehavior [ RunTime:0.000375s ]
INFO: [ app_begin ] --END-- [ RunTime:0.000414s ]
NOTIC: [8] Undefined index: id /data/wwwroot/ceyuan1/Crm/Home/Controller/CommonController.class.php 第 34 行.
SQL: SHOW COLUMNS FROM `think_trouble` [ RunTime:0.0010s ]
SQL: SELECT DATE_FORMAT(FROM_UNIXTIME(addtime),"%Y-%m-%d")as addtime,`id`,`order`,`place`,`question`,`office`,`cishu`,`firstimg` FROM `think_trouble` WHERE `id` = 1615 LIMIT 1   [ RunTime:0.0003s ]
SQL: SHOW COLUMNS FROM `think_troublelist` [ RunTime:0.0166s ]
SQL: SELECT * FROM `think_troublelist` WHERE `uid` = 1615 ORDER BY id desc  [ RunTime:0.0227s ]
INFO: [ view_parse ] --START--
INFO: [ template_filter ] --START--
INFO: Run Behavior\ContentReplaceBehavior [ RunTime:0.000060s ]
INFO: [ template_filter ] --END-- [ RunTime:0.000113s ]
NOTIC: [8] Undefined variable: troublelistres /data/wwwroot/ceyuan1/Crm/Runtime/Cache/Home/784e01ed2d0335cbc5ceea539478fde8.php 第 111 行.
NOTIC: [8] Undefined variable: troublelistres /data/wwwroot/ceyuan1/Crm/Runtime/Cache/Home/784e01ed2d0335cbc5ceea539478fde8.php 第 111 行.
INFO: Run Behavior\ParseTemplateBehavior [ RunTime:0.009277s ]
INFO: [ view_parse ] --END-- [ RunTime:0.009330s ]
INFO: [ view_filter ] --START--
INFO: Run Behavior\WriteHtmlCacheBehavior [ RunTime:0.000132s ]
INFO: [ view_filter ] --END-- [ RunTime:0.000168s ]
INFO: [ app_end ] --START--
INFO: Run Behavior\ShowPageTraceBehavior [ RunTime:0.000392s ]
INFO: [ app_end ] --END-- [ RunTime:0.000428s ]

[ 2017-08-23T22:45:08+08:00 ] 117.185.27.113 /Home/Xuanze?from=groupmessage&isappinstalled=0
INFO: [ app_init ] --START--
INFO: Run Behavior\BuildLiteBehavior [ RunTime:0.000016s ]
INFO: [ app_init ] --END-- [ RunTime:0.000306s ]
INFO: [ app_begin ] --START--
INFO: Run Behavior\ReadHtmlCacheBehavior [ RunTime:0.000384s ]
INFO: [ app_begin ] --END-- [ RunTime:0.000423s ]
INFO: [ view_parse ] --START--
INFO: [ template_filter ] --START--
INFO: Run Behavior\ContentReplaceBehavior [ RunTime:0.000051s ]
INFO: [ template_filter ] --END-- [ RunTime:0.000102s ]
INFO: Run Behavior\ParseTemplateBehavior [ RunTime:0.005693s ]
INFO: [ view_parse ] --END-- [ RunTime:0.005761s ]
INFO: [ view_filter ] --START--
INFO: Run Behavior\WriteHtmlCacheBehavior [ RunTime:0.000148s ]
INFO: [ view_filter ] --END-- [ RunTime:0.000181s ]
INFO: [ app_end ] --START--
INFO: Run Behavior\ShowPageTraceBehavior [ RunTime:0.000384s ]
INFO: [ app_end ] --END-- [ RunTime:0.000421s ]

[ 2017-08-23T22:45:09+08:00 ] 117.185.27.113 /Home/Control/index.html
INFO: [ app_init ] --START--
INFO: Run Behavior\BuildLiteBehavior [ RunTime:0.000013s ]
INFO: [ app_init ] --END-- [ RunTime:0.000305s ]
INFO: [ app_begin ] --START--
INFO: Run Behavior\ReadHtmlCacheBehavior [ RunTime:0.000350s ]
INFO: [ app_begin ] --END-- [ RunTime:0.000389s ]
NOTIC: [8] Undefined index: id /data/wwwroot/ceyuan1/Crm/Home/Controller/CommonController.class.php 第 34 行.
NOTIC: [8] Undefined index: username /data/wwwroot/ceyuan1/Crm/Home/Controller/CommonController.class.php 第 35 行.
NOTIC: [8] Undefined index: password /data/wwwroot/ceyuan1/Crm/Home/Controller/CommonController.class.php 第 36 行.
SQL: SHOW COLUMNS FROM `think_user` [ RunTime:0.0020s ]
SQL: SELECT * FROM `think_user` LIMIT 1   [ RunTime:0.0002s ]
INFO: [ view_parse ] --START--
INFO: [ template_filter ] --START--
INFO: Run Behavior\ContentReplaceBehavior [ RunTime:0.000046s ]
INFO: [ template_filter ] --END-- [ RunTime:0.000107s ]
INFO: Run Behavior\ParseTemplateBehavior [ RunTime:0.004901s ]
INFO: [ view_parse ] --END-- [ RunTime:0.004944s ]
INFO: [ view_filter ] --START--
INFO: Run Behavior\WriteHtmlCacheBehavior [ RunTime:0.000129s ]
INFO: [ view_filter ] --END-- [ RunTime:0.000162s ]

[ 2017-08-23T22:45:09+08:00 ] 117.136.40.222 /Home/Xuanze?from=singlemessage&isappinstalled=0
INFO: [ app_init ] --START--
INFO: Run Behavior\BuildLiteBehavior [ RunTime:0.000014s ]
INFO: [ app_init ] --END-- [ RunTime:0.000309s ]
INFO: [ app_begin ] --START--
INFO: Run Behavior\ReadHtmlCacheBehavior [ RunTime:0.000370s ]
INFO: [ app_begin ] --END-- [ RunTime:0.000410s ]
INFO: [ view_parse ] --START--
INFO: [ template_filter ] --START--
INFO: Run Behavior\ContentReplaceBehavior [ RunTime:0.000049s ]
INFO: [ template_filter ] --END-- [ RunTime:0.000097s ]
INFO: Run Behavior\ParseTemplateBehavior [ RunTime:0.005660s ]
INFO: [ view_parse ] --END-- [ RunTime:0.005712s ]
INFO: [ view_filter ] --START--
INFO: Run Behavior\WriteHtmlCacheBehavior [ RunTime:0.000137s ]
INFO: [ view_filter ] --END-- [ RunTime:0.000170s ]
INFO: [ app_end ] --START--
INFO: Run Behavior\ShowPageTraceBehavior [ RunTime:0.000379s ]
INFO: [ app_end ] --END-- [ RunTime:0.000415s ]

[ 2017-08-23T22:45:13+08:00 ] 117.136.40.222 /Home/Qingjie/index
INFO: [ app_init ] --START--
INFO: Run Behavior\BuildLiteBehavior [ RunTime:0.000014s ]
INFO: [ app_init ] --END-- [ RunTime:0.000287s ]
INFO: [ app_begin ] --START--
INFO: Run Behavior\ReadHtmlCacheBehavior [ RunTime:0.000374s ]
INFO: [ app_begin ] --END-- [ RunTime:0.000414s ]

[ 2017-08-23T22:45:13+08:00 ] 117.136.40.222 /Home/Control/index.html
INFO: [ app_init ] --START--
INFO: Run Behavior\BuildLiteBehavior [ RunTime:0.000014s ]
INFO: [ app_init ] --END-- [ RunTime:0.000296s ]
INFO: [ app_begin ] --START--
INFO: Run Behavior\ReadHtmlCacheBehavior [ RunTime:0.000383s ]
INFO: [ app_begin ] --END-- [ RunTime:0.000433s ]
NOTIC: [8] Undefined index: id /data/wwwroot/ceyuan1/Crm/Home/Controller/CommonController.class.php 第 34 行.
SQL: SHOW COLUMNS FROM `think_office` [ RunTime:0.0009s ]
SQL: SELECT `id`,`name` FROM `think_office`  [ RunTime:0.0002s ]
INFO: [ view_parse ] --START--
INFO: [ template_filter ] --START--
INFO: Run Behavior\ContentReplaceBehavior [ RunTime:0.000100s ]
INFO: [ template_filter ] --END-- [ RunTime:0.000146s ]
INFO: Run Behavior\ParseTemplateBehavior [ RunTime:0.008219s ]
INFO: [ view_parse ] --END-- [ RunTime:0.008261s ]
INFO: [ view_filter ] --START--
INFO: Run Behavior\WriteHtmlCacheBehavior [ RunTime:0.000132s ]
INFO: [ view_filter ] --END-- [ RunTime:0.000167s ]
INFO: [ app_end ] --START--
INFO: Run Behavior\ShowPageTraceBehavior [ RunTime:0.000411s ]
INFO: [ app_end ] --END-- [ RunTime:0.000453s ]

[ 2017-08-23T22:45:14+08:00 ] 117.136.40.222 /Home/Control/index/
INFO: [ app_init ] --START--
INFO: Run Behavior\BuildLiteBehavior [ RunTime:0.000014s ]
INFO: [ app_init ] --END-- [ RunTime:0.000291s ]
INFO: [ app_begin ] --START--
INFO: Run Behavior\ReadHtmlCacheBehavior [ RunTime:0.000372s ]
INFO: [ app_begin ] --END-- [ RunTime:0.000413s ]
NOTIC: [8] Undefined index: id /data/wwwroot/ceyuan1/Crm/Home/Controller/CommonController.class.php 第 34 行.
SQL: SHOW COLUMNS FROM `think_office` [ RunTime:0.0009s ]
SQL: SELECT `id`,`name` FROM `think_office`  [ RunTime:0.0002s ]
SQL: SHOW COLUMNS FROM `think_trouble` [ RunTime:0.0006s ]
SQL: SELECT DATE_FORMAT(FROM_UNIXTIME(addtime),"%Y-%m-%d")as addtime,`id`,`order`,`office`,`cishu`,`firstimg`,`lastimg` FROM `think_trouble` WHERE `state` = 0 ORDER BY id desc LIMIT 0,5   [ RunTime:0.0003s ]

[ 2017-08-23T22:45:19+08:00 ] 117.136.40.222 /Home/Control/index/
INFO: [ app_init ] --START--
INFO: Run Behavior\BuildLiteBehavior [ RunTime:0.000017s ]
INFO: [ app_init ] --END-- [ RunTime:0.000328s ]
INFO: [ app_begin ] --START--
INFO: Run Behavior\ReadHtmlCacheBehavior [ RunTime:0.000344s ]
INFO: [ app_begin ] --END-- [ RunTime:0.000386s ]
NOTIC: [8] Undefined index: id /data/wwwroot/ceyuan1/Crm/Home/Controller/CommonController.class.php 第 34 行.
SQL: SHOW COLUMNS FROM `think_office` [ RunTime:0.0009s ]
SQL: SELECT `id`,`name` FROM `think_office`  [ RunTime:0.0002s ]
SQL: SHOW COLUMNS FROM `think_trouble` [ RunTime:0.0006s ]
SQL: SELECT DATE_FORMAT(FROM_UNIXTIME(addtime),"%Y-%m-%d")as addtime,`id`,`order`,`office`,`cishu`,`firstimg`,`lastimg` FROM `think_trouble` WHERE `office` = '大鹏' AND `state` = 0 ORDER BY id desc LIMIT 0,5   [ RunTime:0.0003s ]

[ 2017-08-23T22:45:22+08:00 ] 117.136.79.143 /Home/Control/index/
INFO: [ app_init ] --START--
INFO: Run Behavior\BuildLiteBehavior [ RunTime:0.000016s ]
INFO: [ app_init ] --END-- [ RunTime:0.000297s ]
INFO: [ app_begin ] --START--
INFO: Run Behavior\ReadHtmlCacheBehavior [ RunTime:0.000354s ]
INFO: [ app_begin ] --END-- [ RunTime:0.000395s ]
NOTIC: [8] Undefined index: id /data/wwwroot/ceyuan1/Crm/Home/Controller/CommonController.class.php 第 34 行.
SQL: SHOW COLUMNS FROM `think_office` [ RunTime:0.0009s ]
SQL: SELECT `id`,`name` FROM `think_office`  [ RunTime:0.0002s ]
SQL: SHOW COLUMNS FROM `think_trouble` [ RunTime:0.0006s ]
SQL: SELECT DATE_FORMAT(FROM_UNIXTIME(addtime),"%Y-%m-%d")as addtime,`id`,`order`,`office`,`cishu`,`firstimg`,`lastimg` FROM `think_trouble` WHERE `office` = '大鹏' AND `state` = 0 ORDER BY id desc LIMIT 5,5   [ RunTime:0.0003s ]

[ 2017-08-23T22:45:23+08:00 ] 14.17.44.216 /Home/Control/index
INFO: [ app_init ] --START--
INFO: Run Behavior\BuildLiteBehavior [ RunTime:0.000012s ]
INFO: [ app_init ] --END-- [ RunTime:0.000302s ]
INFO: [ app_begin ] --START--
INFO: Run Behavior\ReadHtmlCacheBehavior [ RunTime:0.000348s ]
INFO: [ app_begin ] --END-- [ RunTime:0.000387s ]
NOTIC: [8] Undefined index: id /data/wwwroot/ceyuan1/Crm/Home/Controller/CommonController.class.php 第 34 行.
SQL: SHOW COLUMNS FROM `think_office` [ RunTime:0.0009s ]
SQL: SELECT `id`,`name` FROM `think_office`  [ RunTime:0.0002s ]
INFO: [ view_parse ] --START--
INFO: [ template_filter ] --START--
INFO: Run Behavior\ContentReplaceBehavior [ RunTime:0.000075s ]
INFO: [ template_filter ] --END-- [ RunTime:0.000118s ]
INFO: Run Behavior\ParseTemplateBehavior [ RunTime:0.008140s ]
INFO: [ view_parse ] --END-- [ RunTime:0.008183s ]
INFO: [ view_filter ] --START--
INFO: Run Behavior\WriteHtmlCacheBehavior [ RunTime:0.000126s ]
INFO: [ view_filter ] --END-- [ RunTime:0.000160s ]
INFO: [ app_end ] --START--
INFO: Run Behavior\ShowPageTraceBehavior [ RunTime:0.000396s ]
INFO: [ app_end ] --END-- [ RunTime:0.000437s ]

[ 2017-08-23T22:45:24+08:00 ] 14.17.44.216 /Home/Control/index/
INFO: [ app_init ] --START--
INFO: Run Behavior\BuildLiteBehavior [ RunTime:0.000014s ]
INFO: [ app_init ] --END-- [ RunTime:0.000307s ]
INFO: [ app_begin ] --START--
INFO: Run Behavior\ReadHtmlCacheBehavior [ RunTime:0.000345s ]
INFO: [ app_begin ] --END-- [ RunTime:0.000386s ]
NOTIC: [8] Undefined index: id /data/wwwroot/ceyuan1/Crm/Home/Controller/CommonController.class.php 第 34 行.
SQL: SHOW COLUMNS FROM `think_office` [ RunTime:0.0009s ]
SQL: SELECT `id`,`name` FROM `think_office`  [ RunTime:0.0002s ]
SQL: SHOW COLUMNS FROM `think_trouble` [ RunTime:0.0006s ]
SQL: SELECT DATE_FORMAT(FROM_UNIXTIME(addtime),"%Y-%m-%d")as addtime,`id`,`order`,`office`,`cishu`,`firstimg`,`lastimg` FROM `think_trouble` WHERE `state` = 0 ORDER BY id desc LIMIT 0,5   [ RunTime:0.0003s ]

[ 2017-08-23T22:45:26+08:00 ] 117.185.27.115 /Home/Control/daifankuixq/id/1615
INFO: [ app_init ] --START--
INFO: Run Behavior\BuildLiteBehavior [ RunTime:0.000020s ]
INFO: [ app_init ] --END-- [ RunTime:0.000486s ]
INFO: [ app_begin ] --START--
INFO: Run Behavior\ReadHtmlCacheBehavior [ RunTime:0.000557s ]
INFO: [ app_begin ] --END-- [ RunTime:0.000616s ]
NOTIC: [8] Undefined index: id /data/wwwroot/ceyuan1/Crm/Home/Controller/CommonController.class.php 第 34 行.
NOTIC: [8] Undefined index: username /data/wwwroot/ceyuan1/Crm/Home/Controller/CommonController.class.php 第 35 行.
NOTIC: [8] Undefined index: password /data/wwwroot/ceyuan1/Crm/Home/Controller/CommonController.class.php 第 36 行.
SQL: SHOW COLUMNS FROM `think_user` [ RunTime:0.0009s ]
SQL: SELECT * FROM `think_user` LIMIT 1   [ RunTime:0.0002s ]
INFO: [ view_parse ] --START--
INFO: [ template_filter ] --START--
INFO: Run Behavior\ContentReplaceBehavior [ RunTime:0.000044s ]
INFO: [ template_filter ] --END-- [ RunTime:0.000087s ]
INFO: Run Behavior\ParseTemplateBehavior [ RunTime:0.004383s ]
INFO: [ view_parse ] --END-- [ RunTime:0.004423s ]
INFO: [ view_filter ] --START--
INFO: Run Behavior\WriteHtmlCacheBehavior [ RunTime:0.000129s ]
INFO: [ view_filter ] --END-- [ RunTime:0.000162s ]

[ 2017-08-23T22:45:42+08:00 ] 14.17.44.216 /Home/Control/index/
INFO: [ app_init ] --START--
INFO: Run Behavior\BuildLiteBehavior [ RunTime:0.000012s ]
INFO: [ app_init ] --END-- [ RunTime:0.000300s ]
INFO: [ app_begin ] --START--
INFO: Run Behavior\ReadHtmlCacheBehavior [ RunTime:0.000362s ]
INFO: [ app_begin ] --END-- [ RunTime:0.000403s ]
NOTIC: [8] Undefined index: id /data/wwwroot/ceyuan1/Crm/Home/Controller/CommonController.class.php 第 34 行.
SQL: SHOW COLUMNS FROM `think_office` [ RunTime:0.0009s ]
SQL: SELECT `id`,`name` FROM `think_office`  [ RunTime:0.0002s ]
SQL: SHOW COLUMNS FROM `think_trouble` [ RunTime:0.0006s ]
SQL: SELECT DATE_FORMAT(FROM_UNIXTIME(addtime),"%Y-%m-%d")as addtime,`id`,`order`,`office`,`cishu`,`firstimg`,`lastimg` FROM `think_trouble` WHERE `state` = 0 ORDER BY id desc LIMIT 5,5   [ RunTime:0.0003s ]

[ 2017-08-23T22:45:44+08:00 ] 14.17.44.216 /Home/Control/index/
INFO: [ app_init ] --START--
INFO: Run Behavior\BuildLiteBehavior [ RunTime:0.000012s ]
INFO: [ app_init ] --END-- [ RunTime:0.000286s ]
INFO: [ app_begin ] --START--
INFO: Run Behavior\ReadHtmlCacheBehavior [ RunTime:0.000351s ]
INFO: [ app_begin ] --END-- [ RunTime:0.000391s ]
NOTIC: [8] Undefined index: id /data/wwwroot/ceyuan1/Crm/Home/Controller/CommonController.class.php 第 34 行.
SQL: SHOW COLUMNS FROM `think_office` [ RunTime:0.0009s ]
SQL: SELECT `id`,`name` FROM `think_office`  [ RunTime:0.0002s ]
SQL: SHOW COLUMNS FROM `think_trouble` [ RunTime:0.0006s ]
SQL: SELECT DATE_FORMAT(FROM_UNIXTIME(addtime),"%Y-%m-%d")as addtime,`id`,`order`,`office`,`cishu`,`firstimg`,`lastimg` FROM `think_trouble` WHERE `state` = 0 ORDER BY id desc LIMIT 10,5   [ RunTime:0.0004s ]

[ 2017-08-23T22:45:47+08:00 ] 14.17.44.216 /Home/Control/index/
INFO: [ app_init ] --START--
INFO: Run Behavior\BuildLiteBehavior [ RunTime:0.000013s ]
INFO: [ app_init ] --END-- [ RunTime:0.000281s ]
INFO: [ app_begin ] --START--
INFO: Run Behavior\ReadHtmlCacheBehavior [ RunTime:0.000367s ]
INFO: [ app_begin ] --END-- [ RunTime:0.000409s ]
NOTIC: [8] Undefined index: id /data/wwwroot/ceyuan1/Crm/Home/Controller/CommonController.class.php 第 34 行.
SQL: SHOW COLUMNS FROM `think_office` [ RunTime:0.0010s ]
SQL: SELECT `id`,`name` FROM `think_office`  [ RunTime:0.0002s ]
SQL: SHOW COLUMNS FROM `think_trouble` [ RunTime:0.0006s ]
SQL: SELECT DATE_FORMAT(FROM_UNIXTIME(addtime),"%Y-%m-%d")as addtime,`id`,`order`,`office`,`cishu`,`firstimg`,`lastimg` FROM `think_trouble` WHERE `state` = 0 ORDER BY id desc LIMIT 15,5   [ RunTime:0.0004s ]

[ 2017-08-23T22:45:50+08:00 ] 117.136.40.222 /Home/Control/index/
INFO: [ app_init ] --START--
INFO: Run Behavior\BuildLiteBehavior [ RunTime:0.000020s ]
INFO: [ app_init ] --END-- [ RunTime:0.000464s ]
INFO: [ app_begin ] --START--
INFO: Run Behavior\ReadHtmlCacheBehavior [ RunTime:0.000569s ]
INFO: [ app_begin ] --END-- [ RunTime:0.000636s ]
NOTIC: [8] Undefined index: id /data/wwwroot/ceyuan1/Crm/Home/Controller/CommonController.class.php 第 34 行.
SQL: SHOW COLUMNS FROM `think_office` [ RunTime:0.0011s ]
SQL: SELECT `id`,`name` FROM `think_office`  [ RunTime:0.0003s ]
SQL: SHOW COLUMNS FROM `think_trouble` [ RunTime:0.0007s ]
SQL: SELECT DATE_FORMAT(FROM_UNIXTIME(addtime),"%Y-%m-%d")as addtime,`id`,`order`,`office`,`cishu`,`firstimg`,`lastimg` FROM `think_trouble` WHERE `office` = '大鹏' AND `state` = 0 ORDER BY id desc LIMIT 5,5   [ RunTime:0.0003s ]

[ 2017-08-23T22:45:55+08:00 ] 183.61.51.208 /Home/Control/index/
INFO: [ app_init ] --START--
INFO: Run Behavior\BuildLiteBehavior [ RunTime:0.000015s ]
INFO: [ app_init ] --END-- [ RunTime:0.000293s ]
INFO: [ app_begin ] --START--
INFO: Run Behavior\ReadHtmlCacheBehavior [ RunTime:0.000349s ]
INFO: [ app_begin ] --END-- [ RunTime:0.000389s ]
NOTIC: [8] Undefined index: id /data/wwwroot/ceyuan1/Crm/Home/Controller/CommonController.class.php 第 34 行.
SQL: SHOW COLUMNS FROM `think_office` [ RunTime:0.0009s ]
SQL: SELECT `id`,`name` FROM `think_office`  [ RunTime:0.0002s ]
SQL: SHOW COLUMNS FROM `think_trouble` [ RunTime:0.0006s ]
SQL: SELECT DATE_FORMAT(FROM_UNIXTIME(addtime),"%Y-%m-%d")as addtime,`id`,`order`,`office`,`cishu`,`firstimg`,`lastimg` FROM `think_trouble` WHERE `state` = 0 ORDER BY id desc LIMIT 20,5   [ RunTime:0.0003s ]

[ 2017-08-23T22:46:10+08:00 ] 117.136.40.222 /Home/Control/index/
INFO: [ app_init ] --START--
INFO: Run Behavior\BuildLiteBehavior [ RunTime:0.000013s ]
INFO: [ app_init ] --END-- [ RunTime:0.000301s ]
INFO: [ app_begin ] --START--
INFO: Run Behavior\ReadHtmlCacheBehavior [ RunTime:0.000386s ]
INFO: [ app_begin ] --END-- [ RunTime:0.000428s ]
NOTIC: [8] Undefined index: id /data/wwwroot/ceyuan1/Crm/Home/Controller/CommonController.class.php 第 34 行.
SQL: SHOW COLUMNS FROM `think_office` [ RunTime:0.0009s ]
SQL: SELECT `id`,`name` FROM `think_office`  [ RunTime:0.0002s ]
SQL: SHOW COLUMNS FROM `think_trouble` [ RunTime:0.0006s ]
SQL: SELECT DATE_FORMAT(FROM_UNIXTIME(addtime),"%Y-%m-%d")as addtime,`id`,`order`,`office`,`cishu`,`firstimg`,`lastimg` FROM `think_trouble` WHERE `office` = '大鹏' AND `state` = 0 ORDER BY id desc LIMIT 10,5   [ RunTime:0.0004s ]

[ 2017-08-23T22:46:16+08:00 ] 117.136.40.222 /Home/Control/index/
INFO: [ app_init ] --START--
INFO: Run Behavior\BuildLiteBehavior [ RunTime:0.000016s ]
INFO: [ app_init ] --END-- [ RunTime:0.000309s ]
INFO: [ app_begin ] --START--
INFO: Run Behavior\ReadHtmlCacheBehavior [ RunTime:0.000371s ]
INFO: [ app_begin ] --END-- [ RunTime:0.000481s ]
NOTIC: [8] Undefined index: id /data/wwwroot/ceyuan1/Crm/Home/Controller/CommonController.class.php 第 34 行.
SQL: SHOW COLUMNS FROM `think_office` [ RunTime:0.0010s ]
SQL: SELECT `id`,`name` FROM `think_office`  [ RunTime:0.0002s ]
SQL: SHOW COLUMNS FROM `think_trouble` [ RunTime:0.0090s ]
SQL: SELECT DATE_FORMAT(FROM_UNIXTIME(addtime),"%Y-%m-%d")as addtime,`id`,`order`,`office`,`cishu`,`firstimg`,`lastimg` FROM `think_trouble` WHERE `office` = '大鹏' AND `state` = 1 ORDER BY id desc LIMIT 0,5   [ RunTime:0.0026s ]

[ 2017-08-23T22:46:18+08:00 ] 117.136.40.222 /Home/Control/index/
INFO: [ app_init ] --START--
INFO: Run Behavior\BuildLiteBehavior [ RunTime:0.000013s ]
INFO: [ app_init ] --END-- [ RunTime:0.000287s ]
INFO: [ app_begin ] --START--
INFO: Run Behavior\ReadHtmlCacheBehavior [ RunTime:0.000349s ]
INFO: [ app_begin ] --END-- [ RunTime:0.000390s ]
NOTIC: [8] Undefined index: id /data/wwwroot/ceyuan1/Crm/Home/Controller/CommonController.class.php 第 34 行.
SQL: SHOW COLUMNS FROM `think_office` [ RunTime:0.0009s ]
SQL: SELECT `id`,`name` FROM `think_office`  [ RunTime:0.0004s ]
SQL: SHOW COLUMNS FROM `think_trouble` [ RunTime:0.0008s ]
SQL: SELECT DATE_FORMAT(FROM_UNIXTIME(addtime),"%Y-%m-%d")as addtime,`id`,`order`,`office`,`cishu`,`firstimg`,`lastimg` FROM `think_trouble` WHERE `office` = '大鹏' AND `state` = 0 ORDER BY id desc LIMIT 0,5   [ RunTime:0.0003s ]

[ 2017-08-23T22:49:50+08:00 ] 117.136.40.222 /Home/Xuanze?from=singlemessage&isappinstalled=0
INFO: [ app_init ] --START--
INFO: Run Behavior\BuildLiteBehavior [ RunTime:0.000014s ]
INFO: [ app_init ] --END-- [ RunTime:0.000291s ]
INFO: [ app_begin ] --START--
INFO: Run Behavior\ReadHtmlCacheBehavior [ RunTime:0.000435s ]
INFO: [ app_begin ] --END-- [ RunTime:0.000487s ]
INFO: [ view_parse ] --START--
INFO: [ template_filter ] --START--
INFO: Run Behavior\ContentReplaceBehavior [ RunTime:0.000049s ]
INFO: [ template_filter ] --END-- [ RunTime:0.000098s ]
INFO: Run Behavior\ParseTemplateBehavior [ RunTime:0.005303s ]
INFO: [ view_parse ] --END-- [ RunTime:0.005663s ]
INFO: [ view_filter ] --START--
INFO: Run Behavior\WriteHtmlCacheBehavior [ RunTime:0.000399s ]
INFO: [ view_filter ] --END-- [ RunTime:0.000434s ]
INFO: [ app_end ] --START--
INFO: Run Behavior\ShowPageTraceBehavior [ RunTime:0.000405s ]
INFO: [ app_end ] --END-- [ RunTime:0.000443s ]

[ 2017-08-23T22:49:53+08:00 ] 117.136.40.222 /Home/Qingjie/index
INFO: [ app_init ] --START--
INFO: Run Behavior\BuildLiteBehavior [ RunTime:0.000014s ]
INFO: [ app_init ] --END-- [ RunTime:0.000298s ]
INFO: [ app_begin ] --START--
INFO: Run Behavior\ReadHtmlCacheBehavior [ RunTime:0.000348s ]
INFO: [ app_begin ] --END-- [ RunTime:0.000386s ]

[ 2017-08-23T22:49:53+08:00 ] 117.136.40.222 /Home/Control/index.html
INFO: [ app_init ] --START--
INFO: Run Behavior\BuildLiteBehavior [ RunTime:0.000012s ]
INFO: [ app_init ] --END-- [ RunTime:0.000302s ]
INFO: [ app_begin ] --START--
INFO: Run Behavior\ReadHtmlCacheBehavior [ RunTime:0.000347s ]
INFO: [ app_begin ] --END-- [ RunTime:0.000387s ]
NOTIC: [8] Undefined index: id /data/wwwroot/ceyuan1/Crm/Home/Controller/CommonController.class.php 第 34 行.
SQL: SHOW COLUMNS FROM `think_office` [ RunTime:0.0009s ]
SQL: SELECT `id`,`name` FROM `think_office`  [ RunTime:0.0002s ]
INFO: [ view_parse ] --START--
INFO: [ template_filter ] --START--
INFO: Run Behavior\ContentReplaceBehavior [ RunTime:0.000077s ]
INFO: [ template_filter ] --END-- [ RunTime:0.000119s ]
INFO: Run Behavior\ParseTemplateBehavior [ RunTime:0.008361s ]
INFO: [ view_parse ] --END-- [ RunTime:0.008400s ]
INFO: [ view_filter ] --START--
INFO: Run Behavior\WriteHtmlCacheBehavior [ RunTime:0.000150s ]
INFO: [ view_filter ] --END-- [ RunTime:0.000195s ]
INFO: [ app_end ] --START--
INFO: Run Behavior\ShowPageTraceBehavior [ RunTime:0.000374s ]
INFO: [ app_end ] --END-- [ RunTime:0.000412s ]

[ 2017-08-23T22:49:54+08:00 ] 117.136.40.222 /Home/Control/index/
INFO: [ app_init ] --START--
INFO: Run Behavior\BuildLiteBehavior [ RunTime:0.000012s ]
INFO: [ app_init ] --END-- [ RunTime:0.000277s ]
INFO: [ app_begin ] --START--
INFO: Run Behavior\ReadHtmlCacheBehavior [ RunTime:0.000345s ]
INFO: [ app_begin ] --END-- [ RunTime:0.000388s ]
NOTIC: [8] Undefined index: id /data/wwwroot/ceyuan1/Crm/Home/Controller/CommonController.class.php 第 34 行.
SQL: SHOW COLUMNS FROM `think_office` [ RunTime:0.0009s ]
SQL: SELECT `id`,`name` FROM `think_office`  [ RunTime:0.0002s ]
SQL: SHOW COLUMNS FROM `think_trouble` [ RunTime:0.0006s ]
SQL: SELECT DATE_FORMAT(FROM_UNIXTIME(addtime),"%Y-%m-%d")as addtime,`id`,`order`,`office`,`cishu`,`firstimg`,`lastimg` FROM `think_trouble` WHERE `state` = 0 ORDER BY id desc LIMIT 0,5   [ RunTime:0.0003s ]

[ 2017-08-23T23:12:21+08:00 ] 116.25.188.191 /Home/Xuanze?from=singlemessage&isappinstalled=0
INFO: [ app_init ] --START--
INFO: Run Behavior\BuildLiteBehavior [ RunTime:0.000014s ]
INFO: [ app_init ] --END-- [ RunTime:0.000285s ]
INFO: [ app_begin ] --START--
INFO: Run Behavior\ReadHtmlCacheBehavior [ RunTime:0.000350s ]
INFO: [ app_begin ] --END-- [ RunTime:0.000390s ]
INFO: [ view_parse ] --START--
INFO: [ template_filter ] --START--
INFO: Run Behavior\ContentReplaceBehavior [ RunTime:0.000052s ]
INFO: [ template_filter ] --END-- [ RunTime:0.000104s ]
INFO: Run Behavior\ParseTemplateBehavior [ RunTime:0.007188s ]
INFO: [ view_parse ] --END-- [ RunTime:0.007717s ]
INFO: [ view_filter ] --START--
INFO: Run Behavior\WriteHtmlCacheBehavior [ RunTime:0.000127s ]
INFO: [ view_filter ] --END-- [ RunTime:0.000160s ]
INFO: [ app_end ] --START--
INFO: Run Behavior\ShowPageTraceBehavior [ RunTime:0.000383s ]
INFO: [ app_end ] --END-- [ RunTime:0.000422s ]

