[ 2017-11-09T00:47:44+08:00 ] 116.25.188.34 /Home/Xuanze?from=singlemessage&isappinstalled=0
INFO: [ app_init ] --START--
INFO: Run Behavior\BuildLiteBehavior [ RunTime:0.000014s ]
INFO: [ app_init ] --END-- [ RunTime:0.000287s ]
INFO: [ app_begin ] --START--
INFO: Run Behavior\ReadHtmlCacheBehavior [ RunTime:0.000354s ]
INFO: [ app_begin ] --END-- [ RunTime:0.000394s ]
NOTIC: [8] Undefined property: stdClass::$access_token /data/wwwroot/ceyuan1/Crm/Home/Controller/ShareController.class.php 第 29 行.
NOTIC: [8] Undefined property: stdClass::$ticket /data/wwwroot/ceyuan1/Crm/Home/Controller/ShareController.class.php 第 34 行.
INFO: [ view_parse ] --START--
INFO: [ template_filter ] --START--
INFO: Run Behavior\ContentReplaceBehavior [ RunTime:0.000061s ]
INFO: [ template_filter ] --END-- [ RunTime:0.000125s ]
INFO: Run Behavior\ParseTemplateBehavior [ RunTime:0.011209s ]
INFO: [ view_parse ] --END-- [ RunTime:0.011308s ]
INFO: [ view_filter ] --START--
INFO: Run Behavior\WriteHtmlCacheBehavior [ RunTime:0.000163s ]
INFO: [ view_filter ] --END-- [ RunTime:0.000198s ]
INFO: [ app_end ] --START--
INFO: Run Behavior\ShowPageTraceBehavior [ RunTime:0.000437s ]
INFO: [ app_end ] --END-- [ RunTime:0.000476s ]

[ 2017-11-09T00:47:45+08:00 ] 116.25.188.34 /Home/Qingjie/index
INFO: [ app_init ] --START--
INFO: Run Behavior\BuildLiteBehavior [ RunTime:0.000018s ]
INFO: [ app_init ] --END-- [ RunTime:0.000329s ]
INFO: [ app_begin ] --START--
INFO: Run Behavior\ReadHtmlCacheBehavior [ RunTime:0.000368s ]
INFO: [ app_begin ] --END-- [ RunTime:0.000409s ]

[ 2017-11-09T00:47:45+08:00 ] 116.25.188.34 /Home/Control/index.html
INFO: [ app_init ] --START--
INFO: Run Behavior\BuildLiteBehavior [ RunTime:0.000015s ]
INFO: [ app_init ] --END-- [ RunTime:0.000295s ]
INFO: [ app_begin ] --START--
INFO: Run Behavior\ReadHtmlCacheBehavior [ RunTime:0.000376s ]
INFO: [ app_begin ] --END-- [ RunTime:0.000416s ]
NOTIC: [8] Undefined property: stdClass::$access_token /data/wwwroot/ceyuan1/Crm/Home/Controller/CommonController.class.php 第 79 行.
NOTIC: [8] Undefined property: stdClass::$ticket /data/wwwroot/ceyuan1/Crm/Home/Controller/CommonController.class.php 第 84 行.
NOTIC: [8] Undefined index: id /data/wwwroot/ceyuan1/Crm/Home/Controller/CommonController.class.php 第 34 行.
SQL: SHOW COLUMNS FROM `think_office` [ RunTime:0.0015s ]
SQL: SELECT `id`,`name` FROM `think_office`  [ RunTime:0.0002s ]
INFO: [ view_parse ] --START--
INFO: [ template_filter ] --START--
INFO: Run Behavior\ContentReplaceBehavior [ RunTime:0.000103s ]
INFO: [ template_filter ] --END-- [ RunTime:0.000174s ]
INFO: Run Behavior\ParseTemplateBehavior [ RunTime:0.009591s ]
INFO: [ view_parse ] --END-- [ RunTime:0.009634s ]
INFO: [ view_filter ] --START--
INFO: Run Behavior\WriteHtmlCacheBehavior [ RunTime:0.000139s ]
INFO: [ view_filter ] --END-- [ RunTime:0.000179s ]
INFO: [ app_end ] --START--
INFO: Run Behavior\ShowPageTraceBehavior [ RunTime:0.000427s ]
INFO: [ app_end ] --END-- [ RunTime:0.000468s ]

[ 2017-11-09T00:47:46+08:00 ] 116.25.188.34 /Home/Control/index/
INFO: [ app_init ] --START--
INFO: Run Behavior\BuildLiteBehavior [ RunTime:0.000014s ]
INFO: [ app_init ] --END-- [ RunTime:0.000306s ]
INFO: [ app_begin ] --START--
INFO: Run Behavior\ReadHtmlCacheBehavior [ RunTime:0.000382s ]
INFO: [ app_begin ] --END-- [ RunTime:0.000429s ]
NOTIC: [8] Undefined property: stdClass::$access_token /data/wwwroot/ceyuan1/Crm/Home/Controller/CommonController.class.php 第 79 行.
NOTIC: [8] Undefined property: stdClass::$ticket /data/wwwroot/ceyuan1/Crm/Home/Controller/CommonController.class.php 第 84 行.
NOTIC: [8] Undefined index: id /data/wwwroot/ceyuan1/Crm/Home/Controller/CommonController.class.php 第 34 行.
SQL: SHOW COLUMNS FROM `think_office` [ RunTime:0.0010s ]
SQL: SELECT `id`,`name` FROM `think_office`  [ RunTime:0.0002s ]
SQL: SHOW COLUMNS FROM `think_trouble` [ RunTime:0.0011s ]
SQL: SELECT DATE_FORMAT(FROM_UNIXTIME(addtime),"%Y-%m-%d")as addtime,`id`,`order`,`office`,`cishu`,`firstimg`,`lastimg` FROM `think_trouble` WHERE `state` = 0 ORDER BY id desc LIMIT 0,5   [ RunTime:0.0004s ]

[ 2017-11-09T00:47:50+08:00 ] 116.25.188.34 /Home/Control/index/
INFO: [ app_init ] --START--
INFO: Run Behavior\BuildLiteBehavior [ RunTime:0.000014s ]
INFO: [ app_init ] --END-- [ RunTime:0.000317s ]
INFO: [ app_begin ] --START--
INFO: Run Behavior\ReadHtmlCacheBehavior [ RunTime:0.000354s ]
INFO: [ app_begin ] --END-- [ RunTime:0.000396s ]
NOTIC: [8] Undefined property: stdClass::$access_token /data/wwwroot/ceyuan1/Crm/Home/Controller/CommonController.class.php 第 79 行.
NOTIC: [8] Undefined property: stdClass::$ticket /data/wwwroot/ceyuan1/Crm/Home/Controller/CommonController.class.php 第 84 行.
NOTIC: [8] Undefined index: id /data/wwwroot/ceyuan1/Crm/Home/Controller/CommonController.class.php 第 34 行.
SQL: SHOW COLUMNS FROM `think_office` [ RunTime:0.0010s ]
SQL: SELECT `id`,`name` FROM `think_office`  [ RunTime:0.0002s ]
SQL: SHOW COLUMNS FROM `think_trouble` [ RunTime:0.0006s ]
SQL: SELECT DATE_FORMAT(FROM_UNIXTIME(addtime),"%Y-%m-%d")as addtime,`id`,`order`,`office`,`cishu`,`firstimg`,`lastimg` FROM `think_trouble` WHERE `office` = '大鹏' AND `state` = 0 ORDER BY id desc LIMIT 0,5   [ RunTime:0.0007s ]

[ 2017-11-09T15:52:14+08:00 ] 116.30.206.29 /Home/Xuanze?from=singlemessage&isappinstalled=0
INFO: [ app_init ] --START--
INFO: Run Behavior\BuildLiteBehavior [ RunTime:0.000014s ]
INFO: [ app_init ] --END-- [ RunTime:0.000280s ]
INFO: [ app_begin ] --START--
INFO: Run Behavior\ReadHtmlCacheBehavior [ RunTime:0.000373s ]
INFO: [ app_begin ] --END-- [ RunTime:0.000414s ]
NOTIC: [8] Undefined property: stdClass::$access_token /data/wwwroot/ceyuan1/Crm/Home/Controller/ShareController.class.php 第 29 行.
NOTIC: [8] Undefined property: stdClass::$ticket /data/wwwroot/ceyuan1/Crm/Home/Controller/ShareController.class.php 第 34 行.
INFO: [ view_parse ] --START--
INFO: [ template_filter ] --START--
INFO: Run Behavior\ContentReplaceBehavior [ RunTime:0.000051s ]
INFO: [ template_filter ] --END-- [ RunTime:0.000099s ]
INFO: Run Behavior\ParseTemplateBehavior [ RunTime:0.005792s ]
INFO: [ view_parse ] --END-- [ RunTime:0.005838s ]
INFO: [ view_filter ] --START--
INFO: Run Behavior\WriteHtmlCacheBehavior [ RunTime:0.000125s ]
INFO: [ view_filter ] --END-- [ RunTime:0.000159s ]
INFO: [ app_end ] --START--
INFO: Run Behavior\ShowPageTraceBehavior [ RunTime:0.000403s ]
INFO: [ app_end ] --END-- [ RunTime:0.000439s ]

[ 2017-11-09T15:52:19+08:00 ] 116.30.206.29 /Home/Index/index
INFO: [ app_init ] --START--
INFO: Run Behavior\BuildLiteBehavior [ RunTime:0.000013s ]
INFO: [ app_init ] --END-- [ RunTime:0.000277s ]
INFO: [ app_begin ] --START--
INFO: Run Behavior\ReadHtmlCacheBehavior [ RunTime:0.000347s ]
INFO: [ app_begin ] --END-- [ RunTime:0.000387s ]
NOTIC: [8] Undefined property: stdClass::$access_token /data/wwwroot/ceyuan1/Crm/Home/Controller/ShareController.class.php 第 29 行.
NOTIC: [8] Undefined property: stdClass::$ticket /data/wwwroot/ceyuan1/Crm/Home/Controller/ShareController.class.php 第 34 行.
INFO: [ view_parse ] --START--
INFO: [ template_filter ] --START--
INFO: Run Behavior\ContentReplaceBehavior [ RunTime:0.000051s ]
INFO: [ template_filter ] --END-- [ RunTime:0.000106s ]
INFO: Run Behavior\ParseTemplateBehavior [ RunTime:0.005806s ]
INFO: [ view_parse ] --END-- [ RunTime:0.005850s ]
INFO: [ view_filter ] --START--
INFO: Run Behavior\WriteHtmlCacheBehavior [ RunTime:0.000129s ]
INFO: [ view_filter ] --END-- [ RunTime:0.000162s ]
INFO: [ app_end ] --START--
INFO: Run Behavior\ShowPageTraceBehavior [ RunTime:0.000411s ]
INFO: [ app_end ] --END-- [ RunTime:0.000447s ]

[ 2017-11-09T15:52:30+08:00 ] 116.30.206.29 /Home/Index/Login/
INFO: [ app_init ] --START--
INFO: Run Behavior\BuildLiteBehavior [ RunTime:0.000013s ]
INFO: [ app_init ] --END-- [ RunTime:0.000286s ]
INFO: [ app_begin ] --START--
INFO: Run Behavior\ReadHtmlCacheBehavior [ RunTime:0.000398s ]
INFO: [ app_begin ] --END-- [ RunTime:0.000440s ]
NOTIC: [8] Undefined property: stdClass::$access_token /data/wwwroot/ceyuan1/Crm/Home/Controller/ShareController.class.php 第 29 行.
NOTIC: [8] Undefined property: stdClass::$ticket /data/wwwroot/ceyuan1/Crm/Home/Controller/ShareController.class.php 第 34 行.
SQL: SHOW COLUMNS FROM `think_user` [ RunTime:0.0017s ]
SQL: SELECT * FROM `think_user` WHERE `username` = '骆周怡' AND `password` = '7c4a8d09ca3762af61e59520943dc26494f8941b' LIMIT 1   [ RunTime:0.0002s ]

[ 2017-11-09T15:52:31+08:00 ] 116.30.206.29 /Home/Control/index
INFO: [ app_init ] --START--
INFO: Run Behavior\BuildLiteBehavior [ RunTime:0.000014s ]
INFO: [ app_init ] --END-- [ RunTime:0.000312s ]
INFO: [ app_begin ] --START--
INFO: Run Behavior\ReadHtmlCacheBehavior [ RunTime:0.000355s ]
INFO: [ app_begin ] --END-- [ RunTime:0.000394s ]
NOTIC: [8] Undefined property: stdClass::$access_token /data/wwwroot/ceyuan1/Crm/Home/Controller/CommonController.class.php 第 79 行.
NOTIC: [8] Undefined property: stdClass::$ticket /data/wwwroot/ceyuan1/Crm/Home/Controller/CommonController.class.php 第 84 行.
SQL: SHOW COLUMNS FROM `think_user` [ RunTime:0.0010s ]
SQL: SELECT * FROM `think_user` WHERE `id` = 21 LIMIT 1   [ RunTime:0.0002s ]
SQL: SHOW COLUMNS FROM `think_office` [ RunTime:0.0016s ]
SQL: SELECT `id`,`name` FROM `think_office`  [ RunTime:0.0005s ]
INFO: [ view_parse ] --START--
INFO: [ template_filter ] --START--
INFO: Run Behavior\ContentReplaceBehavior [ RunTime:0.000078s ]
INFO: [ template_filter ] --END-- [ RunTime:0.000127s ]
INFO: Run Behavior\ParseTemplateBehavior [ RunTime:0.008547s ]
INFO: [ view_parse ] --END-- [ RunTime:0.008613s ]
INFO: [ view_filter ] --START--
INFO: Run Behavior\WriteHtmlCacheBehavior [ RunTime:0.000127s ]
INFO: [ view_filter ] --END-- [ RunTime:0.000161s ]
INFO: [ app_end ] --START--
INFO: Run Behavior\ShowPageTraceBehavior [ RunTime:0.000380s ]
INFO: [ app_end ] --END-- [ RunTime:0.000420s ]

[ 2017-11-09T15:52:32+08:00 ] 116.30.206.29 /Home/Control/index/
INFO: [ app_init ] --START--
INFO: Run Behavior\BuildLiteBehavior [ RunTime:0.000013s ]
INFO: [ app_init ] --END-- [ RunTime:0.000302s ]
INFO: [ app_begin ] --START--
INFO: Run Behavior\ReadHtmlCacheBehavior [ RunTime:0.000374s ]
INFO: [ app_begin ] --END-- [ RunTime:0.000415s ]
NOTIC: [8] Undefined property: stdClass::$access_token /data/wwwroot/ceyuan1/Crm/Home/Controller/CommonController.class.php 第 79 行.
NOTIC: [8] Undefined property: stdClass::$ticket /data/wwwroot/ceyuan1/Crm/Home/Controller/CommonController.class.php 第 84 行.
SQL: SHOW COLUMNS FROM `think_user` [ RunTime:0.0069s ]
SQL: SELECT * FROM `think_user` WHERE `id` = 21 LIMIT 1   [ RunTime:0.0003s ]
SQL: SHOW COLUMNS FROM `think_office` [ RunTime:0.0008s ]
SQL: SELECT `id`,`name` FROM `think_office`  [ RunTime:0.0002s ]
SQL: SHOW COLUMNS FROM `think_trouble` [ RunTime:0.0012s ]
SQL: SELECT DATE_FORMAT(FROM_UNIXTIME(addtime),"%Y-%m-%d")as addtime,`id`,`order`,`office`,`cishu`,`firstimg`,`lastimg` FROM `think_trouble` WHERE `state` = 0 ORDER BY id desc LIMIT 0,5   [ RunTime:0.0140s ]

[ 2017-11-09T15:52:33+08:00 ] 116.30.206.29 /Home/Control/index/
INFO: [ app_init ] --START--
INFO: Run Behavior\BuildLiteBehavior [ RunTime:0.000013s ]
INFO: [ app_init ] --END-- [ RunTime:0.000279s ]
INFO: [ app_begin ] --START--
INFO: Run Behavior\ReadHtmlCacheBehavior [ RunTime:0.000341s ]
INFO: [ app_begin ] --END-- [ RunTime:0.000381s ]
NOTIC: [8] Undefined property: stdClass::$access_token /data/wwwroot/ceyuan1/Crm/Home/Controller/CommonController.class.php 第 79 行.
NOTIC: [8] Undefined property: stdClass::$ticket /data/wwwroot/ceyuan1/Crm/Home/Controller/CommonController.class.php 第 84 行.
SQL: SHOW COLUMNS FROM `think_user` [ RunTime:0.0010s ]
SQL: SELECT * FROM `think_user` WHERE `id` = 21 LIMIT 1   [ RunTime:0.0003s ]
SQL: SHOW COLUMNS FROM `think_office` [ RunTime:0.0005s ]
SQL: SELECT `id`,`name` FROM `think_office`  [ RunTime:0.0002s ]
SQL: SHOW COLUMNS FROM `think_trouble` [ RunTime:0.0006s ]
SQL: SELECT DATE_FORMAT(FROM_UNIXTIME(addtime),"%Y-%m-%d")as addtime,`id`,`order`,`office`,`cishu`,`firstimg`,`lastimg` FROM `think_trouble` WHERE `state` = 1 ORDER BY id desc LIMIT 0,5   [ RunTime:0.0006s ]

[ 2017-11-09T15:53:03+08:00 ] 116.30.206.29 /Home/Control/index/
INFO: [ app_init ] --START--
INFO: Run Behavior\BuildLiteBehavior [ RunTime:0.000046s ]
INFO: [ app_init ] --END-- [ RunTime:0.000475s ]
INFO: [ app_begin ] --START--
INFO: Run Behavior\ReadHtmlCacheBehavior [ RunTime:0.000555s ]
INFO: [ app_begin ] --END-- [ RunTime:0.000609s ]
NOTIC: [8] Undefined property: stdClass::$access_token /data/wwwroot/ceyuan1/Crm/Home/Controller/CommonController.class.php 第 79 行.
NOTIC: [8] Undefined property: stdClass::$ticket /data/wwwroot/ceyuan1/Crm/Home/Controller/CommonController.class.php 第 84 行.
SQL: SHOW COLUMNS FROM `think_user` [ RunTime:0.0010s ]
SQL: SELECT * FROM `think_user` WHERE `id` = 21 LIMIT 1   [ RunTime:0.0003s ]
SQL: SHOW COLUMNS FROM `think_office` [ RunTime:0.0005s ]
SQL: SELECT `id`,`name` FROM `think_office`  [ RunTime:0.0002s ]
SQL: SHOW COLUMNS FROM `think_trouble` [ RunTime:0.0006s ]
SQL: SELECT DATE_FORMAT(FROM_UNIXTIME(addtime),"%Y-%m-%d")as addtime,`id`,`order`,`office`,`cishu`,`firstimg`,`lastimg` FROM `think_trouble` WHERE `office` = '大鹏' AND `state` = 1 ORDER BY id desc LIMIT 0,5   [ RunTime:0.0006s ]

[ 2017-11-09T15:53:40+08:00 ] 116.30.206.29 /Home/Control/daishenhexq/id/1847
INFO: [ app_init ] --START--
INFO: Run Behavior\BuildLiteBehavior [ RunTime:0.000015s ]
INFO: [ app_init ] --END-- [ RunTime:0.000289s ]
INFO: [ app_begin ] --START--
INFO: Run Behavior\ReadHtmlCacheBehavior [ RunTime:0.000377s ]
INFO: [ app_begin ] --END-- [ RunTime:0.000425s ]
NOTIC: [8] Undefined property: stdClass::$access_token /data/wwwroot/ceyuan1/Crm/Home/Controller/CommonController.class.php 第 79 行.
NOTIC: [8] Undefined property: stdClass::$ticket /data/wwwroot/ceyuan1/Crm/Home/Controller/CommonController.class.php 第 84 行.
SQL: SHOW COLUMNS FROM `think_user` [ RunTime:0.0010s ]
SQL: SELECT * FROM `think_user` WHERE `id` = 21 LIMIT 1   [ RunTime:0.0002s ]
SQL: SHOW COLUMNS FROM `think_trouble` [ RunTime:0.0006s ]
SQL: SELECT DATE_FORMAT(FROM_UNIXTIME(addtime),"%Y-%m-%d")as addtime,`id`,`order`,`place`,`question`,`office`,`cishu`,`firstimg` FROM `think_trouble` WHERE `state` = 1 AND `id` = 1847 LIMIT 1   [ RunTime:0.0003s ]
SQL: SHOW COLUMNS FROM `think_troublelist` [ RunTime:0.0010s ]
SQL: SELECT * FROM `think_troublelist` WHERE `uid` = 1847 ORDER BY id desc  [ RunTime:0.0007s ]
INFO: [ view_parse ] --START--
INFO: [ template_filter ] --START--
INFO: Run Behavior\ContentReplaceBehavior [ RunTime:0.000061s ]
INFO: [ template_filter ] --END-- [ RunTime:0.000110s ]
INFO: Run Behavior\ParseTemplateBehavior [ RunTime:0.007175s ]
INFO: [ view_parse ] --END-- [ RunTime:0.007218s ]
INFO: [ view_filter ] --START--
INFO: Run Behavior\WriteHtmlCacheBehavior [ RunTime:0.000125s ]
INFO: [ view_filter ] --END-- [ RunTime:0.000159s ]
INFO: [ app_end ] --START--
INFO: Run Behavior\ShowPageTraceBehavior [ RunTime:0.000403s ]
INFO: [ app_end ] --END-- [ RunTime:0.000444s ]

[ 2017-11-09T15:54:02+08:00 ] 116.30.206.29 /Home/Control/index/
INFO: [ app_init ] --START--
INFO: Run Behavior\BuildLiteBehavior [ RunTime:0.000016s ]
INFO: [ app_init ] --END-- [ RunTime:0.000297s ]
INFO: [ app_begin ] --START--
INFO: Run Behavior\ReadHtmlCacheBehavior [ RunTime:0.000376s ]
INFO: [ app_begin ] --END-- [ RunTime:0.000418s ]
NOTIC: [8] Undefined property: stdClass::$access_token /data/wwwroot/ceyuan1/Crm/Home/Controller/CommonController.class.php 第 79 行.
NOTIC: [8] Undefined property: stdClass::$ticket /data/wwwroot/ceyuan1/Crm/Home/Controller/CommonController.class.php 第 84 行.
SQL: SHOW COLUMNS FROM `think_user` [ RunTime:0.0010s ]
SQL: SELECT * FROM `think_user` WHERE `id` = 21 LIMIT 1   [ RunTime:0.0003s ]
SQL: SHOW COLUMNS FROM `think_office` [ RunTime:0.0005s ]
SQL: SELECT `id`,`name` FROM `think_office`  [ RunTime:0.0002s ]
SQL: SHOW COLUMNS FROM `think_trouble` [ RunTime:0.0006s ]
SQL: SELECT DATE_FORMAT(FROM_UNIXTIME(addtime),"%Y-%m-%d")as addtime,`id`,`order`,`office`,`cishu`,`firstimg`,`lastimg` FROM `think_trouble` WHERE `office` = '大鹏' AND `state` = 1 ORDER BY id desc LIMIT 5,5   [ RunTime:0.0007s ]

[ 2017-11-09T15:54:43+08:00 ] 116.30.206.29 /Home/Control/index/
INFO: [ app_init ] --START--
INFO: Run Behavior\BuildLiteBehavior [ RunTime:0.000013s ]
INFO: [ app_init ] --END-- [ RunTime:0.000280s ]
INFO: [ app_begin ] --START--
INFO: Run Behavior\ReadHtmlCacheBehavior [ RunTime:0.000343s ]
INFO: [ app_begin ] --END-- [ RunTime:0.000385s ]
NOTIC: [8] Undefined property: stdClass::$access_token /data/wwwroot/ceyuan1/Crm/Home/Controller/CommonController.class.php 第 79 行.
NOTIC: [8] Undefined property: stdClass::$ticket /data/wwwroot/ceyuan1/Crm/Home/Controller/CommonController.class.php 第 84 行.
SQL: SHOW COLUMNS FROM `think_user` [ RunTime:0.0010s ]
SQL: SELECT * FROM `think_user` WHERE `id` = 21 LIMIT 1   [ RunTime:0.0003s ]
SQL: SHOW COLUMNS FROM `think_office` [ RunTime:0.0005s ]
SQL: SELECT `id`,`name` FROM `think_office`  [ RunTime:0.0002s ]
SQL: SHOW COLUMNS FROM `think_trouble` [ RunTime:0.0006s ]
SQL: SELECT DATE_FORMAT(FROM_UNIXTIME(addtime),"%Y-%m-%d")as addtime,`id`,`order`,`office`,`cishu`,`firstimg`,`lastimg` FROM `think_trouble` WHERE `office` = '大鹏' AND `state` = 1 ORDER BY id desc LIMIT 10,5   [ RunTime:0.0007s ]

[ 2017-11-09T15:55:03+08:00 ] 116.30.206.29 /Home/Control/index/
INFO: [ app_init ] --START--
INFO: Run Behavior\BuildLiteBehavior [ RunTime:0.000013s ]
INFO: [ app_init ] --END-- [ RunTime:0.000281s ]
INFO: [ app_begin ] --START--
INFO: Run Behavior\ReadHtmlCacheBehavior [ RunTime:0.000344s ]
INFO: [ app_begin ] --END-- [ RunTime:0.000385s ]
NOTIC: [8] Undefined property: stdClass::$access_token /data/wwwroot/ceyuan1/Crm/Home/Controller/CommonController.class.php 第 79 行.
NOTIC: [8] Undefined property: stdClass::$ticket /data/wwwroot/ceyuan1/Crm/Home/Controller/CommonController.class.php 第 84 行.
SQL: SHOW COLUMNS FROM `think_user` [ RunTime:0.0010s ]
SQL: SELECT * FROM `think_user` WHERE `id` = 21 LIMIT 1   [ RunTime:0.0003s ]
SQL: SHOW COLUMNS FROM `think_office` [ RunTime:0.0005s ]
SQL: SELECT `id`,`name` FROM `think_office`  [ RunTime:0.0002s ]
SQL: SHOW COLUMNS FROM `think_trouble` [ RunTime:0.0006s ]
SQL: SELECT DATE_FORMAT(FROM_UNIXTIME(addtime),"%Y-%m-%d")as addtime,`id`,`order`,`office`,`cishu`,`firstimg`,`lastimg` FROM `think_trouble` WHERE `office` = '大鹏' AND `state` = 1 ORDER BY id desc LIMIT 15,5   [ RunTime:0.0007s ]

[ 2017-11-09T15:55:14+08:00 ] 116.30.206.29 /Home/Control/daishenhexq/id/1800
INFO: [ app_init ] --START--
INFO: Run Behavior\BuildLiteBehavior [ RunTime:0.000012s ]
INFO: [ app_init ] --END-- [ RunTime:0.000275s ]
INFO: [ app_begin ] --START--
INFO: Run Behavior\ReadHtmlCacheBehavior [ RunTime:0.000367s ]
INFO: [ app_begin ] --END-- [ RunTime:0.000408s ]
NOTIC: [8] Undefined property: stdClass::$access_token /data/wwwroot/ceyuan1/Crm/Home/Controller/CommonController.class.php 第 79 行.
NOTIC: [8] Undefined property: stdClass::$ticket /data/wwwroot/ceyuan1/Crm/Home/Controller/CommonController.class.php 第 84 行.
SQL: SHOW COLUMNS FROM `think_user` [ RunTime:0.0013s ]
SQL: SELECT * FROM `think_user` WHERE `id` = 21 LIMIT 1   [ RunTime:0.0003s ]
SQL: SHOW COLUMNS FROM `think_trouble` [ RunTime:0.0009s ]
SQL: SELECT DATE_FORMAT(FROM_UNIXTIME(addtime),"%Y-%m-%d")as addtime,`id`,`order`,`place`,`question`,`office`,`cishu`,`firstimg` FROM `think_trouble` WHERE `state` = 1 AND `id` = 1800 LIMIT 1   [ RunTime:0.0003s ]
SQL: SHOW COLUMNS FROM `think_troublelist` [ RunTime:0.0006s ]
SQL: SELECT * FROM `think_troublelist` WHERE `uid` = 1800 ORDER BY id desc  [ RunTime:0.0007s ]
INFO: [ view_parse ] --START--
INFO: [ template_filter ] --START--
INFO: Run Behavior\ContentReplaceBehavior [ RunTime:0.000069s ]
INFO: [ template_filter ] --END-- [ RunTime:0.000111s ]
INFO: Run Behavior\ParseTemplateBehavior [ RunTime:0.007125s ]
INFO: [ view_parse ] --END-- [ RunTime:0.007173s ]
INFO: [ view_filter ] --START--
INFO: Run Behavior\WriteHtmlCacheBehavior [ RunTime:0.000139s ]
INFO: [ view_filter ] --END-- [ RunTime:0.000173s ]
INFO: [ app_end ] --START--
INFO: Run Behavior\ShowPageTraceBehavior [ RunTime:0.000392s ]
INFO: [ app_end ] --END-- [ RunTime:0.000435s ]

[ 2017-11-09T15:55:45+08:00 ] 116.30.206.29 /Home/Control/index/
INFO: [ app_init ] --START--
INFO: Run Behavior\BuildLiteBehavior [ RunTime:0.000014s ]
INFO: [ app_init ] --END-- [ RunTime:0.000281s ]
INFO: [ app_begin ] --START--
INFO: Run Behavior\ReadHtmlCacheBehavior [ RunTime:0.000343s ]
INFO: [ app_begin ] --END-- [ RunTime:0.000388s ]
NOTIC: [8] Undefined property: stdClass::$access_token /data/wwwroot/ceyuan1/Crm/Home/Controller/CommonController.class.php 第 79 行.
NOTIC: [8] Undefined property: stdClass::$ticket /data/wwwroot/ceyuan1/Crm/Home/Controller/CommonController.class.php 第 84 行.
SQL: SHOW COLUMNS FROM `think_user` [ RunTime:0.0010s ]
SQL: SELECT * FROM `think_user` WHERE `id` = 21 LIMIT 1   [ RunTime:0.0003s ]
SQL: SHOW COLUMNS FROM `think_office` [ RunTime:0.0005s ]
SQL: SELECT `id`,`name` FROM `think_office`  [ RunTime:0.0002s ]
SQL: SHOW COLUMNS FROM `think_trouble` [ RunTime:0.0006s ]
SQL: SELECT DATE_FORMAT(FROM_UNIXTIME(addtime),"%Y-%m-%d")as addtime,`id`,`order`,`office`,`cishu`,`firstimg`,`lastimg` FROM `think_trouble` WHERE `office` = '大鹏' AND `state` = 1 ORDER BY id desc LIMIT 20,5   [ RunTime:0.0008s ]

[ 2017-11-09T15:56:04+08:00 ] 116.30.206.29 /Home/Control/index/
INFO: [ app_init ] --START--
INFO: Run Behavior\BuildLiteBehavior [ RunTime:0.000013s ]
INFO: [ app_init ] --END-- [ RunTime:0.000313s ]
INFO: [ app_begin ] --START--
INFO: Run Behavior\ReadHtmlCacheBehavior [ RunTime:0.000354s ]
INFO: [ app_begin ] --END-- [ RunTime:0.000395s ]
NOTIC: [8] Undefined property: stdClass::$access_token /data/wwwroot/ceyuan1/Crm/Home/Controller/CommonController.class.php 第 79 行.
NOTIC: [8] Undefined property: stdClass::$ticket /data/wwwroot/ceyuan1/Crm/Home/Controller/CommonController.class.php 第 84 行.
SQL: SHOW COLUMNS FROM `think_user` [ RunTime:0.0010s ]
SQL: SELECT * FROM `think_user` WHERE `id` = 21 LIMIT 1   [ RunTime:0.0002s ]
SQL: SHOW COLUMNS FROM `think_office` [ RunTime:0.0005s ]
SQL: SELECT `id`,`name` FROM `think_office`  [ RunTime:0.0002s ]
SQL: SHOW COLUMNS FROM `think_trouble` [ RunTime:0.0006s ]
SQL: SELECT DATE_FORMAT(FROM_UNIXTIME(addtime),"%Y-%m-%d")as addtime,`id`,`order`,`office`,`cishu`,`firstimg`,`lastimg` FROM `think_trouble` WHERE `office` = '大鹏' AND `state` = 1 ORDER BY id desc LIMIT 25,5   [ RunTime:0.0009s ]

[ 2017-11-09T15:56:52+08:00 ] 116.30.206.29 /Home/Control/index/
INFO: [ app_init ] --START--
INFO: Run Behavior\BuildLiteBehavior [ RunTime:0.000015s ]
INFO: [ app_init ] --END-- [ RunTime:0.000296s ]
INFO: [ app_begin ] --START--
INFO: Run Behavior\ReadHtmlCacheBehavior [ RunTime:0.000377s ]
INFO: [ app_begin ] --END-- [ RunTime:0.000418s ]
NOTIC: [8] Undefined property: stdClass::$access_token /data/wwwroot/ceyuan1/Crm/Home/Controller/CommonController.class.php 第 79 行.
NOTIC: [8] Undefined property: stdClass::$ticket /data/wwwroot/ceyuan1/Crm/Home/Controller/CommonController.class.php 第 84 行.
SQL: SHOW COLUMNS FROM `think_user` [ RunTime:0.0011s ]
SQL: SELECT * FROM `think_user` WHERE `id` = 21 LIMIT 1   [ RunTime:0.0002s ]
SQL: SHOW COLUMNS FROM `think_office` [ RunTime:0.0005s ]
SQL: SELECT `id`,`name` FROM `think_office`  [ RunTime:0.0002s ]
SQL: SHOW COLUMNS FROM `think_trouble` [ RunTime:0.0006s ]
SQL: SELECT DATE_FORMAT(FROM_UNIXTIME(addtime),"%Y-%m-%d")as addtime,`id`,`order`,`office`,`cishu`,`firstimg`,`lastimg` FROM `think_trouble` WHERE `office` = '南澳' AND `state` = 1 ORDER BY id desc LIMIT 0,5   [ RunTime:0.0032s ]

[ 2017-11-09T15:56:54+08:00 ] 116.30.206.29 /Home/Control/index/
INFO: [ app_init ] --START--
INFO: Run Behavior\BuildLiteBehavior [ RunTime:0.000014s ]
INFO: [ app_init ] --END-- [ RunTime:0.000308s ]
INFO: [ app_begin ] --START--
INFO: Run Behavior\ReadHtmlCacheBehavior [ RunTime:0.000342s ]
INFO: [ app_begin ] --END-- [ RunTime:0.000383s ]
NOTIC: [8] Undefined property: stdClass::$access_token /data/wwwroot/ceyuan1/Crm/Home/Controller/CommonController.class.php 第 79 行.
NOTIC: [8] Undefined property: stdClass::$ticket /data/wwwroot/ceyuan1/Crm/Home/Controller/CommonController.class.php 第 84 行.
SQL: SHOW COLUMNS FROM `think_user` [ RunTime:0.0011s ]
SQL: SELECT * FROM `think_user` WHERE `id` = 21 LIMIT 1   [ RunTime:0.0002s ]
SQL: SHOW COLUMNS FROM `think_office` [ RunTime:0.0064s ]
SQL: SELECT `id`,`name` FROM `think_office`  [ RunTime:0.0002s ]
SQL: SHOW COLUMNS FROM `think_trouble` [ RunTime:0.0006s ]
SQL: SELECT DATE_FORMAT(FROM_UNIXTIME(addtime),"%Y-%m-%d")as addtime,`id`,`order`,`office`,`cishu`,`firstimg`,`lastimg` FROM `think_trouble` WHERE `office` = '南澳' AND `state` = 2 ORDER BY id desc LIMIT 0,5   [ RunTime:0.0005s ]

[ 2017-11-09T15:57:01+08:00 ] 116.30.206.29 /Home/Control/index/
INFO: [ app_init ] --START--
INFO: Run Behavior\BuildLiteBehavior [ RunTime:0.000013s ]
INFO: [ app_init ] --END-- [ RunTime:0.000278s ]
INFO: [ app_begin ] --START--
INFO: Run Behavior\ReadHtmlCacheBehavior [ RunTime:0.000346s ]
INFO: [ app_begin ] --END-- [ RunTime:0.000388s ]
NOTIC: [8] Undefined property: stdClass::$access_token /data/wwwroot/ceyuan1/Crm/Home/Controller/CommonController.class.php 第 79 行.
NOTIC: [8] Undefined property: stdClass::$ticket /data/wwwroot/ceyuan1/Crm/Home/Controller/CommonController.class.php 第 84 行.
SQL: SHOW COLUMNS FROM `think_user` [ RunTime:0.0010s ]
SQL: SELECT * FROM `think_user` WHERE `id` = 21 LIMIT 1   [ RunTime:0.0002s ]
SQL: SHOW COLUMNS FROM `think_office` [ RunTime:0.0005s ]
SQL: SELECT `id`,`name` FROM `think_office`  [ RunTime:0.0002s ]
SQL: SHOW COLUMNS FROM `think_trouble` [ RunTime:0.0006s ]
SQL: SELECT DATE_FORMAT(FROM_UNIXTIME(addtime),"%Y-%m-%d")as addtime,`id`,`order`,`office`,`cishu`,`firstimg`,`lastimg` FROM `think_trouble` WHERE `office` = '南澳' AND `state` = 2 ORDER BY id asc LIMIT 0,5   [ RunTime:0.0004s ]

[ 2017-11-09T15:57:57+08:00 ] 116.30.206.29 /Home/Control/index/
INFO: [ app_init ] --START--
INFO: Run Behavior\BuildLiteBehavior [ RunTime:0.000015s ]
INFO: [ app_init ] --END-- [ RunTime:0.000287s ]
INFO: [ app_begin ] --START--
INFO: Run Behavior\ReadHtmlCacheBehavior [ RunTime:0.000371s ]
INFO: [ app_begin ] --END-- [ RunTime:0.000412s ]
NOTIC: [8] Undefined property: stdClass::$access_token /data/wwwroot/ceyuan1/Crm/Home/Controller/CommonController.class.php 第 79 行.
NOTIC: [8] Undefined property: stdClass::$ticket /data/wwwroot/ceyuan1/Crm/Home/Controller/CommonController.class.php 第 84 行.
SQL: SHOW COLUMNS FROM `think_user` [ RunTime:0.0013s ]
SQL: SELECT * FROM `think_user` WHERE `id` = 21 LIMIT 1   [ RunTime:0.0003s ]
SQL: SHOW COLUMNS FROM `think_office` [ RunTime:0.0008s ]
SQL: SELECT `id`,`name` FROM `think_office`  [ RunTime:0.0003s ]
SQL: SHOW COLUMNS FROM `think_trouble` [ RunTime:0.0008s ]
SQL: SELECT DATE_FORMAT(FROM_UNIXTIME(addtime),"%Y-%m-%d")as addtime,`id`,`order`,`office`,`cishu`,`firstimg`,`lastimg` FROM `think_trouble` WHERE `office` = '南澳' AND `state` = 2 ORDER BY id asc LIMIT 5,5   [ RunTime:0.0004s ]

[ 2017-11-09T15:58:21+08:00 ] 116.30.206.29 /Home/Control/index/
INFO: [ app_init ] --START--
INFO: Run Behavior\BuildLiteBehavior [ RunTime:0.000013s ]
INFO: [ app_init ] --END-- [ RunTime:0.000279s ]
INFO: [ app_begin ] --START--
INFO: Run Behavior\ReadHtmlCacheBehavior [ RunTime:0.000414s ]
INFO: [ app_begin ] --END-- [ RunTime:0.000466s ]
NOTIC: [8] Undefined property: stdClass::$access_token /data/wwwroot/ceyuan1/Crm/Home/Controller/CommonController.class.php 第 79 行.
NOTIC: [8] Undefined property: stdClass::$ticket /data/wwwroot/ceyuan1/Crm/Home/Controller/CommonController.class.php 第 84 行.
SQL: SHOW COLUMNS FROM `think_user` [ RunTime:0.0010s ]
SQL: SELECT * FROM `think_user` WHERE `id` = 21 LIMIT 1   [ RunTime:0.0003s ]
SQL: SHOW COLUMNS FROM `think_office` [ RunTime:0.0005s ]
SQL: SELECT `id`,`name` FROM `think_office`  [ RunTime:0.0002s ]
SQL: SHOW COLUMNS FROM `think_trouble` [ RunTime:0.0006s ]
SQL: SELECT DATE_FORMAT(FROM_UNIXTIME(addtime),"%Y-%m-%d")as addtime,`id`,`order`,`office`,`cishu`,`firstimg`,`lastimg` FROM `think_trouble` WHERE `office` = '南澳' AND `state` = 2 ORDER BY id asc LIMIT 10,5   [ RunTime:0.0004s ]

[ 2017-11-09T16:15:01+08:00 ] 116.30.206.29 /Home/Xuanze?from=singlemessage&isappinstalled=0
INFO: [ app_init ] --START--
INFO: Run Behavior\BuildLiteBehavior [ RunTime:0.000015s ]
INFO: [ app_init ] --END-- [ RunTime:0.000289s ]
INFO: [ app_begin ] --START--
INFO: Run Behavior\ReadHtmlCacheBehavior [ RunTime:0.000357s ]
INFO: [ app_begin ] --END-- [ RunTime:0.000418s ]
NOTIC: [8] Undefined property: stdClass::$access_token /data/wwwroot/ceyuan1/Crm/Home/Controller/ShareController.class.php 第 29 行.
NOTIC: [8] Undefined property: stdClass::$ticket /data/wwwroot/ceyuan1/Crm/Home/Controller/ShareController.class.php 第 34 行.
INFO: [ view_parse ] --START--
INFO: [ template_filter ] --START--
INFO: Run Behavior\ContentReplaceBehavior [ RunTime:0.000051s ]
INFO: [ template_filter ] --END-- [ RunTime:0.000102s ]
INFO: Run Behavior\ParseTemplateBehavior [ RunTime:0.005146s ]
INFO: [ view_parse ] --END-- [ RunTime:0.005553s ]
INFO: [ view_filter ] --START--
INFO: Run Behavior\WriteHtmlCacheBehavior [ RunTime:0.000128s ]
INFO: [ view_filter ] --END-- [ RunTime:0.000162s ]
INFO: [ app_end ] --START--
INFO: Run Behavior\ShowPageTraceBehavior [ RunTime:0.000409s ]
INFO: [ app_end ] --END-- [ RunTime:0.000446s ]

[ 2017-11-09T16:15:03+08:00 ] 116.30.206.29 /Home/Index/index
INFO: [ app_init ] --START--
INFO: Run Behavior\BuildLiteBehavior [ RunTime:0.000013s ]
INFO: [ app_init ] --END-- [ RunTime:0.000279s ]
INFO: [ app_begin ] --START--
INFO: Run Behavior\ReadHtmlCacheBehavior [ RunTime:0.000366s ]
INFO: [ app_begin ] --END-- [ RunTime:0.000405s ]
NOTIC: [8] Undefined property: stdClass::$access_token /data/wwwroot/ceyuan1/Crm/Home/Controller/ShareController.class.php 第 29 行.
NOTIC: [8] Undefined property: stdClass::$ticket /data/wwwroot/ceyuan1/Crm/Home/Controller/ShareController.class.php 第 34 行.
INFO: [ view_parse ] --START--
INFO: [ template_filter ] --START--
INFO: Run Behavior\ContentReplaceBehavior [ RunTime:0.000050s ]
INFO: [ template_filter ] --END-- [ RunTime:0.000097s ]
INFO: Run Behavior\ParseTemplateBehavior [ RunTime:0.005340s ]
INFO: [ view_parse ] --END-- [ RunTime:0.005387s ]
INFO: [ view_filter ] --START--
INFO: Run Behavior\WriteHtmlCacheBehavior [ RunTime:0.000124s ]
INFO: [ view_filter ] --END-- [ RunTime:0.000158s ]
INFO: [ app_end ] --START--
INFO: Run Behavior\ShowPageTraceBehavior [ RunTime:0.000404s ]
INFO: [ app_end ] --END-- [ RunTime:0.000441s ]

[ 2017-11-09T16:15:12+08:00 ] 116.30.206.29 /Home/Index/Login/
INFO: [ app_init ] --START--
INFO: Run Behavior\BuildLiteBehavior [ RunTime:0.000015s ]
INFO: [ app_init ] --END-- [ RunTime:0.000311s ]
INFO: [ app_begin ] --START--
INFO: Run Behavior\ReadHtmlCacheBehavior [ RunTime:0.000350s ]
INFO: [ app_begin ] --END-- [ RunTime:0.000391s ]
NOTIC: [8] Undefined property: stdClass::$access_token /data/wwwroot/ceyuan1/Crm/Home/Controller/ShareController.class.php 第 29 行.
NOTIC: [8] Undefined property: stdClass::$ticket /data/wwwroot/ceyuan1/Crm/Home/Controller/ShareController.class.php 第 34 行.
SQL: SHOW COLUMNS FROM `think_user` [ RunTime:0.0017s ]
SQL: SELECT * FROM `think_user` WHERE `username` = '骆周怡' AND `password` = '7c4a8d09ca3762af61e59520943dc26494f8941b' LIMIT 1   [ RunTime:0.0002s ]

[ 2017-11-09T16:15:13+08:00 ] 116.30.206.29 /Home/Control/index
INFO: [ app_init ] --START--
INFO: Run Behavior\BuildLiteBehavior [ RunTime:0.000014s ]
INFO: [ app_init ] --END-- [ RunTime:0.000279s ]
INFO: [ app_begin ] --START--
INFO: Run Behavior\ReadHtmlCacheBehavior [ RunTime:0.000370s ]
INFO: [ app_begin ] --END-- [ RunTime:0.000412s ]
NOTIC: [8] Undefined property: stdClass::$access_token /data/wwwroot/ceyuan1/Crm/Home/Controller/CommonController.class.php 第 79 行.
NOTIC: [8] Undefined property: stdClass::$ticket /data/wwwroot/ceyuan1/Crm/Home/Controller/CommonController.class.php 第 84 行.
SQL: SHOW COLUMNS FROM `think_user` [ RunTime:0.0014s ]
SQL: SELECT * FROM `think_user` WHERE `id` = 21 LIMIT 1   [ RunTime:0.0003s ]
SQL: SHOW COLUMNS FROM `think_office` [ RunTime:0.0013s ]
SQL: SELECT `id`,`name` FROM `think_office`  [ RunTime:0.0002s ]
INFO: [ view_parse ] --START--
INFO: [ template_filter ] --START--
INFO: Run Behavior\ContentReplaceBehavior [ RunTime:0.000088s ]
INFO: [ template_filter ] --END-- [ RunTime:0.000156s ]
INFO: Run Behavior\ParseTemplateBehavior [ RunTime:0.010516s ]
INFO: [ view_parse ] --END-- [ RunTime:0.010571s ]
INFO: [ view_filter ] --START--
INFO: Run Behavior\WriteHtmlCacheBehavior [ RunTime:0.000147s ]
INFO: [ view_filter ] --END-- [ RunTime:0.000181s ]
INFO: [ app_end ] --START--
INFO: Run Behavior\ShowPageTraceBehavior [ RunTime:0.000417s ]
INFO: [ app_end ] --END-- [ RunTime:0.000459s ]

[ 2017-11-09T16:15:14+08:00 ] 116.30.206.29 /Home/Control/index/
INFO: [ app_init ] --START--
INFO: Run Behavior\BuildLiteBehavior [ RunTime:0.000017s ]
INFO: [ app_init ] --END-- [ RunTime:0.000296s ]
INFO: [ app_begin ] --START--
INFO: Run Behavior\ReadHtmlCacheBehavior [ RunTime:0.000373s ]
INFO: [ app_begin ] --END-- [ RunTime:0.000415s ]
NOTIC: [8] Undefined property: stdClass::$access_token /data/wwwroot/ceyuan1/Crm/Home/Controller/CommonController.class.php 第 79 行.
NOTIC: [8] Undefined property: stdClass::$ticket /data/wwwroot/ceyuan1/Crm/Home/Controller/CommonController.class.php 第 84 行.
SQL: SHOW COLUMNS FROM `think_user` [ RunTime:0.0011s ]
SQL: SELECT * FROM `think_user` WHERE `id` = 21 LIMIT 1   [ RunTime:0.0003s ]
SQL: SHOW COLUMNS FROM `think_office` [ RunTime:0.0005s ]
SQL: SELECT `id`,`name` FROM `think_office`  [ RunTime:0.0002s ]
SQL: SHOW COLUMNS FROM `think_trouble` [ RunTime:0.0011s ]
SQL: SELECT DATE_FORMAT(FROM_UNIXTIME(addtime),"%Y-%m-%d")as addtime,`id`,`order`,`office`,`cishu`,`firstimg`,`lastimg` FROM `think_trouble` WHERE `state` = 0 ORDER BY id desc LIMIT 0,5   [ RunTime:0.0003s ]

[ 2017-11-09T16:15:15+08:00 ] 116.30.206.29 /Home/Control/index/
INFO: [ app_init ] --START--
INFO: Run Behavior\BuildLiteBehavior [ RunTime:0.000024s ]
INFO: [ app_init ] --END-- [ RunTime:0.000509s ]
INFO: [ app_begin ] --START--
INFO: Run Behavior\ReadHtmlCacheBehavior [ RunTime:0.000557s ]
INFO: [ app_begin ] --END-- [ RunTime:0.000617s ]
NOTIC: [8] Undefined property: stdClass::$access_token /data/wwwroot/ceyuan1/Crm/Home/Controller/CommonController.class.php 第 79 行.
NOTIC: [8] Undefined property: stdClass::$ticket /data/wwwroot/ceyuan1/Crm/Home/Controller/CommonController.class.php 第 84 行.
SQL: SHOW COLUMNS FROM `think_user` [ RunTime:0.0012s ]
SQL: SELECT * FROM `think_user` WHERE `id` = 21 LIMIT 1   [ RunTime:0.0002s ]
SQL: SHOW COLUMNS FROM `think_office` [ RunTime:0.0005s ]
SQL: SELECT `id`,`name` FROM `think_office`  [ RunTime:0.0002s ]
SQL: SHOW COLUMNS FROM `think_trouble` [ RunTime:0.0006s ]
SQL: SELECT DATE_FORMAT(FROM_UNIXTIME(addtime),"%Y-%m-%d")as addtime,`id`,`order`,`office`,`cishu`,`firstimg`,`lastimg` FROM `think_trouble` WHERE `state` = 1 ORDER BY id desc LIMIT 0,5   [ RunTime:0.0006s ]

[ 2017-11-09T16:15:20+08:00 ] 116.30.206.29 /Home/Control/daishenhexq/id/1849
INFO: [ app_init ] --START--
INFO: Run Behavior\BuildLiteBehavior [ RunTime:0.000014s ]
INFO: [ app_init ] --END-- [ RunTime:0.000308s ]
INFO: [ app_begin ] --START--
INFO: Run Behavior\ReadHtmlCacheBehavior [ RunTime:0.000348s ]
INFO: [ app_begin ] --END-- [ RunTime:0.000388s ]
NOTIC: [8] Undefined property: stdClass::$access_token /data/wwwroot/ceyuan1/Crm/Home/Controller/CommonController.class.php 第 79 行.
NOTIC: [8] Undefined property: stdClass::$ticket /data/wwwroot/ceyuan1/Crm/Home/Controller/CommonController.class.php 第 84 行.
SQL: SHOW COLUMNS FROM `think_user` [ RunTime:0.0010s ]
SQL: SELECT * FROM `think_user` WHERE `id` = 21 LIMIT 1   [ RunTime:0.0003s ]
SQL: SHOW COLUMNS FROM `think_trouble` [ RunTime:0.0006s ]
SQL: SELECT DATE_FORMAT(FROM_UNIXTIME(addtime),"%Y-%m-%d")as addtime,`id`,`order`,`place`,`question`,`office`,`cishu`,`firstimg` FROM `think_trouble` WHERE `state` = 1 AND `id` = 1849 LIMIT 1   [ RunTime:0.0005s ]
SQL: SHOW COLUMNS FROM `think_troublelist` [ RunTime:0.0013s ]
SQL: SELECT * FROM `think_troublelist` WHERE `uid` = 1849 ORDER BY id desc  [ RunTime:0.0007s ]
INFO: [ view_parse ] --START--
INFO: [ template_filter ] --START--
INFO: Run Behavior\ContentReplaceBehavior [ RunTime:0.000065s ]
INFO: [ template_filter ] --END-- [ RunTime:0.000125s ]
INFO: Run Behavior\ParseTemplateBehavior [ RunTime:0.007150s ]
INFO: [ view_parse ] --END-- [ RunTime:0.007192s ]
INFO: [ view_filter ] --START--
INFO: Run Behavior\WriteHtmlCacheBehavior [ RunTime:0.000134s ]
INFO: [ view_filter ] --END-- [ RunTime:0.000169s ]
INFO: [ app_end ] --START--
INFO: Run Behavior\ShowPageTraceBehavior [ RunTime:0.000414s ]
INFO: [ app_end ] --END-- [ RunTime:0.000456s ]

[ 2017-11-09T16:15:29+08:00 ] 120.204.17.72 /Home/Control/daishenhexq/id/1849
INFO: [ app_init ] --START--
INFO: Run Behavior\BuildLiteBehavior [ RunTime:0.000013s ]
INFO: [ app_init ] --END-- [ RunTime:0.000281s ]
INFO: [ app_begin ] --START--
INFO: Run Behavior\ReadHtmlCacheBehavior [ RunTime:0.000349s ]
INFO: [ app_begin ] --END-- [ RunTime:0.000389s ]
NOTIC: [8] Undefined property: stdClass::$access_token /data/wwwroot/ceyuan1/Crm/Home/Controller/CommonController.class.php 第 79 行.
NOTIC: [8] Undefined property: stdClass::$ticket /data/wwwroot/ceyuan1/Crm/Home/Controller/CommonController.class.php 第 84 行.
NOTIC: [8] Undefined index: id /data/wwwroot/ceyuan1/Crm/Home/Controller/CommonController.class.php 第 34 行.
NOTIC: [8] Undefined index: username /data/wwwroot/ceyuan1/Crm/Home/Controller/CommonController.class.php 第 35 行.
NOTIC: [8] Undefined index: password /data/wwwroot/ceyuan1/Crm/Home/Controller/CommonController.class.php 第 36 行.
SQL: SHOW COLUMNS FROM `think_user` [ RunTime:0.0010s ]
SQL: SELECT * FROM `think_user` LIMIT 1   [ RunTime:0.0002s ]
INFO: [ view_parse ] --START--
INFO: [ template_filter ] --START--
INFO: Run Behavior\ContentReplaceBehavior [ RunTime:0.000044s ]
INFO: [ template_filter ] --END-- [ RunTime:0.000091s ]
INFO: Run Behavior\ParseTemplateBehavior [ RunTime:0.004539s ]
INFO: [ view_parse ] --END-- [ RunTime:0.004581s ]
INFO: [ view_filter ] --START--
INFO: Run Behavior\WriteHtmlCacheBehavior [ RunTime:0.000128s ]
INFO: [ view_filter ] --END-- [ RunTime:0.000182s ]

[ 2017-11-09T16:15:36+08:00 ] 116.30.206.29 /Home/Control/index/
INFO: [ app_init ] --START--
INFO: Run Behavior\BuildLiteBehavior [ RunTime:0.000015s ]
INFO: [ app_init ] --END-- [ RunTime:0.000311s ]
INFO: [ app_begin ] --START--
INFO: Run Behavior\ReadHtmlCacheBehavior [ RunTime:0.000372s ]
INFO: [ app_begin ] --END-- [ RunTime:0.000413s ]
NOTIC: [8] Undefined property: stdClass::$access_token /data/wwwroot/ceyuan1/Crm/Home/Controller/CommonController.class.php 第 79 行.
NOTIC: [8] Undefined property: stdClass::$ticket /data/wwwroot/ceyuan1/Crm/Home/Controller/CommonController.class.php 第 84 行.
SQL: SHOW COLUMNS FROM `think_user` [ RunTime:0.0010s ]
SQL: SELECT * FROM `think_user` WHERE `id` = 21 LIMIT 1   [ RunTime:0.0002s ]
SQL: SHOW COLUMNS FROM `think_office` [ RunTime:0.0005s ]
SQL: SELECT `id`,`name` FROM `think_office`  [ RunTime:0.0002s ]
SQL: SHOW COLUMNS FROM `think_trouble` [ RunTime:0.0006s ]
SQL: SELECT DATE_FORMAT(FROM_UNIXTIME(addtime),"%Y-%m-%d")as addtime,`id`,`order`,`office`,`cishu`,`firstimg`,`lastimg` FROM `think_trouble` WHERE `state` = 0 ORDER BY id desc LIMIT 0,5   [ RunTime:0.0003s ]

[ 2017-11-09T16:15:39+08:00 ] 116.30.206.29 /Home/Control/index/
INFO: [ app_init ] --START--
INFO: Run Behavior\BuildLiteBehavior [ RunTime:0.000013s ]
INFO: [ app_init ] --END-- [ RunTime:0.000306s ]
INFO: [ app_begin ] --START--
INFO: Run Behavior\ReadHtmlCacheBehavior [ RunTime:0.000348s ]
INFO: [ app_begin ] --END-- [ RunTime:0.000390s ]
NOTIC: [8] Undefined property: stdClass::$access_token /data/wwwroot/ceyuan1/Crm/Home/Controller/CommonController.class.php 第 79 行.
NOTIC: [8] Undefined property: stdClass::$ticket /data/wwwroot/ceyuan1/Crm/Home/Controller/CommonController.class.php 第 84 行.
SQL: SHOW COLUMNS FROM `think_user` [ RunTime:0.0011s ]
SQL: SELECT * FROM `think_user` WHERE `id` = 21 LIMIT 1   [ RunTime:0.0002s ]
SQL: SHOW COLUMNS FROM `think_office` [ RunTime:0.0005s ]
SQL: SELECT `id`,`name` FROM `think_office`  [ RunTime:0.0002s ]
SQL: SHOW COLUMNS FROM `think_trouble` [ RunTime:0.0006s ]
SQL: SELECT DATE_FORMAT(FROM_UNIXTIME(addtime),"%Y-%m-%d")as addtime,`id`,`order`,`office`,`cishu`,`firstimg`,`lastimg` FROM `think_trouble` WHERE `state` = 1 ORDER BY id desc LIMIT 0,5   [ RunTime:0.0006s ]

[ 2017-11-09T16:15:52+08:00 ] 116.30.206.29 /Home/Control/daishenhexq/id/1847
INFO: [ app_init ] --START--
INFO: Run Behavior\BuildLiteBehavior [ RunTime:0.000012s ]
INFO: [ app_init ] --END-- [ RunTime:0.000294s ]
INFO: [ app_begin ] --START--
INFO: Run Behavior\ReadHtmlCacheBehavior [ RunTime:0.000365s ]
INFO: [ app_begin ] --END-- [ RunTime:0.000407s ]
NOTIC: [8] Undefined property: stdClass::$access_token /data/wwwroot/ceyuan1/Crm/Home/Controller/CommonController.class.php 第 79 行.
NOTIC: [8] Undefined property: stdClass::$ticket /data/wwwroot/ceyuan1/Crm/Home/Controller/CommonController.class.php 第 84 行.
SQL: SHOW COLUMNS FROM `think_user` [ RunTime:0.0010s ]
SQL: SELECT * FROM `think_user` WHERE `id` = 21 LIMIT 1   [ RunTime:0.0002s ]
SQL: SHOW COLUMNS FROM `think_trouble` [ RunTime:0.0006s ]
SQL: SELECT DATE_FORMAT(FROM_UNIXTIME(addtime),"%Y-%m-%d")as addtime,`id`,`order`,`place`,`question`,`office`,`cishu`,`firstimg` FROM `think_trouble` WHERE `state` = 1 AND `id` = 1847 LIMIT 1   [ RunTime:0.0003s ]
SQL: SHOW COLUMNS FROM `think_troublelist` [ RunTime:0.0005s ]
SQL: SELECT * FROM `think_troublelist` WHERE `uid` = 1847 ORDER BY id desc  [ RunTime:0.0007s ]
INFO: [ view_parse ] --START--
INFO: [ template_filter ] --START--
INFO: Run Behavior\ContentReplaceBehavior [ RunTime:0.000063s ]
INFO: [ template_filter ] --END-- [ RunTime:0.000111s ]
INFO: Run Behavior\ParseTemplateBehavior [ RunTime:0.007084s ]
INFO: [ view_parse ] --END-- [ RunTime:0.007126s ]
INFO: [ view_filter ] --START--
INFO: Run Behavior\WriteHtmlCacheBehavior [ RunTime:0.000126s ]
INFO: [ view_filter ] --END-- [ RunTime:0.000160s ]
INFO: [ app_end ] --START--
INFO: Run Behavior\ShowPageTraceBehavior [ RunTime:0.000376s ]
INFO: [ app_end ] --END-- [ RunTime:0.000414s ]

[ 2017-11-09T16:16:01+08:00 ] 120.204.17.72 /Home/Control/daishenhexq/id/1847
INFO: [ app_init ] --START--
INFO: Run Behavior\BuildLiteBehavior [ RunTime:0.000015s ]
INFO: [ app_init ] --END-- [ RunTime:0.000289s ]
INFO: [ app_begin ] --START--
INFO: Run Behavior\ReadHtmlCacheBehavior [ RunTime:0.000381s ]
INFO: [ app_begin ] --END-- [ RunTime:0.000421s ]
NOTIC: [8] Undefined property: stdClass::$access_token /data/wwwroot/ceyuan1/Crm/Home/Controller/CommonController.class.php 第 79 行.
NOTIC: [8] Undefined property: stdClass::$ticket /data/wwwroot/ceyuan1/Crm/Home/Controller/CommonController.class.php 第 84 行.
NOTIC: [8] Undefined index: id /data/wwwroot/ceyuan1/Crm/Home/Controller/CommonController.class.php 第 34 行.
NOTIC: [8] Undefined index: username /data/wwwroot/ceyuan1/Crm/Home/Controller/CommonController.class.php 第 35 行.
NOTIC: [8] Undefined index: password /data/wwwroot/ceyuan1/Crm/Home/Controller/CommonController.class.php 第 36 行.
SQL: SHOW COLUMNS FROM `think_user` [ RunTime:0.0010s ]
SQL: SELECT * FROM `think_user` LIMIT 1   [ RunTime:0.0002s ]
INFO: [ view_parse ] --START--
INFO: [ template_filter ] --START--
INFO: Run Behavior\ContentReplaceBehavior [ RunTime:0.000044s ]
INFO: [ template_filter ] --END-- [ RunTime:0.000089s ]
INFO: Run Behavior\ParseTemplateBehavior [ RunTime:0.004683s ]
INFO: [ view_parse ] --END-- [ RunTime:0.004749s ]
INFO: [ view_filter ] --START--
INFO: Run Behavior\WriteHtmlCacheBehavior [ RunTime:0.000129s ]
INFO: [ view_filter ] --END-- [ RunTime:0.000162s ]

[ 2017-11-09T16:16:56+08:00 ] 116.30.206.29 /Home/Control/index/
INFO: [ app_init ] --START--
INFO: Run Behavior\BuildLiteBehavior [ RunTime:0.000013s ]
INFO: [ app_init ] --END-- [ RunTime:0.000282s ]
INFO: [ app_begin ] --START--
INFO: Run Behavior\ReadHtmlCacheBehavior [ RunTime:0.000370s ]
INFO: [ app_begin ] --END-- [ RunTime:0.000412s ]
NOTIC: [8] Undefined property: stdClass::$access_token /data/wwwroot/ceyuan1/Crm/Home/Controller/CommonController.class.php 第 79 行.
NOTIC: [8] Undefined property: stdClass::$ticket /data/wwwroot/ceyuan1/Crm/Home/Controller/CommonController.class.php 第 84 行.
SQL: SHOW COLUMNS FROM `think_user` [ RunTime:0.0010s ]
SQL: SELECT * FROM `think_user` WHERE `id` = 21 LIMIT 1   [ RunTime:0.0002s ]
SQL: SHOW COLUMNS FROM `think_office` [ RunTime:0.0006s ]
SQL: SELECT `id`,`name` FROM `think_office`  [ RunTime:0.0002s ]
SQL: SHOW COLUMNS FROM `think_trouble` [ RunTime:0.0006s ]
SQL: SELECT DATE_FORMAT(FROM_UNIXTIME(addtime),"%Y-%m-%d")as addtime,`id`,`order`,`office`,`cishu`,`firstimg`,`lastimg` FROM `think_trouble` WHERE `state` = 1 ORDER BY id desc LIMIT 5,5   [ RunTime:0.0006s ]

[ 2017-11-09T16:17:01+08:00 ] 116.30.206.29 /Home/Control/index/
INFO: [ app_init ] --START--
INFO: Run Behavior\BuildLiteBehavior [ RunTime:0.000014s ]
INFO: [ app_init ] --END-- [ RunTime:0.000279s ]
INFO: [ app_begin ] --START--
INFO: Run Behavior\ReadHtmlCacheBehavior [ RunTime:0.000345s ]
INFO: [ app_begin ] --END-- [ RunTime:0.000406s ]
NOTIC: [8] Undefined property: stdClass::$access_token /data/wwwroot/ceyuan1/Crm/Home/Controller/CommonController.class.php 第 79 行.
NOTIC: [8] Undefined property: stdClass::$ticket /data/wwwroot/ceyuan1/Crm/Home/Controller/CommonController.class.php 第 84 行.
SQL: SHOW COLUMNS FROM `think_user` [ RunTime:0.0010s ]
SQL: SELECT * FROM `think_user` WHERE `id` = 21 LIMIT 1   [ RunTime:0.0002s ]
SQL: SHOW COLUMNS FROM `think_office` [ RunTime:0.0005s ]
SQL: SELECT `id`,`name` FROM `think_office`  [ RunTime:0.0002s ]
SQL: SHOW COLUMNS FROM `think_trouble` [ RunTime:0.0006s ]
SQL: SELECT DATE_FORMAT(FROM_UNIXTIME(addtime),"%Y-%m-%d")as addtime,`id`,`order`,`office`,`cishu`,`firstimg`,`lastimg` FROM `think_trouble` WHERE `state` = 1 ORDER BY id desc LIMIT 10,5   [ RunTime:0.0006s ]

[ 2017-11-09T16:17:01+08:00 ] 116.30.206.29 /Home/Control/index/
INFO: [ app_init ] --START--
INFO: Run Behavior\BuildLiteBehavior [ RunTime:0.000013s ]
INFO: [ app_init ] --END-- [ RunTime:0.000282s ]
INFO: [ app_begin ] --START--
INFO: Run Behavior\ReadHtmlCacheBehavior [ RunTime:0.000367s ]
INFO: [ app_begin ] --END-- [ RunTime:0.000408s ]
NOTIC: [8] Undefined property: stdClass::$access_token /data/wwwroot/ceyuan1/Crm/Home/Controller/CommonController.class.php 第 79 行.
NOTIC: [8] Undefined property: stdClass::$ticket /data/wwwroot/ceyuan1/Crm/Home/Controller/CommonController.class.php 第 84 行.
SQL: SHOW COLUMNS FROM `think_user` [ RunTime:0.0010s ]
SQL: SELECT * FROM `think_user` WHERE `id` = 21 LIMIT 1   [ RunTime:0.0002s ]
SQL: SHOW COLUMNS FROM `think_office` [ RunTime:0.0005s ]
SQL: SELECT `id`,`name` FROM `think_office`  [ RunTime:0.0002s ]
SQL: SHOW COLUMNS FROM `think_trouble` [ RunTime:0.0006s ]
SQL: SELECT DATE_FORMAT(FROM_UNIXTIME(addtime),"%Y-%m-%d")as addtime,`id`,`order`,`office`,`cishu`,`firstimg`,`lastimg` FROM `think_trouble` WHERE `state` = 1 ORDER BY id desc LIMIT 15,5   [ RunTime:0.0007s ]

[ 2017-11-09T16:17:05+08:00 ] 116.30.206.29 /Home/Control/daishenhexq/id/1799
INFO: [ app_init ] --START--
INFO: Run Behavior\BuildLiteBehavior [ RunTime:0.000013s ]
INFO: [ app_init ] --END-- [ RunTime:0.000306s ]
INFO: [ app_begin ] --START--
INFO: Run Behavior\ReadHtmlCacheBehavior [ RunTime:0.000345s ]
INFO: [ app_begin ] --END-- [ RunTime:0.000384s ]
NOTIC: [8] Undefined property: stdClass::$access_token /data/wwwroot/ceyuan1/Crm/Home/Controller/CommonController.class.php 第 79 行.
NOTIC: [8] Undefined property: stdClass::$ticket /data/wwwroot/ceyuan1/Crm/Home/Controller/CommonController.class.php 第 84 行.
SQL: SHOW COLUMNS FROM `think_user` [ RunTime:0.0010s ]
SQL: SELECT * FROM `think_user` WHERE `id` = 21 LIMIT 1   [ RunTime:0.0003s ]
SQL: SHOW COLUMNS FROM `think_trouble` [ RunTime:0.0006s ]
SQL: SELECT DATE_FORMAT(FROM_UNIXTIME(addtime),"%Y-%m-%d")as addtime,`id`,`order`,`place`,`question`,`office`,`cishu`,`firstimg` FROM `think_trouble` WHERE `state` = 1 AND `id` = 1799 LIMIT 1   [ RunTime:0.0002s ]
SQL: SHOW COLUMNS FROM `think_troublelist` [ RunTime:0.0006s ]
SQL: SELECT * FROM `think_troublelist` WHERE `uid` = 1799 ORDER BY id desc  [ RunTime:0.0007s ]
INFO: [ view_parse ] --START--
INFO: [ template_filter ] --START--
INFO: Run Behavior\ContentReplaceBehavior [ RunTime:0.000059s ]
INFO: [ template_filter ] --END-- [ RunTime:0.000101s ]
INFO: Run Behavior\ParseTemplateBehavior [ RunTime:0.006925s ]
INFO: [ view_parse ] --END-- [ RunTime:0.006994s ]
INFO: [ view_filter ] --START--
INFO: Run Behavior\WriteHtmlCacheBehavior [ RunTime:0.000212s ]
INFO: [ view_filter ] --END-- [ RunTime:0.000249s ]
INFO: [ app_end ] --START--
INFO: Run Behavior\ShowPageTraceBehavior [ RunTime:0.000438s ]
INFO: [ app_end ] --END-- [ RunTime:0.000481s ]

[ 2017-11-09T16:17:09+08:00 ] 116.30.206.29 /Home/Control/daishenhexq/id/1800
INFO: [ app_init ] --START--
INFO: Run Behavior\BuildLiteBehavior [ RunTime:0.000014s ]
INFO: [ app_init ] --END-- [ RunTime:0.000289s ]
INFO: [ app_begin ] --START--
INFO: Run Behavior\ReadHtmlCacheBehavior [ RunTime:0.000383s ]
INFO: [ app_begin ] --END-- [ RunTime:0.000423s ]
NOTIC: [8] Undefined property: stdClass::$access_token /data/wwwroot/ceyuan1/Crm/Home/Controller/CommonController.class.php 第 79 行.
NOTIC: [8] Undefined property: stdClass::$ticket /data/wwwroot/ceyuan1/Crm/Home/Controller/CommonController.class.php 第 84 行.
SQL: SHOW COLUMNS FROM `think_user` [ RunTime:0.0010s ]
SQL: SELECT * FROM `think_user` WHERE `id` = 21 LIMIT 1   [ RunTime:0.0002s ]
SQL: SHOW COLUMNS FROM `think_trouble` [ RunTime:0.0007s ]
SQL: SELECT DATE_FORMAT(FROM_UNIXTIME(addtime),"%Y-%m-%d")as addtime,`id`,`order`,`place`,`question`,`office`,`cishu`,`firstimg` FROM `think_trouble` WHERE `state` = 1 AND `id` = 1800 LIMIT 1   [ RunTime:0.0003s ]
SQL: SHOW COLUMNS FROM `think_troublelist` [ RunTime:0.0005s ]
SQL: SELECT * FROM `think_troublelist` WHERE `uid` = 1800 ORDER BY id desc  [ RunTime:0.0007s ]
INFO: [ view_parse ] --START--
INFO: [ template_filter ] --START--
INFO: Run Behavior\ContentReplaceBehavior [ RunTime:0.000061s ]
INFO: [ template_filter ] --END-- [ RunTime:0.000109s ]
INFO: Run Behavior\ParseTemplateBehavior [ RunTime:0.007122s ]
INFO: [ view_parse ] --END-- [ RunTime:0.007164s ]
INFO: [ view_filter ] --START--
INFO: Run Behavior\WriteHtmlCacheBehavior [ RunTime:0.000145s ]
INFO: [ view_filter ] --END-- [ RunTime:0.000180s ]
INFO: [ app_end ] --START--
INFO: Run Behavior\ShowPageTraceBehavior [ RunTime:0.000399s ]
INFO: [ app_end ] --END-- [ RunTime:0.000440s ]

[ 2017-11-09T17:08:43+08:00 ] 106.11.227.249 /
INFO: [ app_init ] --START--
INFO: Run Behavior\BuildLiteBehavior [ RunTime:0.000013s ]
INFO: [ app_init ] --END-- [ RunTime:0.000283s ]
INFO: [ app_begin ] --START--
INFO: Run Behavior\ReadHtmlCacheBehavior [ RunTime:0.000345s ]
INFO: [ app_begin ] --END-- [ RunTime:0.000384s ]
NOTIC: [8] Undefined property: stdClass::$access_token /data/wwwroot/ceyuan1/Crm/Home/Controller/ShareController.class.php 第 29 行.
NOTIC: [8] Undefined property: stdClass::$ticket /data/wwwroot/ceyuan1/Crm/Home/Controller/ShareController.class.php 第 34 行.
INFO: [ view_parse ] --START--
INFO: [ template_filter ] --START--
INFO: Run Behavior\ContentReplaceBehavior [ RunTime:0.000054s ]
INFO: [ template_filter ] --END-- [ RunTime:0.000112s ]
INFO: Run Behavior\ParseTemplateBehavior [ RunTime:0.007407s ]
INFO: [ view_parse ] --END-- [ RunTime:0.007465s ]
INFO: [ view_filter ] --START--
INFO: Run Behavior\WriteHtmlCacheBehavior [ RunTime:0.000140s ]
INFO: [ view_filter ] --END-- [ RunTime:0.000174s ]
INFO: [ app_end ] --START--
INFO: Run Behavior\ShowPageTraceBehavior [ RunTime:0.000688s ]
INFO: [ app_end ] --END-- [ RunTime:0.000943s ]

[ 2017-11-09T17:54:35+08:00 ] 116.62.209.27 /
INFO: [ app_init ] --START--
INFO: Run Behavior\BuildLiteBehavior [ RunTime:0.000013s ]
INFO: [ app_init ] --END-- [ RunTime:0.000284s ]
INFO: [ app_begin ] --START--
INFO: Run Behavior\ReadHtmlCacheBehavior [ RunTime:0.000386s ]
INFO: [ app_begin ] --END-- [ RunTime:0.000428s ]
NOTIC: [8] Undefined property: stdClass::$access_token /data/wwwroot/ceyuan1/Crm/Home/Controller/ShareController.class.php 第 29 行.
NOTIC: [8] Undefined property: stdClass::$ticket /data/wwwroot/ceyuan1/Crm/Home/Controller/ShareController.class.php 第 34 行.
INFO: [ view_parse ] --START--
INFO: [ template_filter ] --START--
INFO: Run Behavior\ContentReplaceBehavior [ RunTime:0.000051s ]
INFO: [ template_filter ] --END-- [ RunTime:0.000100s ]
INFO: Run Behavior\ParseTemplateBehavior [ RunTime:0.006494s ]
INFO: [ view_parse ] --END-- [ RunTime:0.006554s ]
INFO: [ view_filter ] --START--
INFO: Run Behavior\WriteHtmlCacheBehavior [ RunTime:0.000133s ]
INFO: [ view_filter ] --END-- [ RunTime:0.000167s ]
INFO: [ app_end ] --START--
INFO: Run Behavior\ShowPageTraceBehavior [ RunTime:0.000387s ]
INFO: [ app_end ] --END-- [ RunTime:0.000423s ]

