[ 2017-01-10T17:32:32+08:00 ] 127.0.0.1 /index.php/js/jquery-1.9.1.min.js
INFO: [ app_init ] --START--
INFO: Run Behavior\BuildLiteBehavior [ RunTime:0.000000s ]
INFO: [ app_init ] --END-- [ RunTime:0.001000s ]
ERR: 无法加载模块:Js

[ 2017-01-10T17:32:33+08:00 ] 127.0.0.1 /index.php/css/starry.css
INFO: [ app_init ] --START--
INFO: Run Behavior\BuildLiteBehavior [ RunTime:0.000000s ]
INFO: [ app_init ] --END-- [ RunTime:0.001000s ]
ERR: 无法加载模块:Css

[ 2017-01-10T17:32:33+08:00 ] 127.0.0.1 /index.php/%E7%AB%99%E9%95%BF%E7%99%BB%E5%BD%95%20-%E5%90%8E%E5%8F%B0%E7%AE%A1%E7%90%86_files/CreatImage.aspx
INFO: [ app_init ] --START--
INFO: Run Behavior\BuildLiteBehavior [ RunTime:0.000000s ]
INFO: [ app_init ] --END-- [ RunTime:0.001000s ]
ERR: 无法加载模块:站长登录 -后台管理_files

[ 2017-01-10T17:35:03+08:00 ] 127.0.0.1 /index.php/js/jquery-1.9.1.min.js
INFO: [ app_init ] --START--
INFO: Run Behavior\BuildLiteBehavior [ RunTime:0.000000s ]
INFO: [ app_init ] --END-- [ RunTime:0.001000s ]
ERR: 无法加载模块:Js

[ 2017-01-10T17:35:04+08:00 ] 127.0.0.1 /index.php/css/starry.css
INFO: [ app_init ] --START--
INFO: Run Behavior\BuildLiteBehavior [ RunTime:0.000000s ]
INFO: [ app_init ] --END-- [ RunTime:0.001000s ]
ERR: 无法加载模块:Css

[ 2017-01-10T17:35:05+08:00 ] 127.0.0.1 /index.php/%E7%AB%99%E9%95%BF%E7%99%BB%E5%BD%95%20-%E5%90%8E%E5%8F%B0%E7%AE%A1%E7%90%86_files/CreatImage.aspx
INFO: [ app_init ] --START--
INFO: Run Behavior\BuildLiteBehavior [ RunTime:0.000000s ]
INFO: [ app_init ] --END-- [ RunTime:0.000000s ]
ERR: 无法加载模块:站长登录 -后台管理_files

[ 2017-01-10T17:35:06+08:00 ] 127.0.0.1 /index.php/js/jquery-1.9.1.min.js
INFO: [ app_init ] --START--
INFO: Run Behavior\BuildLiteBehavior [ RunTime:0.000000s ]
INFO: [ app_init ] --END-- [ RunTime:0.000000s ]
ERR: 无法加载模块:Js

[ 2017-01-10T17:35:06+08:00 ] 127.0.0.1 /index.php/css/starry.css
INFO: [ app_init ] --START--
INFO: Run Behavior\BuildLiteBehavior [ RunTime:0.000000s ]
INFO: [ app_init ] --END-- [ RunTime:0.001001s ]
ERR: 无法加载模块:Css

[ 2017-01-10T17:35:07+08:00 ] 127.0.0.1 /index.php/%E7%AB%99%E9%95%BF%E7%99%BB%E5%BD%95%20-%E5%90%8E%E5%8F%B0%E7%AE%A1%E7%90%86_files/CreatImage.aspx
INFO: [ app_init ] --START--
INFO: Run Behavior\BuildLiteBehavior [ RunTime:0.000000s ]
INFO: [ app_init ] --END-- [ RunTime:0.001000s ]
ERR: 无法加载模块:站长登录 -后台管理_files

[ 2017-01-10T17:36:58+08:00 ] 127.0.0.1 /index.php/%E7%AB%99%E9%95%BF%E7%99%BB%E5%BD%95%20-%E5%90%8E%E5%8F%B0%E7%AE%A1%E7%90%86_files/CreatImage.aspx
INFO: [ app_init ] --START--
INFO: Run Behavior\BuildLiteBehavior [ RunTime:0.000000s ]
INFO: [ app_init ] --END-- [ RunTime:0.001000s ]
ERR: 无法加载模块:站长登录 -后台管理_files

[ 2017-01-10T17:37:00+08:00 ] 127.0.0.1 /index.php/%E7%AB%99%E9%95%BF%E7%99%BB%E5%BD%95%20-%E5%90%8E%E5%8F%B0%E7%AE%A1%E7%90%86_files/CreatImage.aspx
INFO: [ app_init ] --START--
INFO: Run Behavior\BuildLiteBehavior [ RunTime:0.000000s ]
INFO: [ app_init ] --END-- [ RunTime:0.000000s ]
ERR: 无法加载模块:站长登录 -后台管理_files

[ 2017-01-10T17:38:20+08:00 ] 127.0.0.1 /index.php/%E7%AB%99%E9%95%BF%E7%99%BB%E5%BD%95%20-%E5%90%8E%E5%8F%B0%E7%AE%A1%E7%90%86_files/CreatImage.aspx
INFO: [ app_init ] --START--
INFO: Run Behavior\BuildLiteBehavior [ RunTime:0.000000s ]
INFO: [ app_init ] --END-- [ RunTime:0.001000s ]
ERR: 无法加载模块:站长登录 -后台管理_files

[ 2017-01-10T17:39:02+08:00 ] 127.0.0.1 /index.php/%E7%AB%99%E9%95%BF%E7%99%BB%E5%BD%95%20-%E5%90%8E%E5%8F%B0%E7%AE%A1%E7%90%86_files/CreatImage.aspx
INFO: [ app_init ] --START--
INFO: Run Behavior\BuildLiteBehavior [ RunTime:0.000000s ]
INFO: [ app_init ] --END-- [ RunTime:0.001000s ]
ERR: 无法加载模块:站长登录 -后台管理_files

[ 2017-01-10T17:39:26+08:00 ] 127.0.0.1 /index.php/%E7%AB%99%E9%95%BF%E7%99%BB%E5%BD%95%20-%E5%90%8E%E5%8F%B0%E7%AE%A1%E7%90%86_files/CreatImage.aspx
INFO: [ app_init ] --START--
INFO: Run Behavior\BuildLiteBehavior [ RunTime:0.000000s ]
INFO: [ app_init ] --END-- [ RunTime:0.001000s ]
ERR: 无法加载模块:站长登录 -后台管理_files

